[2024-07-21 17:04:06,406][src.cue_accumulation.train_cue_accumulation][INFO] - Starting training...
[2024-07-21 17:04:06,413][src.cue_accumulation.train_cue_accumulation][INFO] - 	 Starting Epoch:1 
[2024-07-21 17:04:10,133][src.cue_accumulation.train_cue_accumulation][INFO] - train epoch 001 loss 0.6892 accuracy 56.25
[2024-07-21 17:04:15,489][src.cue_accumulation.train_cue_accumulation][INFO] - eval  epoch 001 loss 0.7086 accuracy 48.05
[2024-07-21 17:04:15,492][src.cue_accumulation.train_cue_accumulation][INFO] - 	 Starting Epoch:2 
[2024-07-21 17:04:16,768][src.cue_accumulation.train_cue_accumulation][INFO] - train epoch 002 loss 0.7014 accuracy 48.44
[2024-07-21 17:04:16,770][src.cue_accumulation.train_cue_accumulation][INFO] - 	 Starting Epoch:3 
[2024-07-21 17:04:18,047][src.cue_accumulation.train_cue_accumulation][INFO] - train epoch 003 loss 0.6890 accuracy 51.56
[2024-07-21 17:04:18,047][src.cue_accumulation.train_cue_accumulation][INFO] - 	 Starting Epoch:4 
[2024-07-21 17:04:19,323][src.cue_accumulation.train_cue_accumulation][INFO] - train epoch 004 loss 0.7003 accuracy 48.44
[2024-07-21 17:04:19,323][src.cue_accumulation.train_cue_accumulation][INFO] - 	 Starting Epoch:5 
[2024-07-21 17:04:20,599][src.cue_accumulation.train_cue_accumulation][INFO] - train epoch 005 loss 0.7005 accuracy 45.31
[2024-07-21 17:04:20,600][src.cue_accumulation.train_cue_accumulation][INFO] - 	 Starting Epoch:6 
[2024-07-21 17:04:21,880][src.cue_accumulation.train_cue_accumulation][INFO] - train epoch 006 loss 0.6869 accuracy 53.12
[2024-07-21 17:04:21,965][src.cue_accumulation.train_cue_accumulation][INFO] - 	 Starting Epoch:7 
[2024-07-21 17:04:23,248][src.cue_accumulation.train_cue_accumulation][INFO] - train epoch 007 loss 0.6904 accuracy 53.12
[2024-07-21 17:04:23,250][src.cue_accumulation.train_cue_accumulation][INFO] - 	 Starting Epoch:8 
[2024-07-21 17:04:24,532][src.cue_accumulation.train_cue_accumulation][INFO] - train epoch 008 loss 0.7082 accuracy 46.88
[2024-07-21 17:04:24,536][src.cue_accumulation.train_cue_accumulation][INFO] - 	 Starting Epoch:9 
[2024-07-21 17:04:25,813][src.cue_accumulation.train_cue_accumulation][INFO] - train epoch 009 loss 0.6867 accuracy 56.25
[2024-07-21 17:04:25,814][src.cue_accumulation.train_cue_accumulation][INFO] - 	 Starting Epoch:10 
[2024-07-21 17:04:27,093][src.cue_accumulation.train_cue_accumulation][INFO] - train epoch 010 loss 0.6832 accuracy 54.69
[2024-07-21 17:04:27,094][src.cue_accumulation.train_cue_accumulation][INFO] - 	 Starting Epoch:11 
[2024-07-21 17:04:28,373][src.cue_accumulation.train_cue_accumulation][INFO] - train epoch 011 loss 0.6859 accuracy 54.69
[2024-07-21 17:04:28,573][src.cue_accumulation.train_cue_accumulation][INFO] - 	 Starting Epoch:12 
[2024-07-21 17:04:29,852][src.cue_accumulation.train_cue_accumulation][INFO] - train epoch 012 loss 0.7120 accuracy 45.31
[2024-07-21 17:04:29,854][src.cue_accumulation.train_cue_accumulation][INFO] - 	 Starting Epoch:13 
[2024-07-21 17:04:31,131][src.cue_accumulation.train_cue_accumulation][INFO] - train epoch 013 loss 0.7082 accuracy 51.56
[2024-07-21 17:04:31,132][src.cue_accumulation.train_cue_accumulation][INFO] - 	 Starting Epoch:14 
[2024-07-21 17:04:32,368][src.cue_accumulation.train_cue_accumulation][INFO] - train epoch 014 loss 0.6899 accuracy 51.56
[2024-07-21 17:04:32,369][src.cue_accumulation.train_cue_accumulation][INFO] - 	 Starting Epoch:15 
[2024-07-21 17:04:33,609][src.cue_accumulation.train_cue_accumulation][INFO] - train epoch 015 loss 0.6981 accuracy 51.56
[2024-07-21 17:04:33,613][src.cue_accumulation.train_cue_accumulation][INFO] - 	 Starting Epoch:16 
[2024-07-21 17:04:34,852][src.cue_accumulation.train_cue_accumulation][INFO] - train epoch 016 loss 0.6945 accuracy 50.00
[2024-07-21 17:04:35,058][src.cue_accumulation.train_cue_accumulation][INFO] - 	 Starting Epoch:17 
[2024-07-21 17:04:36,294][src.cue_accumulation.train_cue_accumulation][INFO] - train epoch 017 loss 0.6850 accuracy 48.44
[2024-07-21 17:04:36,297][src.cue_accumulation.train_cue_accumulation][INFO] - 	 Starting Epoch:18 
[2024-07-21 17:04:37,531][src.cue_accumulation.train_cue_accumulation][INFO] - train epoch 018 loss 0.6944 accuracy 45.31
[2024-07-21 17:04:37,532][src.cue_accumulation.train_cue_accumulation][INFO] - 	 Starting Epoch:19 
[2024-07-21 17:04:38,764][src.cue_accumulation.train_cue_accumulation][INFO] - train epoch 019 loss 0.6886 accuracy 54.69
[2024-07-21 17:04:38,765][src.cue_accumulation.train_cue_accumulation][INFO] - 	 Starting Epoch:20 
[2024-07-21 17:04:40,002][src.cue_accumulation.train_cue_accumulation][INFO] - train epoch 020 loss 0.6882 accuracy 50.00
[2024-07-21 17:04:40,003][src.cue_accumulation.train_cue_accumulation][INFO] - 	 Starting Epoch:21 
[2024-07-21 17:04:41,238][src.cue_accumulation.train_cue_accumulation][INFO] - train epoch 021 loss 0.6896 accuracy 53.12
[2024-07-21 17:04:41,434][src.cue_accumulation.train_cue_accumulation][INFO] - 	 Starting Epoch:22 
[2024-07-21 17:04:42,677][src.cue_accumulation.train_cue_accumulation][INFO] - train epoch 022 loss 0.6668 accuracy 70.31
[2024-07-21 17:04:42,683][src.cue_accumulation.train_cue_accumulation][INFO] - 	 Starting Epoch:23 
[2024-07-21 17:04:43,923][src.cue_accumulation.train_cue_accumulation][INFO] - train epoch 023 loss 0.6967 accuracy 50.00
[2024-07-21 17:04:43,924][src.cue_accumulation.train_cue_accumulation][INFO] - 	 Starting Epoch:24 
[2024-07-21 17:04:45,169][src.cue_accumulation.train_cue_accumulation][INFO] - train epoch 024 loss 0.6875 accuracy 50.00
[2024-07-21 17:04:45,170][src.cue_accumulation.train_cue_accumulation][INFO] - 	 Starting Epoch:25 
[2024-07-21 17:04:46,411][src.cue_accumulation.train_cue_accumulation][INFO] - train epoch 025 loss 0.6954 accuracy 53.12
[2024-07-21 17:04:46,412][src.cue_accumulation.train_cue_accumulation][INFO] - 	 Starting Epoch:26 
[2024-07-21 17:04:47,650][src.cue_accumulation.train_cue_accumulation][INFO] - train epoch 026 loss 0.7005 accuracy 53.12
[2024-07-21 17:04:52,473][src.cue_accumulation.train_cue_accumulation][INFO] - eval  epoch 026 loss 0.6797 accuracy 55.27
[2024-07-21 17:04:52,477][src.cue_accumulation.train_cue_accumulation][INFO] - 	 Starting Epoch:27 
[2024-07-21 17:04:53,753][src.cue_accumulation.train_cue_accumulation][INFO] - train epoch 027 loss 0.6512 accuracy 70.31
[2024-07-21 17:04:53,754][src.cue_accumulation.train_cue_accumulation][INFO] - 	 Starting Epoch:28 
[2024-07-21 17:04:55,013][src.cue_accumulation.train_cue_accumulation][INFO] - train epoch 028 loss 0.6505 accuracy 70.31
[2024-07-21 17:04:55,014][src.cue_accumulation.train_cue_accumulation][INFO] - 	 Starting Epoch:29 
[2024-07-21 17:04:56,281][src.cue_accumulation.train_cue_accumulation][INFO] - train epoch 029 loss 0.6658 accuracy 56.25
[2024-07-21 17:04:56,281][src.cue_accumulation.train_cue_accumulation][INFO] - 	 Starting Epoch:30 
[2024-07-21 17:04:57,541][src.cue_accumulation.train_cue_accumulation][INFO] - train epoch 030 loss 0.6338 accuracy 71.88
[2024-07-21 17:04:57,541][src.cue_accumulation.train_cue_accumulation][INFO] - 	 Starting Epoch:31 
[2024-07-21 17:04:58,805][src.cue_accumulation.train_cue_accumulation][INFO] - train epoch 031 loss 0.6715 accuracy 62.50
[2024-07-21 17:04:58,822][src.cue_accumulation.train_cue_accumulation][INFO] - 	 Starting Epoch:32 
[2024-07-21 17:05:00,088][src.cue_accumulation.train_cue_accumulation][INFO] - train epoch 032 loss 0.6632 accuracy 62.50
[2024-07-21 17:05:00,089][src.cue_accumulation.train_cue_accumulation][INFO] - 	 Starting Epoch:33 
[2024-07-21 17:05:01,389][src.cue_accumulation.train_cue_accumulation][INFO] - train epoch 033 loss 0.6365 accuracy 73.44
[2024-07-21 17:05:01,393][src.cue_accumulation.train_cue_accumulation][INFO] - 	 Starting Epoch:34 
[2024-07-21 17:05:02,676][src.cue_accumulation.train_cue_accumulation][INFO] - train epoch 034 loss 0.6234 accuracy 76.56
[2024-07-21 17:05:02,677][src.cue_accumulation.train_cue_accumulation][INFO] - 	 Starting Epoch:35 
[2024-07-21 17:05:03,968][src.cue_accumulation.train_cue_accumulation][INFO] - train epoch 035 loss 0.6429 accuracy 68.75
[2024-07-21 17:05:03,969][src.cue_accumulation.train_cue_accumulation][INFO] - 	 Starting Epoch:36 
[2024-07-21 17:05:05,259][src.cue_accumulation.train_cue_accumulation][INFO] - train epoch 036 loss 0.6129 accuracy 67.19
[2024-07-21 17:05:05,275][src.cue_accumulation.train_cue_accumulation][INFO] - 	 Starting Epoch:37 
[2024-07-21 17:05:06,589][src.cue_accumulation.train_cue_accumulation][INFO] - train epoch 037 loss 0.6233 accuracy 70.31
[2024-07-21 17:05:06,590][src.cue_accumulation.train_cue_accumulation][INFO] - 	 Starting Epoch:38 
[2024-07-21 17:05:07,883][src.cue_accumulation.train_cue_accumulation][INFO] - train epoch 038 loss 0.5683 accuracy 78.12
[2024-07-21 17:05:07,884][src.cue_accumulation.train_cue_accumulation][INFO] - 	 Starting Epoch:39 
[2024-07-21 17:05:09,176][src.cue_accumulation.train_cue_accumulation][INFO] - train epoch 039 loss 0.6201 accuracy 62.50
[2024-07-21 17:05:09,176][src.cue_accumulation.train_cue_accumulation][INFO] - 	 Starting Epoch:40 
[2024-07-21 17:05:10,472][src.cue_accumulation.train_cue_accumulation][INFO] - train epoch 040 loss 0.5794 accuracy 79.69
[2024-07-21 17:05:10,476][src.cue_accumulation.train_cue_accumulation][INFO] - 	 Starting Epoch:41 
[2024-07-21 17:05:11,766][src.cue_accumulation.train_cue_accumulation][INFO] - train epoch 041 loss 0.5116 accuracy 84.38
[2024-07-21 17:05:11,779][src.cue_accumulation.train_cue_accumulation][INFO] - 	 Starting Epoch:42 
[2024-07-21 17:05:13,070][src.cue_accumulation.train_cue_accumulation][INFO] - train epoch 042 loss 0.4963 accuracy 81.25
[2024-07-21 17:05:13,070][src.cue_accumulation.train_cue_accumulation][INFO] - 	 Starting Epoch:43 
[2024-07-21 17:05:14,361][src.cue_accumulation.train_cue_accumulation][INFO] - train epoch 043 loss 0.5598 accuracy 75.00
[2024-07-21 17:05:14,362][src.cue_accumulation.train_cue_accumulation][INFO] - 	 Starting Epoch:44 
[2024-07-21 17:05:15,654][src.cue_accumulation.train_cue_accumulation][INFO] - train epoch 044 loss 0.6191 accuracy 75.00
[2024-07-21 17:05:15,654][src.cue_accumulation.train_cue_accumulation][INFO] - 	 Starting Epoch:45 
[2024-07-21 17:05:16,949][src.cue_accumulation.train_cue_accumulation][INFO] - train epoch 045 loss 0.4325 accuracy 85.94
[2024-07-21 17:05:16,949][src.cue_accumulation.train_cue_accumulation][INFO] - 	 Starting Epoch:46 
[2024-07-21 17:05:18,277][src.cue_accumulation.train_cue_accumulation][INFO] - train epoch 046 loss 0.4782 accuracy 81.25
[2024-07-21 17:05:18,330][src.cue_accumulation.train_cue_accumulation][INFO] - 	 Starting Epoch:47 
[2024-07-21 17:05:19,630][src.cue_accumulation.train_cue_accumulation][INFO] - train epoch 047 loss 0.4182 accuracy 84.38
[2024-07-21 17:05:19,634][src.cue_accumulation.train_cue_accumulation][INFO] - 	 Starting Epoch:48 
[2024-07-21 17:05:20,926][src.cue_accumulation.train_cue_accumulation][INFO] - train epoch 048 loss 0.4771 accuracy 78.12
[2024-07-21 17:05:20,927][src.cue_accumulation.train_cue_accumulation][INFO] - 	 Starting Epoch:49 
[2024-07-21 17:05:22,221][src.cue_accumulation.train_cue_accumulation][INFO] - train epoch 049 loss 0.4633 accuracy 76.56
[2024-07-21 17:05:22,222][src.cue_accumulation.train_cue_accumulation][INFO] - 	 Starting Epoch:50 
[2024-07-21 17:05:23,516][src.cue_accumulation.train_cue_accumulation][INFO] - train epoch 050 loss 0.4166 accuracy 84.38
[2024-07-21 17:05:23,516][src.cue_accumulation.train_cue_accumulation][INFO] - 	 Starting Epoch:51 
[2024-07-21 17:05:24,807][src.cue_accumulation.train_cue_accumulation][INFO] - train epoch 051 loss 0.3660 accuracy 87.50
[2024-07-21 17:05:29,853][src.cue_accumulation.train_cue_accumulation][INFO] - eval  epoch 051 loss 0.4002 accuracy 85.35
[2024-07-21 17:05:29,855][src.cue_accumulation.train_cue_accumulation][INFO] - 	 Starting Epoch:52 
[2024-07-21 17:05:31,140][src.cue_accumulation.train_cue_accumulation][INFO] - train epoch 052 loss 0.3263 accuracy 87.50
[2024-07-21 17:05:31,141][src.cue_accumulation.train_cue_accumulation][INFO] - 	 Starting Epoch:53 
[2024-07-21 17:05:32,402][src.cue_accumulation.train_cue_accumulation][INFO] - train epoch 053 loss 0.3706 accuracy 84.38
[2024-07-21 17:05:32,402][src.cue_accumulation.train_cue_accumulation][INFO] - 	 Starting Epoch:54 
[2024-07-21 17:05:33,661][src.cue_accumulation.train_cue_accumulation][INFO] - train epoch 054 loss 0.3342 accuracy 90.62
[2024-07-21 17:05:33,661][src.cue_accumulation.train_cue_accumulation][INFO] - 	 Starting Epoch:55 
[2024-07-21 17:05:34,923][src.cue_accumulation.train_cue_accumulation][INFO] - train epoch 055 loss 0.3220 accuracy 82.81
[2024-07-21 17:05:34,924][src.cue_accumulation.train_cue_accumulation][INFO] - 	 Starting Epoch:56 
[2024-07-21 17:05:36,186][src.cue_accumulation.train_cue_accumulation][INFO] - train epoch 056 loss 0.4865 accuracy 78.12
[2024-07-21 17:05:36,390][src.cue_accumulation.train_cue_accumulation][INFO] - 	 Starting Epoch:57 
[2024-07-21 17:05:37,648][src.cue_accumulation.train_cue_accumulation][INFO] - train epoch 057 loss 0.2916 accuracy 84.38
[2024-07-21 17:05:37,649][src.cue_accumulation.train_cue_accumulation][INFO] - 	 Starting Epoch:58 
[2024-07-21 17:05:38,915][src.cue_accumulation.train_cue_accumulation][INFO] - train epoch 058 loss 0.1858 accuracy 95.31
[2024-07-21 17:05:38,918][src.cue_accumulation.train_cue_accumulation][INFO] - 	 Starting Epoch:59 
[2024-07-21 17:05:40,172][src.cue_accumulation.train_cue_accumulation][INFO] - train epoch 059 loss 0.4626 accuracy 75.00
[2024-07-21 17:05:40,172][src.cue_accumulation.train_cue_accumulation][INFO] - 	 Starting Epoch:60 
[2024-07-21 17:05:41,433][src.cue_accumulation.train_cue_accumulation][INFO] - train epoch 060 loss 0.3300 accuracy 87.50
[2024-07-21 17:05:41,433][src.cue_accumulation.train_cue_accumulation][INFO] - 	 Starting Epoch:61 
[2024-07-21 17:05:42,692][src.cue_accumulation.train_cue_accumulation][INFO] - train epoch 061 loss 0.2587 accuracy 89.06
[2024-07-21 17:05:42,888][src.cue_accumulation.train_cue_accumulation][INFO] - 	 Starting Epoch:62 
[2024-07-21 17:05:44,150][src.cue_accumulation.train_cue_accumulation][INFO] - train epoch 062 loss 0.2006 accuracy 92.19
[2024-07-21 17:05:44,151][src.cue_accumulation.train_cue_accumulation][INFO] - 	 Starting Epoch:63 
[2024-07-21 17:05:45,415][src.cue_accumulation.train_cue_accumulation][INFO] - train epoch 063 loss 0.2226 accuracy 90.62
[2024-07-21 17:05:45,416][src.cue_accumulation.train_cue_accumulation][INFO] - 	 Starting Epoch:64 
[2024-07-21 17:05:46,679][src.cue_accumulation.train_cue_accumulation][INFO] - train epoch 064 loss 0.2047 accuracy 92.19
[2024-07-21 17:05:46,680][src.cue_accumulation.train_cue_accumulation][INFO] - 	 Starting Epoch:65 
[2024-07-21 17:05:47,946][src.cue_accumulation.train_cue_accumulation][INFO] - train epoch 065 loss 0.3237 accuracy 92.19
[2024-07-21 17:05:47,950][src.cue_accumulation.train_cue_accumulation][INFO] - 	 Starting Epoch:66 
[2024-07-21 17:05:49,214][src.cue_accumulation.train_cue_accumulation][INFO] - train epoch 066 loss 0.1817 accuracy 95.31
[2024-07-21 17:05:49,297][src.cue_accumulation.train_cue_accumulation][INFO] - 	 Starting Epoch:67 
[2024-07-21 17:05:50,560][src.cue_accumulation.train_cue_accumulation][INFO] - train epoch 067 loss 0.1959 accuracy 92.19
[2024-07-21 17:05:50,561][src.cue_accumulation.train_cue_accumulation][INFO] - 	 Starting Epoch:68 
[2024-07-21 17:05:51,824][src.cue_accumulation.train_cue_accumulation][INFO] - train epoch 068 loss 0.1702 accuracy 93.75
[2024-07-21 17:05:51,824][src.cue_accumulation.train_cue_accumulation][INFO] - 	 Starting Epoch:69 
[2024-07-21 17:05:53,086][src.cue_accumulation.train_cue_accumulation][INFO] - train epoch 069 loss 0.4357 accuracy 78.12
[2024-07-21 17:05:53,087][src.cue_accumulation.train_cue_accumulation][INFO] - 	 Starting Epoch:70 
[2024-07-21 17:05:54,349][src.cue_accumulation.train_cue_accumulation][INFO] - train epoch 070 loss 0.2569 accuracy 87.50
[2024-07-21 17:05:54,350][src.cue_accumulation.train_cue_accumulation][INFO] - 	 Starting Epoch:71 
[2024-07-21 17:05:55,612][src.cue_accumulation.train_cue_accumulation][INFO] - train epoch 071 loss 0.2047 accuracy 93.75
[2024-07-21 17:05:55,809][src.cue_accumulation.train_cue_accumulation][INFO] - 	 Starting Epoch:72 
[2024-07-21 17:05:57,074][src.cue_accumulation.train_cue_accumulation][INFO] - train epoch 072 loss 0.2345 accuracy 93.75
[2024-07-21 17:05:57,078][src.cue_accumulation.train_cue_accumulation][INFO] - 	 Starting Epoch:73 
[2024-07-21 17:05:58,336][src.cue_accumulation.train_cue_accumulation][INFO] - train epoch 073 loss 0.2288 accuracy 90.62
[2024-07-21 17:05:58,336][src.cue_accumulation.train_cue_accumulation][INFO] - 	 Starting Epoch:74 
[2024-07-21 17:05:59,599][src.cue_accumulation.train_cue_accumulation][INFO] - train epoch 074 loss 0.2572 accuracy 89.06
[2024-07-21 17:05:59,600][src.cue_accumulation.train_cue_accumulation][INFO] - 	 Starting Epoch:75 
[2024-07-21 17:06:00,864][src.cue_accumulation.train_cue_accumulation][INFO] - train epoch 075 loss 0.2428 accuracy 93.75
[2024-07-21 17:06:00,865][src.cue_accumulation.train_cue_accumulation][INFO] - 	 Starting Epoch:76 
[2024-07-21 17:06:02,158][src.cue_accumulation.train_cue_accumulation][INFO] - train epoch 076 loss 0.1760 accuracy 93.75
[2024-07-21 17:06:07,331][src.cue_accumulation.train_cue_accumulation][INFO] - eval  epoch 076 loss 0.2512 accuracy 90.82
[2024-07-21 17:06:07,334][src.cue_accumulation.train_cue_accumulation][INFO] - 	 Starting Epoch:77 
[2024-07-21 17:06:08,634][src.cue_accumulation.train_cue_accumulation][INFO] - train epoch 077 loss 0.2211 accuracy 87.50
[2024-07-21 17:06:08,634][src.cue_accumulation.train_cue_accumulation][INFO] - 	 Starting Epoch:78 
[2024-07-21 17:06:09,933][src.cue_accumulation.train_cue_accumulation][INFO] - train epoch 078 loss 0.2309 accuracy 90.62
[2024-07-21 17:06:09,934][src.cue_accumulation.train_cue_accumulation][INFO] - 	 Starting Epoch:79 
[2024-07-21 17:06:11,236][src.cue_accumulation.train_cue_accumulation][INFO] - train epoch 079 loss 0.1657 accuracy 95.31
[2024-07-21 17:06:11,237][src.cue_accumulation.train_cue_accumulation][INFO] - 	 Starting Epoch:80 
[2024-07-21 17:06:12,541][src.cue_accumulation.train_cue_accumulation][INFO] - train epoch 080 loss 0.1715 accuracy 92.19
[2024-07-21 17:06:12,542][src.cue_accumulation.train_cue_accumulation][INFO] - 	 Starting Epoch:81 
[2024-07-21 17:06:13,845][src.cue_accumulation.train_cue_accumulation][INFO] - train epoch 081 loss 0.2497 accuracy 93.75
[2024-07-21 17:06:14,042][src.cue_accumulation.train_cue_accumulation][INFO] - 	 Starting Epoch:82 
[2024-07-21 17:06:15,344][src.cue_accumulation.train_cue_accumulation][INFO] - train epoch 082 loss 0.1218 accuracy 95.31
[2024-07-21 17:06:15,345][src.cue_accumulation.train_cue_accumulation][INFO] - 	 Starting Epoch:83 
[2024-07-21 17:06:16,648][src.cue_accumulation.train_cue_accumulation][INFO] - train epoch 083 loss 0.1827 accuracy 92.19
[2024-07-21 17:06:16,652][src.cue_accumulation.train_cue_accumulation][INFO] - 	 Starting Epoch:84 
[2024-07-21 17:06:17,950][src.cue_accumulation.train_cue_accumulation][INFO] - train epoch 084 loss 0.2011 accuracy 93.75
[2024-07-21 17:06:17,951][src.cue_accumulation.train_cue_accumulation][INFO] - 	 Starting Epoch:85 
[2024-07-21 17:06:19,251][src.cue_accumulation.train_cue_accumulation][INFO] - train epoch 085 loss 0.5572 accuracy 84.38
[2024-07-21 17:06:19,251][src.cue_accumulation.train_cue_accumulation][INFO] - 	 Starting Epoch:86 
[2024-07-21 17:06:20,552][src.cue_accumulation.train_cue_accumulation][INFO] - train epoch 086 loss 0.2607 accuracy 92.19
[2024-07-21 17:06:20,761][src.cue_accumulation.train_cue_accumulation][INFO] - 	 Starting Epoch:87 
[2024-07-21 17:06:22,065][src.cue_accumulation.train_cue_accumulation][INFO] - train epoch 087 loss 0.3026 accuracy 87.50
[2024-07-21 17:06:22,066][src.cue_accumulation.train_cue_accumulation][INFO] - 	 Starting Epoch:88 
[2024-07-21 17:06:23,368][src.cue_accumulation.train_cue_accumulation][INFO] - train epoch 088 loss 0.2490 accuracy 87.50
[2024-07-21 17:06:23,369][src.cue_accumulation.train_cue_accumulation][INFO] - 	 Starting Epoch:89 
[2024-07-21 17:06:24,671][src.cue_accumulation.train_cue_accumulation][INFO] - train epoch 089 loss 0.1946 accuracy 93.75
[2024-07-21 17:06:24,672][src.cue_accumulation.train_cue_accumulation][INFO] - 	 Starting Epoch:90 
[2024-07-21 17:06:25,979][src.cue_accumulation.train_cue_accumulation][INFO] - train epoch 090 loss 0.1451 accuracy 95.31
[2024-07-21 17:06:25,983][src.cue_accumulation.train_cue_accumulation][INFO] - 	 Starting Epoch:91 
[2024-07-21 17:06:27,282][src.cue_accumulation.train_cue_accumulation][INFO] - train epoch 091 loss 0.1950 accuracy 93.75
[2024-07-21 17:06:27,486][src.cue_accumulation.train_cue_accumulation][INFO] - 	 Starting Epoch:92 
[2024-07-21 17:06:28,786][src.cue_accumulation.train_cue_accumulation][INFO] - train epoch 092 loss 0.2285 accuracy 95.31
[2024-07-21 17:06:28,787][src.cue_accumulation.train_cue_accumulation][INFO] - 	 Starting Epoch:93 
[2024-07-21 17:06:30,087][src.cue_accumulation.train_cue_accumulation][INFO] - train epoch 093 loss 0.2558 accuracy 89.06
[2024-07-21 17:06:30,087][src.cue_accumulation.train_cue_accumulation][INFO] - 	 Starting Epoch:94 
[2024-07-21 17:06:31,378][src.cue_accumulation.train_cue_accumulation][INFO] - train epoch 094 loss 0.0931 accuracy 96.88
[2024-07-21 17:06:31,379][src.cue_accumulation.train_cue_accumulation][INFO] - 	 Starting Epoch:95 
[2024-07-21 17:06:32,642][src.cue_accumulation.train_cue_accumulation][INFO] - train epoch 095 loss 0.1947 accuracy 92.19
[2024-07-21 17:06:32,642][src.cue_accumulation.train_cue_accumulation][INFO] - 	 Starting Epoch:96 
[2024-07-21 17:06:33,908][src.cue_accumulation.train_cue_accumulation][INFO] - train epoch 096 loss 0.0898 accuracy 98.44
[2024-07-21 17:06:34,107][src.cue_accumulation.train_cue_accumulation][INFO] - 	 Starting Epoch:97 
[2024-07-21 17:06:35,371][src.cue_accumulation.train_cue_accumulation][INFO] - train epoch 097 loss 0.3016 accuracy 90.62
[2024-07-21 17:06:35,375][src.cue_accumulation.train_cue_accumulation][INFO] - 	 Starting Epoch:98 
[2024-07-21 17:06:36,632][src.cue_accumulation.train_cue_accumulation][INFO] - train epoch 098 loss 0.2340 accuracy 90.62
[2024-07-21 17:06:36,633][src.cue_accumulation.train_cue_accumulation][INFO] - 	 Starting Epoch:99 
[2024-07-21 17:06:37,895][src.cue_accumulation.train_cue_accumulation][INFO] - train epoch 099 loss 0.1984 accuracy 90.62
[2024-07-21 17:06:37,895][src.cue_accumulation.train_cue_accumulation][INFO] - 	 Starting Epoch:100 
[2024-07-21 17:06:39,160][src.cue_accumulation.train_cue_accumulation][INFO] - train epoch 100 loss 0.2998 accuracy 87.50
[2024-07-21 17:06:39,160][src.cue_accumulation.train_cue_accumulation][INFO] - 	 Starting Epoch:101 
[2024-07-21 17:06:40,420][src.cue_accumulation.train_cue_accumulation][INFO] - train epoch 101 loss 0.1808 accuracy 90.62
[2024-07-21 17:06:45,193][src.cue_accumulation.train_cue_accumulation][INFO] - eval  epoch 101 loss 0.1719 accuracy 92.38
[2024-07-21 17:06:45,195][src.cue_accumulation.train_cue_accumulation][INFO] - 	 Starting Epoch:102 
[2024-07-21 17:06:46,443][src.cue_accumulation.train_cue_accumulation][INFO] - train epoch 102 loss 0.1382 accuracy 93.75
[2024-07-21 17:06:46,445][src.cue_accumulation.train_cue_accumulation][INFO] - 	 Starting Epoch:103 
[2024-07-21 17:06:47,703][src.cue_accumulation.train_cue_accumulation][INFO] - train epoch 103 loss 0.1188 accuracy 96.88
[2024-07-21 17:06:47,704][src.cue_accumulation.train_cue_accumulation][INFO] - 	 Starting Epoch:104 
[2024-07-21 17:06:48,958][src.cue_accumulation.train_cue_accumulation][INFO] - train epoch 104 loss 0.1746 accuracy 89.06
[2024-07-21 17:06:48,959][src.cue_accumulation.train_cue_accumulation][INFO] - 	 Starting Epoch:105 
[2024-07-21 17:06:50,220][src.cue_accumulation.train_cue_accumulation][INFO] - train epoch 105 loss 0.2525 accuracy 89.06
[2024-07-21 17:06:50,221][src.cue_accumulation.train_cue_accumulation][INFO] - 	 Starting Epoch:106 
[2024-07-21 17:06:51,474][src.cue_accumulation.train_cue_accumulation][INFO] - train epoch 106 loss 0.1945 accuracy 95.31
[2024-07-21 17:06:51,676][src.cue_accumulation.train_cue_accumulation][INFO] - 	 Starting Epoch:107 
[2024-07-21 17:06:52,932][src.cue_accumulation.train_cue_accumulation][INFO] - train epoch 107 loss 0.1380 accuracy 93.75
[2024-07-21 17:06:52,936][src.cue_accumulation.train_cue_accumulation][INFO] - 	 Starting Epoch:108 
[2024-07-21 17:06:54,199][src.cue_accumulation.train_cue_accumulation][INFO] - train epoch 108 loss 0.1676 accuracy 96.88
[2024-07-21 17:06:54,203][src.cue_accumulation.train_cue_accumulation][INFO] - 	 Starting Epoch:109 
[2024-07-21 17:06:55,449][src.cue_accumulation.train_cue_accumulation][INFO] - train epoch 109 loss 0.1576 accuracy 92.19
[2024-07-21 17:06:55,450][src.cue_accumulation.train_cue_accumulation][INFO] - 	 Starting Epoch:110 
[2024-07-21 17:06:56,709][src.cue_accumulation.train_cue_accumulation][INFO] - train epoch 110 loss 0.2474 accuracy 93.75
[2024-07-21 17:06:56,710][src.cue_accumulation.train_cue_accumulation][INFO] - 	 Starting Epoch:111 
[2024-07-21 17:06:57,959][src.cue_accumulation.train_cue_accumulation][INFO] - train epoch 111 loss 0.0465 accuracy 98.44
[2024-07-21 17:06:58,157][src.cue_accumulation.train_cue_accumulation][INFO] - 	 Starting Epoch:112 
[2024-07-21 17:06:59,402][src.cue_accumulation.train_cue_accumulation][INFO] - train epoch 112 loss 0.1978 accuracy 92.19
[2024-07-21 17:06:59,406][src.cue_accumulation.train_cue_accumulation][INFO] - 	 Starting Epoch:113 
[2024-07-21 17:07:00,650][src.cue_accumulation.train_cue_accumulation][INFO] - train epoch 113 loss 0.1188 accuracy 96.88
[2024-07-21 17:07:00,651][src.cue_accumulation.train_cue_accumulation][INFO] - 	 Starting Epoch:114 
[2024-07-21 17:07:01,941][src.cue_accumulation.train_cue_accumulation][INFO] - train epoch 114 loss 0.0947 accuracy 96.88
[2024-07-21 17:07:01,942][src.cue_accumulation.train_cue_accumulation][INFO] - 	 Starting Epoch:115 
[2024-07-21 17:07:03,231][src.cue_accumulation.train_cue_accumulation][INFO] - train epoch 115 loss 0.0693 accuracy 96.88
[2024-07-21 17:07:03,235][src.cue_accumulation.train_cue_accumulation][INFO] - 	 Starting Epoch:116 
[2024-07-21 17:07:04,520][src.cue_accumulation.train_cue_accumulation][INFO] - train epoch 116 loss 0.1763 accuracy 93.75
[2024-07-21 17:07:04,660][src.cue_accumulation.train_cue_accumulation][INFO] - 	 Starting Epoch:117 
[2024-07-21 17:07:05,949][src.cue_accumulation.train_cue_accumulation][INFO] - train epoch 117 loss 0.0549 accuracy 96.88
[2024-07-21 17:07:05,951][src.cue_accumulation.train_cue_accumulation][INFO] - 	 Starting Epoch:118 
[2024-07-21 17:07:07,241][src.cue_accumulation.train_cue_accumulation][INFO] - train epoch 118 loss 0.2168 accuracy 92.19
[2024-07-21 17:07:07,241][src.cue_accumulation.train_cue_accumulation][INFO] - 	 Starting Epoch:119 
[2024-07-21 17:07:08,539][src.cue_accumulation.train_cue_accumulation][INFO] - train epoch 119 loss 0.2589 accuracy 93.75
[2024-07-21 17:07:08,540][src.cue_accumulation.train_cue_accumulation][INFO] - 	 Starting Epoch:120 
[2024-07-21 17:07:09,835][src.cue_accumulation.train_cue_accumulation][INFO] - train epoch 120 loss 0.2207 accuracy 92.19
[2024-07-21 17:07:09,836][src.cue_accumulation.train_cue_accumulation][INFO] - 	 Starting Epoch:121 
[2024-07-21 17:07:11,132][src.cue_accumulation.train_cue_accumulation][INFO] - train epoch 121 loss 0.1563 accuracy 96.88
[2024-07-21 17:07:11,149][src.cue_accumulation.train_cue_accumulation][INFO] - 	 Starting Epoch:122 
[2024-07-21 17:07:12,446][src.cue_accumulation.train_cue_accumulation][INFO] - train epoch 122 loss 0.2210 accuracy 95.31
[2024-07-21 17:07:12,452][src.cue_accumulation.train_cue_accumulation][INFO] - 	 Starting Epoch:123 
[2024-07-21 17:07:13,740][src.cue_accumulation.train_cue_accumulation][INFO] - train epoch 123 loss 0.1664 accuracy 90.62
[2024-07-21 17:07:13,741][src.cue_accumulation.train_cue_accumulation][INFO] - 	 Starting Epoch:124 
[2024-07-21 17:07:15,039][src.cue_accumulation.train_cue_accumulation][INFO] - train epoch 124 loss 0.2013 accuracy 90.62
[2024-07-21 17:07:15,039][src.cue_accumulation.train_cue_accumulation][INFO] - 	 Starting Epoch:125 
[2024-07-21 17:07:16,331][src.cue_accumulation.train_cue_accumulation][INFO] - train epoch 125 loss 0.1229 accuracy 92.19
[2024-07-21 17:07:16,331][src.cue_accumulation.train_cue_accumulation][INFO] - 	 Starting Epoch:126 
[2024-07-21 17:07:17,627][src.cue_accumulation.train_cue_accumulation][INFO] - train epoch 126 loss 0.1906 accuracy 92.19
[2024-07-21 17:07:22,568][src.cue_accumulation.train_cue_accumulation][INFO] - eval  epoch 126 loss 0.1774 accuracy 94.34
[2024-07-21 17:07:22,570][src.cue_accumulation.train_cue_accumulation][INFO] - 	 Starting Epoch:127 
[2024-07-21 17:07:23,862][src.cue_accumulation.train_cue_accumulation][INFO] - train epoch 127 loss 0.2370 accuracy 87.50
[2024-07-21 17:07:23,874][src.cue_accumulation.train_cue_accumulation][INFO] - 	 Starting Epoch:128 
[2024-07-21 17:07:25,168][src.cue_accumulation.train_cue_accumulation][INFO] - train epoch 128 loss 0.1835 accuracy 93.75
[2024-07-21 17:07:25,169][src.cue_accumulation.train_cue_accumulation][INFO] - 	 Starting Epoch:129 
[2024-07-21 17:07:26,460][src.cue_accumulation.train_cue_accumulation][INFO] - train epoch 129 loss 0.1508 accuracy 93.75
[2024-07-21 17:07:26,461][src.cue_accumulation.train_cue_accumulation][INFO] - 	 Starting Epoch:130 
[2024-07-21 17:07:27,761][src.cue_accumulation.train_cue_accumulation][INFO] - train epoch 130 loss 0.1474 accuracy 93.75
[2024-07-21 17:07:27,761][src.cue_accumulation.train_cue_accumulation][INFO] - 	 Starting Epoch:131 
[2024-07-21 17:07:29,054][src.cue_accumulation.train_cue_accumulation][INFO] - train epoch 131 loss 0.1668 accuracy 98.44
[2024-07-21 17:07:29,057][src.cue_accumulation.train_cue_accumulation][INFO] - 	 Starting Epoch:132 
[2024-07-21 17:07:30,356][src.cue_accumulation.train_cue_accumulation][INFO] - train epoch 132 loss 0.0247 accuracy 100.00
[2024-07-21 17:07:30,371][src.cue_accumulation.train_cue_accumulation][INFO] - 	 Starting Epoch:133 
[2024-07-21 17:07:31,653][src.cue_accumulation.train_cue_accumulation][INFO] - train epoch 133 loss 0.2236 accuracy 93.75
[2024-07-21 17:07:31,657][src.cue_accumulation.train_cue_accumulation][INFO] - 	 Starting Epoch:134 
[2024-07-21 17:07:32,908][src.cue_accumulation.train_cue_accumulation][INFO] - train epoch 134 loss 0.1630 accuracy 93.75
[2024-07-21 17:07:32,909][src.cue_accumulation.train_cue_accumulation][INFO] - 	 Starting Epoch:135 
[2024-07-21 17:07:34,168][src.cue_accumulation.train_cue_accumulation][INFO] - train epoch 135 loss 0.2036 accuracy 93.75
[2024-07-21 17:07:34,168][src.cue_accumulation.train_cue_accumulation][INFO] - 	 Starting Epoch:136 
[2024-07-21 17:07:35,423][src.cue_accumulation.train_cue_accumulation][INFO] - train epoch 136 loss 0.1280 accuracy 93.75
[2024-07-21 17:07:35,425][src.cue_accumulation.train_cue_accumulation][INFO] - 	 Starting Epoch:137 
[2024-07-21 17:07:36,682][src.cue_accumulation.train_cue_accumulation][INFO] - train epoch 137 loss 0.2409 accuracy 93.75
[2024-07-21 17:07:36,818][src.cue_accumulation.train_cue_accumulation][INFO] - 	 Starting Epoch:138 
[2024-07-21 17:07:38,078][src.cue_accumulation.train_cue_accumulation][INFO] - train epoch 138 loss 0.1222 accuracy 93.75
[2024-07-21 17:07:38,079][src.cue_accumulation.train_cue_accumulation][INFO] - 	 Starting Epoch:139 
[2024-07-21 17:07:39,334][src.cue_accumulation.train_cue_accumulation][INFO] - train epoch 139 loss 0.1682 accuracy 93.75
[2024-07-21 17:07:39,335][src.cue_accumulation.train_cue_accumulation][INFO] - 	 Starting Epoch:140 
[2024-07-21 17:07:40,593][src.cue_accumulation.train_cue_accumulation][INFO] - train epoch 140 loss 0.1943 accuracy 89.06
[2024-07-21 17:07:40,597][src.cue_accumulation.train_cue_accumulation][INFO] - 	 Starting Epoch:141 
[2024-07-21 17:07:41,850][src.cue_accumulation.train_cue_accumulation][INFO] - train epoch 141 loss 0.2044 accuracy 90.62
[2024-07-21 17:07:41,852][src.cue_accumulation.train_cue_accumulation][INFO] - 	 Starting Epoch:142 
[2024-07-21 17:07:43,106][src.cue_accumulation.train_cue_accumulation][INFO] - train epoch 142 loss 0.1521 accuracy 95.31
[2024-07-21 17:07:43,391][src.cue_accumulation.train_cue_accumulation][INFO] - 	 Starting Epoch:143 
[2024-07-21 17:07:44,648][src.cue_accumulation.train_cue_accumulation][INFO] - train epoch 143 loss 0.1568 accuracy 96.88
[2024-07-21 17:07:44,649][src.cue_accumulation.train_cue_accumulation][INFO] - 	 Starting Epoch:144 
[2024-07-21 17:07:45,906][src.cue_accumulation.train_cue_accumulation][INFO] - train epoch 144 loss 0.0749 accuracy 96.88
[2024-07-21 17:07:45,907][src.cue_accumulation.train_cue_accumulation][INFO] - 	 Starting Epoch:145 
[2024-07-21 17:07:47,162][src.cue_accumulation.train_cue_accumulation][INFO] - train epoch 145 loss 0.1436 accuracy 95.31
[2024-07-21 17:07:47,163][src.cue_accumulation.train_cue_accumulation][INFO] - 	 Starting Epoch:146 
[2024-07-21 17:07:48,424][src.cue_accumulation.train_cue_accumulation][INFO] - train epoch 146 loss 0.2500 accuracy 90.62
[2024-07-21 17:07:48,428][src.cue_accumulation.train_cue_accumulation][INFO] - 	 Starting Epoch:147 
[2024-07-21 17:07:49,683][src.cue_accumulation.train_cue_accumulation][INFO] - train epoch 147 loss 0.1592 accuracy 93.75
[2024-07-21 17:07:49,764][src.cue_accumulation.train_cue_accumulation][INFO] - 	 Starting Epoch:148 
[2024-07-21 17:07:51,015][src.cue_accumulation.train_cue_accumulation][INFO] - train epoch 148 loss 0.2483 accuracy 92.19
[2024-07-21 17:07:51,016][src.cue_accumulation.train_cue_accumulation][INFO] - 	 Starting Epoch:149 
[2024-07-21 17:07:52,269][src.cue_accumulation.train_cue_accumulation][INFO] - train epoch 149 loss 0.0534 accuracy 98.44
[2024-07-21 17:07:52,270][src.cue_accumulation.train_cue_accumulation][INFO] - 	 Starting Epoch:150 
[2024-07-21 17:07:53,521][src.cue_accumulation.train_cue_accumulation][INFO] - train epoch 150 loss 0.1102 accuracy 95.31
[2024-07-21 17:07:53,521][src.cue_accumulation.train_cue_accumulation][INFO] - 	 Starting Epoch:151 
[2024-07-21 17:07:54,777][src.cue_accumulation.train_cue_accumulation][INFO] - train epoch 151 loss 0.1628 accuracy 93.75
[2024-07-21 17:07:59,372][src.cue_accumulation.train_cue_accumulation][INFO] - eval  epoch 151 loss 0.1277 accuracy 94.73
[2024-07-21 17:07:59,547][src.cue_accumulation.train_cue_accumulation][INFO] - 	 Starting Epoch:152 
[2024-07-21 17:08:00,800][src.cue_accumulation.train_cue_accumulation][INFO] - train epoch 152 loss 0.3859 accuracy 90.62
[2024-07-21 17:08:00,801][src.cue_accumulation.train_cue_accumulation][INFO] - 	 Starting Epoch:153 
[2024-07-21 17:08:02,088][src.cue_accumulation.train_cue_accumulation][INFO] - train epoch 153 loss 0.1101 accuracy 95.31
[2024-07-21 17:08:02,088][src.cue_accumulation.train_cue_accumulation][INFO] - 	 Starting Epoch:154 
[2024-07-21 17:08:03,383][src.cue_accumulation.train_cue_accumulation][INFO] - train epoch 154 loss 0.2315 accuracy 92.19
[2024-07-21 17:08:03,384][src.cue_accumulation.train_cue_accumulation][INFO] - 	 Starting Epoch:155 
[2024-07-21 17:08:04,681][src.cue_accumulation.train_cue_accumulation][INFO] - train epoch 155 loss 0.1931 accuracy 95.31
[2024-07-21 17:08:04,681][src.cue_accumulation.train_cue_accumulation][INFO] - 	 Starting Epoch:156 
[2024-07-21 17:08:05,972][src.cue_accumulation.train_cue_accumulation][INFO] - train epoch 156 loss 0.2473 accuracy 90.62
[2024-07-21 17:08:06,168][src.cue_accumulation.train_cue_accumulation][INFO] - 	 Starting Epoch:157 
[2024-07-21 17:08:07,466][src.cue_accumulation.train_cue_accumulation][INFO] - train epoch 157 loss 0.1080 accuracy 98.44
[2024-07-21 17:08:07,466][src.cue_accumulation.train_cue_accumulation][INFO] - 	 Starting Epoch:158 
[2024-07-21 17:08:08,769][src.cue_accumulation.train_cue_accumulation][INFO] - train epoch 158 loss 0.1544 accuracy 93.75
[2024-07-21 17:08:08,773][src.cue_accumulation.train_cue_accumulation][INFO] - 	 Starting Epoch:159 
[2024-07-21 17:08:10,061][src.cue_accumulation.train_cue_accumulation][INFO] - train epoch 159 loss 0.0942 accuracy 95.31
[2024-07-21 17:08:10,062][src.cue_accumulation.train_cue_accumulation][INFO] - 	 Starting Epoch:160 
[2024-07-21 17:08:11,358][src.cue_accumulation.train_cue_accumulation][INFO] - train epoch 160 loss 0.0691 accuracy 98.44
[2024-07-21 17:08:11,358][src.cue_accumulation.train_cue_accumulation][INFO] - 	 Starting Epoch:161 
[2024-07-21 17:08:12,650][src.cue_accumulation.train_cue_accumulation][INFO] - train epoch 161 loss 0.1447 accuracy 95.31
[2024-07-21 17:08:12,849][src.cue_accumulation.train_cue_accumulation][INFO] - 	 Starting Epoch:162 
[2024-07-21 17:08:14,138][src.cue_accumulation.train_cue_accumulation][INFO] - train epoch 162 loss 0.1981 accuracy 92.19
[2024-07-21 17:08:14,139][src.cue_accumulation.train_cue_accumulation][INFO] - 	 Starting Epoch:163 
[2024-07-21 17:08:15,438][src.cue_accumulation.train_cue_accumulation][INFO] - train epoch 163 loss 0.0876 accuracy 96.88
[2024-07-21 17:08:15,438][src.cue_accumulation.train_cue_accumulation][INFO] - 	 Starting Epoch:164 
[2024-07-21 17:08:16,731][src.cue_accumulation.train_cue_accumulation][INFO] - train epoch 164 loss 0.0558 accuracy 96.88
[2024-07-21 17:08:16,731][src.cue_accumulation.train_cue_accumulation][INFO] - 	 Starting Epoch:165 
[2024-07-21 17:08:18,029][src.cue_accumulation.train_cue_accumulation][INFO] - train epoch 165 loss 0.1588 accuracy 96.88
[2024-07-21 17:08:18,033][src.cue_accumulation.train_cue_accumulation][INFO] - 	 Starting Epoch:166 
[2024-07-21 17:08:19,325][src.cue_accumulation.train_cue_accumulation][INFO] - train epoch 166 loss 0.1409 accuracy 92.19
[2024-07-21 17:08:19,554][src.cue_accumulation.train_cue_accumulation][INFO] - 	 Starting Epoch:167 
[2024-07-21 17:08:20,847][src.cue_accumulation.train_cue_accumulation][INFO] - train epoch 167 loss 0.1047 accuracy 95.31
[2024-07-21 17:08:20,847][src.cue_accumulation.train_cue_accumulation][INFO] - 	 Starting Epoch:168 
[2024-07-21 17:08:22,142][src.cue_accumulation.train_cue_accumulation][INFO] - train epoch 168 loss 0.2568 accuracy 92.19
[2024-07-21 17:08:22,142][src.cue_accumulation.train_cue_accumulation][INFO] - 	 Starting Epoch:169 
[2024-07-21 17:08:23,438][src.cue_accumulation.train_cue_accumulation][INFO] - train epoch 169 loss 0.0707 accuracy 96.88
[2024-07-21 17:08:23,439][src.cue_accumulation.train_cue_accumulation][INFO] - 	 Starting Epoch:170 
[2024-07-21 17:08:24,730][src.cue_accumulation.train_cue_accumulation][INFO] - train epoch 170 loss 0.1423 accuracy 93.75
[2024-07-21 17:08:24,730][src.cue_accumulation.train_cue_accumulation][INFO] - 	 Starting Epoch:171 
[2024-07-21 17:08:26,029][src.cue_accumulation.train_cue_accumulation][INFO] - train epoch 171 loss 0.0429 accuracy 98.44
[2024-07-21 17:08:26,295][src.cue_accumulation.train_cue_accumulation][INFO] - 	 Starting Epoch:172 
[2024-07-21 17:08:27,594][src.cue_accumulation.train_cue_accumulation][INFO] - train epoch 172 loss 0.0404 accuracy 98.44
[2024-07-21 17:08:27,597][src.cue_accumulation.train_cue_accumulation][INFO] - 	 Starting Epoch:173 
[2024-07-21 17:08:28,885][src.cue_accumulation.train_cue_accumulation][INFO] - train epoch 173 loss 0.1089 accuracy 93.75
[2024-07-21 17:08:28,885][src.cue_accumulation.train_cue_accumulation][INFO] - 	 Starting Epoch:174 
[2024-07-21 17:08:30,183][src.cue_accumulation.train_cue_accumulation][INFO] - train epoch 174 loss 0.2050 accuracy 95.31
[2024-07-21 17:08:30,183][src.cue_accumulation.train_cue_accumulation][INFO] - 	 Starting Epoch:175 
[2024-07-21 17:08:31,464][src.cue_accumulation.train_cue_accumulation][INFO] - train epoch 175 loss 0.0809 accuracy 98.44
[2024-07-21 17:08:31,465][src.cue_accumulation.train_cue_accumulation][INFO] - 	 Starting Epoch:176 
[2024-07-21 17:08:32,723][src.cue_accumulation.train_cue_accumulation][INFO] - train epoch 176 loss 0.0724 accuracy 98.44
[2024-07-21 17:08:37,547][src.cue_accumulation.train_cue_accumulation][INFO] - eval  epoch 176 loss 0.1781 accuracy 94.34
[2024-07-21 17:08:37,550][src.cue_accumulation.train_cue_accumulation][INFO] - 	 Starting Epoch:177 
[2024-07-21 17:08:38,803][src.cue_accumulation.train_cue_accumulation][INFO] - train epoch 177 loss 0.1426 accuracy 96.88
[2024-07-21 17:08:38,803][src.cue_accumulation.train_cue_accumulation][INFO] - 	 Starting Epoch:178 
[2024-07-21 17:08:40,058][src.cue_accumulation.train_cue_accumulation][INFO] - train epoch 178 loss 0.1123 accuracy 95.31
[2024-07-21 17:08:40,059][src.cue_accumulation.train_cue_accumulation][INFO] - 	 Starting Epoch:179 
[2024-07-21 17:08:41,311][src.cue_accumulation.train_cue_accumulation][INFO] - train epoch 179 loss 0.1480 accuracy 93.75
[2024-07-21 17:08:41,312][src.cue_accumulation.train_cue_accumulation][INFO] - 	 Starting Epoch:180 
[2024-07-21 17:08:42,570][src.cue_accumulation.train_cue_accumulation][INFO] - train epoch 180 loss 0.1910 accuracy 92.19
[2024-07-21 17:08:42,571][src.cue_accumulation.train_cue_accumulation][INFO] - 	 Starting Epoch:181 
[2024-07-21 17:08:43,826][src.cue_accumulation.train_cue_accumulation][INFO] - train epoch 181 loss 0.2770 accuracy 90.62
[2024-07-21 17:08:44,016][src.cue_accumulation.train_cue_accumulation][INFO] - 	 Starting Epoch:182 
[2024-07-21 17:08:45,274][src.cue_accumulation.train_cue_accumulation][INFO] - train epoch 182 loss 0.0868 accuracy 96.88
[2024-07-21 17:08:45,275][src.cue_accumulation.train_cue_accumulation][INFO] - 	 Starting Epoch:183 
[2024-07-21 17:08:46,529][src.cue_accumulation.train_cue_accumulation][INFO] - train epoch 183 loss 0.2068 accuracy 92.19
[2024-07-21 17:08:46,533][src.cue_accumulation.train_cue_accumulation][INFO] - 	 Starting Epoch:184 
[2024-07-21 17:08:47,785][src.cue_accumulation.train_cue_accumulation][INFO] - train epoch 184 loss 0.1135 accuracy 95.31
[2024-07-21 17:08:47,785][src.cue_accumulation.train_cue_accumulation][INFO] - 	 Starting Epoch:185 
[2024-07-21 17:08:49,037][src.cue_accumulation.train_cue_accumulation][INFO] - train epoch 185 loss 0.1594 accuracy 90.62
[2024-07-21 17:08:49,038][src.cue_accumulation.train_cue_accumulation][INFO] - 	 Starting Epoch:186 
[2024-07-21 17:08:50,294][src.cue_accumulation.train_cue_accumulation][INFO] - train epoch 186 loss 0.1832 accuracy 93.75
[2024-07-21 17:08:50,557][src.cue_accumulation.train_cue_accumulation][INFO] - 	 Starting Epoch:187 
[2024-07-21 17:08:51,818][src.cue_accumulation.train_cue_accumulation][INFO] - train epoch 187 loss 0.1165 accuracy 95.31
[2024-07-21 17:08:51,818][src.cue_accumulation.train_cue_accumulation][INFO] - 	 Starting Epoch:188 
[2024-07-21 17:08:53,080][src.cue_accumulation.train_cue_accumulation][INFO] - train epoch 188 loss 0.0984 accuracy 96.88
[2024-07-21 17:08:53,081][src.cue_accumulation.train_cue_accumulation][INFO] - 	 Starting Epoch:189 
[2024-07-21 17:08:54,337][src.cue_accumulation.train_cue_accumulation][INFO] - train epoch 189 loss 0.0796 accuracy 98.44
[2024-07-21 17:08:54,338][src.cue_accumulation.train_cue_accumulation][INFO] - 	 Starting Epoch:190 
[2024-07-21 17:08:55,597][src.cue_accumulation.train_cue_accumulation][INFO] - train epoch 190 loss 0.1410 accuracy 93.75
[2024-07-21 17:08:55,601][src.cue_accumulation.train_cue_accumulation][INFO] - 	 Starting Epoch:191 
[2024-07-21 17:08:56,847][src.cue_accumulation.train_cue_accumulation][INFO] - train epoch 191 loss 0.1638 accuracy 93.75
[2024-07-21 17:08:57,053][src.cue_accumulation.train_cue_accumulation][INFO] - 	 Starting Epoch:192 
[2024-07-21 17:08:58,311][src.cue_accumulation.train_cue_accumulation][INFO] - train epoch 192 loss 0.1085 accuracy 95.31
[2024-07-21 17:08:58,312][src.cue_accumulation.train_cue_accumulation][INFO] - 	 Starting Epoch:193 
[2024-07-21 17:08:59,569][src.cue_accumulation.train_cue_accumulation][INFO] - train epoch 193 loss 0.1438 accuracy 96.88
[2024-07-21 17:08:59,570][src.cue_accumulation.train_cue_accumulation][INFO] - 	 Starting Epoch:194 
[2024-07-21 17:09:00,826][src.cue_accumulation.train_cue_accumulation][INFO] - train epoch 194 loss 0.1582 accuracy 93.75
[2024-07-21 17:09:00,826][src.cue_accumulation.train_cue_accumulation][INFO] - 	 Starting Epoch:195 
[2024-07-21 17:09:02,118][src.cue_accumulation.train_cue_accumulation][INFO] - train epoch 195 loss 0.0802 accuracy 98.44
[2024-07-21 17:09:02,118][src.cue_accumulation.train_cue_accumulation][INFO] - 	 Starting Epoch:196 
[2024-07-21 17:09:03,417][src.cue_accumulation.train_cue_accumulation][INFO] - train epoch 196 loss 0.0687 accuracy 98.44
[2024-07-21 17:09:03,598][src.cue_accumulation.train_cue_accumulation][INFO] - 	 Starting Epoch:197 
[2024-07-21 17:09:04,892][src.cue_accumulation.train_cue_accumulation][INFO] - train epoch 197 loss 0.0543 accuracy 98.44
[2024-07-21 17:09:04,896][src.cue_accumulation.train_cue_accumulation][INFO] - 	 Starting Epoch:198 
[2024-07-21 17:09:06,190][src.cue_accumulation.train_cue_accumulation][INFO] - train epoch 198 loss 0.2216 accuracy 89.06
[2024-07-21 17:09:06,191][src.cue_accumulation.train_cue_accumulation][INFO] - 	 Starting Epoch:199 
[2024-07-21 17:09:07,483][src.cue_accumulation.train_cue_accumulation][INFO] - train epoch 199 loss 0.0714 accuracy 96.88
[2024-07-21 17:09:07,484][src.cue_accumulation.train_cue_accumulation][INFO] - 	 Starting Epoch:200 
[2024-07-21 17:09:08,775][src.cue_accumulation.train_cue_accumulation][INFO] - train epoch 200 loss 0.1475 accuracy 93.75
[2024-07-21 17:09:08,776][src.cue_accumulation.train_cue_accumulation][INFO] - 	 Starting Epoch:201 
[2024-07-21 17:09:10,072][src.cue_accumulation.train_cue_accumulation][INFO] - train epoch 201 loss 0.0209 accuracy 100.00
[2024-07-21 17:09:15,321][src.cue_accumulation.train_cue_accumulation][INFO] - eval  epoch 201 loss 0.1384 accuracy 95.31
[2024-07-21 17:09:20,871][src.cue_accumulation.train_cue_accumulation][INFO] - eval  epoch 201 loss 0.1600 accuracy 94.53
[2024-07-21 17:09:20,873][src.cue_accumulation.train_cue_accumulation][INFO] - 	 Starting Epoch:202 
[2024-07-21 17:09:22,165][src.cue_accumulation.train_cue_accumulation][INFO] - train epoch 202 loss 0.0675 accuracy 96.88
[2024-07-21 17:09:22,176][src.cue_accumulation.train_cue_accumulation][INFO] - 	 Starting Epoch:203 
[2024-07-21 17:09:23,468][src.cue_accumulation.train_cue_accumulation][INFO] - train epoch 203 loss 0.1759 accuracy 92.19
[2024-07-21 17:09:23,469][src.cue_accumulation.train_cue_accumulation][INFO] - 	 Starting Epoch:204 
[2024-07-21 17:09:24,763][src.cue_accumulation.train_cue_accumulation][INFO] - train epoch 204 loss 0.1450 accuracy 96.88
[2024-07-21 17:09:24,764][src.cue_accumulation.train_cue_accumulation][INFO] - 	 Starting Epoch:205 
[2024-07-21 17:09:26,055][src.cue_accumulation.train_cue_accumulation][INFO] - train epoch 205 loss 0.1200 accuracy 96.88
[2024-07-21 17:09:26,055][src.cue_accumulation.train_cue_accumulation][INFO] - 	 Starting Epoch:206 
[2024-07-21 17:09:27,353][src.cue_accumulation.train_cue_accumulation][INFO] - train epoch 206 loss 0.1777 accuracy 93.75
[2024-07-21 17:09:27,353][src.cue_accumulation.train_cue_accumulation][INFO] - 	 Starting Epoch:207 
[2024-07-21 17:09:28,648][src.cue_accumulation.train_cue_accumulation][INFO] - train epoch 207 loss 0.1664 accuracy 90.62
[2024-07-21 17:09:28,665][src.cue_accumulation.train_cue_accumulation][INFO] - 	 Starting Epoch:208 
[2024-07-21 17:09:29,959][src.cue_accumulation.train_cue_accumulation][INFO] - train epoch 208 loss 0.1472 accuracy 95.31
[2024-07-21 17:09:29,963][src.cue_accumulation.train_cue_accumulation][INFO] - 	 Starting Epoch:209 
[2024-07-21 17:09:31,253][src.cue_accumulation.train_cue_accumulation][INFO] - train epoch 209 loss 0.1078 accuracy 98.44
[2024-07-21 17:09:31,254][src.cue_accumulation.train_cue_accumulation][INFO] - 	 Starting Epoch:210 
[2024-07-21 17:09:32,508][src.cue_accumulation.train_cue_accumulation][INFO] - train epoch 210 loss 0.0540 accuracy 98.44
[2024-07-21 17:09:32,508][src.cue_accumulation.train_cue_accumulation][INFO] - 	 Starting Epoch:211 
[2024-07-21 17:09:33,764][src.cue_accumulation.train_cue_accumulation][INFO] - train epoch 211 loss 0.0454 accuracy 100.00
[2024-07-21 17:09:33,765][src.cue_accumulation.train_cue_accumulation][INFO] - 	 Starting Epoch:212 
[2024-07-21 17:09:35,022][src.cue_accumulation.train_cue_accumulation][INFO] - train epoch 212 loss 0.0941 accuracy 96.88
[2024-07-21 17:09:35,035][src.cue_accumulation.train_cue_accumulation][INFO] - 	 Starting Epoch:213 
[2024-07-21 17:09:36,289][src.cue_accumulation.train_cue_accumulation][INFO] - train epoch 213 loss 0.0614 accuracy 98.44
[2024-07-21 17:09:36,290][src.cue_accumulation.train_cue_accumulation][INFO] - 	 Starting Epoch:214 
[2024-07-21 17:09:37,550][src.cue_accumulation.train_cue_accumulation][INFO] - train epoch 214 loss 0.0162 accuracy 100.00
[2024-07-21 17:09:37,551][src.cue_accumulation.train_cue_accumulation][INFO] - 	 Starting Epoch:215 
[2024-07-21 17:09:38,808][src.cue_accumulation.train_cue_accumulation][INFO] - train epoch 215 loss 0.1285 accuracy 95.31
[2024-07-21 17:09:38,812][src.cue_accumulation.train_cue_accumulation][INFO] - 	 Starting Epoch:216 
[2024-07-21 17:09:40,063][src.cue_accumulation.train_cue_accumulation][INFO] - train epoch 216 loss 0.2506 accuracy 93.75
[2024-07-21 17:09:40,063][src.cue_accumulation.train_cue_accumulation][INFO] - 	 Starting Epoch:217 
[2024-07-21 17:09:41,319][src.cue_accumulation.train_cue_accumulation][INFO] - train epoch 217 loss 0.1612 accuracy 96.88
[2024-07-21 17:09:41,334][src.cue_accumulation.train_cue_accumulation][INFO] - 	 Starting Epoch:218 
[2024-07-21 17:09:42,587][src.cue_accumulation.train_cue_accumulation][INFO] - train epoch 218 loss 0.1266 accuracy 95.31
[2024-07-21 17:09:42,588][src.cue_accumulation.train_cue_accumulation][INFO] - 	 Starting Epoch:219 
[2024-07-21 17:09:43,841][src.cue_accumulation.train_cue_accumulation][INFO] - train epoch 219 loss 0.0851 accuracy 98.44
[2024-07-21 17:09:43,842][src.cue_accumulation.train_cue_accumulation][INFO] - 	 Starting Epoch:220 
[2024-07-21 17:09:45,097][src.cue_accumulation.train_cue_accumulation][INFO] - train epoch 220 loss 0.0737 accuracy 96.88
[2024-07-21 17:09:45,097][src.cue_accumulation.train_cue_accumulation][INFO] - 	 Starting Epoch:221 
[2024-07-21 17:09:46,348][src.cue_accumulation.train_cue_accumulation][INFO] - train epoch 221 loss 0.0340 accuracy 98.44
[2024-07-21 17:09:46,349][src.cue_accumulation.train_cue_accumulation][INFO] - 	 Starting Epoch:222 
[2024-07-21 17:09:47,607][src.cue_accumulation.train_cue_accumulation][INFO] - train epoch 222 loss 0.2877 accuracy 92.19
[2024-07-21 17:09:47,753][src.cue_accumulation.train_cue_accumulation][INFO] - 	 Starting Epoch:223 
[2024-07-21 17:09:49,006][src.cue_accumulation.train_cue_accumulation][INFO] - train epoch 223 loss 0.1145 accuracy 98.44
[2024-07-21 17:09:49,007][src.cue_accumulation.train_cue_accumulation][INFO] - 	 Starting Epoch:224 
[2024-07-21 17:09:50,266][src.cue_accumulation.train_cue_accumulation][INFO] - train epoch 224 loss 0.1287 accuracy 95.31
[2024-07-21 17:09:50,267][src.cue_accumulation.train_cue_accumulation][INFO] - 	 Starting Epoch:225 
[2024-07-21 17:09:51,523][src.cue_accumulation.train_cue_accumulation][INFO] - train epoch 225 loss 0.0717 accuracy 98.44
[2024-07-21 17:09:51,524][src.cue_accumulation.train_cue_accumulation][INFO] - 	 Starting Epoch:226 
[2024-07-21 17:09:52,777][src.cue_accumulation.train_cue_accumulation][INFO] - train epoch 226 loss 0.1119 accuracy 95.31
[2024-07-21 17:09:57,381][src.cue_accumulation.train_cue_accumulation][INFO] - eval  epoch 226 loss 0.1413 accuracy 95.31
[2024-07-21 17:10:02,862][src.cue_accumulation.train_cue_accumulation][INFO] - eval  epoch 226 loss 0.1436 accuracy 94.14
[2024-07-21 17:10:02,866][src.cue_accumulation.train_cue_accumulation][INFO] - 	 Starting Epoch:227 
[2024-07-21 17:10:04,163][src.cue_accumulation.train_cue_accumulation][INFO] - train epoch 227 loss 0.0482 accuracy 100.00
[2024-07-21 17:10:04,163][src.cue_accumulation.train_cue_accumulation][INFO] - 	 Starting Epoch:228 
[2024-07-21 17:10:05,455][src.cue_accumulation.train_cue_accumulation][INFO] - train epoch 228 loss 0.1240 accuracy 96.88
[2024-07-21 17:10:05,456][src.cue_accumulation.train_cue_accumulation][INFO] - 	 Starting Epoch:229 
[2024-07-21 17:10:06,752][src.cue_accumulation.train_cue_accumulation][INFO] - train epoch 229 loss 0.0361 accuracy 98.44
[2024-07-21 17:10:06,753][src.cue_accumulation.train_cue_accumulation][INFO] - 	 Starting Epoch:230 
[2024-07-21 17:10:08,049][src.cue_accumulation.train_cue_accumulation][INFO] - train epoch 230 loss 0.0942 accuracy 96.88
[2024-07-21 17:10:08,050][src.cue_accumulation.train_cue_accumulation][INFO] - 	 Starting Epoch:231 
[2024-07-21 17:10:09,340][src.cue_accumulation.train_cue_accumulation][INFO] - train epoch 231 loss 0.1314 accuracy 95.31
[2024-07-21 17:10:09,539][src.cue_accumulation.train_cue_accumulation][INFO] - 	 Starting Epoch:232 
[2024-07-21 17:10:10,836][src.cue_accumulation.train_cue_accumulation][INFO] - train epoch 232 loss 0.1031 accuracy 96.88
[2024-07-21 17:10:10,837][src.cue_accumulation.train_cue_accumulation][INFO] - 	 Starting Epoch:233 
[2024-07-21 17:10:12,132][src.cue_accumulation.train_cue_accumulation][INFO] - train epoch 233 loss 0.1515 accuracy 92.19
[2024-07-21 17:10:12,136][src.cue_accumulation.train_cue_accumulation][INFO] - 	 Starting Epoch:234 
[2024-07-21 17:10:13,423][src.cue_accumulation.train_cue_accumulation][INFO] - train epoch 234 loss 0.1426 accuracy 96.88
[2024-07-21 17:10:13,424][src.cue_accumulation.train_cue_accumulation][INFO] - 	 Starting Epoch:235 
[2024-07-21 17:10:14,722][src.cue_accumulation.train_cue_accumulation][INFO] - train epoch 235 loss 0.2006 accuracy 92.19
[2024-07-21 17:10:14,723][src.cue_accumulation.train_cue_accumulation][INFO] - 	 Starting Epoch:236 
[2024-07-21 17:10:16,015][src.cue_accumulation.train_cue_accumulation][INFO] - train epoch 236 loss 0.0934 accuracy 98.44
[2024-07-21 17:10:16,206][src.cue_accumulation.train_cue_accumulation][INFO] - 	 Starting Epoch:237 
[2024-07-21 17:10:17,500][src.cue_accumulation.train_cue_accumulation][INFO] - train epoch 237 loss 0.0870 accuracy 96.88
[2024-07-21 17:10:17,500][src.cue_accumulation.train_cue_accumulation][INFO] - 	 Starting Epoch:238 
[2024-07-21 17:10:18,798][src.cue_accumulation.train_cue_accumulation][INFO] - train epoch 238 loss 0.0546 accuracy 98.44
[2024-07-21 17:10:18,798][src.cue_accumulation.train_cue_accumulation][INFO] - 	 Starting Epoch:239 
[2024-07-21 17:10:20,089][src.cue_accumulation.train_cue_accumulation][INFO] - train epoch 239 loss 0.1005 accuracy 96.88
[2024-07-21 17:10:20,090][src.cue_accumulation.train_cue_accumulation][INFO] - 	 Starting Epoch:240 
[2024-07-21 17:10:21,390][src.cue_accumulation.train_cue_accumulation][INFO] - train epoch 240 loss 0.1164 accuracy 95.31
[2024-07-21 17:10:21,394][src.cue_accumulation.train_cue_accumulation][INFO] - 	 Starting Epoch:241 
[2024-07-21 17:10:22,684][src.cue_accumulation.train_cue_accumulation][INFO] - train epoch 241 loss 0.1084 accuracy 95.31
[2024-07-21 17:10:22,891][src.cue_accumulation.train_cue_accumulation][INFO] - 	 Starting Epoch:242 
[2024-07-21 17:10:24,183][src.cue_accumulation.train_cue_accumulation][INFO] - train epoch 242 loss 0.1019 accuracy 96.88
[2024-07-21 17:10:24,184][src.cue_accumulation.train_cue_accumulation][INFO] - 	 Starting Epoch:243 
[2024-07-21 17:10:25,480][src.cue_accumulation.train_cue_accumulation][INFO] - train epoch 243 loss 0.0451 accuracy 100.00
[2024-07-21 17:10:25,481][src.cue_accumulation.train_cue_accumulation][INFO] - 	 Starting Epoch:244 
[2024-07-21 17:10:26,774][src.cue_accumulation.train_cue_accumulation][INFO] - train epoch 244 loss 0.0961 accuracy 95.31
[2024-07-21 17:10:26,775][src.cue_accumulation.train_cue_accumulation][INFO] - 	 Starting Epoch:245 
[2024-07-21 17:10:28,070][src.cue_accumulation.train_cue_accumulation][INFO] - train epoch 245 loss 0.2398 accuracy 93.75
[2024-07-21 17:10:28,071][src.cue_accumulation.train_cue_accumulation][INFO] - 	 Starting Epoch:246 
[2024-07-21 17:10:29,369][src.cue_accumulation.train_cue_accumulation][INFO] - train epoch 246 loss 0.0631 accuracy 98.44
[2024-07-21 17:10:29,578][src.cue_accumulation.train_cue_accumulation][INFO] - 	 Starting Epoch:247 
[2024-07-21 17:10:30,875][src.cue_accumulation.train_cue_accumulation][INFO] - train epoch 247 loss 0.1915 accuracy 93.75
[2024-07-21 17:10:30,879][src.cue_accumulation.train_cue_accumulation][INFO] - 	 Starting Epoch:248 
[2024-07-21 17:10:32,143][src.cue_accumulation.train_cue_accumulation][INFO] - train epoch 248 loss 0.0718 accuracy 96.88
[2024-07-21 17:10:32,144][src.cue_accumulation.train_cue_accumulation][INFO] - 	 Starting Epoch:249 
[2024-07-21 17:10:33,401][src.cue_accumulation.train_cue_accumulation][INFO] - train epoch 249 loss 0.1174 accuracy 93.75
[2024-07-21 17:10:33,401][src.cue_accumulation.train_cue_accumulation][INFO] - 	 Starting Epoch:250 
[2024-07-21 17:10:34,654][src.cue_accumulation.train_cue_accumulation][INFO] - train epoch 250 loss 0.2579 accuracy 90.62
[2024-07-21 17:10:34,654][src.cue_accumulation.train_cue_accumulation][INFO] - 	 Starting Epoch:251 
[2024-07-21 17:10:35,915][src.cue_accumulation.train_cue_accumulation][INFO] - train epoch 251 loss 0.2561 accuracy 87.50
[2024-07-21 17:10:40,673][src.cue_accumulation.train_cue_accumulation][INFO] - eval  epoch 251 loss 0.0989 accuracy 96.48
[2024-07-21 17:10:45,954][src.cue_accumulation.train_cue_accumulation][INFO] - eval  epoch 251 loss 0.1255 accuracy 94.14
[2024-07-21 17:10:46,062][src.cue_accumulation.train_cue_accumulation][INFO] - 	 Starting Epoch:252 
[2024-07-21 17:10:47,325][src.cue_accumulation.train_cue_accumulation][INFO] - train epoch 252 loss 0.2597 accuracy 85.94
[2024-07-21 17:10:47,327][src.cue_accumulation.train_cue_accumulation][INFO] - 	 Starting Epoch:253 
[2024-07-21 17:10:48,599][src.cue_accumulation.train_cue_accumulation][INFO] - train epoch 253 loss 0.1652 accuracy 93.75
[2024-07-21 17:10:48,600][src.cue_accumulation.train_cue_accumulation][INFO] - 	 Starting Epoch:254 
[2024-07-21 17:10:49,859][src.cue_accumulation.train_cue_accumulation][INFO] - train epoch 254 loss 0.1777 accuracy 90.62
[2024-07-21 17:10:49,860][src.cue_accumulation.train_cue_accumulation][INFO] - 	 Starting Epoch:255 
[2024-07-21 17:10:51,130][src.cue_accumulation.train_cue_accumulation][INFO] - train epoch 255 loss 0.1709 accuracy 92.19
[2024-07-21 17:10:51,130][src.cue_accumulation.train_cue_accumulation][INFO] - 	 Starting Epoch:256 
[2024-07-21 17:10:52,394][src.cue_accumulation.train_cue_accumulation][INFO] - train epoch 256 loss 0.0867 accuracy 96.88
[2024-07-21 17:10:52,410][src.cue_accumulation.train_cue_accumulation][INFO] - 	 Starting Epoch:257 
[2024-07-21 17:10:53,680][src.cue_accumulation.train_cue_accumulation][INFO] - train epoch 257 loss 0.0418 accuracy 96.88
[2024-07-21 17:10:53,682][src.cue_accumulation.train_cue_accumulation][INFO] - 	 Starting Epoch:258 
[2024-07-21 17:10:54,960][src.cue_accumulation.train_cue_accumulation][INFO] - train epoch 258 loss 0.2046 accuracy 92.19
[2024-07-21 17:10:54,964][src.cue_accumulation.train_cue_accumulation][INFO] - 	 Starting Epoch:259 
[2024-07-21 17:10:56,228][src.cue_accumulation.train_cue_accumulation][INFO] - train epoch 259 loss 0.1877 accuracy 92.19
[2024-07-21 17:10:56,229][src.cue_accumulation.train_cue_accumulation][INFO] - 	 Starting Epoch:260 
[2024-07-21 17:10:57,497][src.cue_accumulation.train_cue_accumulation][INFO] - train epoch 260 loss 0.0908 accuracy 96.88
[2024-07-21 17:10:57,497][src.cue_accumulation.train_cue_accumulation][INFO] - 	 Starting Epoch:261 
[2024-07-21 17:10:58,764][src.cue_accumulation.train_cue_accumulation][INFO] - train epoch 261 loss 0.0754 accuracy 98.44
[2024-07-21 17:10:58,982][src.cue_accumulation.train_cue_accumulation][INFO] - 	 Starting Epoch:262 
[2024-07-21 17:11:00,249][src.cue_accumulation.train_cue_accumulation][INFO] - train epoch 262 loss 0.0801 accuracy 96.88
[2024-07-21 17:11:00,259][src.cue_accumulation.train_cue_accumulation][INFO] - 	 Starting Epoch:263 
[2024-07-21 17:11:01,548][src.cue_accumulation.train_cue_accumulation][INFO] - train epoch 263 loss 0.1007 accuracy 96.88
[2024-07-21 17:11:01,548][src.cue_accumulation.train_cue_accumulation][INFO] - 	 Starting Epoch:264 
[2024-07-21 17:11:02,868][src.cue_accumulation.train_cue_accumulation][INFO] - train epoch 264 loss 0.0546 accuracy 98.44
[2024-07-21 17:11:02,869][src.cue_accumulation.train_cue_accumulation][INFO] - 	 Starting Epoch:265 
[2024-07-21 17:11:04,168][src.cue_accumulation.train_cue_accumulation][INFO] - train epoch 265 loss 0.0370 accuracy 100.00
[2024-07-21 17:11:04,172][src.cue_accumulation.train_cue_accumulation][INFO] - 	 Starting Epoch:266 
[2024-07-21 17:11:05,473][src.cue_accumulation.train_cue_accumulation][INFO] - train epoch 266 loss 0.1149 accuracy 96.88
[2024-07-21 17:11:06,128][src.cue_accumulation.train_cue_accumulation][INFO] - 	 Starting Epoch:267 
[2024-07-21 17:11:07,435][src.cue_accumulation.train_cue_accumulation][INFO] - train epoch 267 loss 0.0693 accuracy 95.31
[2024-07-21 17:11:07,437][src.cue_accumulation.train_cue_accumulation][INFO] - 	 Starting Epoch:268 
[2024-07-21 17:11:08,737][src.cue_accumulation.train_cue_accumulation][INFO] - train epoch 268 loss 0.0835 accuracy 98.44
[2024-07-21 17:11:08,737][src.cue_accumulation.train_cue_accumulation][INFO] - 	 Starting Epoch:269 
[2024-07-21 17:11:10,046][src.cue_accumulation.train_cue_accumulation][INFO] - train epoch 269 loss 0.2016 accuracy 90.62
[2024-07-21 17:11:10,047][src.cue_accumulation.train_cue_accumulation][INFO] - 	 Starting Epoch:270 
[2024-07-21 17:11:11,348][src.cue_accumulation.train_cue_accumulation][INFO] - train epoch 270 loss 0.1291 accuracy 93.75
[2024-07-21 17:11:11,349][src.cue_accumulation.train_cue_accumulation][INFO] - 	 Starting Epoch:271 
[2024-07-21 17:11:12,655][src.cue_accumulation.train_cue_accumulation][INFO] - train epoch 271 loss 0.1237 accuracy 92.19
[2024-07-21 17:11:12,842][src.cue_accumulation.train_cue_accumulation][INFO] - 	 Starting Epoch:272 
[2024-07-21 17:11:14,152][src.cue_accumulation.train_cue_accumulation][INFO] - train epoch 272 loss 0.0772 accuracy 96.88
[2024-07-21 17:11:14,176][src.cue_accumulation.train_cue_accumulation][INFO] - 	 Starting Epoch:273 
[2024-07-21 17:11:15,467][src.cue_accumulation.train_cue_accumulation][INFO] - train epoch 273 loss 0.0884 accuracy 93.75
[2024-07-21 17:11:15,468][src.cue_accumulation.train_cue_accumulation][INFO] - 	 Starting Epoch:274 
[2024-07-21 17:11:16,768][src.cue_accumulation.train_cue_accumulation][INFO] - train epoch 274 loss 0.0605 accuracy 98.44
[2024-07-21 17:11:16,769][src.cue_accumulation.train_cue_accumulation][INFO] - 	 Starting Epoch:275 
[2024-07-21 17:11:18,064][src.cue_accumulation.train_cue_accumulation][INFO] - train epoch 275 loss 0.0123 accuracy 100.00
[2024-07-21 17:11:18,065][src.cue_accumulation.train_cue_accumulation][INFO] - 	 Starting Epoch:276 
[2024-07-21 17:11:19,360][src.cue_accumulation.train_cue_accumulation][INFO] - train epoch 276 loss 0.2074 accuracy 92.19
[2024-07-21 17:11:24,586][src.cue_accumulation.train_cue_accumulation][INFO] - eval  epoch 276 loss 0.1095 accuracy 95.90
[2024-07-21 17:11:30,152][src.cue_accumulation.train_cue_accumulation][INFO] - eval  epoch 276 loss 0.0880 accuracy 96.48
[2024-07-21 17:11:35,426][src.cue_accumulation.train_cue_accumulation][INFO] - eval  epoch 276 loss 0.1100 accuracy 96.48
[2024-07-21 17:11:40,596][src.cue_accumulation.train_cue_accumulation][INFO] - eval  epoch 276 loss 0.0600 accuracy 98.24
[2024-07-21 17:11:40,600][src.cue_accumulation.train_cue_accumulation][INFO] - Met early stopping criteria, breaking at epoch 276
[2024-07-21 17:11:46,734][src.cue_accumulation.train_cue_accumulation][INFO] - firing rate eval set  average 20.9 max 51.0 min 0.0
