[2024-09-08 20:36:12,922][jax._src.xla_bridge][INFO] - Unable to initialize backend 'cuda': 
[2024-09-08 20:36:12,923][jax._src.xla_bridge][INFO] - Unable to initialize backend 'rocm': module 'jaxlib.xla_extension' has no attribute 'GpuAllocatorConfig'
[2024-09-08 20:36:12,923][jax._src.xla_bridge][INFO] - Unable to initialize backend 'tpu': UNIMPLEMENTED: LoadPjrtPlugin is not implemented on windows yet.
[2024-09-08 20:36:35,466][src.train.train_pattern_generation][INFO] - Starting training...
[2024-09-08 20:36:35,497][src.train.train_pattern_generation][INFO] - 	 Starting Epoch:1 
[2024-09-08 20:36:38,385][src.train.train_pattern_generation][INFO] - train epoch 001 MSE 0.0939 NMSE 0.939
[2024-09-08 20:36:44,686][src.train.train_pattern_generation][INFO] - eval  epoch 001 MSE 0.1080 nMSE 1.08
[2024-09-08 20:36:44,686][src.train.train_pattern_generation][INFO] - 	 Starting Epoch:2 
[2024-09-08 20:36:44,811][src.train.train_pattern_generation][INFO] - train epoch 002 MSE 0.0719 NMSE 0.719
[2024-09-08 20:36:44,811][src.train.train_pattern_generation][INFO] - 	 Starting Epoch:3 
[2024-09-08 20:36:44,928][src.train.train_pattern_generation][INFO] - train epoch 003 MSE 0.0594 NMSE 0.594
[2024-09-08 20:36:44,930][src.train.train_pattern_generation][INFO] - 	 Starting Epoch:4 
[2024-09-08 20:36:45,028][src.train.train_pattern_generation][INFO] - train epoch 004 MSE 0.0496 NMSE 0.496
[2024-09-08 20:36:45,028][src.train.train_pattern_generation][INFO] - 	 Starting Epoch:5 
[2024-09-08 20:36:45,144][src.train.train_pattern_generation][INFO] - train epoch 005 MSE 0.0434 NMSE 0.434
[2024-09-08 20:36:45,144][src.train.train_pattern_generation][INFO] - 	 Starting Epoch:6 
[2024-09-08 20:36:45,258][src.train.train_pattern_generation][INFO] - train epoch 006 MSE 0.0352 NMSE 0.352
[2024-09-08 20:36:45,258][src.train.train_pattern_generation][INFO] - 	 Starting Epoch:7 
[2024-09-08 20:36:45,380][src.train.train_pattern_generation][INFO] - train epoch 007 MSE 0.0290 NMSE 0.290
[2024-09-08 20:36:45,381][src.train.train_pattern_generation][INFO] - 	 Starting Epoch:8 
[2024-09-08 20:36:45,491][src.train.train_pattern_generation][INFO] - train epoch 008 MSE 0.0236 NMSE 0.236
[2024-09-08 20:36:45,492][src.train.train_pattern_generation][INFO] - 	 Starting Epoch:9 
[2024-09-08 20:36:45,593][src.train.train_pattern_generation][INFO] - train epoch 009 MSE 0.0196 NMSE 0.196
[2024-09-08 20:36:45,593][src.train.train_pattern_generation][INFO] - 	 Starting Epoch:10 
[2024-09-08 20:36:45,711][src.train.train_pattern_generation][INFO] - train epoch 010 MSE 0.0165 NMSE 0.165
[2024-09-08 20:36:45,712][src.train.train_pattern_generation][INFO] - 	 Starting Epoch:11 
[2024-09-08 20:36:45,809][src.train.train_pattern_generation][INFO] - train epoch 011 MSE 0.0134 NMSE 0.134
[2024-09-08 20:36:45,809][src.train.train_pattern_generation][INFO] - 	 Starting Epoch:12 
[2024-09-08 20:36:45,927][src.train.train_pattern_generation][INFO] - train epoch 012 MSE 0.0106 NMSE 0.106
[2024-09-08 20:36:45,928][src.train.train_pattern_generation][INFO] - 	 Starting Epoch:13 
[2024-09-08 20:36:46,043][src.train.train_pattern_generation][INFO] - train epoch 013 MSE 0.0088 NMSE 0.088
[2024-09-08 20:36:46,043][src.train.train_pattern_generation][INFO] - 	 Starting Epoch:14 
[2024-09-08 20:36:46,144][src.train.train_pattern_generation][INFO] - train epoch 014 MSE 0.0070 NMSE 0.070
[2024-09-08 20:36:46,144][src.train.train_pattern_generation][INFO] - 	 Starting Epoch:15 
[2024-09-08 20:36:46,260][src.train.train_pattern_generation][INFO] - train epoch 015 MSE 0.0060 NMSE 0.060
[2024-09-08 20:36:46,260][src.train.train_pattern_generation][INFO] - 	 Starting Epoch:16 
[2024-09-08 20:36:46,381][src.train.train_pattern_generation][INFO] - train epoch 016 MSE 0.0050 NMSE 0.050
[2024-09-08 20:36:46,381][src.train.train_pattern_generation][INFO] - 	 Starting Epoch:17 
[2024-09-08 20:36:46,490][src.train.train_pattern_generation][INFO] - train epoch 017 MSE 0.0044 NMSE 0.044
[2024-09-08 20:36:46,493][src.train.train_pattern_generation][INFO] - 	 Starting Epoch:18 
[2024-09-08 20:36:46,593][src.train.train_pattern_generation][INFO] - train epoch 018 MSE 0.0039 NMSE 0.039
[2024-09-08 20:36:46,605][src.train.train_pattern_generation][INFO] - 	 Starting Epoch:19 
[2024-09-08 20:36:46,711][src.train.train_pattern_generation][INFO] - train epoch 019 MSE 0.0036 NMSE 0.036
[2024-09-08 20:36:46,711][src.train.train_pattern_generation][INFO] - 	 Starting Epoch:20 
[2024-09-08 20:36:46,831][src.train.train_pattern_generation][INFO] - train epoch 020 MSE 0.0033 NMSE 0.033
[2024-09-08 20:36:46,833][src.train.train_pattern_generation][INFO] - 	 Starting Epoch:21 
[2024-09-09 13:12:58,400][jax._src.xla_bridge][INFO] - Unable to initialize backend 'cuda': 
[2024-09-09 13:12:58,402][jax._src.xla_bridge][INFO] - Unable to initialize backend 'rocm': module 'jaxlib.xla_extension' has no attribute 'GpuAllocatorConfig'
[2024-09-09 13:12:58,416][jax._src.xla_bridge][INFO] - Unable to initialize backend 'tpu': UNIMPLEMENTED: LoadPjrtPlugin is not implemented on windows yet.
[2024-09-09 13:14:23,539][jax._src.xla_bridge][INFO] - Unable to initialize backend 'cuda': 
[2024-09-09 13:14:23,540][jax._src.xla_bridge][INFO] - Unable to initialize backend 'rocm': module 'jaxlib.xla_extension' has no attribute 'GpuAllocatorConfig'
[2024-09-09 13:14:23,542][jax._src.xla_bridge][INFO] - Unable to initialize backend 'tpu': UNIMPLEMENTED: LoadPjrtPlugin is not implemented on windows yet.
[2024-09-09 13:14:27,652][src.train.train_pattern_generation][INFO] - Starting training...
[2024-09-09 13:14:27,652][src.train.train_pattern_generation][INFO] - 	 Starting Epoch:1 
[2024-09-09 13:16:39,018][jax._src.xla_bridge][INFO] - Unable to initialize backend 'cuda': 
[2024-09-09 13:16:39,018][jax._src.xla_bridge][INFO] - Unable to initialize backend 'rocm': module 'jaxlib.xla_extension' has no attribute 'GpuAllocatorConfig'
[2024-09-09 13:16:39,021][jax._src.xla_bridge][INFO] - Unable to initialize backend 'tpu': UNIMPLEMENTED: LoadPjrtPlugin is not implemented on windows yet.
[2024-09-09 13:16:42,765][src.train.train_pattern_generation][INFO] - Starting training...
[2024-09-09 13:16:42,766][src.train.train_pattern_generation][INFO] - 	 Starting Epoch:1 
[2024-09-09 13:16:44,051][src.train.train_pattern_generation][INFO] - train epoch 001 MSE 0.0955 NMSE 0.955
[2024-09-09 13:16:44,363][src.train.train_pattern_generation][INFO] - eval  epoch 001 MSE 0.0861 nMSE 0.86
[2024-09-09 13:16:44,364][src.train.train_pattern_generation][INFO] - 	 Starting Epoch:2 
[2024-09-09 13:16:44,545][src.train.train_pattern_generation][INFO] - train epoch 002 MSE 0.0861 NMSE 0.861
[2024-09-09 13:16:44,547][src.train.train_pattern_generation][INFO] - 	 Starting Epoch:3 
[2024-09-09 13:16:44,738][src.train.train_pattern_generation][INFO] - train epoch 003 MSE 0.0737 NMSE 0.737
[2024-09-09 13:16:44,740][src.train.train_pattern_generation][INFO] - 	 Starting Epoch:4 
[2024-09-09 13:16:44,926][src.train.train_pattern_generation][INFO] - train epoch 004 MSE 0.0663 NMSE 0.663
[2024-09-09 13:16:44,928][src.train.train_pattern_generation][INFO] - 	 Starting Epoch:5 
[2024-09-09 13:16:45,115][src.train.train_pattern_generation][INFO] - train epoch 005 MSE 0.0591 NMSE 0.591
[2024-09-09 13:16:45,118][src.train.train_pattern_generation][INFO] - 	 Starting Epoch:6 
[2024-09-09 13:16:45,304][src.train.train_pattern_generation][INFO] - train epoch 006 MSE 0.0528 NMSE 0.528
[2024-09-09 13:16:45,306][src.train.train_pattern_generation][INFO] - 	 Starting Epoch:7 
[2024-09-09 13:16:45,492][src.train.train_pattern_generation][INFO] - train epoch 007 MSE 0.0471 NMSE 0.471
[2024-09-09 13:16:45,493][src.train.train_pattern_generation][INFO] - 	 Starting Epoch:8 
[2024-09-09 13:16:45,678][src.train.train_pattern_generation][INFO] - train epoch 008 MSE 0.0415 NMSE 0.415
[2024-09-09 13:16:45,680][src.train.train_pattern_generation][INFO] - 	 Starting Epoch:9 
[2024-09-09 13:16:45,867][src.train.train_pattern_generation][INFO] - train epoch 009 MSE 0.0373 NMSE 0.373
[2024-09-09 13:16:45,869][src.train.train_pattern_generation][INFO] - 	 Starting Epoch:10 
[2024-09-09 13:16:46,052][src.train.train_pattern_generation][INFO] - train epoch 010 MSE 0.0329 NMSE 0.329
[2024-09-09 13:16:46,054][src.train.train_pattern_generation][INFO] - 	 Starting Epoch:11 
[2024-09-09 13:16:46,239][src.train.train_pattern_generation][INFO] - train epoch 011 MSE 0.0290 NMSE 0.290
[2024-09-09 13:16:46,241][src.train.train_pattern_generation][INFO] - 	 Starting Epoch:12 
[2024-09-09 13:16:46,422][src.train.train_pattern_generation][INFO] - train epoch 012 MSE 0.0245 NMSE 0.245
[2024-09-09 13:16:46,425][src.train.train_pattern_generation][INFO] - 	 Starting Epoch:13 
[2024-09-09 13:16:46,612][src.train.train_pattern_generation][INFO] - train epoch 013 MSE 0.0205 NMSE 0.205
[2024-09-09 13:16:46,613][src.train.train_pattern_generation][INFO] - 	 Starting Epoch:14 
[2024-09-09 13:16:46,805][src.train.train_pattern_generation][INFO] - train epoch 014 MSE 0.0174 NMSE 0.174
[2024-09-09 13:16:46,807][src.train.train_pattern_generation][INFO] - 	 Starting Epoch:15 
[2024-09-09 13:16:46,993][src.train.train_pattern_generation][INFO] - train epoch 015 MSE 0.0150 NMSE 0.150
[2024-09-09 13:16:46,995][src.train.train_pattern_generation][INFO] - 	 Starting Epoch:16 
[2024-09-09 13:16:47,176][src.train.train_pattern_generation][INFO] - train epoch 016 MSE 0.0124 NMSE 0.124
[2024-09-09 13:16:47,178][src.train.train_pattern_generation][INFO] - 	 Starting Epoch:17 
[2024-09-09 13:16:47,367][src.train.train_pattern_generation][INFO] - train epoch 017 MSE 0.0107 NMSE 0.107
[2024-09-09 13:16:47,368][src.train.train_pattern_generation][INFO] - 	 Starting Epoch:18 
[2024-09-09 13:16:47,555][src.train.train_pattern_generation][INFO] - train epoch 018 MSE 0.0090 NMSE 0.090
[2024-09-09 13:16:47,556][src.train.train_pattern_generation][INFO] - 	 Starting Epoch:19 
[2024-09-09 13:16:47,739][src.train.train_pattern_generation][INFO] - train epoch 019 MSE 0.0079 NMSE 0.079
[2024-09-09 13:16:47,741][src.train.train_pattern_generation][INFO] - 	 Starting Epoch:20 
[2024-09-09 13:16:47,925][src.train.train_pattern_generation][INFO] - train epoch 020 MSE 0.0069 NMSE 0.069
[2024-09-09 13:16:47,927][src.train.train_pattern_generation][INFO] - 	 Starting Epoch:21 
[2024-09-09 13:16:48,113][src.train.train_pattern_generation][INFO] - train epoch 021 MSE 0.0060 NMSE 0.060
[2024-09-09 13:16:48,115][src.train.train_pattern_generation][INFO] - 	 Starting Epoch:22 
[2024-09-09 13:16:48,300][src.train.train_pattern_generation][INFO] - train epoch 022 MSE 0.0054 NMSE 0.054
[2024-09-09 13:16:48,302][src.train.train_pattern_generation][INFO] - 	 Starting Epoch:23 
[2024-09-09 13:16:48,488][src.train.train_pattern_generation][INFO] - train epoch 023 MSE 0.0050 NMSE 0.050
[2024-09-09 13:16:48,490][src.train.train_pattern_generation][INFO] - 	 Starting Epoch:24 
[2024-09-09 13:16:48,676][src.train.train_pattern_generation][INFO] - train epoch 024 MSE 0.0044 NMSE 0.044
[2024-09-09 13:16:48,678][src.train.train_pattern_generation][INFO] - 	 Starting Epoch:25 
[2024-09-09 13:16:48,869][src.train.train_pattern_generation][INFO] - train epoch 025 MSE 0.0040 NMSE 0.040
[2024-09-09 13:16:48,871][src.train.train_pattern_generation][INFO] - 	 Starting Epoch:26 
[2024-09-09 13:16:49,058][src.train.train_pattern_generation][INFO] - train epoch 026 MSE 0.0037 NMSE 0.037
[2024-09-09 13:16:49,084][src.train.train_pattern_generation][INFO] - eval  epoch 026 MSE 0.0033 nMSE 0.03
[2024-09-09 13:16:49,129][src.train.train_pattern_generation][INFO] - eval  epoch 026 MSE 0.0033 nMSE 0.03
[2024-09-09 13:16:49,175][src.train.train_pattern_generation][INFO] - eval  epoch 026 MSE 0.0033 nMSE 0.03
[2024-09-09 13:16:49,220][src.train.train_pattern_generation][INFO] - eval  epoch 026 MSE 0.0033 nMSE 0.03
[2024-09-09 13:16:49,222][src.train.train_pattern_generation][INFO] - Met early stopping criteria, breaking at epoch 26
[2024-09-09 13:17:54,534][jax._src.xla_bridge][INFO] - Unable to initialize backend 'cuda': 
[2024-09-09 13:17:54,534][jax._src.xla_bridge][INFO] - Unable to initialize backend 'rocm': module 'jaxlib.xla_extension' has no attribute 'GpuAllocatorConfig'
[2024-09-09 13:17:54,537][jax._src.xla_bridge][INFO] - Unable to initialize backend 'tpu': UNIMPLEMENTED: LoadPjrtPlugin is not implemented on windows yet.
[2024-09-09 13:17:58,401][src.train.train_pattern_generation][INFO] - Starting training...
[2024-09-09 13:17:58,401][src.train.train_pattern_generation][INFO] - 	 Starting Epoch:1 
[2024-09-09 13:17:59,719][src.train.train_pattern_generation][INFO] - train epoch 001 MSE 0.0955 NMSE 0.955
[2024-09-09 13:18:00,036][src.train.train_pattern_generation][INFO] - eval  epoch 001 MSE 0.0861 nMSE 0.86
[2024-09-09 13:18:00,037][src.train.train_pattern_generation][INFO] - 	 Starting Epoch:2 
[2024-09-09 13:18:00,267][src.train.train_pattern_generation][INFO] - train epoch 002 MSE 0.0861 NMSE 0.861
[2024-09-09 13:18:00,270][src.train.train_pattern_generation][INFO] - 	 Starting Epoch:3 
[2024-09-09 13:18:00,586][src.train.train_pattern_generation][INFO] - train epoch 003 MSE 0.0737 NMSE 0.737
[2024-09-09 13:18:00,589][src.train.train_pattern_generation][INFO] - 	 Starting Epoch:4 
[2024-09-09 13:18:00,831][src.train.train_pattern_generation][INFO] - train epoch 004 MSE 0.0663 NMSE 0.663
[2024-09-09 13:18:00,833][src.train.train_pattern_generation][INFO] - 	 Starting Epoch:5 
