[2024-08-13 14:51:01,557][jax._src.xla_bridge][INFO] - Unable to initialize backend 'cuda': 
[2024-08-13 14:51:01,557][jax._src.xla_bridge][INFO] - Unable to initialize backend 'rocm': module 'jaxlib.xla_extension' has no attribute 'GpuAllocatorConfig'
[2024-08-13 14:51:01,559][jax._src.xla_bridge][INFO] - Unable to initialize backend 'tpu': UNIMPLEMENTED: LoadPjrtPlugin is not implemented on windows yet.
[2024-08-13 14:51:07,004][src.train.train_pattern_generation][INFO] - Starting training...
[2024-08-13 14:51:07,004][src.train.train_pattern_generation][INFO] - 	 Starting Epoch:1 
[2024-08-13 14:51:17,857][src.train.train_pattern_generation][INFO] - train epoch 001 MSE 0.1600 NMSE 1.000
[2024-08-13 14:51:20,932][src.train.train_pattern_generation][INFO] - eval  epoch 001 MSE 0.1603 nMSE 1.00
[2024-08-13 14:51:20,932][src.train.train_pattern_generation][INFO] - 	 Starting Epoch:2 
[2024-08-13 14:51:29,269][src.train.train_pattern_generation][INFO] - train epoch 002 MSE 0.1600 NMSE 1.000
[2024-08-13 14:51:29,284][src.train.train_pattern_generation][INFO] - 	 Starting Epoch:3 
[2024-08-13 14:51:37,746][src.train.train_pattern_generation][INFO] - train epoch 003 MSE 0.1604 NMSE 1.003
[2024-08-13 14:51:37,779][src.train.train_pattern_generation][INFO] - 	 Starting Epoch:4 
[2024-08-13 14:51:45,695][src.train.train_pattern_generation][INFO] - train epoch 004 MSE 0.1606 NMSE 1.004
[2024-08-13 14:51:45,719][src.train.train_pattern_generation][INFO] - 	 Starting Epoch:5 
[2024-08-13 14:51:53,796][src.train.train_pattern_generation][INFO] - train epoch 005 MSE 0.1604 NMSE 1.003
[2024-08-13 14:51:53,833][src.train.train_pattern_generation][INFO] - 	 Starting Epoch:6 
[2024-08-13 14:52:02,536][src.train.train_pattern_generation][INFO] - train epoch 006 MSE 0.1602 NMSE 1.001
[2024-08-13 14:52:02,554][src.train.train_pattern_generation][INFO] - 	 Starting Epoch:7 
[2024-08-13 14:52:10,753][src.train.train_pattern_generation][INFO] - train epoch 007 MSE 0.1606 NMSE 1.004
[2024-08-13 14:52:10,790][src.train.train_pattern_generation][INFO] - 	 Starting Epoch:8 
