[2024-07-17 16:11:57,193][src.cue_accumulation.train_cue_accumulation][INFO] - Starting training...
[2024-07-17 16:11:57,196][src.cue_accumulation.train_cue_accumulation][INFO] - 	 Starting Epoch:1 
[2024-07-17 16:11:59,699][src.cue_accumulation.train_cue_accumulation][INFO] - train epoch 001 loss 0.7199 accuracy 50.00
[2024-07-17 16:12:05,249][src.cue_accumulation.train_cue_accumulation][INFO] - eval  epoch 001 loss 0.6936 accuracy 52.73
[2024-07-17 16:12:05,250][src.cue_accumulation.train_cue_accumulation][INFO] - 	 Starting Epoch:2 
[2024-07-17 16:12:06,350][src.cue_accumulation.train_cue_accumulation][INFO] - train epoch 002 loss 0.6984 accuracy 48.44
[2024-07-17 16:12:06,599][src.cue_accumulation.train_cue_accumulation][INFO] - 	 Starting Epoch:3 
[2024-07-17 16:12:07,699][src.cue_accumulation.train_cue_accumulation][INFO] - train epoch 003 loss 0.7065 accuracy 42.19
[2024-07-17 16:12:07,699][src.cue_accumulation.train_cue_accumulation][INFO] - 	 Starting Epoch:4 
[2024-07-17 16:12:08,803][src.cue_accumulation.train_cue_accumulation][INFO] - train epoch 004 loss 0.6902 accuracy 53.12
[2024-07-17 16:12:08,803][src.cue_accumulation.train_cue_accumulation][INFO] - 	 Starting Epoch:5 
[2024-07-17 16:12:09,905][src.cue_accumulation.train_cue_accumulation][INFO] - train epoch 005 loss 0.7104 accuracy 37.50
[2024-07-17 16:12:09,905][src.cue_accumulation.train_cue_accumulation][INFO] - 	 Starting Epoch:6 
[2024-07-17 16:12:11,011][src.cue_accumulation.train_cue_accumulation][INFO] - train epoch 006 loss 0.6841 accuracy 53.12
[2024-07-17 16:12:11,012][src.cue_accumulation.train_cue_accumulation][INFO] - 	 Starting Epoch:7 
[2024-07-17 16:12:12,117][src.cue_accumulation.train_cue_accumulation][INFO] - train epoch 007 loss 0.6868 accuracy 45.31
[2024-07-17 16:12:12,117][src.cue_accumulation.train_cue_accumulation][INFO] - 	 Starting Epoch:8 
[2024-07-17 16:12:13,219][src.cue_accumulation.train_cue_accumulation][INFO] - train epoch 008 loss 0.7153 accuracy 43.75
[2024-07-17 16:12:13,390][src.cue_accumulation.train_cue_accumulation][INFO] - 	 Starting Epoch:9 
[2024-07-17 16:12:14,490][src.cue_accumulation.train_cue_accumulation][INFO] - train epoch 009 loss 0.6859 accuracy 64.06
[2024-07-17 16:12:14,490][src.cue_accumulation.train_cue_accumulation][INFO] - 	 Starting Epoch:10 
[2024-07-17 16:12:15,591][src.cue_accumulation.train_cue_accumulation][INFO] - train epoch 010 loss 0.6796 accuracy 56.25
[2024-07-17 16:12:15,592][src.cue_accumulation.train_cue_accumulation][INFO] - 	 Starting Epoch:11 
[2024-07-17 16:12:16,693][src.cue_accumulation.train_cue_accumulation][INFO] - train epoch 011 loss 0.6960 accuracy 50.00
[2024-07-17 16:12:16,694][src.cue_accumulation.train_cue_accumulation][INFO] - 	 Starting Epoch:12 
[2024-07-17 16:12:17,792][src.cue_accumulation.train_cue_accumulation][INFO] - train epoch 012 loss 0.6732 accuracy 62.50
[2024-07-17 16:12:17,792][src.cue_accumulation.train_cue_accumulation][INFO] - 	 Starting Epoch:13 
[2024-07-17 16:12:18,897][src.cue_accumulation.train_cue_accumulation][INFO] - train epoch 013 loss 0.7102 accuracy 46.88
[2024-07-17 16:12:18,898][src.cue_accumulation.train_cue_accumulation][INFO] - 	 Starting Epoch:14 
[2024-07-17 16:12:19,997][src.cue_accumulation.train_cue_accumulation][INFO] - train epoch 014 loss 0.6950 accuracy 51.56
[2024-07-17 16:12:21,285][src.cue_accumulation.train_cue_accumulation][INFO] - 	 Starting Epoch:15 
[2024-07-17 16:12:22,387][src.cue_accumulation.train_cue_accumulation][INFO] - train epoch 015 loss 0.6962 accuracy 48.44
[2024-07-17 16:12:22,390][src.cue_accumulation.train_cue_accumulation][INFO] - 	 Starting Epoch:16 
[2024-07-17 16:12:23,491][src.cue_accumulation.train_cue_accumulation][INFO] - train epoch 016 loss 0.6675 accuracy 67.19
[2024-07-17 16:12:23,492][src.cue_accumulation.train_cue_accumulation][INFO] - 	 Starting Epoch:17 
[2024-07-17 16:12:24,590][src.cue_accumulation.train_cue_accumulation][INFO] - train epoch 017 loss 0.6852 accuracy 59.38
[2024-07-17 16:12:24,591][src.cue_accumulation.train_cue_accumulation][INFO] - 	 Starting Epoch:18 
[2024-07-17 16:12:25,688][src.cue_accumulation.train_cue_accumulation][INFO] - train epoch 018 loss 0.6949 accuracy 54.69
[2024-07-17 16:12:25,688][src.cue_accumulation.train_cue_accumulation][INFO] - 	 Starting Epoch:19 
[2024-07-17 16:12:26,793][src.cue_accumulation.train_cue_accumulation][INFO] - train epoch 019 loss 0.6939 accuracy 54.69
[2024-07-17 16:12:26,793][src.cue_accumulation.train_cue_accumulation][INFO] - 	 Starting Epoch:20 
[2024-07-17 16:12:27,893][src.cue_accumulation.train_cue_accumulation][INFO] - train epoch 020 loss 0.7021 accuracy 45.31
[2024-07-17 16:12:28,669][src.cue_accumulation.train_cue_accumulation][INFO] - 	 Starting Epoch:21 
[2024-07-17 16:12:29,769][src.cue_accumulation.train_cue_accumulation][INFO] - train epoch 021 loss 0.6881 accuracy 50.00
[2024-07-17 16:12:29,770][src.cue_accumulation.train_cue_accumulation][INFO] - 	 Starting Epoch:22 
[2024-07-17 16:12:30,872][src.cue_accumulation.train_cue_accumulation][INFO] - train epoch 022 loss 0.6835 accuracy 53.12
[2024-07-17 16:12:30,875][src.cue_accumulation.train_cue_accumulation][INFO] - 	 Starting Epoch:23 
[2024-07-17 16:12:31,954][src.cue_accumulation.train_cue_accumulation][INFO] - train epoch 023 loss 0.6858 accuracy 56.25
[2024-07-17 16:12:31,955][src.cue_accumulation.train_cue_accumulation][INFO] - 	 Starting Epoch:24 
[2024-07-17 16:12:33,028][src.cue_accumulation.train_cue_accumulation][INFO] - train epoch 024 loss 0.6624 accuracy 68.75
[2024-07-17 16:12:33,028][src.cue_accumulation.train_cue_accumulation][INFO] - 	 Starting Epoch:25 
[2024-07-17 16:12:34,099][src.cue_accumulation.train_cue_accumulation][INFO] - train epoch 025 loss 0.6881 accuracy 54.69
[2024-07-17 16:12:34,100][src.cue_accumulation.train_cue_accumulation][INFO] - 	 Starting Epoch:26 
[2024-07-17 16:12:35,174][src.cue_accumulation.train_cue_accumulation][INFO] - train epoch 026 loss 0.6806 accuracy 54.69
[2024-07-17 16:12:40,675][src.cue_accumulation.train_cue_accumulation][INFO] - eval  epoch 026 loss 0.6608 accuracy 68.16
[2024-07-17 16:12:40,717][src.cue_accumulation.train_cue_accumulation][INFO] - 	 Starting Epoch:27 
[2024-07-17 16:12:41,790][src.cue_accumulation.train_cue_accumulation][INFO] - train epoch 027 loss 0.6470 accuracy 68.75
[2024-07-17 16:12:41,791][src.cue_accumulation.train_cue_accumulation][INFO] - 	 Starting Epoch:28 
[2024-07-17 16:12:42,865][src.cue_accumulation.train_cue_accumulation][INFO] - train epoch 028 loss 0.6641 accuracy 64.06
[2024-07-17 16:12:42,866][src.cue_accumulation.train_cue_accumulation][INFO] - 	 Starting Epoch:29 
[2024-07-17 16:12:43,942][src.cue_accumulation.train_cue_accumulation][INFO] - train epoch 029 loss 0.6679 accuracy 65.62
[2024-07-17 16:12:43,942][src.cue_accumulation.train_cue_accumulation][INFO] - 	 Starting Epoch:30 
[2024-07-17 16:12:45,019][src.cue_accumulation.train_cue_accumulation][INFO] - train epoch 030 loss 0.6408 accuracy 67.19
[2024-07-17 16:12:45,019][src.cue_accumulation.train_cue_accumulation][INFO] - 	 Starting Epoch:31 
[2024-07-17 16:12:46,097][src.cue_accumulation.train_cue_accumulation][INFO] - train epoch 031 loss 0.6812 accuracy 51.56
[2024-07-17 16:12:46,098][src.cue_accumulation.train_cue_accumulation][INFO] - 	 Starting Epoch:32 
[2024-07-17 16:12:47,180][src.cue_accumulation.train_cue_accumulation][INFO] - train epoch 032 loss 0.6117 accuracy 73.44
[2024-07-17 16:12:47,716][src.cue_accumulation.train_cue_accumulation][INFO] - 	 Starting Epoch:33 
[2024-07-17 16:12:48,795][src.cue_accumulation.train_cue_accumulation][INFO] - train epoch 033 loss 0.6426 accuracy 68.75
[2024-07-17 16:12:48,799][src.cue_accumulation.train_cue_accumulation][INFO] - 	 Starting Epoch:34 
[2024-07-17 16:12:49,872][src.cue_accumulation.train_cue_accumulation][INFO] - train epoch 034 loss 0.6492 accuracy 53.12
[2024-07-17 16:12:49,873][src.cue_accumulation.train_cue_accumulation][INFO] - 	 Starting Epoch:35 
[2024-07-17 16:12:50,952][src.cue_accumulation.train_cue_accumulation][INFO] - train epoch 035 loss 0.5811 accuracy 73.44
[2024-07-17 16:12:50,953][src.cue_accumulation.train_cue_accumulation][INFO] - 	 Starting Epoch:36 
[2024-07-17 16:12:52,028][src.cue_accumulation.train_cue_accumulation][INFO] - train epoch 036 loss 0.6703 accuracy 54.69
[2024-07-17 16:12:52,029][src.cue_accumulation.train_cue_accumulation][INFO] - 	 Starting Epoch:37 
[2024-07-17 16:12:53,112][src.cue_accumulation.train_cue_accumulation][INFO] - train epoch 037 loss 0.6090 accuracy 73.44
[2024-07-17 16:12:53,113][src.cue_accumulation.train_cue_accumulation][INFO] - 	 Starting Epoch:38 
[2024-07-17 16:12:54,187][src.cue_accumulation.train_cue_accumulation][INFO] - train epoch 038 loss 0.5783 accuracy 70.31
[2024-07-17 16:12:54,758][src.cue_accumulation.train_cue_accumulation][INFO] - 	 Starting Epoch:39 
[2024-07-17 16:12:55,838][src.cue_accumulation.train_cue_accumulation][INFO] - train epoch 039 loss 0.5835 accuracy 78.12
[2024-07-17 16:12:55,838][src.cue_accumulation.train_cue_accumulation][INFO] - 	 Starting Epoch:40 
[2024-07-17 16:12:56,922][src.cue_accumulation.train_cue_accumulation][INFO] - train epoch 040 loss 0.5665 accuracy 78.12
[2024-07-17 16:12:56,925][src.cue_accumulation.train_cue_accumulation][INFO] - 	 Starting Epoch:41 
[2024-07-17 16:12:58,004][src.cue_accumulation.train_cue_accumulation][INFO] - train epoch 041 loss 0.5723 accuracy 73.44
[2024-07-17 16:12:58,005][src.cue_accumulation.train_cue_accumulation][INFO] - 	 Starting Epoch:42 
[2024-07-17 16:12:59,093][src.cue_accumulation.train_cue_accumulation][INFO] - train epoch 042 loss 0.5376 accuracy 76.56
[2024-07-17 16:12:59,094][src.cue_accumulation.train_cue_accumulation][INFO] - 	 Starting Epoch:43 
[2024-07-17 16:13:00,174][src.cue_accumulation.train_cue_accumulation][INFO] - train epoch 043 loss 0.4745 accuracy 75.00
[2024-07-17 16:13:00,175][src.cue_accumulation.train_cue_accumulation][INFO] - 	 Starting Epoch:44 
[2024-07-17 16:13:01,253][src.cue_accumulation.train_cue_accumulation][INFO] - train epoch 044 loss 0.4869 accuracy 81.25
[2024-07-17 16:13:01,709][src.cue_accumulation.train_cue_accumulation][INFO] - 	 Starting Epoch:45 
[2024-07-17 16:13:02,831][src.cue_accumulation.train_cue_accumulation][INFO] - train epoch 045 loss 0.4890 accuracy 81.25
[2024-07-17 16:13:02,831][src.cue_accumulation.train_cue_accumulation][INFO] - 	 Starting Epoch:46 
[2024-07-17 16:13:03,935][src.cue_accumulation.train_cue_accumulation][INFO] - train epoch 046 loss 0.4959 accuracy 76.56
[2024-07-17 16:13:03,936][src.cue_accumulation.train_cue_accumulation][INFO] - 	 Starting Epoch:47 
[2024-07-17 16:13:05,046][src.cue_accumulation.train_cue_accumulation][INFO] - train epoch 047 loss 0.4270 accuracy 81.25
[2024-07-17 16:13:05,049][src.cue_accumulation.train_cue_accumulation][INFO] - 	 Starting Epoch:48 
[2024-07-17 16:13:06,150][src.cue_accumulation.train_cue_accumulation][INFO] - train epoch 048 loss 0.3955 accuracy 89.06
[2024-07-17 16:13:06,151][src.cue_accumulation.train_cue_accumulation][INFO] - 	 Starting Epoch:49 
[2024-07-17 16:13:07,258][src.cue_accumulation.train_cue_accumulation][INFO] - train epoch 049 loss 0.4339 accuracy 87.50
[2024-07-17 16:13:07,259][src.cue_accumulation.train_cue_accumulation][INFO] - 	 Starting Epoch:50 
[2024-07-17 16:13:08,363][src.cue_accumulation.train_cue_accumulation][INFO] - train epoch 050 loss 0.4381 accuracy 81.25
[2024-07-17 16:13:09,098][src.cue_accumulation.train_cue_accumulation][INFO] - 	 Starting Epoch:51 
[2024-07-17 16:13:10,202][src.cue_accumulation.train_cue_accumulation][INFO] - train epoch 051 loss 0.3790 accuracy 85.94
[2024-07-17 16:13:15,551][src.cue_accumulation.train_cue_accumulation][INFO] - eval  epoch 051 loss 0.3449 accuracy 87.30
[2024-07-17 16:13:16,172][src.cue_accumulation.train_cue_accumulation][INFO] - 	 Starting Epoch:52 
[2024-07-17 16:13:17,280][src.cue_accumulation.train_cue_accumulation][INFO] - train epoch 052 loss 0.3480 accuracy 90.62
[2024-07-17 16:13:17,280][src.cue_accumulation.train_cue_accumulation][INFO] - 	 Starting Epoch:53 
[2024-07-17 16:13:18,381][src.cue_accumulation.train_cue_accumulation][INFO] - train epoch 053 loss 0.2709 accuracy 90.62
[2024-07-17 16:13:18,382][src.cue_accumulation.train_cue_accumulation][INFO] - 	 Starting Epoch:54 
[2024-07-17 16:13:19,490][src.cue_accumulation.train_cue_accumulation][INFO] - train epoch 054 loss 0.3680 accuracy 85.94
[2024-07-17 16:13:19,491][src.cue_accumulation.train_cue_accumulation][INFO] - 	 Starting Epoch:55 
[2024-07-17 16:13:20,595][src.cue_accumulation.train_cue_accumulation][INFO] - train epoch 055 loss 0.3550 accuracy 84.38
[2024-07-17 16:13:20,596][src.cue_accumulation.train_cue_accumulation][INFO] - 	 Starting Epoch:56 
[2024-07-17 16:13:21,707][src.cue_accumulation.train_cue_accumulation][INFO] - train epoch 056 loss 0.2027 accuracy 95.31
[2024-07-17 16:13:21,708][src.cue_accumulation.train_cue_accumulation][INFO] - 	 Starting Epoch:57 
[2024-07-17 16:13:22,813][src.cue_accumulation.train_cue_accumulation][INFO] - train epoch 057 loss 0.3683 accuracy 92.19
[2024-07-17 16:13:23,255][src.cue_accumulation.train_cue_accumulation][INFO] - 	 Starting Epoch:58 
[2024-07-17 16:13:24,362][src.cue_accumulation.train_cue_accumulation][INFO] - train epoch 058 loss 0.2971 accuracy 85.94
[2024-07-17 16:13:24,365][src.cue_accumulation.train_cue_accumulation][INFO] - 	 Starting Epoch:59 
[2024-07-17 16:13:25,472][src.cue_accumulation.train_cue_accumulation][INFO] - train epoch 059 loss 0.2351 accuracy 90.62
[2024-07-17 16:13:25,473][src.cue_accumulation.train_cue_accumulation][INFO] - 	 Starting Epoch:60 
[2024-07-17 16:13:26,575][src.cue_accumulation.train_cue_accumulation][INFO] - train epoch 060 loss 0.2171 accuracy 92.19
[2024-07-17 16:13:26,576][src.cue_accumulation.train_cue_accumulation][INFO] - 	 Starting Epoch:61 
[2024-07-17 16:13:27,685][src.cue_accumulation.train_cue_accumulation][INFO] - train epoch 061 loss 0.2063 accuracy 93.75
[2024-07-17 16:13:27,685][src.cue_accumulation.train_cue_accumulation][INFO] - 	 Starting Epoch:62 
[2024-07-17 16:13:28,789][src.cue_accumulation.train_cue_accumulation][INFO] - train epoch 062 loss 0.2215 accuracy 95.31
[2024-07-17 16:13:28,790][src.cue_accumulation.train_cue_accumulation][INFO] - 	 Starting Epoch:63 
[2024-07-17 16:13:29,899][src.cue_accumulation.train_cue_accumulation][INFO] - train epoch 063 loss 0.2357 accuracy 92.19
[2024-07-17 16:13:29,959][src.cue_accumulation.train_cue_accumulation][INFO] - 	 Starting Epoch:64 
[2024-07-17 16:13:31,065][src.cue_accumulation.train_cue_accumulation][INFO] - train epoch 064 loss 0.3251 accuracy 90.62
[2024-07-17 16:13:31,066][src.cue_accumulation.train_cue_accumulation][INFO] - 	 Starting Epoch:65 
[2024-07-17 16:13:32,146][src.cue_accumulation.train_cue_accumulation][INFO] - train epoch 065 loss 0.2059 accuracy 92.19
[2024-07-17 16:13:32,149][src.cue_accumulation.train_cue_accumulation][INFO] - 	 Starting Epoch:66 
[2024-07-17 16:13:33,232][src.cue_accumulation.train_cue_accumulation][INFO] - train epoch 066 loss 0.0841 accuracy 98.44
[2024-07-17 16:13:33,233][src.cue_accumulation.train_cue_accumulation][INFO] - 	 Starting Epoch:67 
[2024-07-17 16:13:34,312][src.cue_accumulation.train_cue_accumulation][INFO] - train epoch 067 loss 0.1917 accuracy 92.19
[2024-07-17 16:13:34,312][src.cue_accumulation.train_cue_accumulation][INFO] - 	 Starting Epoch:68 
[2024-07-17 16:13:35,393][src.cue_accumulation.train_cue_accumulation][INFO] - train epoch 068 loss 0.2062 accuracy 93.75
[2024-07-17 16:13:35,394][src.cue_accumulation.train_cue_accumulation][INFO] - 	 Starting Epoch:69 
[2024-07-17 16:13:36,476][src.cue_accumulation.train_cue_accumulation][INFO] - train epoch 069 loss 0.0627 accuracy 96.88
[2024-07-17 16:13:36,629][src.cue_accumulation.train_cue_accumulation][INFO] - 	 Starting Epoch:70 
[2024-07-17 16:13:37,713][src.cue_accumulation.train_cue_accumulation][INFO] - train epoch 070 loss 0.0760 accuracy 98.44
[2024-07-17 16:13:37,714][src.cue_accumulation.train_cue_accumulation][INFO] - 	 Starting Epoch:71 
[2024-07-17 16:13:38,795][src.cue_accumulation.train_cue_accumulation][INFO] - train epoch 071 loss 0.1799 accuracy 93.75
[2024-07-17 16:13:38,796][src.cue_accumulation.train_cue_accumulation][INFO] - 	 Starting Epoch:72 
[2024-07-17 16:13:39,879][src.cue_accumulation.train_cue_accumulation][INFO] - train epoch 072 loss 0.3482 accuracy 92.19
[2024-07-17 16:13:39,882][src.cue_accumulation.train_cue_accumulation][INFO] - 	 Starting Epoch:73 
[2024-07-17 16:13:40,961][src.cue_accumulation.train_cue_accumulation][INFO] - train epoch 073 loss 0.1678 accuracy 92.19
[2024-07-17 16:13:40,962][src.cue_accumulation.train_cue_accumulation][INFO] - 	 Starting Epoch:74 
[2024-07-17 16:13:42,041][src.cue_accumulation.train_cue_accumulation][INFO] - train epoch 074 loss 0.1117 accuracy 96.88
[2024-07-17 16:13:42,042][src.cue_accumulation.train_cue_accumulation][INFO] - 	 Starting Epoch:75 
[2024-07-17 16:13:43,123][src.cue_accumulation.train_cue_accumulation][INFO] - train epoch 075 loss 0.1757 accuracy 92.19
[2024-07-17 16:13:43,257][src.cue_accumulation.train_cue_accumulation][INFO] - 	 Starting Epoch:76 
[2024-07-17 16:13:44,342][src.cue_accumulation.train_cue_accumulation][INFO] - train epoch 076 loss 0.3952 accuracy 85.94
[2024-07-17 16:13:49,384][src.cue_accumulation.train_cue_accumulation][INFO] - eval  epoch 076 loss 0.2179 accuracy 93.16
[2024-07-17 16:13:49,400][src.cue_accumulation.train_cue_accumulation][INFO] - 	 Starting Epoch:77 
[2024-07-17 16:13:50,482][src.cue_accumulation.train_cue_accumulation][INFO] - train epoch 077 loss 0.1623 accuracy 89.06
[2024-07-17 16:13:50,483][src.cue_accumulation.train_cue_accumulation][INFO] - 	 Starting Epoch:78 
[2024-07-17 16:13:51,569][src.cue_accumulation.train_cue_accumulation][INFO] - train epoch 078 loss 0.3068 accuracy 87.50
[2024-07-17 16:13:51,570][src.cue_accumulation.train_cue_accumulation][INFO] - 	 Starting Epoch:79 
[2024-07-17 16:13:52,654][src.cue_accumulation.train_cue_accumulation][INFO] - train epoch 079 loss 0.1894 accuracy 90.62
[2024-07-17 16:13:52,655][src.cue_accumulation.train_cue_accumulation][INFO] - 	 Starting Epoch:80 
[2024-07-17 16:13:53,737][src.cue_accumulation.train_cue_accumulation][INFO] - train epoch 080 loss 0.1576 accuracy 96.88
[2024-07-17 16:13:53,738][src.cue_accumulation.train_cue_accumulation][INFO] - 	 Starting Epoch:81 
[2024-07-17 16:13:54,829][src.cue_accumulation.train_cue_accumulation][INFO] - train epoch 081 loss 0.1060 accuracy 93.75
[2024-07-17 16:13:54,829][src.cue_accumulation.train_cue_accumulation][INFO] - 	 Starting Epoch:82 
[2024-07-17 16:13:55,914][src.cue_accumulation.train_cue_accumulation][INFO] - train epoch 082 loss 0.2356 accuracy 96.88
[2024-07-17 16:13:56,008][src.cue_accumulation.train_cue_accumulation][INFO] - 	 Starting Epoch:83 
[2024-07-17 16:13:57,106][src.cue_accumulation.train_cue_accumulation][INFO] - train epoch 083 loss 0.3928 accuracy 82.81
[2024-07-17 16:13:57,110][src.cue_accumulation.train_cue_accumulation][INFO] - 	 Starting Epoch:84 
[2024-07-17 16:13:58,190][src.cue_accumulation.train_cue_accumulation][INFO] - train epoch 084 loss 0.2901 accuracy 93.75
[2024-07-17 16:13:58,191][src.cue_accumulation.train_cue_accumulation][INFO] - 	 Starting Epoch:85 
[2024-07-17 16:13:59,275][src.cue_accumulation.train_cue_accumulation][INFO] - train epoch 085 loss 0.2680 accuracy 93.75
[2024-07-17 16:13:59,276][src.cue_accumulation.train_cue_accumulation][INFO] - 	 Starting Epoch:86 
[2024-07-17 16:14:00,359][src.cue_accumulation.train_cue_accumulation][INFO] - train epoch 086 loss 0.1533 accuracy 92.19
[2024-07-17 16:14:00,360][src.cue_accumulation.train_cue_accumulation][INFO] - 	 Starting Epoch:87 
[2024-07-17 16:14:01,472][src.cue_accumulation.train_cue_accumulation][INFO] - train epoch 087 loss 0.2360 accuracy 90.62
[2024-07-17 16:14:01,473][src.cue_accumulation.train_cue_accumulation][INFO] - 	 Starting Epoch:88 
[2024-07-17 16:14:02,580][src.cue_accumulation.train_cue_accumulation][INFO] - train epoch 088 loss 0.1490 accuracy 92.19
[2024-07-17 16:14:03,007][src.cue_accumulation.train_cue_accumulation][INFO] - 	 Starting Epoch:89 
[2024-07-17 16:14:04,118][src.cue_accumulation.train_cue_accumulation][INFO] - train epoch 089 loss 0.1800 accuracy 92.19
[2024-07-17 16:14:04,119][src.cue_accumulation.train_cue_accumulation][INFO] - 	 Starting Epoch:90 
[2024-07-17 16:14:05,232][src.cue_accumulation.train_cue_accumulation][INFO] - train epoch 090 loss 0.1781 accuracy 93.75
[2024-07-17 16:14:05,236][src.cue_accumulation.train_cue_accumulation][INFO] - 	 Starting Epoch:91 
[2024-07-17 16:14:06,343][src.cue_accumulation.train_cue_accumulation][INFO] - train epoch 091 loss 0.4685 accuracy 85.94
[2024-07-17 16:14:06,344][src.cue_accumulation.train_cue_accumulation][INFO] - 	 Starting Epoch:92 
[2024-07-17 16:14:07,451][src.cue_accumulation.train_cue_accumulation][INFO] - train epoch 092 loss 0.3887 accuracy 84.38
[2024-07-17 16:14:07,451][src.cue_accumulation.train_cue_accumulation][INFO] - 	 Starting Epoch:93 
[2024-07-17 16:14:08,563][src.cue_accumulation.train_cue_accumulation][INFO] - train epoch 093 loss 0.2943 accuracy 89.06
[2024-07-17 16:14:08,564][src.cue_accumulation.train_cue_accumulation][INFO] - 	 Starting Epoch:94 
[2024-07-17 16:14:09,673][src.cue_accumulation.train_cue_accumulation][INFO] - train epoch 094 loss 0.1931 accuracy 96.88
[2024-07-17 16:14:10,117][src.cue_accumulation.train_cue_accumulation][INFO] - 	 Starting Epoch:95 
[2024-07-17 16:14:11,229][src.cue_accumulation.train_cue_accumulation][INFO] - train epoch 095 loss 0.1586 accuracy 93.75
[2024-07-17 16:14:11,229][src.cue_accumulation.train_cue_accumulation][INFO] - 	 Starting Epoch:96 
[2024-07-17 16:14:12,343][src.cue_accumulation.train_cue_accumulation][INFO] - train epoch 096 loss 0.2438 accuracy 93.75
[2024-07-17 16:14:12,344][src.cue_accumulation.train_cue_accumulation][INFO] - 	 Starting Epoch:97 
[2024-07-17 16:14:13,453][src.cue_accumulation.train_cue_accumulation][INFO] - train epoch 097 loss 0.1620 accuracy 90.62
[2024-07-17 16:14:13,456][src.cue_accumulation.train_cue_accumulation][INFO] - 	 Starting Epoch:98 
[2024-07-17 16:14:14,562][src.cue_accumulation.train_cue_accumulation][INFO] - train epoch 098 loss 0.1306 accuracy 93.75
[2024-07-17 16:14:14,563][src.cue_accumulation.train_cue_accumulation][INFO] - 	 Starting Epoch:99 
[2024-07-17 16:14:15,676][src.cue_accumulation.train_cue_accumulation][INFO] - train epoch 099 loss 0.2176 accuracy 90.62
[2024-07-17 16:14:15,677][src.cue_accumulation.train_cue_accumulation][INFO] - 	 Starting Epoch:100 
[2024-07-17 16:14:16,787][src.cue_accumulation.train_cue_accumulation][INFO] - train epoch 100 loss 0.1897 accuracy 92.19
[2024-07-17 16:14:16,818][src.cue_accumulation.train_cue_accumulation][INFO] - 	 Starting Epoch:101 
[2024-07-17 16:14:17,929][src.cue_accumulation.train_cue_accumulation][INFO] - train epoch 101 loss 0.1886 accuracy 90.62
[2024-07-17 16:14:23,271][src.cue_accumulation.train_cue_accumulation][INFO] - eval  epoch 101 loss 0.1322 accuracy 95.90
[2024-07-17 16:14:29,354][src.cue_accumulation.train_cue_accumulation][INFO] - eval  epoch 101 loss 0.1554 accuracy 94.14
[2024-07-17 16:14:29,359][src.cue_accumulation.train_cue_accumulation][INFO] - 	 Starting Epoch:102 
[2024-07-17 16:14:30,463][src.cue_accumulation.train_cue_accumulation][INFO] - train epoch 102 loss 0.1514 accuracy 90.62
[2024-07-17 16:14:30,464][src.cue_accumulation.train_cue_accumulation][INFO] - 	 Starting Epoch:103 
[2024-07-17 16:14:31,564][src.cue_accumulation.train_cue_accumulation][INFO] - train epoch 103 loss 0.1544 accuracy 90.62
[2024-07-17 16:14:31,565][src.cue_accumulation.train_cue_accumulation][INFO] - 	 Starting Epoch:104 
[2024-07-17 16:14:32,648][src.cue_accumulation.train_cue_accumulation][INFO] - train epoch 104 loss 0.1013 accuracy 95.31
[2024-07-17 16:14:32,649][src.cue_accumulation.train_cue_accumulation][INFO] - 	 Starting Epoch:105 
[2024-07-17 16:14:33,737][src.cue_accumulation.train_cue_accumulation][INFO] - train epoch 105 loss 0.1691 accuracy 92.19
[2024-07-17 16:14:33,738][src.cue_accumulation.train_cue_accumulation][INFO] - 	 Starting Epoch:106 
[2024-07-17 16:14:34,821][src.cue_accumulation.train_cue_accumulation][INFO] - train epoch 106 loss 0.1630 accuracy 95.31
[2024-07-17 16:14:34,822][src.cue_accumulation.train_cue_accumulation][INFO] - 	 Starting Epoch:107 
[2024-07-17 16:14:35,904][src.cue_accumulation.train_cue_accumulation][INFO] - train epoch 107 loss 0.0857 accuracy 98.44
[2024-07-17 16:14:36,470][src.cue_accumulation.train_cue_accumulation][INFO] - 	 Starting Epoch:108 
[2024-07-17 16:14:37,554][src.cue_accumulation.train_cue_accumulation][INFO] - train epoch 108 loss 0.0794 accuracy 95.31
[2024-07-17 16:14:37,557][src.cue_accumulation.train_cue_accumulation][INFO] - 	 Starting Epoch:109 
[2024-07-17 16:14:38,633][src.cue_accumulation.train_cue_accumulation][INFO] - train epoch 109 loss 0.2457 accuracy 93.75
[2024-07-17 16:14:38,634][src.cue_accumulation.train_cue_accumulation][INFO] - 	 Starting Epoch:110 
[2024-07-17 16:14:39,716][src.cue_accumulation.train_cue_accumulation][INFO] - train epoch 110 loss 0.0621 accuracy 98.44
[2024-07-17 16:14:39,717][src.cue_accumulation.train_cue_accumulation][INFO] - 	 Starting Epoch:111 
[2024-07-17 16:14:40,793][src.cue_accumulation.train_cue_accumulation][INFO] - train epoch 111 loss 0.0761 accuracy 98.44
[2024-07-17 16:14:40,794][src.cue_accumulation.train_cue_accumulation][INFO] - 	 Starting Epoch:112 
[2024-07-17 16:14:41,877][src.cue_accumulation.train_cue_accumulation][INFO] - train epoch 112 loss 0.2346 accuracy 93.75
[2024-07-17 16:14:41,878][src.cue_accumulation.train_cue_accumulation][INFO] - 	 Starting Epoch:113 
[2024-07-17 16:14:42,966][src.cue_accumulation.train_cue_accumulation][INFO] - train epoch 113 loss 0.1508 accuracy 95.31
[2024-07-17 16:14:43,231][src.cue_accumulation.train_cue_accumulation][INFO] - 	 Starting Epoch:114 
[2024-07-17 16:14:44,321][src.cue_accumulation.train_cue_accumulation][INFO] - train epoch 114 loss 0.1112 accuracy 95.31
[2024-07-17 16:14:44,322][src.cue_accumulation.train_cue_accumulation][INFO] - 	 Starting Epoch:115 
[2024-07-17 16:14:45,408][src.cue_accumulation.train_cue_accumulation][INFO] - train epoch 115 loss 0.1396 accuracy 95.31
[2024-07-17 16:14:45,411][src.cue_accumulation.train_cue_accumulation][INFO] - 	 Starting Epoch:116 
[2024-07-17 16:14:46,493][src.cue_accumulation.train_cue_accumulation][INFO] - train epoch 116 loss 0.1676 accuracy 95.31
[2024-07-17 16:14:46,494][src.cue_accumulation.train_cue_accumulation][INFO] - 	 Starting Epoch:117 
[2024-07-17 16:14:47,577][src.cue_accumulation.train_cue_accumulation][INFO] - train epoch 117 loss 0.2756 accuracy 90.62
[2024-07-17 16:14:47,577][src.cue_accumulation.train_cue_accumulation][INFO] - 	 Starting Epoch:118 
[2024-07-17 16:14:48,662][src.cue_accumulation.train_cue_accumulation][INFO] - train epoch 118 loss 0.1585 accuracy 92.19
[2024-07-17 16:14:48,663][src.cue_accumulation.train_cue_accumulation][INFO] - 	 Starting Epoch:119 
[2024-07-17 16:14:49,742][src.cue_accumulation.train_cue_accumulation][INFO] - train epoch 119 loss 0.1684 accuracy 92.19
[2024-07-17 16:14:49,896][src.cue_accumulation.train_cue_accumulation][INFO] - 	 Starting Epoch:120 
[2024-07-17 16:14:50,985][src.cue_accumulation.train_cue_accumulation][INFO] - train epoch 120 loss 0.0681 accuracy 98.44
[2024-07-17 16:14:50,985][src.cue_accumulation.train_cue_accumulation][INFO] - 	 Starting Epoch:121 
[2024-07-17 16:14:52,068][src.cue_accumulation.train_cue_accumulation][INFO] - train epoch 121 loss 0.1802 accuracy 90.62
[2024-07-17 16:14:52,069][src.cue_accumulation.train_cue_accumulation][INFO] - 	 Starting Epoch:122 
[2024-07-17 16:14:53,151][src.cue_accumulation.train_cue_accumulation][INFO] - train epoch 122 loss 0.1268 accuracy 93.75
[2024-07-17 16:14:53,154][src.cue_accumulation.train_cue_accumulation][INFO] - 	 Starting Epoch:123 
[2024-07-17 16:14:54,237][src.cue_accumulation.train_cue_accumulation][INFO] - train epoch 123 loss 0.1008 accuracy 96.88
[2024-07-17 16:14:54,237][src.cue_accumulation.train_cue_accumulation][INFO] - 	 Starting Epoch:124 
[2024-07-17 16:14:55,319][src.cue_accumulation.train_cue_accumulation][INFO] - train epoch 124 loss 0.0896 accuracy 96.88
[2024-07-17 16:14:55,320][src.cue_accumulation.train_cue_accumulation][INFO] - 	 Starting Epoch:125 
[2024-07-17 16:14:56,405][src.cue_accumulation.train_cue_accumulation][INFO] - train epoch 125 loss 0.1608 accuracy 92.19
[2024-07-17 16:14:56,670][src.cue_accumulation.train_cue_accumulation][INFO] - 	 Starting Epoch:126 
[2024-07-17 16:14:57,750][src.cue_accumulation.train_cue_accumulation][INFO] - train epoch 126 loss 0.1463 accuracy 93.75
[2024-07-17 16:15:02,930][src.cue_accumulation.train_cue_accumulation][INFO] - eval  epoch 126 loss 0.1482 accuracy 95.70
[2024-07-17 16:15:09,100][src.cue_accumulation.train_cue_accumulation][INFO] - eval  epoch 126 loss 0.1139 accuracy 95.70
[2024-07-17 16:15:15,062][src.cue_accumulation.train_cue_accumulation][INFO] - eval  epoch 126 loss 0.1410 accuracy 94.53
[2024-07-17 16:15:15,064][src.cue_accumulation.train_cue_accumulation][INFO] - 	 Starting Epoch:127 
[2024-07-17 16:15:16,169][src.cue_accumulation.train_cue_accumulation][INFO] - train epoch 127 loss 0.1810 accuracy 95.31
[2024-07-17 16:15:16,176][src.cue_accumulation.train_cue_accumulation][INFO] - 	 Starting Epoch:128 
[2024-07-17 16:15:17,284][src.cue_accumulation.train_cue_accumulation][INFO] - train epoch 128 loss 0.2524 accuracy 92.19
[2024-07-17 16:15:17,284][src.cue_accumulation.train_cue_accumulation][INFO] - 	 Starting Epoch:129 
[2024-07-17 16:15:18,397][src.cue_accumulation.train_cue_accumulation][INFO] - train epoch 129 loss 0.2189 accuracy 93.75
[2024-07-17 16:15:18,398][src.cue_accumulation.train_cue_accumulation][INFO] - 	 Starting Epoch:130 
[2024-07-17 16:15:19,507][src.cue_accumulation.train_cue_accumulation][INFO] - train epoch 130 loss 0.0895 accuracy 96.88
[2024-07-17 16:15:19,508][src.cue_accumulation.train_cue_accumulation][INFO] - 	 Starting Epoch:131 
[2024-07-17 16:15:20,622][src.cue_accumulation.train_cue_accumulation][INFO] - train epoch 131 loss 0.1447 accuracy 92.19
[2024-07-17 16:15:20,622][src.cue_accumulation.train_cue_accumulation][INFO] - 	 Starting Epoch:132 
[2024-07-17 16:15:21,731][src.cue_accumulation.train_cue_accumulation][INFO] - train epoch 132 loss 0.1831 accuracy 90.62
[2024-07-17 16:15:21,731][src.cue_accumulation.train_cue_accumulation][INFO] - 	 Starting Epoch:133 
[2024-07-17 16:15:22,845][src.cue_accumulation.train_cue_accumulation][INFO] - train epoch 133 loss 0.1430 accuracy 95.31
[2024-07-17 16:15:23,043][src.cue_accumulation.train_cue_accumulation][INFO] - 	 Starting Epoch:134 
[2024-07-17 16:15:24,152][src.cue_accumulation.train_cue_accumulation][INFO] - train epoch 134 loss 0.1257 accuracy 96.88
[2024-07-17 16:15:24,153][src.cue_accumulation.train_cue_accumulation][INFO] - 	 Starting Epoch:135 
[2024-07-17 16:15:25,263][src.cue_accumulation.train_cue_accumulation][INFO] - train epoch 135 loss 0.1009 accuracy 98.44
[2024-07-17 16:15:25,264][src.cue_accumulation.train_cue_accumulation][INFO] - 	 Starting Epoch:136 
[2024-07-17 16:15:26,374][src.cue_accumulation.train_cue_accumulation][INFO] - train epoch 136 loss 0.1681 accuracy 95.31
[2024-07-17 16:15:26,374][src.cue_accumulation.train_cue_accumulation][INFO] - 	 Starting Epoch:137 
[2024-07-17 16:15:27,482][src.cue_accumulation.train_cue_accumulation][INFO] - train epoch 137 loss 0.1851 accuracy 93.75
[2024-07-17 16:15:27,483][src.cue_accumulation.train_cue_accumulation][INFO] - 	 Starting Epoch:138 
[2024-07-17 16:15:28,597][src.cue_accumulation.train_cue_accumulation][INFO] - train epoch 138 loss 0.1440 accuracy 93.75
[2024-07-17 16:15:28,598][src.cue_accumulation.train_cue_accumulation][INFO] - 	 Starting Epoch:139 
[2024-07-17 16:15:29,707][src.cue_accumulation.train_cue_accumulation][INFO] - train epoch 139 loss 0.0891 accuracy 95.31
[2024-07-17 16:15:30,017][src.cue_accumulation.train_cue_accumulation][INFO] - 	 Starting Epoch:140 
[2024-07-17 16:15:31,130][src.cue_accumulation.train_cue_accumulation][INFO] - train epoch 140 loss 0.1395 accuracy 92.19
[2024-07-17 16:15:31,133][src.cue_accumulation.train_cue_accumulation][INFO] - 	 Starting Epoch:141 
[2024-07-17 16:15:32,216][src.cue_accumulation.train_cue_accumulation][INFO] - train epoch 141 loss 0.1057 accuracy 93.75
[2024-07-17 16:15:32,217][src.cue_accumulation.train_cue_accumulation][INFO] - 	 Starting Epoch:142 
[2024-07-17 16:15:33,296][src.cue_accumulation.train_cue_accumulation][INFO] - train epoch 142 loss 0.2580 accuracy 92.19
[2024-07-17 16:15:33,297][src.cue_accumulation.train_cue_accumulation][INFO] - 	 Starting Epoch:143 
[2024-07-17 16:15:34,377][src.cue_accumulation.train_cue_accumulation][INFO] - train epoch 143 loss 0.1515 accuracy 93.75
[2024-07-17 16:15:34,378][src.cue_accumulation.train_cue_accumulation][INFO] - 	 Starting Epoch:144 
[2024-07-17 16:15:35,457][src.cue_accumulation.train_cue_accumulation][INFO] - train epoch 144 loss 0.0538 accuracy 98.44
[2024-07-17 16:15:35,458][src.cue_accumulation.train_cue_accumulation][INFO] - 	 Starting Epoch:145 
[2024-07-17 16:15:36,537][src.cue_accumulation.train_cue_accumulation][INFO] - train epoch 145 loss 0.0964 accuracy 93.75
[2024-07-17 16:15:36,609][src.cue_accumulation.train_cue_accumulation][INFO] - 	 Starting Epoch:146 
[2024-07-17 16:15:37,693][src.cue_accumulation.train_cue_accumulation][INFO] - train epoch 146 loss 0.2633 accuracy 92.19
[2024-07-17 16:15:37,694][src.cue_accumulation.train_cue_accumulation][INFO] - 	 Starting Epoch:147 
[2024-07-17 16:15:38,776][src.cue_accumulation.train_cue_accumulation][INFO] - train epoch 147 loss 0.2000 accuracy 92.19
[2024-07-17 16:15:38,780][src.cue_accumulation.train_cue_accumulation][INFO] - 	 Starting Epoch:148 
[2024-07-17 16:15:39,862][src.cue_accumulation.train_cue_accumulation][INFO] - train epoch 148 loss 0.1284 accuracy 93.75
[2024-07-17 16:15:39,863][src.cue_accumulation.train_cue_accumulation][INFO] - 	 Starting Epoch:149 
[2024-07-17 16:15:40,946][src.cue_accumulation.train_cue_accumulation][INFO] - train epoch 149 loss 0.1662 accuracy 93.75
[2024-07-17 16:15:40,946][src.cue_accumulation.train_cue_accumulation][INFO] - 	 Starting Epoch:150 
[2024-07-17 16:15:42,031][src.cue_accumulation.train_cue_accumulation][INFO] - train epoch 150 loss 0.0677 accuracy 100.00
[2024-07-17 16:15:42,032][src.cue_accumulation.train_cue_accumulation][INFO] - 	 Starting Epoch:151 
[2024-07-17 16:15:43,115][src.cue_accumulation.train_cue_accumulation][INFO] - train epoch 151 loss 0.1737 accuracy 95.31
[2024-07-17 16:15:48,386][src.cue_accumulation.train_cue_accumulation][INFO] - eval  epoch 151 loss 0.1024 accuracy 95.90
[2024-07-17 16:15:54,000][src.cue_accumulation.train_cue_accumulation][INFO] - eval  epoch 151 loss 0.0961 accuracy 96.68
[2024-07-17 16:15:59,610][src.cue_accumulation.train_cue_accumulation][INFO] - eval  epoch 151 loss 0.1204 accuracy 95.31
[2024-07-17 16:16:05,476][src.cue_accumulation.train_cue_accumulation][INFO] - eval  epoch 151 loss 0.1170 accuracy 94.73
[2024-07-17 16:16:05,522][src.cue_accumulation.train_cue_accumulation][INFO] - 	 Starting Epoch:152 
[2024-07-17 16:16:06,632][src.cue_accumulation.train_cue_accumulation][INFO] - train epoch 152 loss 0.1965 accuracy 90.62
[2024-07-17 16:16:06,633][src.cue_accumulation.train_cue_accumulation][INFO] - 	 Starting Epoch:153 
[2024-07-17 16:16:07,743][src.cue_accumulation.train_cue_accumulation][INFO] - train epoch 153 loss 0.1678 accuracy 92.19
[2024-07-17 16:16:07,743][src.cue_accumulation.train_cue_accumulation][INFO] - 	 Starting Epoch:154 
[2024-07-17 16:16:08,853][src.cue_accumulation.train_cue_accumulation][INFO] - train epoch 154 loss 0.0827 accuracy 95.31
[2024-07-17 16:16:08,854][src.cue_accumulation.train_cue_accumulation][INFO] - 	 Starting Epoch:155 
[2024-07-17 16:16:09,961][src.cue_accumulation.train_cue_accumulation][INFO] - train epoch 155 loss 0.1687 accuracy 96.88
[2024-07-17 16:16:09,961][src.cue_accumulation.train_cue_accumulation][INFO] - 	 Starting Epoch:156 
[2024-07-17 16:16:11,077][src.cue_accumulation.train_cue_accumulation][INFO] - train epoch 156 loss 0.0889 accuracy 93.75
[2024-07-17 16:16:11,077][src.cue_accumulation.train_cue_accumulation][INFO] - 	 Starting Epoch:157 
[2024-07-17 16:16:12,186][src.cue_accumulation.train_cue_accumulation][INFO] - train epoch 157 loss 0.1766 accuracy 90.62
[2024-07-17 16:16:12,552][src.cue_accumulation.train_cue_accumulation][INFO] - 	 Starting Epoch:158 
[2024-07-17 16:16:13,666][src.cue_accumulation.train_cue_accumulation][INFO] - train epoch 158 loss 0.2201 accuracy 93.75
[2024-07-17 16:16:13,669][src.cue_accumulation.train_cue_accumulation][INFO] - 	 Starting Epoch:159 
[2024-07-17 16:16:14,778][src.cue_accumulation.train_cue_accumulation][INFO] - train epoch 159 loss 0.1617 accuracy 90.62
[2024-07-17 16:16:14,778][src.cue_accumulation.train_cue_accumulation][INFO] - 	 Starting Epoch:160 
[2024-07-17 16:16:15,884][src.cue_accumulation.train_cue_accumulation][INFO] - train epoch 160 loss 0.1178 accuracy 96.88
[2024-07-17 16:16:15,885][src.cue_accumulation.train_cue_accumulation][INFO] - 	 Starting Epoch:161 
[2024-07-17 16:16:16,997][src.cue_accumulation.train_cue_accumulation][INFO] - train epoch 161 loss 0.0982 accuracy 96.88
[2024-07-17 16:16:16,997][src.cue_accumulation.train_cue_accumulation][INFO] - 	 Starting Epoch:162 
[2024-07-17 16:16:18,106][src.cue_accumulation.train_cue_accumulation][INFO] - train epoch 162 loss 0.1835 accuracy 92.19
[2024-07-17 16:16:18,106][src.cue_accumulation.train_cue_accumulation][INFO] - 	 Starting Epoch:163 
[2024-07-17 16:16:19,220][src.cue_accumulation.train_cue_accumulation][INFO] - train epoch 163 loss 0.1146 accuracy 96.88
[2024-07-17 16:16:20,185][src.cue_accumulation.train_cue_accumulation][INFO] - 	 Starting Epoch:164 
[2024-07-17 16:16:21,298][src.cue_accumulation.train_cue_accumulation][INFO] - train epoch 164 loss 0.1072 accuracy 95.31
[2024-07-17 16:16:21,299][src.cue_accumulation.train_cue_accumulation][INFO] - 	 Starting Epoch:165 
[2024-07-17 16:16:22,408][src.cue_accumulation.train_cue_accumulation][INFO] - train epoch 165 loss 0.1418 accuracy 92.19
[2024-07-17 16:16:22,412][src.cue_accumulation.train_cue_accumulation][INFO] - 	 Starting Epoch:166 
[2024-07-17 16:16:23,519][src.cue_accumulation.train_cue_accumulation][INFO] - train epoch 166 loss 0.2570 accuracy 92.19
[2024-07-17 16:16:23,520][src.cue_accumulation.train_cue_accumulation][INFO] - 	 Starting Epoch:167 
[2024-07-17 16:16:24,627][src.cue_accumulation.train_cue_accumulation][INFO] - train epoch 167 loss 0.1495 accuracy 90.62
[2024-07-17 16:16:24,627][src.cue_accumulation.train_cue_accumulation][INFO] - 	 Starting Epoch:168 
[2024-07-17 16:16:25,740][src.cue_accumulation.train_cue_accumulation][INFO] - train epoch 168 loss 0.3020 accuracy 89.06
[2024-07-17 16:16:25,741][src.cue_accumulation.train_cue_accumulation][INFO] - 	 Starting Epoch:169 
[2024-07-17 16:16:26,848][src.cue_accumulation.train_cue_accumulation][INFO] - train epoch 169 loss 0.1127 accuracy 96.88
[2024-07-17 16:16:26,859][src.cue_accumulation.train_cue_accumulation][INFO] - 	 Starting Epoch:170 
[2024-07-17 16:16:27,968][src.cue_accumulation.train_cue_accumulation][INFO] - train epoch 170 loss 0.2010 accuracy 92.19
[2024-07-17 16:16:27,969][src.cue_accumulation.train_cue_accumulation][INFO] - 	 Starting Epoch:171 
[2024-07-17 16:16:29,080][src.cue_accumulation.train_cue_accumulation][INFO] - train epoch 171 loss 0.1260 accuracy 95.31
[2024-07-17 16:16:29,081][src.cue_accumulation.train_cue_accumulation][INFO] - 	 Starting Epoch:172 
[2024-07-17 16:16:30,190][src.cue_accumulation.train_cue_accumulation][INFO] - train epoch 172 loss 0.1163 accuracy 93.75
[2024-07-17 16:16:30,194][src.cue_accumulation.train_cue_accumulation][INFO] - 	 Starting Epoch:173 
[2024-07-17 16:16:31,293][src.cue_accumulation.train_cue_accumulation][INFO] - train epoch 173 loss 0.2631 accuracy 92.19
[2024-07-17 16:16:31,294][src.cue_accumulation.train_cue_accumulation][INFO] - 	 Starting Epoch:174 
[2024-07-17 16:16:32,374][src.cue_accumulation.train_cue_accumulation][INFO] - train epoch 174 loss 0.2174 accuracy 92.19
[2024-07-17 16:16:32,375][src.cue_accumulation.train_cue_accumulation][INFO] - 	 Starting Epoch:175 
[2024-07-17 16:16:33,457][src.cue_accumulation.train_cue_accumulation][INFO] - train epoch 175 loss 0.0942 accuracy 93.75
[2024-07-17 16:16:33,742][src.cue_accumulation.train_cue_accumulation][INFO] - 	 Starting Epoch:176 
[2024-07-17 16:16:34,831][src.cue_accumulation.train_cue_accumulation][INFO] - train epoch 176 loss 0.1143 accuracy 95.31
[2024-07-17 16:16:39,869][src.cue_accumulation.train_cue_accumulation][INFO] - eval  epoch 176 loss 0.2069 accuracy 92.77
[2024-07-17 16:16:39,878][src.cue_accumulation.train_cue_accumulation][INFO] - 	 Starting Epoch:177 
[2024-07-17 16:16:40,956][src.cue_accumulation.train_cue_accumulation][INFO] - train epoch 177 loss 0.2340 accuracy 87.50
[2024-07-17 16:16:40,957][src.cue_accumulation.train_cue_accumulation][INFO] - 	 Starting Epoch:178 
[2024-07-17 16:16:42,043][src.cue_accumulation.train_cue_accumulation][INFO] - train epoch 178 loss 0.0708 accuracy 96.88
[2024-07-17 16:16:42,044][src.cue_accumulation.train_cue_accumulation][INFO] - 	 Starting Epoch:179 
[2024-07-17 16:16:43,125][src.cue_accumulation.train_cue_accumulation][INFO] - train epoch 179 loss 0.2230 accuracy 90.62
[2024-07-17 16:16:43,126][src.cue_accumulation.train_cue_accumulation][INFO] - 	 Starting Epoch:180 
[2024-07-17 16:16:44,212][src.cue_accumulation.train_cue_accumulation][INFO] - train epoch 180 loss 0.0925 accuracy 96.88
[2024-07-17 16:16:44,213][src.cue_accumulation.train_cue_accumulation][INFO] - 	 Starting Epoch:181 
[2024-07-17 16:16:45,299][src.cue_accumulation.train_cue_accumulation][INFO] - train epoch 181 loss 0.2347 accuracy 90.62
[2024-07-17 16:16:45,300][src.cue_accumulation.train_cue_accumulation][INFO] - 	 Starting Epoch:182 
[2024-07-17 16:16:46,386][src.cue_accumulation.train_cue_accumulation][INFO] - train epoch 182 loss 0.1303 accuracy 95.31
[2024-07-17 16:16:46,673][src.cue_accumulation.train_cue_accumulation][INFO] - 	 Starting Epoch:183 
[2024-07-17 16:16:47,762][src.cue_accumulation.train_cue_accumulation][INFO] - train epoch 183 loss 0.1852 accuracy 90.62
[2024-07-17 16:16:47,765][src.cue_accumulation.train_cue_accumulation][INFO] - 	 Starting Epoch:184 
[2024-07-17 16:16:48,845][src.cue_accumulation.train_cue_accumulation][INFO] - train epoch 184 loss 0.0846 accuracy 95.31
[2024-07-17 16:16:48,846][src.cue_accumulation.train_cue_accumulation][INFO] - 	 Starting Epoch:185 
[2024-07-17 16:16:49,933][src.cue_accumulation.train_cue_accumulation][INFO] - train epoch 185 loss 0.1734 accuracy 93.75
[2024-07-17 16:16:49,933][src.cue_accumulation.train_cue_accumulation][INFO] - 	 Starting Epoch:186 
[2024-07-17 16:16:51,015][src.cue_accumulation.train_cue_accumulation][INFO] - train epoch 186 loss 0.1306 accuracy 95.31
[2024-07-17 16:16:51,016][src.cue_accumulation.train_cue_accumulation][INFO] - 	 Starting Epoch:187 
[2024-07-17 16:16:52,100][src.cue_accumulation.train_cue_accumulation][INFO] - train epoch 187 loss 0.2002 accuracy 89.06
[2024-07-17 16:16:52,101][src.cue_accumulation.train_cue_accumulation][INFO] - 	 Starting Epoch:188 
[2024-07-17 16:16:53,191][src.cue_accumulation.train_cue_accumulation][INFO] - train epoch 188 loss 0.1538 accuracy 95.31
[2024-07-17 16:16:53,544][src.cue_accumulation.train_cue_accumulation][INFO] - 	 Starting Epoch:189 
[2024-07-17 16:16:54,637][src.cue_accumulation.train_cue_accumulation][INFO] - train epoch 189 loss 0.1004 accuracy 96.88
[2024-07-17 16:16:54,638][src.cue_accumulation.train_cue_accumulation][INFO] - 	 Starting Epoch:190 
[2024-07-17 16:16:55,725][src.cue_accumulation.train_cue_accumulation][INFO] - train epoch 190 loss 0.1238 accuracy 95.31
[2024-07-17 16:16:55,728][src.cue_accumulation.train_cue_accumulation][INFO] - 	 Starting Epoch:191 
[2024-07-17 16:16:56,807][src.cue_accumulation.train_cue_accumulation][INFO] - train epoch 191 loss 0.1998 accuracy 93.75
[2024-07-17 16:16:56,808][src.cue_accumulation.train_cue_accumulation][INFO] - 	 Starting Epoch:192 
[2024-07-17 16:16:57,891][src.cue_accumulation.train_cue_accumulation][INFO] - train epoch 192 loss 0.3008 accuracy 90.62
[2024-07-17 16:16:57,892][src.cue_accumulation.train_cue_accumulation][INFO] - 	 Starting Epoch:193 
[2024-07-17 16:16:58,972][src.cue_accumulation.train_cue_accumulation][INFO] - train epoch 193 loss 0.1181 accuracy 95.31
[2024-07-17 16:16:58,972][src.cue_accumulation.train_cue_accumulation][INFO] - 	 Starting Epoch:194 
[2024-07-17 16:17:00,059][src.cue_accumulation.train_cue_accumulation][INFO] - train epoch 194 loss 0.1481 accuracy 93.75
[2024-07-17 16:17:00,793][src.cue_accumulation.train_cue_accumulation][INFO] - 	 Starting Epoch:195 
[2024-07-17 16:17:01,909][src.cue_accumulation.train_cue_accumulation][INFO] - train epoch 195 loss 0.2704 accuracy 89.06
[2024-07-17 16:17:01,910][src.cue_accumulation.train_cue_accumulation][INFO] - 	 Starting Epoch:196 
[2024-07-17 16:17:03,021][src.cue_accumulation.train_cue_accumulation][INFO] - train epoch 196 loss 0.3654 accuracy 84.38
[2024-07-17 16:17:03,022][src.cue_accumulation.train_cue_accumulation][INFO] - 	 Starting Epoch:197 
[2024-07-17 16:17:04,130][src.cue_accumulation.train_cue_accumulation][INFO] - train epoch 197 loss 0.1574 accuracy 92.19
[2024-07-17 16:17:04,134][src.cue_accumulation.train_cue_accumulation][INFO] - 	 Starting Epoch:198 
[2024-07-17 16:17:05,243][src.cue_accumulation.train_cue_accumulation][INFO] - train epoch 198 loss 0.1922 accuracy 92.19
[2024-07-17 16:17:05,243][src.cue_accumulation.train_cue_accumulation][INFO] - 	 Starting Epoch:199 
[2024-07-17 16:17:06,351][src.cue_accumulation.train_cue_accumulation][INFO] - train epoch 199 loss 0.1756 accuracy 93.75
[2024-07-17 16:17:06,352][src.cue_accumulation.train_cue_accumulation][INFO] - 	 Starting Epoch:200 
[2024-07-17 16:17:07,466][src.cue_accumulation.train_cue_accumulation][INFO] - train epoch 200 loss 0.1652 accuracy 90.62
[2024-07-17 16:17:07,634][src.cue_accumulation.train_cue_accumulation][INFO] - 	 Starting Epoch:201 
[2024-07-17 16:17:08,746][src.cue_accumulation.train_cue_accumulation][INFO] - train epoch 201 loss 0.0821 accuracy 96.88
[2024-07-17 16:17:14,087][src.cue_accumulation.train_cue_accumulation][INFO] - eval  epoch 201 loss 0.1580 accuracy 94.14
[2024-07-17 16:17:14,235][src.cue_accumulation.train_cue_accumulation][INFO] - 	 Starting Epoch:202 
[2024-07-17 16:17:15,343][src.cue_accumulation.train_cue_accumulation][INFO] - train epoch 202 loss 0.1122 accuracy 93.75
[2024-07-17 16:17:15,343][src.cue_accumulation.train_cue_accumulation][INFO] - 	 Starting Epoch:203 
[2024-07-17 16:17:16,455][src.cue_accumulation.train_cue_accumulation][INFO] - train epoch 203 loss 0.1414 accuracy 95.31
[2024-07-17 16:17:16,455][src.cue_accumulation.train_cue_accumulation][INFO] - 	 Starting Epoch:204 
[2024-07-17 16:17:17,565][src.cue_accumulation.train_cue_accumulation][INFO] - train epoch 204 loss 0.0392 accuracy 98.44
[2024-07-17 16:17:17,565][src.cue_accumulation.train_cue_accumulation][INFO] - 	 Starting Epoch:205 
[2024-07-17 16:17:18,675][src.cue_accumulation.train_cue_accumulation][INFO] - train epoch 205 loss 0.0406 accuracy 98.44
[2024-07-17 16:17:18,676][src.cue_accumulation.train_cue_accumulation][INFO] - 	 Starting Epoch:206 
[2024-07-17 16:17:19,792][src.cue_accumulation.train_cue_accumulation][INFO] - train epoch 206 loss 0.1246 accuracy 95.31
[2024-07-17 16:17:19,792][src.cue_accumulation.train_cue_accumulation][INFO] - 	 Starting Epoch:207 
[2024-07-17 16:17:20,903][src.cue_accumulation.train_cue_accumulation][INFO] - train epoch 207 loss 0.1365 accuracy 96.88
[2024-07-17 16:17:21,194][src.cue_accumulation.train_cue_accumulation][INFO] - 	 Starting Epoch:208 
[2024-07-17 16:17:22,306][src.cue_accumulation.train_cue_accumulation][INFO] - train epoch 208 loss 0.2994 accuracy 87.50
[2024-07-17 16:17:22,310][src.cue_accumulation.train_cue_accumulation][INFO] - 	 Starting Epoch:209 
[2024-07-17 16:17:23,419][src.cue_accumulation.train_cue_accumulation][INFO] - train epoch 209 loss 0.0994 accuracy 93.75
[2024-07-17 16:17:23,420][src.cue_accumulation.train_cue_accumulation][INFO] - 	 Starting Epoch:210 
[2024-07-17 16:17:24,526][src.cue_accumulation.train_cue_accumulation][INFO] - train epoch 210 loss 0.1010 accuracy 96.88
[2024-07-17 16:17:24,526][src.cue_accumulation.train_cue_accumulation][INFO] - 	 Starting Epoch:211 
[2024-07-17 16:17:25,634][src.cue_accumulation.train_cue_accumulation][INFO] - train epoch 211 loss 0.0828 accuracy 96.88
[2024-07-17 16:17:25,635][src.cue_accumulation.train_cue_accumulation][INFO] - 	 Starting Epoch:212 
[2024-07-17 16:17:26,744][src.cue_accumulation.train_cue_accumulation][INFO] - train epoch 212 loss 0.1025 accuracy 96.88
[2024-07-17 16:17:26,744][src.cue_accumulation.train_cue_accumulation][INFO] - 	 Starting Epoch:213 
[2024-07-17 16:17:27,854][src.cue_accumulation.train_cue_accumulation][INFO] - train epoch 213 loss 0.0250 accuracy 100.00
[2024-07-17 16:17:28,056][src.cue_accumulation.train_cue_accumulation][INFO] - 	 Starting Epoch:214 
[2024-07-17 16:17:29,167][src.cue_accumulation.train_cue_accumulation][INFO] - train epoch 214 loss 0.0914 accuracy 96.88
[2024-07-17 16:17:29,167][src.cue_accumulation.train_cue_accumulation][INFO] - 	 Starting Epoch:215 
[2024-07-17 16:17:30,278][src.cue_accumulation.train_cue_accumulation][INFO] - train epoch 215 loss 0.0453 accuracy 98.44
[2024-07-17 16:17:30,281][src.cue_accumulation.train_cue_accumulation][INFO] - 	 Starting Epoch:216 
[2024-07-17 16:17:31,381][src.cue_accumulation.train_cue_accumulation][INFO] - train epoch 216 loss 0.1349 accuracy 93.75
[2024-07-17 16:17:31,382][src.cue_accumulation.train_cue_accumulation][INFO] - 	 Starting Epoch:217 
[2024-07-17 16:17:32,471][src.cue_accumulation.train_cue_accumulation][INFO] - train epoch 217 loss 0.0281 accuracy 100.00
[2024-07-17 16:17:32,472][src.cue_accumulation.train_cue_accumulation][INFO] - 	 Starting Epoch:218 
[2024-07-17 16:17:33,554][src.cue_accumulation.train_cue_accumulation][INFO] - train epoch 218 loss 0.2283 accuracy 89.06
[2024-07-17 16:17:33,555][src.cue_accumulation.train_cue_accumulation][INFO] - 	 Starting Epoch:219 
[2024-07-17 16:17:34,639][src.cue_accumulation.train_cue_accumulation][INFO] - train epoch 219 loss 0.1305 accuracy 93.75
[2024-07-17 16:17:34,889][src.cue_accumulation.train_cue_accumulation][INFO] - 	 Starting Epoch:220 
[2024-07-17 16:17:35,967][src.cue_accumulation.train_cue_accumulation][INFO] - train epoch 220 loss 0.0859 accuracy 96.88
[2024-07-17 16:17:35,968][src.cue_accumulation.train_cue_accumulation][INFO] - 	 Starting Epoch:221 
[2024-07-17 16:17:37,055][src.cue_accumulation.train_cue_accumulation][INFO] - train epoch 221 loss 0.0596 accuracy 95.31
[2024-07-17 16:17:37,056][src.cue_accumulation.train_cue_accumulation][INFO] - 	 Starting Epoch:222 
[2024-07-17 16:17:38,137][src.cue_accumulation.train_cue_accumulation][INFO] - train epoch 222 loss 0.1235 accuracy 96.88
[2024-07-17 16:17:38,141][src.cue_accumulation.train_cue_accumulation][INFO] - 	 Starting Epoch:223 
[2024-07-17 16:17:39,227][src.cue_accumulation.train_cue_accumulation][INFO] - train epoch 223 loss 0.1463 accuracy 93.75
[2024-07-17 16:17:39,228][src.cue_accumulation.train_cue_accumulation][INFO] - 	 Starting Epoch:224 
[2024-07-17 16:17:40,314][src.cue_accumulation.train_cue_accumulation][INFO] - train epoch 224 loss 0.0308 accuracy 98.44
[2024-07-17 16:17:40,314][src.cue_accumulation.train_cue_accumulation][INFO] - 	 Starting Epoch:225 
[2024-07-17 16:17:41,398][src.cue_accumulation.train_cue_accumulation][INFO] - train epoch 225 loss 0.1545 accuracy 92.19
[2024-07-17 16:17:41,487][src.cue_accumulation.train_cue_accumulation][INFO] - 	 Starting Epoch:226 
[2024-07-17 16:17:42,573][src.cue_accumulation.train_cue_accumulation][INFO] - train epoch 226 loss 0.1966 accuracy 92.19
[2024-07-17 16:17:47,580][src.cue_accumulation.train_cue_accumulation][INFO] - eval  epoch 226 loss 0.0960 accuracy 96.68
[2024-07-17 16:17:53,359][src.cue_accumulation.train_cue_accumulation][INFO] - eval  epoch 226 loss 0.0988 accuracy 96.29
[2024-07-17 16:17:58,975][src.cue_accumulation.train_cue_accumulation][INFO] - eval  epoch 226 loss 0.1093 accuracy 95.70
[2024-07-17 16:18:04,881][src.cue_accumulation.train_cue_accumulation][INFO] - eval  epoch 226 loss 0.0979 accuracy 95.70
[2024-07-17 16:18:04,885][src.cue_accumulation.train_cue_accumulation][INFO] - Met early stopping criteria, breaking at epoch 226
[2024-07-17 16:18:11,967][src.cue_accumulation.train_cue_accumulation][INFO] - firing rate eval set  average 22.4 max 61.2 min 0.0
