[2024-07-21 17:12:18,001][src.cue_accumulation.train_cue_accumulation][INFO] - Starting training...
[2024-07-21 17:12:18,003][src.cue_accumulation.train_cue_accumulation][INFO] - 	 Starting Epoch:1 
[2024-07-21 17:12:20,615][src.cue_accumulation.train_cue_accumulation][INFO] - train epoch 001 loss 0.7093 accuracy 46.88
[2024-07-21 17:12:26,502][src.cue_accumulation.train_cue_accumulation][INFO] - eval  epoch 001 loss 0.6975 accuracy 53.32
[2024-07-21 17:12:26,503][src.cue_accumulation.train_cue_accumulation][INFO] - 	 Starting Epoch:2 
[2024-07-21 17:12:27,845][src.cue_accumulation.train_cue_accumulation][INFO] - train epoch 002 loss 0.6994 accuracy 51.56
[2024-07-21 17:12:27,852][src.cue_accumulation.train_cue_accumulation][INFO] - 	 Starting Epoch:3 
[2024-07-21 17:12:29,189][src.cue_accumulation.train_cue_accumulation][INFO] - train epoch 003 loss 0.7072 accuracy 50.00
[2024-07-21 17:12:29,190][src.cue_accumulation.train_cue_accumulation][INFO] - 	 Starting Epoch:4 
[2024-07-21 17:12:30,535][src.cue_accumulation.train_cue_accumulation][INFO] - train epoch 004 loss 0.7007 accuracy 50.00
[2024-07-21 17:12:30,535][src.cue_accumulation.train_cue_accumulation][INFO] - 	 Starting Epoch:5 
[2024-07-21 17:12:31,854][src.cue_accumulation.train_cue_accumulation][INFO] - train epoch 005 loss 0.6950 accuracy 53.12
[2024-07-21 17:12:31,855][src.cue_accumulation.train_cue_accumulation][INFO] - 	 Starting Epoch:6 
[2024-07-21 17:12:33,162][src.cue_accumulation.train_cue_accumulation][INFO] - train epoch 006 loss 0.6872 accuracy 53.12
[2024-07-21 17:12:33,163][src.cue_accumulation.train_cue_accumulation][INFO] - 	 Starting Epoch:7 
[2024-07-21 17:12:34,473][src.cue_accumulation.train_cue_accumulation][INFO] - train epoch 007 loss 0.6992 accuracy 40.62
[2024-07-21 17:12:34,482][src.cue_accumulation.train_cue_accumulation][INFO] - 	 Starting Epoch:8 
[2024-07-21 17:12:35,794][src.cue_accumulation.train_cue_accumulation][INFO] - train epoch 008 loss 0.7006 accuracy 50.00
[2024-07-21 17:12:35,798][src.cue_accumulation.train_cue_accumulation][INFO] - 	 Starting Epoch:9 
[2024-07-21 17:12:37,102][src.cue_accumulation.train_cue_accumulation][INFO] - train epoch 009 loss 0.7119 accuracy 48.44
[2024-07-21 17:12:37,103][src.cue_accumulation.train_cue_accumulation][INFO] - 	 Starting Epoch:10 
[2024-07-21 17:12:38,408][src.cue_accumulation.train_cue_accumulation][INFO] - train epoch 010 loss 0.7293 accuracy 43.75
[2024-07-21 17:12:38,409][src.cue_accumulation.train_cue_accumulation][INFO] - 	 Starting Epoch:11 
[2024-07-21 17:12:39,719][src.cue_accumulation.train_cue_accumulation][INFO] - train epoch 011 loss 0.7001 accuracy 45.31
[2024-07-21 17:12:39,720][src.cue_accumulation.train_cue_accumulation][INFO] - 	 Starting Epoch:12 
[2024-07-21 17:12:41,030][src.cue_accumulation.train_cue_accumulation][INFO] - train epoch 012 loss 0.6998 accuracy 45.31
[2024-07-21 17:12:41,149][src.cue_accumulation.train_cue_accumulation][INFO] - 	 Starting Epoch:13 
[2024-07-21 17:12:42,456][src.cue_accumulation.train_cue_accumulation][INFO] - train epoch 013 loss 0.7092 accuracy 48.44
[2024-07-21 17:12:42,457][src.cue_accumulation.train_cue_accumulation][INFO] - 	 Starting Epoch:14 
[2024-07-21 17:12:43,768][src.cue_accumulation.train_cue_accumulation][INFO] - train epoch 014 loss 0.6866 accuracy 54.69
[2024-07-21 17:12:43,770][src.cue_accumulation.train_cue_accumulation][INFO] - 	 Starting Epoch:15 
[2024-07-21 17:12:45,079][src.cue_accumulation.train_cue_accumulation][INFO] - train epoch 015 loss 0.6834 accuracy 60.94
[2024-07-21 17:12:45,083][src.cue_accumulation.train_cue_accumulation][INFO] - 	 Starting Epoch:16 
[2024-07-21 17:12:46,388][src.cue_accumulation.train_cue_accumulation][INFO] - train epoch 016 loss 0.6935 accuracy 50.00
[2024-07-21 17:12:46,389][src.cue_accumulation.train_cue_accumulation][INFO] - 	 Starting Epoch:17 
[2024-07-21 17:12:47,699][src.cue_accumulation.train_cue_accumulation][INFO] - train epoch 017 loss 0.6778 accuracy 57.81
[2024-07-21 17:12:47,782][src.cue_accumulation.train_cue_accumulation][INFO] - 	 Starting Epoch:18 
[2024-07-21 17:12:49,090][src.cue_accumulation.train_cue_accumulation][INFO] - train epoch 018 loss 0.6808 accuracy 51.56
[2024-07-21 17:12:49,091][src.cue_accumulation.train_cue_accumulation][INFO] - 	 Starting Epoch:19 
[2024-07-21 17:12:50,397][src.cue_accumulation.train_cue_accumulation][INFO] - train epoch 019 loss 0.6667 accuracy 62.50
[2024-07-21 17:12:50,398][src.cue_accumulation.train_cue_accumulation][INFO] - 	 Starting Epoch:20 
[2024-07-21 17:12:51,707][src.cue_accumulation.train_cue_accumulation][INFO] - train epoch 020 loss 0.6699 accuracy 64.06
[2024-07-21 17:12:51,708][src.cue_accumulation.train_cue_accumulation][INFO] - 	 Starting Epoch:21 
[2024-07-21 17:12:53,018][src.cue_accumulation.train_cue_accumulation][INFO] - train epoch 021 loss 0.6761 accuracy 62.50
[2024-07-21 17:12:53,018][src.cue_accumulation.train_cue_accumulation][INFO] - 	 Starting Epoch:22 
[2024-07-21 17:12:54,330][src.cue_accumulation.train_cue_accumulation][INFO] - train epoch 022 loss 0.6677 accuracy 59.38
[2024-07-21 17:12:54,512][src.cue_accumulation.train_cue_accumulation][INFO] - 	 Starting Epoch:23 
[2024-07-21 17:12:55,822][src.cue_accumulation.train_cue_accumulation][INFO] - train epoch 023 loss 0.6933 accuracy 54.69
[2024-07-21 17:12:55,823][src.cue_accumulation.train_cue_accumulation][INFO] - 	 Starting Epoch:24 
[2024-07-21 17:12:57,132][src.cue_accumulation.train_cue_accumulation][INFO] - train epoch 024 loss 0.6850 accuracy 54.69
[2024-07-21 17:12:57,133][src.cue_accumulation.train_cue_accumulation][INFO] - 	 Starting Epoch:25 
[2024-07-21 17:12:58,440][src.cue_accumulation.train_cue_accumulation][INFO] - train epoch 025 loss 0.6961 accuracy 50.00
[2024-07-21 17:12:58,441][src.cue_accumulation.train_cue_accumulation][INFO] - 	 Starting Epoch:26 
[2024-07-21 17:12:59,754][src.cue_accumulation.train_cue_accumulation][INFO] - train epoch 026 loss 0.6746 accuracy 57.81
[2024-07-21 17:13:05,079][src.cue_accumulation.train_cue_accumulation][INFO] - eval  epoch 026 loss 0.6748 accuracy 59.38
[2024-07-21 17:13:05,165][src.cue_accumulation.train_cue_accumulation][INFO] - 	 Starting Epoch:27 
[2024-07-21 17:13:06,510][src.cue_accumulation.train_cue_accumulation][INFO] - train epoch 027 loss 0.6499 accuracy 73.44
[2024-07-21 17:13:06,511][src.cue_accumulation.train_cue_accumulation][INFO] - 	 Starting Epoch:28 
[2024-07-21 17:13:07,862][src.cue_accumulation.train_cue_accumulation][INFO] - train epoch 028 loss 0.6848 accuracy 67.19
[2024-07-21 17:13:07,862][src.cue_accumulation.train_cue_accumulation][INFO] - 	 Starting Epoch:29 
[2024-07-21 17:13:09,209][src.cue_accumulation.train_cue_accumulation][INFO] - train epoch 029 loss 0.6696 accuracy 60.94
[2024-07-21 17:13:09,209][src.cue_accumulation.train_cue_accumulation][INFO] - 	 Starting Epoch:30 
[2024-07-21 17:13:10,557][src.cue_accumulation.train_cue_accumulation][INFO] - train epoch 030 loss 0.6227 accuracy 75.00
[2024-07-21 17:13:10,557][src.cue_accumulation.train_cue_accumulation][INFO] - 	 Starting Epoch:31 
[2024-07-21 17:13:11,907][src.cue_accumulation.train_cue_accumulation][INFO] - train epoch 031 loss 0.6732 accuracy 53.12
[2024-07-21 17:13:11,988][src.cue_accumulation.train_cue_accumulation][INFO] - 	 Starting Epoch:32 
[2024-07-21 17:13:13,342][src.cue_accumulation.train_cue_accumulation][INFO] - train epoch 032 loss 0.6721 accuracy 53.12
[2024-07-21 17:13:13,342][src.cue_accumulation.train_cue_accumulation][INFO] - 	 Starting Epoch:33 
[2024-07-21 17:13:14,693][src.cue_accumulation.train_cue_accumulation][INFO] - train epoch 033 loss 0.6782 accuracy 48.44
[2024-07-21 17:13:14,697][src.cue_accumulation.train_cue_accumulation][INFO] - 	 Starting Epoch:34 
[2024-07-21 17:13:16,043][src.cue_accumulation.train_cue_accumulation][INFO] - train epoch 034 loss 0.6418 accuracy 65.62
[2024-07-21 17:13:16,043][src.cue_accumulation.train_cue_accumulation][INFO] - 	 Starting Epoch:35 
[2024-07-21 17:13:17,385][src.cue_accumulation.train_cue_accumulation][INFO] - train epoch 035 loss 0.6648 accuracy 59.38
[2024-07-21 17:13:17,386][src.cue_accumulation.train_cue_accumulation][INFO] - 	 Starting Epoch:36 
[2024-07-21 17:13:18,735][src.cue_accumulation.train_cue_accumulation][INFO] - train epoch 036 loss 0.6386 accuracy 73.44
[2024-07-21 17:13:18,838][src.cue_accumulation.train_cue_accumulation][INFO] - 	 Starting Epoch:37 
[2024-07-21 17:13:20,190][src.cue_accumulation.train_cue_accumulation][INFO] - train epoch 037 loss 0.6548 accuracy 62.50
[2024-07-21 17:13:20,191][src.cue_accumulation.train_cue_accumulation][INFO] - 	 Starting Epoch:38 
[2024-07-21 17:13:21,537][src.cue_accumulation.train_cue_accumulation][INFO] - train epoch 038 loss 0.6711 accuracy 59.38
[2024-07-21 17:13:21,537][src.cue_accumulation.train_cue_accumulation][INFO] - 	 Starting Epoch:39 
[2024-07-21 17:13:22,890][src.cue_accumulation.train_cue_accumulation][INFO] - train epoch 039 loss 0.5941 accuracy 76.56
[2024-07-21 17:13:22,891][src.cue_accumulation.train_cue_accumulation][INFO] - 	 Starting Epoch:40 
[2024-07-21 17:13:24,242][src.cue_accumulation.train_cue_accumulation][INFO] - train epoch 040 loss 0.6344 accuracy 70.31
[2024-07-21 17:13:24,246][src.cue_accumulation.train_cue_accumulation][INFO] - 	 Starting Epoch:41 
[2024-07-21 17:13:25,587][src.cue_accumulation.train_cue_accumulation][INFO] - train epoch 041 loss 0.5693 accuracy 78.12
[2024-07-21 17:13:25,596][src.cue_accumulation.train_cue_accumulation][INFO] - 	 Starting Epoch:42 
[2024-07-21 17:13:26,944][src.cue_accumulation.train_cue_accumulation][INFO] - train epoch 042 loss 0.5648 accuracy 79.69
[2024-07-21 17:13:26,944][src.cue_accumulation.train_cue_accumulation][INFO] - 	 Starting Epoch:43 
[2024-07-21 17:13:28,295][src.cue_accumulation.train_cue_accumulation][INFO] - train epoch 043 loss 0.5607 accuracy 75.00
[2024-07-21 17:13:28,296][src.cue_accumulation.train_cue_accumulation][INFO] - 	 Starting Epoch:44 
[2024-07-21 17:13:29,639][src.cue_accumulation.train_cue_accumulation][INFO] - train epoch 044 loss 0.5304 accuracy 75.00
[2024-07-21 17:13:29,640][src.cue_accumulation.train_cue_accumulation][INFO] - 	 Starting Epoch:45 
[2024-07-21 17:13:30,983][src.cue_accumulation.train_cue_accumulation][INFO] - train epoch 045 loss 0.5427 accuracy 81.25
[2024-07-21 17:13:30,983][src.cue_accumulation.train_cue_accumulation][INFO] - 	 Starting Epoch:46 
[2024-07-21 17:13:32,296][src.cue_accumulation.train_cue_accumulation][INFO] - train epoch 046 loss 0.5699 accuracy 76.56
[2024-07-21 17:13:32,304][src.cue_accumulation.train_cue_accumulation][INFO] - 	 Starting Epoch:47 
[2024-07-21 17:13:33,614][src.cue_accumulation.train_cue_accumulation][INFO] - train epoch 047 loss 0.4386 accuracy 82.81
[2024-07-21 17:13:33,618][src.cue_accumulation.train_cue_accumulation][INFO] - 	 Starting Epoch:48 
[2024-07-21 17:13:34,919][src.cue_accumulation.train_cue_accumulation][INFO] - train epoch 048 loss 0.5013 accuracy 81.25
[2024-07-21 17:13:34,920][src.cue_accumulation.train_cue_accumulation][INFO] - 	 Starting Epoch:49 
[2024-07-21 17:13:36,226][src.cue_accumulation.train_cue_accumulation][INFO] - train epoch 049 loss 0.4318 accuracy 81.25
[2024-07-21 17:13:36,227][src.cue_accumulation.train_cue_accumulation][INFO] - 	 Starting Epoch:50 
[2024-07-21 17:13:37,534][src.cue_accumulation.train_cue_accumulation][INFO] - train epoch 050 loss 0.3462 accuracy 92.19
[2024-07-21 17:13:37,534][src.cue_accumulation.train_cue_accumulation][INFO] - 	 Starting Epoch:51 
[2024-07-21 17:13:38,846][src.cue_accumulation.train_cue_accumulation][INFO] - train epoch 051 loss 0.3858 accuracy 89.06
[2024-07-21 17:13:43,892][src.cue_accumulation.train_cue_accumulation][INFO] - eval  epoch 051 loss 0.4135 accuracy 84.96
[2024-07-21 17:13:43,896][src.cue_accumulation.train_cue_accumulation][INFO] - 	 Starting Epoch:52 
[2024-07-21 17:13:45,196][src.cue_accumulation.train_cue_accumulation][INFO] - train epoch 052 loss 0.3595 accuracy 84.38
[2024-07-21 17:13:45,197][src.cue_accumulation.train_cue_accumulation][INFO] - 	 Starting Epoch:53 
[2024-07-21 17:13:46,497][src.cue_accumulation.train_cue_accumulation][INFO] - train epoch 053 loss 0.3700 accuracy 85.94
[2024-07-21 17:13:46,498][src.cue_accumulation.train_cue_accumulation][INFO] - 	 Starting Epoch:54 
[2024-07-21 17:13:47,800][src.cue_accumulation.train_cue_accumulation][INFO] - train epoch 054 loss 0.3977 accuracy 90.62
[2024-07-21 17:13:47,801][src.cue_accumulation.train_cue_accumulation][INFO] - 	 Starting Epoch:55 
[2024-07-21 17:13:49,099][src.cue_accumulation.train_cue_accumulation][INFO] - train epoch 055 loss 0.4329 accuracy 84.38
[2024-07-21 17:13:49,099][src.cue_accumulation.train_cue_accumulation][INFO] - 	 Starting Epoch:56 
[2024-07-21 17:13:50,401][src.cue_accumulation.train_cue_accumulation][INFO] - train epoch 056 loss 0.2846 accuracy 89.06
[2024-07-21 17:13:50,482][src.cue_accumulation.train_cue_accumulation][INFO] - 	 Starting Epoch:57 
[2024-07-21 17:13:51,786][src.cue_accumulation.train_cue_accumulation][INFO] - train epoch 057 loss 0.3798 accuracy 87.50
[2024-07-21 17:13:51,787][src.cue_accumulation.train_cue_accumulation][INFO] - 	 Starting Epoch:58 
[2024-07-21 17:13:53,095][src.cue_accumulation.train_cue_accumulation][INFO] - train epoch 058 loss 0.2868 accuracy 82.81
[2024-07-21 17:13:53,099][src.cue_accumulation.train_cue_accumulation][INFO] - 	 Starting Epoch:59 
[2024-07-21 17:13:54,398][src.cue_accumulation.train_cue_accumulation][INFO] - train epoch 059 loss 0.4056 accuracy 81.25
[2024-07-21 17:13:54,399][src.cue_accumulation.train_cue_accumulation][INFO] - 	 Starting Epoch:60 
[2024-07-21 17:13:55,700][src.cue_accumulation.train_cue_accumulation][INFO] - train epoch 060 loss 0.2675 accuracy 87.50
[2024-07-21 17:13:55,701][src.cue_accumulation.train_cue_accumulation][INFO] - 	 Starting Epoch:61 
[2024-07-21 17:13:57,010][src.cue_accumulation.train_cue_accumulation][INFO] - train epoch 061 loss 0.4345 accuracy 81.25
[2024-07-21 17:13:57,201][src.cue_accumulation.train_cue_accumulation][INFO] - 	 Starting Epoch:62 
[2024-07-21 17:13:58,514][src.cue_accumulation.train_cue_accumulation][INFO] - train epoch 062 loss 0.3354 accuracy 87.50
[2024-07-21 17:13:58,515][src.cue_accumulation.train_cue_accumulation][INFO] - 	 Starting Epoch:63 
[2024-07-21 17:13:59,823][src.cue_accumulation.train_cue_accumulation][INFO] - train epoch 063 loss 0.2677 accuracy 90.62
[2024-07-21 17:13:59,823][src.cue_accumulation.train_cue_accumulation][INFO] - 	 Starting Epoch:64 
[2024-07-21 17:14:01,134][src.cue_accumulation.train_cue_accumulation][INFO] - train epoch 064 loss 0.2787 accuracy 92.19
[2024-07-21 17:14:01,134][src.cue_accumulation.train_cue_accumulation][INFO] - 	 Starting Epoch:65 
[2024-07-21 17:14:02,488][src.cue_accumulation.train_cue_accumulation][INFO] - train epoch 065 loss 0.3099 accuracy 89.06
[2024-07-21 17:14:02,492][src.cue_accumulation.train_cue_accumulation][INFO] - 	 Starting Epoch:66 
[2024-07-21 17:14:03,839][src.cue_accumulation.train_cue_accumulation][INFO] - train epoch 066 loss 0.2111 accuracy 89.06
[2024-07-21 17:14:03,921][src.cue_accumulation.train_cue_accumulation][INFO] - 	 Starting Epoch:67 
[2024-07-21 17:14:05,272][src.cue_accumulation.train_cue_accumulation][INFO] - train epoch 067 loss 0.2527 accuracy 89.06
[2024-07-21 17:14:05,273][src.cue_accumulation.train_cue_accumulation][INFO] - 	 Starting Epoch:68 
[2024-07-21 17:14:06,619][src.cue_accumulation.train_cue_accumulation][INFO] - train epoch 068 loss 0.2167 accuracy 89.06
[2024-07-21 17:14:06,620][src.cue_accumulation.train_cue_accumulation][INFO] - 	 Starting Epoch:69 
[2024-07-21 17:14:07,968][src.cue_accumulation.train_cue_accumulation][INFO] - train epoch 069 loss 0.2089 accuracy 92.19
[2024-07-21 17:14:07,969][src.cue_accumulation.train_cue_accumulation][INFO] - 	 Starting Epoch:70 
[2024-07-21 17:14:09,318][src.cue_accumulation.train_cue_accumulation][INFO] - train epoch 070 loss 0.1559 accuracy 92.19
[2024-07-21 17:14:09,318][src.cue_accumulation.train_cue_accumulation][INFO] - 	 Starting Epoch:71 
[2024-07-21 17:14:10,665][src.cue_accumulation.train_cue_accumulation][INFO] - train epoch 071 loss 0.1355 accuracy 93.75
[2024-07-21 17:14:10,745][src.cue_accumulation.train_cue_accumulation][INFO] - 	 Starting Epoch:72 
[2024-07-21 17:14:12,097][src.cue_accumulation.train_cue_accumulation][INFO] - train epoch 072 loss 0.4082 accuracy 87.50
[2024-07-21 17:14:12,101][src.cue_accumulation.train_cue_accumulation][INFO] - 	 Starting Epoch:73 
[2024-07-21 17:14:13,446][src.cue_accumulation.train_cue_accumulation][INFO] - train epoch 073 loss 0.2716 accuracy 92.19
[2024-07-21 17:14:13,447][src.cue_accumulation.train_cue_accumulation][INFO] - 	 Starting Epoch:74 
[2024-07-21 17:14:14,787][src.cue_accumulation.train_cue_accumulation][INFO] - train epoch 074 loss 0.2471 accuracy 89.06
[2024-07-21 17:14:14,788][src.cue_accumulation.train_cue_accumulation][INFO] - 	 Starting Epoch:75 
[2024-07-21 17:14:16,138][src.cue_accumulation.train_cue_accumulation][INFO] - train epoch 075 loss 0.1217 accuracy 96.88
[2024-07-21 17:14:16,138][src.cue_accumulation.train_cue_accumulation][INFO] - 	 Starting Epoch:76 
[2024-07-21 17:14:17,487][src.cue_accumulation.train_cue_accumulation][INFO] - train epoch 076 loss 0.1459 accuracy 92.19
[2024-07-21 17:14:22,994][src.cue_accumulation.train_cue_accumulation][INFO] - eval  epoch 076 loss 0.1893 accuracy 92.97
[2024-07-21 17:14:22,998][src.cue_accumulation.train_cue_accumulation][INFO] - 	 Starting Epoch:77 
[2024-07-21 17:14:24,345][src.cue_accumulation.train_cue_accumulation][INFO] - train epoch 077 loss 0.1996 accuracy 93.75
[2024-07-21 17:14:24,346][src.cue_accumulation.train_cue_accumulation][INFO] - 	 Starting Epoch:78 
[2024-07-21 17:14:25,690][src.cue_accumulation.train_cue_accumulation][INFO] - train epoch 078 loss 0.1802 accuracy 92.19
[2024-07-21 17:14:25,690][src.cue_accumulation.train_cue_accumulation][INFO] - 	 Starting Epoch:79 
[2024-07-21 17:14:27,038][src.cue_accumulation.train_cue_accumulation][INFO] - train epoch 079 loss 0.1549 accuracy 95.31
[2024-07-21 17:14:27,038][src.cue_accumulation.train_cue_accumulation][INFO] - 	 Starting Epoch:80 
[2024-07-21 17:14:28,387][src.cue_accumulation.train_cue_accumulation][INFO] - train epoch 080 loss 0.1560 accuracy 96.88
[2024-07-21 17:14:28,387][src.cue_accumulation.train_cue_accumulation][INFO] - 	 Starting Epoch:81 
[2024-07-21 17:14:29,731][src.cue_accumulation.train_cue_accumulation][INFO] - train epoch 081 loss 0.1756 accuracy 95.31
[2024-07-21 17:14:29,871][src.cue_accumulation.train_cue_accumulation][INFO] - 	 Starting Epoch:82 
[2024-07-21 17:14:31,216][src.cue_accumulation.train_cue_accumulation][INFO] - train epoch 082 loss 0.0800 accuracy 96.88
[2024-07-21 17:14:31,217][src.cue_accumulation.train_cue_accumulation][INFO] - 	 Starting Epoch:83 
[2024-07-21 17:14:32,528][src.cue_accumulation.train_cue_accumulation][INFO] - train epoch 083 loss 0.2165 accuracy 90.62
[2024-07-21 17:14:32,532][src.cue_accumulation.train_cue_accumulation][INFO] - 	 Starting Epoch:84 
[2024-07-21 17:14:33,839][src.cue_accumulation.train_cue_accumulation][INFO] - train epoch 084 loss 0.3594 accuracy 89.06
[2024-07-21 17:14:33,840][src.cue_accumulation.train_cue_accumulation][INFO] - 	 Starting Epoch:85 
[2024-07-21 17:14:35,149][src.cue_accumulation.train_cue_accumulation][INFO] - train epoch 085 loss 0.1427 accuracy 96.88
[2024-07-21 17:14:35,150][src.cue_accumulation.train_cue_accumulation][INFO] - 	 Starting Epoch:86 
[2024-07-21 17:14:36,457][src.cue_accumulation.train_cue_accumulation][INFO] - train epoch 086 loss 0.2602 accuracy 93.75
[2024-07-21 17:14:36,548][src.cue_accumulation.train_cue_accumulation][INFO] - 	 Starting Epoch:87 
[2024-07-21 17:14:37,855][src.cue_accumulation.train_cue_accumulation][INFO] - train epoch 087 loss 0.1146 accuracy 95.31
[2024-07-21 17:14:37,856][src.cue_accumulation.train_cue_accumulation][INFO] - 	 Starting Epoch:88 
[2024-07-21 17:14:39,168][src.cue_accumulation.train_cue_accumulation][INFO] - train epoch 088 loss 0.3278 accuracy 87.50
[2024-07-21 17:14:39,169][src.cue_accumulation.train_cue_accumulation][INFO] - 	 Starting Epoch:89 
[2024-07-21 17:14:40,477][src.cue_accumulation.train_cue_accumulation][INFO] - train epoch 089 loss 0.2221 accuracy 92.19
[2024-07-21 17:14:40,478][src.cue_accumulation.train_cue_accumulation][INFO] - 	 Starting Epoch:90 
[2024-07-21 17:14:41,788][src.cue_accumulation.train_cue_accumulation][INFO] - train epoch 090 loss 0.2763 accuracy 93.75
[2024-07-21 17:14:41,792][src.cue_accumulation.train_cue_accumulation][INFO] - 	 Starting Epoch:91 
[2024-07-21 17:14:43,095][src.cue_accumulation.train_cue_accumulation][INFO] - train epoch 091 loss 0.2100 accuracy 95.31
[2024-07-21 17:14:43,103][src.cue_accumulation.train_cue_accumulation][INFO] - 	 Starting Epoch:92 
[2024-07-21 17:14:44,408][src.cue_accumulation.train_cue_accumulation][INFO] - train epoch 092 loss 0.2740 accuracy 89.06
[2024-07-21 17:14:44,409][src.cue_accumulation.train_cue_accumulation][INFO] - 	 Starting Epoch:93 
[2024-07-21 17:14:45,713][src.cue_accumulation.train_cue_accumulation][INFO] - train epoch 093 loss 0.1488 accuracy 95.31
[2024-07-21 17:14:45,714][src.cue_accumulation.train_cue_accumulation][INFO] - 	 Starting Epoch:94 
[2024-07-21 17:14:47,017][src.cue_accumulation.train_cue_accumulation][INFO] - train epoch 094 loss 0.0900 accuracy 100.00
[2024-07-21 17:14:47,018][src.cue_accumulation.train_cue_accumulation][INFO] - 	 Starting Epoch:95 
[2024-07-21 17:14:48,313][src.cue_accumulation.train_cue_accumulation][INFO] - train epoch 095 loss 0.2093 accuracy 90.62
[2024-07-21 17:14:48,314][src.cue_accumulation.train_cue_accumulation][INFO] - 	 Starting Epoch:96 
[2024-07-21 17:14:49,615][src.cue_accumulation.train_cue_accumulation][INFO] - train epoch 096 loss 0.3229 accuracy 87.50
[2024-07-21 17:14:49,622][src.cue_accumulation.train_cue_accumulation][INFO] - 	 Starting Epoch:97 
[2024-07-21 17:14:50,924][src.cue_accumulation.train_cue_accumulation][INFO] - train epoch 097 loss 0.1985 accuracy 90.62
[2024-07-21 17:14:50,928][src.cue_accumulation.train_cue_accumulation][INFO] - 	 Starting Epoch:98 
[2024-07-21 17:14:52,237][src.cue_accumulation.train_cue_accumulation][INFO] - train epoch 098 loss 0.2749 accuracy 90.62
[2024-07-21 17:14:52,238][src.cue_accumulation.train_cue_accumulation][INFO] - 	 Starting Epoch:99 
[2024-07-21 17:14:53,544][src.cue_accumulation.train_cue_accumulation][INFO] - train epoch 099 loss 0.1491 accuracy 93.75
[2024-07-21 17:14:53,545][src.cue_accumulation.train_cue_accumulation][INFO] - 	 Starting Epoch:100 
[2024-07-21 17:14:54,856][src.cue_accumulation.train_cue_accumulation][INFO] - train epoch 100 loss 0.4255 accuracy 89.06
[2024-07-21 17:14:54,857][src.cue_accumulation.train_cue_accumulation][INFO] - 	 Starting Epoch:101 
[2024-07-21 17:14:56,169][src.cue_accumulation.train_cue_accumulation][INFO] - train epoch 101 loss 0.2903 accuracy 82.81
[2024-07-21 17:15:01,229][src.cue_accumulation.train_cue_accumulation][INFO] - eval  epoch 101 loss 0.1831 accuracy 92.38
[2024-07-21 17:15:01,236][src.cue_accumulation.train_cue_accumulation][INFO] - 	 Starting Epoch:102 
[2024-07-21 17:15:02,601][src.cue_accumulation.train_cue_accumulation][INFO] - train epoch 102 loss 0.2032 accuracy 90.62
[2024-07-21 17:15:02,602][src.cue_accumulation.train_cue_accumulation][INFO] - 	 Starting Epoch:103 
[2024-07-21 17:15:03,943][src.cue_accumulation.train_cue_accumulation][INFO] - train epoch 103 loss 0.1703 accuracy 96.88
[2024-07-21 17:15:03,944][src.cue_accumulation.train_cue_accumulation][INFO] - 	 Starting Epoch:104 
[2024-07-21 17:15:05,287][src.cue_accumulation.train_cue_accumulation][INFO] - train epoch 104 loss 0.2225 accuracy 89.06
[2024-07-21 17:15:05,288][src.cue_accumulation.train_cue_accumulation][INFO] - 	 Starting Epoch:105 
[2024-07-21 17:15:06,640][src.cue_accumulation.train_cue_accumulation][INFO] - train epoch 105 loss 0.1886 accuracy 89.06
[2024-07-21 17:15:06,640][src.cue_accumulation.train_cue_accumulation][INFO] - 	 Starting Epoch:106 
[2024-07-21 17:15:07,988][src.cue_accumulation.train_cue_accumulation][INFO] - train epoch 106 loss 0.1655 accuracy 93.75
[2024-07-21 17:15:08,073][src.cue_accumulation.train_cue_accumulation][INFO] - 	 Starting Epoch:107 
[2024-07-21 17:15:09,420][src.cue_accumulation.train_cue_accumulation][INFO] - train epoch 107 loss 0.1265 accuracy 95.31
[2024-07-21 17:15:09,420][src.cue_accumulation.train_cue_accumulation][INFO] - 	 Starting Epoch:108 
[2024-07-21 17:15:10,775][src.cue_accumulation.train_cue_accumulation][INFO] - train epoch 108 loss 0.2032 accuracy 92.19
[2024-07-21 17:15:10,779][src.cue_accumulation.train_cue_accumulation][INFO] - 	 Starting Epoch:109 
[2024-07-21 17:15:12,122][src.cue_accumulation.train_cue_accumulation][INFO] - train epoch 109 loss 0.1481 accuracy 93.75
[2024-07-21 17:15:12,123][src.cue_accumulation.train_cue_accumulation][INFO] - 	 Starting Epoch:110 
[2024-07-21 17:15:13,471][src.cue_accumulation.train_cue_accumulation][INFO] - train epoch 110 loss 0.0949 accuracy 96.88
[2024-07-21 17:15:13,472][src.cue_accumulation.train_cue_accumulation][INFO] - 	 Starting Epoch:111 
[2024-07-21 17:15:14,822][src.cue_accumulation.train_cue_accumulation][INFO] - train epoch 111 loss 0.0982 accuracy 96.88
[2024-07-21 17:15:14,919][src.cue_accumulation.train_cue_accumulation][INFO] - 	 Starting Epoch:112 
[2024-07-21 17:15:16,267][src.cue_accumulation.train_cue_accumulation][INFO] - train epoch 112 loss 0.1855 accuracy 95.31
[2024-07-21 17:15:16,267][src.cue_accumulation.train_cue_accumulation][INFO] - 	 Starting Epoch:113 
[2024-07-21 17:15:17,617][src.cue_accumulation.train_cue_accumulation][INFO] - train epoch 113 loss 0.0774 accuracy 96.88
[2024-07-21 17:15:17,617][src.cue_accumulation.train_cue_accumulation][INFO] - 	 Starting Epoch:114 
[2024-07-21 17:15:18,970][src.cue_accumulation.train_cue_accumulation][INFO] - train epoch 114 loss 0.0722 accuracy 98.44
[2024-07-21 17:15:18,970][src.cue_accumulation.train_cue_accumulation][INFO] - 	 Starting Epoch:115 
[2024-07-21 17:15:20,322][src.cue_accumulation.train_cue_accumulation][INFO] - train epoch 115 loss 0.1002 accuracy 95.31
[2024-07-21 17:15:20,326][src.cue_accumulation.train_cue_accumulation][INFO] - 	 Starting Epoch:116 
[2024-07-21 17:15:21,672][src.cue_accumulation.train_cue_accumulation][INFO] - train epoch 116 loss 0.1358 accuracy 96.88
[2024-07-21 17:15:21,758][src.cue_accumulation.train_cue_accumulation][INFO] - 	 Starting Epoch:117 
[2024-07-21 17:15:23,107][src.cue_accumulation.train_cue_accumulation][INFO] - train epoch 117 loss 0.1020 accuracy 98.44
[2024-07-21 17:15:23,108][src.cue_accumulation.train_cue_accumulation][INFO] - 	 Starting Epoch:118 
[2024-07-21 17:15:24,453][src.cue_accumulation.train_cue_accumulation][INFO] - train epoch 118 loss 0.2743 accuracy 92.19
[2024-07-21 17:15:24,453][src.cue_accumulation.train_cue_accumulation][INFO] - 	 Starting Epoch:119 
[2024-07-21 17:15:25,807][src.cue_accumulation.train_cue_accumulation][INFO] - train epoch 119 loss 0.2301 accuracy 93.75
[2024-07-21 17:15:25,808][src.cue_accumulation.train_cue_accumulation][INFO] - 	 Starting Epoch:120 
[2024-07-21 17:15:27,160][src.cue_accumulation.train_cue_accumulation][INFO] - train epoch 120 loss 0.1612 accuracy 95.31
[2024-07-21 17:15:27,160][src.cue_accumulation.train_cue_accumulation][INFO] - 	 Starting Epoch:121 
[2024-07-21 17:15:28,508][src.cue_accumulation.train_cue_accumulation][INFO] - train epoch 121 loss 0.0952 accuracy 95.31
[2024-07-21 17:15:28,590][src.cue_accumulation.train_cue_accumulation][INFO] - 	 Starting Epoch:122 
[2024-07-21 17:15:29,944][src.cue_accumulation.train_cue_accumulation][INFO] - train epoch 122 loss 0.0916 accuracy 98.44
[2024-07-21 17:15:29,948][src.cue_accumulation.train_cue_accumulation][INFO] - 	 Starting Epoch:123 
[2024-07-21 17:15:31,287][src.cue_accumulation.train_cue_accumulation][INFO] - train epoch 123 loss 0.1324 accuracy 95.31
[2024-07-21 17:15:31,288][src.cue_accumulation.train_cue_accumulation][INFO] - 	 Starting Epoch:124 
[2024-07-21 17:15:32,597][src.cue_accumulation.train_cue_accumulation][INFO] - train epoch 124 loss 0.1988 accuracy 92.19
[2024-07-21 17:15:32,597][src.cue_accumulation.train_cue_accumulation][INFO] - 	 Starting Epoch:125 
[2024-07-21 17:15:33,909][src.cue_accumulation.train_cue_accumulation][INFO] - train epoch 125 loss 0.1325 accuracy 96.88
[2024-07-21 17:15:33,910][src.cue_accumulation.train_cue_accumulation][INFO] - 	 Starting Epoch:126 
[2024-07-21 17:15:35,218][src.cue_accumulation.train_cue_accumulation][INFO] - train epoch 126 loss 0.1795 accuracy 92.19
[2024-07-21 17:15:40,368][src.cue_accumulation.train_cue_accumulation][INFO] - eval  epoch 126 loss 0.1294 accuracy 95.51
[2024-07-21 17:15:46,019][src.cue_accumulation.train_cue_accumulation][INFO] - eval  epoch 126 loss 0.1598 accuracy 94.14
[2024-07-21 17:15:46,026][src.cue_accumulation.train_cue_accumulation][INFO] - 	 Starting Epoch:127 
[2024-07-21 17:15:47,329][src.cue_accumulation.train_cue_accumulation][INFO] - train epoch 127 loss 0.1247 accuracy 95.31
[2024-07-21 17:15:47,333][src.cue_accumulation.train_cue_accumulation][INFO] - 	 Starting Epoch:128 
[2024-07-21 17:15:48,635][src.cue_accumulation.train_cue_accumulation][INFO] - train epoch 128 loss 0.0314 accuracy 100.00
[2024-07-21 17:15:48,635][src.cue_accumulation.train_cue_accumulation][INFO] - 	 Starting Epoch:129 
[2024-07-21 17:15:49,944][src.cue_accumulation.train_cue_accumulation][INFO] - train epoch 129 loss 0.2256 accuracy 90.62
[2024-07-21 17:15:49,944][src.cue_accumulation.train_cue_accumulation][INFO] - 	 Starting Epoch:130 
[2024-07-21 17:15:51,257][src.cue_accumulation.train_cue_accumulation][INFO] - train epoch 130 loss 0.2664 accuracy 87.50
[2024-07-21 17:15:51,257][src.cue_accumulation.train_cue_accumulation][INFO] - 	 Starting Epoch:131 
[2024-07-21 17:15:52,566][src.cue_accumulation.train_cue_accumulation][INFO] - train epoch 131 loss 0.1713 accuracy 93.75
[2024-07-21 17:15:52,571][src.cue_accumulation.train_cue_accumulation][INFO] - 	 Starting Epoch:132 
[2024-07-21 17:15:53,882][src.cue_accumulation.train_cue_accumulation][INFO] - train epoch 132 loss 0.0545 accuracy 98.44
[2024-07-21 17:15:53,884][src.cue_accumulation.train_cue_accumulation][INFO] - 	 Starting Epoch:133 
[2024-07-21 17:15:55,199][src.cue_accumulation.train_cue_accumulation][INFO] - train epoch 133 loss 0.2046 accuracy 89.06
[2024-07-21 17:15:55,203][src.cue_accumulation.train_cue_accumulation][INFO] - 	 Starting Epoch:134 
[2024-07-21 17:15:56,500][src.cue_accumulation.train_cue_accumulation][INFO] - train epoch 134 loss 0.1874 accuracy 90.62
[2024-07-21 17:15:56,501][src.cue_accumulation.train_cue_accumulation][INFO] - 	 Starting Epoch:135 
[2024-07-21 17:15:57,808][src.cue_accumulation.train_cue_accumulation][INFO] - train epoch 135 loss 0.1233 accuracy 95.31
[2024-07-21 17:15:57,809][src.cue_accumulation.train_cue_accumulation][INFO] - 	 Starting Epoch:136 
[2024-07-21 17:15:59,118][src.cue_accumulation.train_cue_accumulation][INFO] - train epoch 136 loss 0.0857 accuracy 93.75
[2024-07-21 17:15:59,126][src.cue_accumulation.train_cue_accumulation][INFO] - 	 Starting Epoch:137 
[2024-07-21 17:16:00,433][src.cue_accumulation.train_cue_accumulation][INFO] - train epoch 137 loss 0.3724 accuracy 85.94
[2024-07-21 17:16:00,435][src.cue_accumulation.train_cue_accumulation][INFO] - 	 Starting Epoch:138 
[2024-07-21 17:16:01,748][src.cue_accumulation.train_cue_accumulation][INFO] - train epoch 138 loss 0.1005 accuracy 96.88
[2024-07-21 17:16:01,748][src.cue_accumulation.train_cue_accumulation][INFO] - 	 Starting Epoch:139 
[2024-07-21 17:16:03,122][src.cue_accumulation.train_cue_accumulation][INFO] - train epoch 139 loss 0.1053 accuracy 96.88
[2024-07-21 17:16:03,123][src.cue_accumulation.train_cue_accumulation][INFO] - 	 Starting Epoch:140 
[2024-07-21 17:16:04,468][src.cue_accumulation.train_cue_accumulation][INFO] - train epoch 140 loss 0.2296 accuracy 95.31
[2024-07-21 17:16:04,472][src.cue_accumulation.train_cue_accumulation][INFO] - 	 Starting Epoch:141 
[2024-07-21 17:16:05,820][src.cue_accumulation.train_cue_accumulation][INFO] - train epoch 141 loss 0.0656 accuracy 98.44
[2024-07-21 17:16:05,826][src.cue_accumulation.train_cue_accumulation][INFO] - 	 Starting Epoch:142 
[2024-07-21 17:16:07,172][src.cue_accumulation.train_cue_accumulation][INFO] - train epoch 142 loss 0.1477 accuracy 93.75
[2024-07-21 17:16:07,174][src.cue_accumulation.train_cue_accumulation][INFO] - 	 Starting Epoch:143 
[2024-07-21 17:16:08,521][src.cue_accumulation.train_cue_accumulation][INFO] - train epoch 143 loss 0.1245 accuracy 95.31
[2024-07-21 17:16:08,522][src.cue_accumulation.train_cue_accumulation][INFO] - 	 Starting Epoch:144 
[2024-07-21 17:16:09,863][src.cue_accumulation.train_cue_accumulation][INFO] - train epoch 144 loss 0.1266 accuracy 96.88
[2024-07-21 17:16:09,864][src.cue_accumulation.train_cue_accumulation][INFO] - 	 Starting Epoch:145 
[2024-07-21 17:16:11,210][src.cue_accumulation.train_cue_accumulation][INFO] - train epoch 145 loss 0.1358 accuracy 93.75
[2024-07-21 17:16:11,211][src.cue_accumulation.train_cue_accumulation][INFO] - 	 Starting Epoch:146 
[2024-07-21 17:16:12,560][src.cue_accumulation.train_cue_accumulation][INFO] - train epoch 146 loss 0.1601 accuracy 92.19
[2024-07-21 17:16:12,723][src.cue_accumulation.train_cue_accumulation][INFO] - 	 Starting Epoch:147 
[2024-07-21 17:16:14,079][src.cue_accumulation.train_cue_accumulation][INFO] - train epoch 147 loss 0.1009 accuracy 96.88
[2024-07-21 17:16:14,084][src.cue_accumulation.train_cue_accumulation][INFO] - 	 Starting Epoch:148 
[2024-07-21 17:16:15,429][src.cue_accumulation.train_cue_accumulation][INFO] - train epoch 148 loss 0.1872 accuracy 93.75
[2024-07-21 17:16:15,430][src.cue_accumulation.train_cue_accumulation][INFO] - 	 Starting Epoch:149 
[2024-07-21 17:16:16,774][src.cue_accumulation.train_cue_accumulation][INFO] - train epoch 149 loss 0.2779 accuracy 92.19
[2024-07-21 17:16:16,775][src.cue_accumulation.train_cue_accumulation][INFO] - 	 Starting Epoch:150 
[2024-07-21 17:16:18,116][src.cue_accumulation.train_cue_accumulation][INFO] - train epoch 150 loss 0.2612 accuracy 89.06
[2024-07-21 17:16:18,116][src.cue_accumulation.train_cue_accumulation][INFO] - 	 Starting Epoch:151 
[2024-07-21 17:16:19,457][src.cue_accumulation.train_cue_accumulation][INFO] - train epoch 151 loss 0.2226 accuracy 92.19
[2024-07-21 17:16:24,951][src.cue_accumulation.train_cue_accumulation][INFO] - eval  epoch 151 loss 0.1696 accuracy 93.16
[2024-07-21 17:16:24,955][src.cue_accumulation.train_cue_accumulation][INFO] - 	 Starting Epoch:152 
[2024-07-21 17:16:26,306][src.cue_accumulation.train_cue_accumulation][INFO] - train epoch 152 loss 0.2528 accuracy 89.06
[2024-07-21 17:16:26,306][src.cue_accumulation.train_cue_accumulation][INFO] - 	 Starting Epoch:153 
[2024-07-21 17:16:27,651][src.cue_accumulation.train_cue_accumulation][INFO] - train epoch 153 loss 0.0593 accuracy 96.88
[2024-07-21 17:16:27,652][src.cue_accumulation.train_cue_accumulation][INFO] - 	 Starting Epoch:154 
[2024-07-21 17:16:29,004][src.cue_accumulation.train_cue_accumulation][INFO] - train epoch 154 loss 0.0841 accuracy 95.31
[2024-07-21 17:16:29,004][src.cue_accumulation.train_cue_accumulation][INFO] - 	 Starting Epoch:155 
[2024-07-21 17:16:30,353][src.cue_accumulation.train_cue_accumulation][INFO] - train epoch 155 loss 0.2387 accuracy 87.50
[2024-07-21 17:16:30,354][src.cue_accumulation.train_cue_accumulation][INFO] - 	 Starting Epoch:156 
[2024-07-21 17:16:31,693][src.cue_accumulation.train_cue_accumulation][INFO] - train epoch 156 loss 0.0990 accuracy 95.31
[2024-07-21 17:16:31,773][src.cue_accumulation.train_cue_accumulation][INFO] - 	 Starting Epoch:157 
[2024-07-21 17:16:33,091][src.cue_accumulation.train_cue_accumulation][INFO] - train epoch 157 loss 0.1161 accuracy 92.19
[2024-07-21 17:16:33,092][src.cue_accumulation.train_cue_accumulation][INFO] - 	 Starting Epoch:158 
[2024-07-21 17:16:34,413][src.cue_accumulation.train_cue_accumulation][INFO] - train epoch 158 loss 0.2997 accuracy 93.75
[2024-07-21 17:16:34,416][src.cue_accumulation.train_cue_accumulation][INFO] - 	 Starting Epoch:159 
[2024-07-21 17:16:35,731][src.cue_accumulation.train_cue_accumulation][INFO] - train epoch 159 loss 0.2737 accuracy 92.19
[2024-07-21 17:16:35,732][src.cue_accumulation.train_cue_accumulation][INFO] - 	 Starting Epoch:160 
[2024-07-21 17:16:37,051][src.cue_accumulation.train_cue_accumulation][INFO] - train epoch 160 loss 0.2267 accuracy 85.94
[2024-07-21 17:16:37,051][src.cue_accumulation.train_cue_accumulation][INFO] - 	 Starting Epoch:161 
[2024-07-21 17:16:38,408][src.cue_accumulation.train_cue_accumulation][INFO] - train epoch 161 loss 0.1140 accuracy 93.75
[2024-07-21 17:16:38,580][src.cue_accumulation.train_cue_accumulation][INFO] - 	 Starting Epoch:162 
[2024-07-21 17:16:39,921][src.cue_accumulation.train_cue_accumulation][INFO] - train epoch 162 loss 0.1655 accuracy 95.31
[2024-07-21 17:16:39,922][src.cue_accumulation.train_cue_accumulation][INFO] - 	 Starting Epoch:163 
[2024-07-21 17:16:41,263][src.cue_accumulation.train_cue_accumulation][INFO] - train epoch 163 loss 0.3202 accuracy 87.50
[2024-07-21 17:16:41,264][src.cue_accumulation.train_cue_accumulation][INFO] - 	 Starting Epoch:164 
[2024-07-21 17:16:42,600][src.cue_accumulation.train_cue_accumulation][INFO] - train epoch 164 loss 0.1845 accuracy 92.19
[2024-07-21 17:16:42,601][src.cue_accumulation.train_cue_accumulation][INFO] - 	 Starting Epoch:165 
[2024-07-21 17:16:43,940][src.cue_accumulation.train_cue_accumulation][INFO] - train epoch 165 loss 0.1926 accuracy 90.62
[2024-07-21 17:16:43,944][src.cue_accumulation.train_cue_accumulation][INFO] - 	 Starting Epoch:166 
[2024-07-21 17:16:45,273][src.cue_accumulation.train_cue_accumulation][INFO] - train epoch 166 loss 0.0955 accuracy 96.88
[2024-07-21 17:16:45,358][src.cue_accumulation.train_cue_accumulation][INFO] - 	 Starting Epoch:167 
[2024-07-21 17:16:46,686][src.cue_accumulation.train_cue_accumulation][INFO] - train epoch 167 loss 0.1245 accuracy 95.31
[2024-07-21 17:16:46,687][src.cue_accumulation.train_cue_accumulation][INFO] - 	 Starting Epoch:168 
[2024-07-21 17:16:48,018][src.cue_accumulation.train_cue_accumulation][INFO] - train epoch 168 loss 0.1564 accuracy 98.44
[2024-07-21 17:16:48,018][src.cue_accumulation.train_cue_accumulation][INFO] - 	 Starting Epoch:169 
[2024-07-21 17:16:49,346][src.cue_accumulation.train_cue_accumulation][INFO] - train epoch 169 loss 0.1212 accuracy 93.75
[2024-07-21 17:16:49,346][src.cue_accumulation.train_cue_accumulation][INFO] - 	 Starting Epoch:170 
[2024-07-21 17:16:50,674][src.cue_accumulation.train_cue_accumulation][INFO] - train epoch 170 loss 0.1356 accuracy 95.31
[2024-07-21 17:16:50,674][src.cue_accumulation.train_cue_accumulation][INFO] - 	 Starting Epoch:171 
[2024-07-21 17:16:51,999][src.cue_accumulation.train_cue_accumulation][INFO] - train epoch 171 loss 0.2251 accuracy 90.62
[2024-07-21 17:16:52,138][src.cue_accumulation.train_cue_accumulation][INFO] - 	 Starting Epoch:172 
[2024-07-21 17:16:53,474][src.cue_accumulation.train_cue_accumulation][INFO] - train epoch 172 loss 0.1379 accuracy 89.06
[2024-07-21 17:16:53,478][src.cue_accumulation.train_cue_accumulation][INFO] - 	 Starting Epoch:173 
[2024-07-21 17:16:54,804][src.cue_accumulation.train_cue_accumulation][INFO] - train epoch 173 loss 0.1106 accuracy 95.31
[2024-07-21 17:16:54,805][src.cue_accumulation.train_cue_accumulation][INFO] - 	 Starting Epoch:174 
[2024-07-21 17:16:56,138][src.cue_accumulation.train_cue_accumulation][INFO] - train epoch 174 loss 0.0613 accuracy 98.44
[2024-07-21 17:16:56,138][src.cue_accumulation.train_cue_accumulation][INFO] - 	 Starting Epoch:175 
[2024-07-21 17:16:57,474][src.cue_accumulation.train_cue_accumulation][INFO] - train epoch 175 loss 0.0590 accuracy 98.44
[2024-07-21 17:16:57,475][src.cue_accumulation.train_cue_accumulation][INFO] - 	 Starting Epoch:176 
[2024-07-21 17:16:58,807][src.cue_accumulation.train_cue_accumulation][INFO] - train epoch 176 loss 0.1393 accuracy 93.75
[2024-07-21 17:17:04,309][src.cue_accumulation.train_cue_accumulation][INFO] - eval  epoch 176 loss 0.1871 accuracy 93.55
[2024-07-21 17:17:04,312][src.cue_accumulation.train_cue_accumulation][INFO] - 	 Starting Epoch:177 
[2024-07-21 17:17:05,664][src.cue_accumulation.train_cue_accumulation][INFO] - train epoch 177 loss 0.2885 accuracy 89.06
[2024-07-21 17:17:05,665][src.cue_accumulation.train_cue_accumulation][INFO] - 	 Starting Epoch:178 
[2024-07-21 17:17:07,015][src.cue_accumulation.train_cue_accumulation][INFO] - train epoch 178 loss 0.0713 accuracy 96.88
[2024-07-21 17:17:07,016][src.cue_accumulation.train_cue_accumulation][INFO] - 	 Starting Epoch:179 
[2024-07-21 17:17:08,375][src.cue_accumulation.train_cue_accumulation][INFO] - train epoch 179 loss 0.0848 accuracy 95.31
[2024-07-21 17:17:08,376][src.cue_accumulation.train_cue_accumulation][INFO] - 	 Starting Epoch:180 
[2024-07-21 17:17:09,729][src.cue_accumulation.train_cue_accumulation][INFO] - train epoch 180 loss 0.0748 accuracy 96.88
[2024-07-21 17:17:09,730][src.cue_accumulation.train_cue_accumulation][INFO] - 	 Starting Epoch:181 
[2024-07-21 17:17:11,080][src.cue_accumulation.train_cue_accumulation][INFO] - train epoch 181 loss 0.0819 accuracy 98.44
[2024-07-21 17:17:11,090][src.cue_accumulation.train_cue_accumulation][INFO] - 	 Starting Epoch:182 
[2024-07-21 17:17:12,446][src.cue_accumulation.train_cue_accumulation][INFO] - train epoch 182 loss 0.1713 accuracy 95.31
[2024-07-21 17:17:12,446][src.cue_accumulation.train_cue_accumulation][INFO] - 	 Starting Epoch:183 
[2024-07-21 17:17:13,799][src.cue_accumulation.train_cue_accumulation][INFO] - train epoch 183 loss 0.2542 accuracy 93.75
[2024-07-21 17:17:13,803][src.cue_accumulation.train_cue_accumulation][INFO] - 	 Starting Epoch:184 
[2024-07-21 17:17:15,152][src.cue_accumulation.train_cue_accumulation][INFO] - train epoch 184 loss 0.1443 accuracy 95.31
[2024-07-21 17:17:15,153][src.cue_accumulation.train_cue_accumulation][INFO] - 	 Starting Epoch:185 
[2024-07-21 17:17:16,506][src.cue_accumulation.train_cue_accumulation][INFO] - train epoch 185 loss 0.2205 accuracy 90.62
[2024-07-21 17:17:16,507][src.cue_accumulation.train_cue_accumulation][INFO] - 	 Starting Epoch:186 
[2024-07-21 17:17:17,859][src.cue_accumulation.train_cue_accumulation][INFO] - train epoch 186 loss 0.1333 accuracy 96.88
[2024-07-21 17:17:17,869][src.cue_accumulation.train_cue_accumulation][INFO] - 	 Starting Epoch:187 
[2024-07-21 17:17:19,227][src.cue_accumulation.train_cue_accumulation][INFO] - train epoch 187 loss 0.2198 accuracy 93.75
[2024-07-21 17:17:19,228][src.cue_accumulation.train_cue_accumulation][INFO] - 	 Starting Epoch:188 
[2024-07-21 17:17:20,585][src.cue_accumulation.train_cue_accumulation][INFO] - train epoch 188 loss 0.0857 accuracy 100.00
[2024-07-21 17:17:20,586][src.cue_accumulation.train_cue_accumulation][INFO] - 	 Starting Epoch:189 
[2024-07-21 17:17:21,939][src.cue_accumulation.train_cue_accumulation][INFO] - train epoch 189 loss 0.0700 accuracy 98.44
[2024-07-21 17:17:21,940][src.cue_accumulation.train_cue_accumulation][INFO] - 	 Starting Epoch:190 
[2024-07-21 17:17:23,299][src.cue_accumulation.train_cue_accumulation][INFO] - train epoch 190 loss 0.0605 accuracy 98.44
[2024-07-21 17:17:23,303][src.cue_accumulation.train_cue_accumulation][INFO] - 	 Starting Epoch:191 
[2024-07-21 17:17:24,654][src.cue_accumulation.train_cue_accumulation][INFO] - train epoch 191 loss 0.2053 accuracy 90.62
[2024-07-21 17:17:24,661][src.cue_accumulation.train_cue_accumulation][INFO] - 	 Starting Epoch:192 
[2024-07-21 17:17:26,015][src.cue_accumulation.train_cue_accumulation][INFO] - train epoch 192 loss 0.1766 accuracy 92.19
[2024-07-21 17:17:26,016][src.cue_accumulation.train_cue_accumulation][INFO] - 	 Starting Epoch:193 
[2024-07-21 17:17:27,373][src.cue_accumulation.train_cue_accumulation][INFO] - train epoch 193 loss 0.1341 accuracy 95.31
[2024-07-21 17:17:27,374][src.cue_accumulation.train_cue_accumulation][INFO] - 	 Starting Epoch:194 
[2024-07-21 17:17:28,729][src.cue_accumulation.train_cue_accumulation][INFO] - train epoch 194 loss 0.0375 accuracy 100.00
[2024-07-21 17:17:28,730][src.cue_accumulation.train_cue_accumulation][INFO] - 	 Starting Epoch:195 
[2024-07-21 17:17:30,085][src.cue_accumulation.train_cue_accumulation][INFO] - train epoch 195 loss 0.1666 accuracy 95.31
[2024-07-21 17:17:30,086][src.cue_accumulation.train_cue_accumulation][INFO] - 	 Starting Epoch:196 
[2024-07-21 17:17:31,435][src.cue_accumulation.train_cue_accumulation][INFO] - train epoch 196 loss 0.0937 accuracy 95.31
[2024-07-21 17:17:31,445][src.cue_accumulation.train_cue_accumulation][INFO] - 	 Starting Epoch:197 
[2024-07-21 17:17:32,764][src.cue_accumulation.train_cue_accumulation][INFO] - train epoch 197 loss 0.1246 accuracy 93.75
[2024-07-21 17:17:32,768][src.cue_accumulation.train_cue_accumulation][INFO] - 	 Starting Epoch:198 
[2024-07-21 17:17:34,084][src.cue_accumulation.train_cue_accumulation][INFO] - train epoch 198 loss 0.1382 accuracy 96.88
[2024-07-21 17:17:34,086][src.cue_accumulation.train_cue_accumulation][INFO] - 	 Starting Epoch:199 
[2024-07-21 17:17:35,400][src.cue_accumulation.train_cue_accumulation][INFO] - train epoch 199 loss 0.0696 accuracy 96.88
[2024-07-21 17:17:35,401][src.cue_accumulation.train_cue_accumulation][INFO] - 	 Starting Epoch:200 
[2024-07-21 17:17:36,716][src.cue_accumulation.train_cue_accumulation][INFO] - train epoch 200 loss 0.0722 accuracy 95.31
[2024-07-21 17:17:36,716][src.cue_accumulation.train_cue_accumulation][INFO] - 	 Starting Epoch:201 
[2024-07-21 17:17:38,037][src.cue_accumulation.train_cue_accumulation][INFO] - train epoch 201 loss 0.1094 accuracy 93.75
[2024-07-21 17:17:43,120][src.cue_accumulation.train_cue_accumulation][INFO] - eval  epoch 201 loss 0.1106 accuracy 95.90
[2024-07-21 17:17:48,786][src.cue_accumulation.train_cue_accumulation][INFO] - eval  epoch 201 loss 0.0912 accuracy 96.88
[2024-07-21 17:17:54,500][src.cue_accumulation.train_cue_accumulation][INFO] - eval  epoch 201 loss 0.0937 accuracy 97.66
[2024-07-21 17:18:00,247][src.cue_accumulation.train_cue_accumulation][INFO] - eval  epoch 201 loss 0.1419 accuracy 95.31
[2024-07-21 17:18:00,252][src.cue_accumulation.train_cue_accumulation][INFO] - Met early stopping criteria, breaking at epoch 201
[2024-07-21 17:18:05,651][src.cue_accumulation.train_cue_accumulation][INFO] - firing rate eval set  average 17.9 max 54.1 min 0.0
