[2024-07-18 18:03:19,826][src.cue_accumulation.train_cue_accumulation][INFO] - Starting training...
[2024-07-18 18:03:19,829][src.cue_accumulation.train_cue_accumulation][INFO] - 	 Starting Epoch:1 
[2024-07-18 18:03:22,072][src.cue_accumulation.train_cue_accumulation][INFO] - train epoch 001 loss 0.7174 accuracy 34.38
[2024-07-18 18:03:27,790][src.cue_accumulation.train_cue_accumulation][INFO] - eval  epoch 001 loss 0.7048 accuracy 46.48
[2024-07-18 18:03:27,790][src.cue_accumulation.train_cue_accumulation][INFO] - 	 Starting Epoch:2 
[2024-07-18 18:03:28,846][src.cue_accumulation.train_cue_accumulation][INFO] - train epoch 002 loss 0.6963 accuracy 54.69
[2024-07-18 18:03:29,098][src.cue_accumulation.train_cue_accumulation][INFO] - 	 Starting Epoch:3 
[2024-07-18 18:03:30,152][src.cue_accumulation.train_cue_accumulation][INFO] - train epoch 003 loss 0.7099 accuracy 46.88
[2024-07-18 18:03:30,153][src.cue_accumulation.train_cue_accumulation][INFO] - 	 Starting Epoch:4 
[2024-07-18 18:03:31,205][src.cue_accumulation.train_cue_accumulation][INFO] - train epoch 004 loss 0.7100 accuracy 48.44
[2024-07-18 18:03:31,205][src.cue_accumulation.train_cue_accumulation][INFO] - 	 Starting Epoch:5 
[2024-07-18 18:03:32,235][src.cue_accumulation.train_cue_accumulation][INFO] - train epoch 005 loss 0.7107 accuracy 42.19
[2024-07-18 18:03:32,236][src.cue_accumulation.train_cue_accumulation][INFO] - 	 Starting Epoch:6 
[2024-07-18 18:03:33,265][src.cue_accumulation.train_cue_accumulation][INFO] - train epoch 006 loss 0.6908 accuracy 46.88
[2024-07-18 18:03:33,265][src.cue_accumulation.train_cue_accumulation][INFO] - 	 Starting Epoch:7 
[2024-07-18 18:03:34,298][src.cue_accumulation.train_cue_accumulation][INFO] - train epoch 007 loss 0.7049 accuracy 45.31
[2024-07-18 18:03:34,299][src.cue_accumulation.train_cue_accumulation][INFO] - 	 Starting Epoch:8 
[2024-07-18 18:03:35,329][src.cue_accumulation.train_cue_accumulation][INFO] - train epoch 008 loss 0.6869 accuracy 54.69
[2024-07-18 18:03:35,437][src.cue_accumulation.train_cue_accumulation][INFO] - 	 Starting Epoch:9 
[2024-07-18 18:03:36,466][src.cue_accumulation.train_cue_accumulation][INFO] - train epoch 009 loss 0.6733 accuracy 57.81
[2024-07-18 18:03:36,467][src.cue_accumulation.train_cue_accumulation][INFO] - 	 Starting Epoch:10 
[2024-07-18 18:03:37,494][src.cue_accumulation.train_cue_accumulation][INFO] - train epoch 010 loss 0.7021 accuracy 48.44
[2024-07-18 18:03:37,495][src.cue_accumulation.train_cue_accumulation][INFO] - 	 Starting Epoch:11 
[2024-07-18 18:03:38,524][src.cue_accumulation.train_cue_accumulation][INFO] - train epoch 011 loss 0.7011 accuracy 51.56
[2024-07-18 18:03:38,525][src.cue_accumulation.train_cue_accumulation][INFO] - 	 Starting Epoch:12 
[2024-07-18 18:03:39,554][src.cue_accumulation.train_cue_accumulation][INFO] - train epoch 012 loss 0.6877 accuracy 54.69
[2024-07-18 18:03:39,555][src.cue_accumulation.train_cue_accumulation][INFO] - 	 Starting Epoch:13 
[2024-07-18 18:03:40,583][src.cue_accumulation.train_cue_accumulation][INFO] - train epoch 013 loss 0.6959 accuracy 54.69
[2024-07-18 18:03:40,584][src.cue_accumulation.train_cue_accumulation][INFO] - 	 Starting Epoch:14 
[2024-07-18 18:03:41,611][src.cue_accumulation.train_cue_accumulation][INFO] - train epoch 014 loss 0.6871 accuracy 46.88
[2024-07-18 18:03:41,807][src.cue_accumulation.train_cue_accumulation][INFO] - 	 Starting Epoch:15 
[2024-07-18 18:03:42,837][src.cue_accumulation.train_cue_accumulation][INFO] - train epoch 015 loss 0.7150 accuracy 51.56
[2024-07-18 18:03:42,840][src.cue_accumulation.train_cue_accumulation][INFO] - 	 Starting Epoch:16 
[2024-07-18 18:03:43,870][src.cue_accumulation.train_cue_accumulation][INFO] - train epoch 016 loss 0.6902 accuracy 54.69
[2024-07-18 18:03:43,871][src.cue_accumulation.train_cue_accumulation][INFO] - 	 Starting Epoch:17 
[2024-07-18 18:03:44,900][src.cue_accumulation.train_cue_accumulation][INFO] - train epoch 017 loss 0.6959 accuracy 50.00
[2024-07-18 18:03:44,900][src.cue_accumulation.train_cue_accumulation][INFO] - 	 Starting Epoch:18 
[2024-07-18 18:03:45,931][src.cue_accumulation.train_cue_accumulation][INFO] - train epoch 018 loss 0.6838 accuracy 59.38
[2024-07-18 18:03:45,932][src.cue_accumulation.train_cue_accumulation][INFO] - 	 Starting Epoch:19 
[2024-07-18 18:03:46,963][src.cue_accumulation.train_cue_accumulation][INFO] - train epoch 019 loss 0.6871 accuracy 60.94
[2024-07-18 18:03:46,964][src.cue_accumulation.train_cue_accumulation][INFO] - 	 Starting Epoch:20 
[2024-07-18 18:03:47,998][src.cue_accumulation.train_cue_accumulation][INFO] - train epoch 020 loss 0.6661 accuracy 67.19
[2024-07-18 18:03:48,584][src.cue_accumulation.train_cue_accumulation][INFO] - 	 Starting Epoch:21 
[2024-07-18 18:03:49,621][src.cue_accumulation.train_cue_accumulation][INFO] - train epoch 021 loss 0.6896 accuracy 53.12
[2024-07-18 18:03:49,622][src.cue_accumulation.train_cue_accumulation][INFO] - 	 Starting Epoch:22 
[2024-07-18 18:03:50,654][src.cue_accumulation.train_cue_accumulation][INFO] - train epoch 022 loss 0.6646 accuracy 68.75
[2024-07-18 18:03:50,657][src.cue_accumulation.train_cue_accumulation][INFO] - 	 Starting Epoch:23 
[2024-07-18 18:03:51,689][src.cue_accumulation.train_cue_accumulation][INFO] - train epoch 023 loss 0.6746 accuracy 65.62
[2024-07-18 18:03:51,690][src.cue_accumulation.train_cue_accumulation][INFO] - 	 Starting Epoch:24 
[2024-07-18 18:03:52,720][src.cue_accumulation.train_cue_accumulation][INFO] - train epoch 024 loss 0.6942 accuracy 50.00
[2024-07-18 18:03:52,721][src.cue_accumulation.train_cue_accumulation][INFO] - 	 Starting Epoch:25 
[2024-07-18 18:03:53,751][src.cue_accumulation.train_cue_accumulation][INFO] - train epoch 025 loss 0.6813 accuracy 48.44
[2024-07-18 18:03:53,751][src.cue_accumulation.train_cue_accumulation][INFO] - 	 Starting Epoch:26 
[2024-07-18 18:03:54,779][src.cue_accumulation.train_cue_accumulation][INFO] - train epoch 026 loss 0.6696 accuracy 70.31
[2024-07-18 18:04:00,080][src.cue_accumulation.train_cue_accumulation][INFO] - eval  epoch 026 loss 0.6797 accuracy 60.16
[2024-07-18 18:04:00,084][src.cue_accumulation.train_cue_accumulation][INFO] - 	 Starting Epoch:27 
[2024-07-18 18:04:01,112][src.cue_accumulation.train_cue_accumulation][INFO] - train epoch 027 loss 0.6939 accuracy 54.69
[2024-07-18 18:04:01,113][src.cue_accumulation.train_cue_accumulation][INFO] - 	 Starting Epoch:28 
[2024-07-18 18:04:02,173][src.cue_accumulation.train_cue_accumulation][INFO] - train epoch 028 loss 0.6785 accuracy 53.12
[2024-07-18 18:04:02,174][src.cue_accumulation.train_cue_accumulation][INFO] - 	 Starting Epoch:29 
[2024-07-18 18:04:03,232][src.cue_accumulation.train_cue_accumulation][INFO] - train epoch 029 loss 0.6454 accuracy 67.19
[2024-07-18 18:04:03,232][src.cue_accumulation.train_cue_accumulation][INFO] - 	 Starting Epoch:30 
[2024-07-18 18:04:04,290][src.cue_accumulation.train_cue_accumulation][INFO] - train epoch 030 loss 0.6686 accuracy 65.62
[2024-07-18 18:04:04,291][src.cue_accumulation.train_cue_accumulation][INFO] - 	 Starting Epoch:31 
[2024-07-18 18:04:05,350][src.cue_accumulation.train_cue_accumulation][INFO] - train epoch 031 loss 0.6568 accuracy 64.06
[2024-07-18 18:04:05,350][src.cue_accumulation.train_cue_accumulation][INFO] - 	 Starting Epoch:32 
[2024-07-18 18:04:06,407][src.cue_accumulation.train_cue_accumulation][INFO] - train epoch 032 loss 0.6675 accuracy 56.25
[2024-07-18 18:04:06,628][src.cue_accumulation.train_cue_accumulation][INFO] - 	 Starting Epoch:33 
[2024-07-18 18:04:07,688][src.cue_accumulation.train_cue_accumulation][INFO] - train epoch 033 loss 0.6811 accuracy 57.81
[2024-07-18 18:04:07,691][src.cue_accumulation.train_cue_accumulation][INFO] - 	 Starting Epoch:34 
[2024-07-18 18:04:08,746][src.cue_accumulation.train_cue_accumulation][INFO] - train epoch 034 loss 0.6574 accuracy 65.62
[2024-07-18 18:04:08,746][src.cue_accumulation.train_cue_accumulation][INFO] - 	 Starting Epoch:35 
[2024-07-18 18:04:09,800][src.cue_accumulation.train_cue_accumulation][INFO] - train epoch 035 loss 0.6410 accuracy 73.44
[2024-07-18 18:04:09,801][src.cue_accumulation.train_cue_accumulation][INFO] - 	 Starting Epoch:36 
[2024-07-18 18:04:10,858][src.cue_accumulation.train_cue_accumulation][INFO] - train epoch 036 loss 0.6711 accuracy 57.81
[2024-07-18 18:04:10,859][src.cue_accumulation.train_cue_accumulation][INFO] - 	 Starting Epoch:37 
[2024-07-18 18:04:11,916][src.cue_accumulation.train_cue_accumulation][INFO] - train epoch 037 loss 0.6501 accuracy 68.75
[2024-07-18 18:04:11,917][src.cue_accumulation.train_cue_accumulation][INFO] - 	 Starting Epoch:38 
[2024-07-18 18:04:12,979][src.cue_accumulation.train_cue_accumulation][INFO] - train epoch 038 loss 0.6544 accuracy 67.19
[2024-07-18 18:04:13,329][src.cue_accumulation.train_cue_accumulation][INFO] - 	 Starting Epoch:39 
[2024-07-18 18:04:14,390][src.cue_accumulation.train_cue_accumulation][INFO] - train epoch 039 loss 0.6522 accuracy 67.19
[2024-07-18 18:04:14,390][src.cue_accumulation.train_cue_accumulation][INFO] - 	 Starting Epoch:40 
[2024-07-18 18:04:15,452][src.cue_accumulation.train_cue_accumulation][INFO] - train epoch 040 loss 0.6210 accuracy 73.44
[2024-07-18 18:04:15,456][src.cue_accumulation.train_cue_accumulation][INFO] - 	 Starting Epoch:41 
[2024-07-18 18:04:16,514][src.cue_accumulation.train_cue_accumulation][INFO] - train epoch 041 loss 0.6312 accuracy 71.88
[2024-07-18 18:04:16,515][src.cue_accumulation.train_cue_accumulation][INFO] - 	 Starting Epoch:42 
[2024-07-18 18:04:17,574][src.cue_accumulation.train_cue_accumulation][INFO] - train epoch 042 loss 0.6437 accuracy 67.19
[2024-07-18 18:04:17,574][src.cue_accumulation.train_cue_accumulation][INFO] - 	 Starting Epoch:43 
[2024-07-18 18:04:18,636][src.cue_accumulation.train_cue_accumulation][INFO] - train epoch 043 loss 0.6186 accuracy 68.75
[2024-07-18 18:04:18,637][src.cue_accumulation.train_cue_accumulation][INFO] - 	 Starting Epoch:44 
[2024-07-18 18:04:19,699][src.cue_accumulation.train_cue_accumulation][INFO] - train epoch 044 loss 0.6065 accuracy 71.88
[2024-07-18 18:04:19,779][src.cue_accumulation.train_cue_accumulation][INFO] - 	 Starting Epoch:45 
[2024-07-18 18:04:20,882][src.cue_accumulation.train_cue_accumulation][INFO] - train epoch 045 loss 0.6303 accuracy 57.81
[2024-07-18 18:04:20,882][src.cue_accumulation.train_cue_accumulation][INFO] - 	 Starting Epoch:46 
[2024-07-18 18:04:21,944][src.cue_accumulation.train_cue_accumulation][INFO] - train epoch 046 loss 0.6080 accuracy 71.88
[2024-07-18 18:04:21,944][src.cue_accumulation.train_cue_accumulation][INFO] - 	 Starting Epoch:47 
[2024-07-18 18:04:23,007][src.cue_accumulation.train_cue_accumulation][INFO] - train epoch 047 loss 0.6096 accuracy 71.88
[2024-07-18 18:04:23,011][src.cue_accumulation.train_cue_accumulation][INFO] - 	 Starting Epoch:48 
[2024-07-18 18:04:24,068][src.cue_accumulation.train_cue_accumulation][INFO] - train epoch 048 loss 0.5980 accuracy 71.88
[2024-07-18 18:04:24,068][src.cue_accumulation.train_cue_accumulation][INFO] - 	 Starting Epoch:49 
[2024-07-18 18:04:25,128][src.cue_accumulation.train_cue_accumulation][INFO] - train epoch 049 loss 0.5771 accuracy 81.25
[2024-07-18 18:04:25,129][src.cue_accumulation.train_cue_accumulation][INFO] - 	 Starting Epoch:50 
[2024-07-18 18:04:26,189][src.cue_accumulation.train_cue_accumulation][INFO] - train epoch 050 loss 0.6094 accuracy 70.31
[2024-07-18 18:04:26,277][src.cue_accumulation.train_cue_accumulation][INFO] - 	 Starting Epoch:51 
[2024-07-18 18:04:27,340][src.cue_accumulation.train_cue_accumulation][INFO] - train epoch 051 loss 0.5499 accuracy 73.44
[2024-07-18 18:04:32,716][src.cue_accumulation.train_cue_accumulation][INFO] - eval  epoch 051 loss 0.5429 accuracy 79.69
[2024-07-18 18:04:33,025][src.cue_accumulation.train_cue_accumulation][INFO] - 	 Starting Epoch:52 
[2024-07-18 18:04:34,061][src.cue_accumulation.train_cue_accumulation][INFO] - train epoch 052 loss 0.4949 accuracy 85.94
[2024-07-18 18:04:34,061][src.cue_accumulation.train_cue_accumulation][INFO] - 	 Starting Epoch:53 
[2024-07-18 18:04:35,095][src.cue_accumulation.train_cue_accumulation][INFO] - train epoch 053 loss 0.5550 accuracy 78.12
[2024-07-18 18:04:35,096][src.cue_accumulation.train_cue_accumulation][INFO] - 	 Starting Epoch:54 
[2024-07-18 18:04:36,133][src.cue_accumulation.train_cue_accumulation][INFO] - train epoch 054 loss 0.6125 accuracy 70.31
[2024-07-18 18:04:36,134][src.cue_accumulation.train_cue_accumulation][INFO] - 	 Starting Epoch:55 
[2024-07-18 18:04:37,179][src.cue_accumulation.train_cue_accumulation][INFO] - train epoch 055 loss 0.4538 accuracy 85.94
[2024-07-18 18:04:37,180][src.cue_accumulation.train_cue_accumulation][INFO] - 	 Starting Epoch:56 
[2024-07-18 18:04:38,220][src.cue_accumulation.train_cue_accumulation][INFO] - train epoch 056 loss 0.4869 accuracy 75.00
[2024-07-18 18:04:38,221][src.cue_accumulation.train_cue_accumulation][INFO] - 	 Starting Epoch:57 
[2024-07-18 18:04:39,261][src.cue_accumulation.train_cue_accumulation][INFO] - train epoch 057 loss 0.4655 accuracy 78.12
[2024-07-18 18:04:39,352][src.cue_accumulation.train_cue_accumulation][INFO] - 	 Starting Epoch:58 
[2024-07-18 18:04:40,406][src.cue_accumulation.train_cue_accumulation][INFO] - train epoch 058 loss 0.4204 accuracy 87.50
[2024-07-18 18:04:40,409][src.cue_accumulation.train_cue_accumulation][INFO] - 	 Starting Epoch:59 
[2024-07-18 18:04:41,455][src.cue_accumulation.train_cue_accumulation][INFO] - train epoch 059 loss 0.3995 accuracy 85.94
[2024-07-18 18:04:41,456][src.cue_accumulation.train_cue_accumulation][INFO] - 	 Starting Epoch:60 
[2024-07-18 18:04:42,503][src.cue_accumulation.train_cue_accumulation][INFO] - train epoch 060 loss 0.4153 accuracy 78.12
[2024-07-18 18:04:42,504][src.cue_accumulation.train_cue_accumulation][INFO] - 	 Starting Epoch:61 
[2024-07-18 18:04:43,545][src.cue_accumulation.train_cue_accumulation][INFO] - train epoch 061 loss 0.4549 accuracy 73.44
[2024-07-18 18:04:43,545][src.cue_accumulation.train_cue_accumulation][INFO] - 	 Starting Epoch:62 
[2024-07-18 18:04:44,590][src.cue_accumulation.train_cue_accumulation][INFO] - train epoch 062 loss 0.4552 accuracy 78.12
[2024-07-18 18:04:44,590][src.cue_accumulation.train_cue_accumulation][INFO] - 	 Starting Epoch:63 
[2024-07-18 18:04:45,636][src.cue_accumulation.train_cue_accumulation][INFO] - train epoch 063 loss 0.3442 accuracy 87.50
[2024-07-18 18:04:45,748][src.cue_accumulation.train_cue_accumulation][INFO] - 	 Starting Epoch:64 
[2024-07-18 18:04:46,793][src.cue_accumulation.train_cue_accumulation][INFO] - train epoch 064 loss 0.3660 accuracy 85.94
[2024-07-18 18:04:46,793][src.cue_accumulation.train_cue_accumulation][INFO] - 	 Starting Epoch:65 
[2024-07-18 18:04:47,840][src.cue_accumulation.train_cue_accumulation][INFO] - train epoch 065 loss 0.4091 accuracy 84.38
[2024-07-18 18:04:47,844][src.cue_accumulation.train_cue_accumulation][INFO] - 	 Starting Epoch:66 
[2024-07-18 18:04:48,882][src.cue_accumulation.train_cue_accumulation][INFO] - train epoch 066 loss 0.3705 accuracy 76.56
[2024-07-18 18:04:48,884][src.cue_accumulation.train_cue_accumulation][INFO] - 	 Starting Epoch:67 
[2024-07-18 18:04:49,917][src.cue_accumulation.train_cue_accumulation][INFO] - train epoch 067 loss 0.3438 accuracy 84.38
[2024-07-18 18:04:49,918][src.cue_accumulation.train_cue_accumulation][INFO] - 	 Starting Epoch:68 
[2024-07-18 18:04:50,953][src.cue_accumulation.train_cue_accumulation][INFO] - train epoch 068 loss 0.4586 accuracy 75.00
[2024-07-18 18:04:50,954][src.cue_accumulation.train_cue_accumulation][INFO] - 	 Starting Epoch:69 
[2024-07-18 18:04:51,993][src.cue_accumulation.train_cue_accumulation][INFO] - train epoch 069 loss 0.4398 accuracy 79.69
[2024-07-18 18:04:52,803][src.cue_accumulation.train_cue_accumulation][INFO] - 	 Starting Epoch:70 
[2024-07-18 18:04:53,841][src.cue_accumulation.train_cue_accumulation][INFO] - train epoch 070 loss 0.2586 accuracy 89.06
[2024-07-18 18:04:53,841][src.cue_accumulation.train_cue_accumulation][INFO] - 	 Starting Epoch:71 
[2024-07-18 18:04:54,875][src.cue_accumulation.train_cue_accumulation][INFO] - train epoch 071 loss 0.2342 accuracy 90.62
[2024-07-18 18:04:54,876][src.cue_accumulation.train_cue_accumulation][INFO] - 	 Starting Epoch:72 
[2024-07-18 18:04:55,913][src.cue_accumulation.train_cue_accumulation][INFO] - train epoch 072 loss 0.3707 accuracy 87.50
[2024-07-18 18:04:55,916][src.cue_accumulation.train_cue_accumulation][INFO] - 	 Starting Epoch:73 
[2024-07-18 18:04:56,950][src.cue_accumulation.train_cue_accumulation][INFO] - train epoch 073 loss 0.3018 accuracy 89.06
[2024-07-18 18:04:56,951][src.cue_accumulation.train_cue_accumulation][INFO] - 	 Starting Epoch:74 
[2024-07-18 18:04:57,984][src.cue_accumulation.train_cue_accumulation][INFO] - train epoch 074 loss 0.2987 accuracy 89.06
[2024-07-18 18:04:57,985][src.cue_accumulation.train_cue_accumulation][INFO] - 	 Starting Epoch:75 
[2024-07-18 18:04:59,021][src.cue_accumulation.train_cue_accumulation][INFO] - train epoch 075 loss 0.3495 accuracy 87.50
[2024-07-18 18:04:59,114][src.cue_accumulation.train_cue_accumulation][INFO] - 	 Starting Epoch:76 
[2024-07-18 18:05:00,195][src.cue_accumulation.train_cue_accumulation][INFO] - train epoch 076 loss 0.3547 accuracy 81.25
[2024-07-18 18:05:05,587][src.cue_accumulation.train_cue_accumulation][INFO] - eval  epoch 076 loss 0.2592 accuracy 90.23
[2024-07-18 18:05:05,808][src.cue_accumulation.train_cue_accumulation][INFO] - 	 Starting Epoch:77 
[2024-07-18 18:05:06,869][src.cue_accumulation.train_cue_accumulation][INFO] - train epoch 077 loss 0.1790 accuracy 93.75
[2024-07-18 18:05:06,869][src.cue_accumulation.train_cue_accumulation][INFO] - 	 Starting Epoch:78 
[2024-07-18 18:05:07,929][src.cue_accumulation.train_cue_accumulation][INFO] - train epoch 078 loss 0.2512 accuracy 89.06
[2024-07-18 18:05:07,930][src.cue_accumulation.train_cue_accumulation][INFO] - 	 Starting Epoch:79 
[2024-07-18 18:05:08,989][src.cue_accumulation.train_cue_accumulation][INFO] - train epoch 079 loss 0.3663 accuracy 84.38
[2024-07-18 18:05:08,990][src.cue_accumulation.train_cue_accumulation][INFO] - 	 Starting Epoch:80 
[2024-07-18 18:05:10,052][src.cue_accumulation.train_cue_accumulation][INFO] - train epoch 080 loss 0.2783 accuracy 87.50
[2024-07-18 18:05:10,052][src.cue_accumulation.train_cue_accumulation][INFO] - 	 Starting Epoch:81 
[2024-07-18 18:05:11,115][src.cue_accumulation.train_cue_accumulation][INFO] - train epoch 081 loss 0.2627 accuracy 84.38
[2024-07-18 18:05:11,115][src.cue_accumulation.train_cue_accumulation][INFO] - 	 Starting Epoch:82 
[2024-07-18 18:05:12,176][src.cue_accumulation.train_cue_accumulation][INFO] - train epoch 082 loss 0.2993 accuracy 87.50
[2024-07-18 18:05:12,446][src.cue_accumulation.train_cue_accumulation][INFO] - 	 Starting Epoch:83 
[2024-07-18 18:05:13,530][src.cue_accumulation.train_cue_accumulation][INFO] - train epoch 083 loss 0.2814 accuracy 89.06
[2024-07-18 18:05:13,533][src.cue_accumulation.train_cue_accumulation][INFO] - 	 Starting Epoch:84 
[2024-07-18 18:05:14,592][src.cue_accumulation.train_cue_accumulation][INFO] - train epoch 084 loss 0.3302 accuracy 90.62
[2024-07-18 18:05:14,593][src.cue_accumulation.train_cue_accumulation][INFO] - 	 Starting Epoch:85 
[2024-07-18 18:05:15,652][src.cue_accumulation.train_cue_accumulation][INFO] - train epoch 085 loss 0.2599 accuracy 90.62
[2024-07-18 18:05:15,653][src.cue_accumulation.train_cue_accumulation][INFO] - 	 Starting Epoch:86 
[2024-07-18 18:05:16,714][src.cue_accumulation.train_cue_accumulation][INFO] - train epoch 086 loss 0.1981 accuracy 90.62
[2024-07-18 18:05:16,715][src.cue_accumulation.train_cue_accumulation][INFO] - 	 Starting Epoch:87 
[2024-07-18 18:05:17,776][src.cue_accumulation.train_cue_accumulation][INFO] - train epoch 087 loss 0.1959 accuracy 92.19
[2024-07-18 18:05:17,777][src.cue_accumulation.train_cue_accumulation][INFO] - 	 Starting Epoch:88 
[2024-07-18 18:05:18,838][src.cue_accumulation.train_cue_accumulation][INFO] - train epoch 088 loss 0.1808 accuracy 92.19
[2024-07-18 18:05:18,964][src.cue_accumulation.train_cue_accumulation][INFO] - 	 Starting Epoch:89 
[2024-07-18 18:05:20,027][src.cue_accumulation.train_cue_accumulation][INFO] - train epoch 089 loss 0.2112 accuracy 92.19
[2024-07-18 18:05:20,027][src.cue_accumulation.train_cue_accumulation][INFO] - 	 Starting Epoch:90 
[2024-07-18 18:05:21,092][src.cue_accumulation.train_cue_accumulation][INFO] - train epoch 090 loss 0.4410 accuracy 79.69
[2024-07-18 18:05:21,095][src.cue_accumulation.train_cue_accumulation][INFO] - 	 Starting Epoch:91 
[2024-07-18 18:05:22,154][src.cue_accumulation.train_cue_accumulation][INFO] - train epoch 091 loss 0.4140 accuracy 79.69
[2024-07-18 18:05:22,154][src.cue_accumulation.train_cue_accumulation][INFO] - 	 Starting Epoch:92 
[2024-07-18 18:05:23,214][src.cue_accumulation.train_cue_accumulation][INFO] - train epoch 092 loss 0.3601 accuracy 85.94
[2024-07-18 18:05:23,215][src.cue_accumulation.train_cue_accumulation][INFO] - 	 Starting Epoch:93 
[2024-07-18 18:05:24,276][src.cue_accumulation.train_cue_accumulation][INFO] - train epoch 093 loss 0.4131 accuracy 85.94
[2024-07-18 18:05:24,277][src.cue_accumulation.train_cue_accumulation][INFO] - 	 Starting Epoch:94 
[2024-07-18 18:05:25,339][src.cue_accumulation.train_cue_accumulation][INFO] - train epoch 094 loss 0.2517 accuracy 85.94
[2024-07-18 18:05:25,597][src.cue_accumulation.train_cue_accumulation][INFO] - 	 Starting Epoch:95 
[2024-07-18 18:05:26,683][src.cue_accumulation.train_cue_accumulation][INFO] - train epoch 095 loss 0.3264 accuracy 82.81
[2024-07-18 18:05:26,683][src.cue_accumulation.train_cue_accumulation][INFO] - 	 Starting Epoch:96 
[2024-07-18 18:05:27,745][src.cue_accumulation.train_cue_accumulation][INFO] - train epoch 096 loss 0.2441 accuracy 89.06
[2024-07-18 18:05:27,746][src.cue_accumulation.train_cue_accumulation][INFO] - 	 Starting Epoch:97 
[2024-07-18 18:05:28,810][src.cue_accumulation.train_cue_accumulation][INFO] - train epoch 097 loss 0.1665 accuracy 93.75
[2024-07-18 18:05:28,813][src.cue_accumulation.train_cue_accumulation][INFO] - 	 Starting Epoch:98 
[2024-07-18 18:05:29,872][src.cue_accumulation.train_cue_accumulation][INFO] - train epoch 098 loss 0.1934 accuracy 92.19
[2024-07-18 18:05:29,873][src.cue_accumulation.train_cue_accumulation][INFO] - 	 Starting Epoch:99 
[2024-07-18 18:05:30,932][src.cue_accumulation.train_cue_accumulation][INFO] - train epoch 099 loss 0.1901 accuracy 90.62
[2024-07-18 18:05:30,933][src.cue_accumulation.train_cue_accumulation][INFO] - 	 Starting Epoch:100 
[2024-07-18 18:05:31,975][src.cue_accumulation.train_cue_accumulation][INFO] - train epoch 100 loss 0.2153 accuracy 92.19
[2024-07-18 18:05:32,236][src.cue_accumulation.train_cue_accumulation][INFO] - 	 Starting Epoch:101 
[2024-07-18 18:05:33,272][src.cue_accumulation.train_cue_accumulation][INFO] - train epoch 101 loss 0.2527 accuracy 92.19
[2024-07-18 18:05:38,360][src.cue_accumulation.train_cue_accumulation][INFO] - eval  epoch 101 loss 0.1754 accuracy 93.36
[2024-07-18 18:05:38,473][src.cue_accumulation.train_cue_accumulation][INFO] - 	 Starting Epoch:102 
[2024-07-18 18:05:39,499][src.cue_accumulation.train_cue_accumulation][INFO] - train epoch 102 loss 0.1681 accuracy 90.62
[2024-07-18 18:05:39,499][src.cue_accumulation.train_cue_accumulation][INFO] - 	 Starting Epoch:103 
[2024-07-18 18:05:40,519][src.cue_accumulation.train_cue_accumulation][INFO] - train epoch 103 loss 0.1656 accuracy 92.19
[2024-07-18 18:05:40,520][src.cue_accumulation.train_cue_accumulation][INFO] - 	 Starting Epoch:104 
[2024-07-18 18:05:41,544][src.cue_accumulation.train_cue_accumulation][INFO] - train epoch 104 loss 0.2152 accuracy 95.31
[2024-07-18 18:05:41,544][src.cue_accumulation.train_cue_accumulation][INFO] - 	 Starting Epoch:105 
[2024-07-18 18:05:42,568][src.cue_accumulation.train_cue_accumulation][INFO] - train epoch 105 loss 0.1800 accuracy 89.06
[2024-07-18 18:05:42,568][src.cue_accumulation.train_cue_accumulation][INFO] - 	 Starting Epoch:106 
[2024-07-18 18:05:43,594][src.cue_accumulation.train_cue_accumulation][INFO] - train epoch 106 loss 0.2285 accuracy 89.06
[2024-07-18 18:05:43,594][src.cue_accumulation.train_cue_accumulation][INFO] - 	 Starting Epoch:107 
[2024-07-18 18:05:44,619][src.cue_accumulation.train_cue_accumulation][INFO] - train epoch 107 loss 0.1924 accuracy 93.75
[2024-07-18 18:05:44,904][src.cue_accumulation.train_cue_accumulation][INFO] - 	 Starting Epoch:108 
[2024-07-18 18:05:45,937][src.cue_accumulation.train_cue_accumulation][INFO] - train epoch 108 loss 0.2411 accuracy 92.19
[2024-07-18 18:05:45,941][src.cue_accumulation.train_cue_accumulation][INFO] - 	 Starting Epoch:109 
[2024-07-18 18:05:46,970][src.cue_accumulation.train_cue_accumulation][INFO] - train epoch 109 loss 0.1872 accuracy 93.75
[2024-07-18 18:05:46,970][src.cue_accumulation.train_cue_accumulation][INFO] - 	 Starting Epoch:110 
[2024-07-18 18:05:47,998][src.cue_accumulation.train_cue_accumulation][INFO] - train epoch 110 loss 0.1586 accuracy 96.88
[2024-07-18 18:05:47,998][src.cue_accumulation.train_cue_accumulation][INFO] - 	 Starting Epoch:111 
[2024-07-18 18:05:49,025][src.cue_accumulation.train_cue_accumulation][INFO] - train epoch 111 loss 0.2158 accuracy 92.19
[2024-07-18 18:05:49,026][src.cue_accumulation.train_cue_accumulation][INFO] - 	 Starting Epoch:112 
[2024-07-18 18:05:50,051][src.cue_accumulation.train_cue_accumulation][INFO] - train epoch 112 loss 0.0837 accuracy 96.88
[2024-07-18 18:05:50,052][src.cue_accumulation.train_cue_accumulation][INFO] - 	 Starting Epoch:113 
[2024-07-18 18:05:51,075][src.cue_accumulation.train_cue_accumulation][INFO] - train epoch 113 loss 0.1574 accuracy 93.75
[2024-07-18 18:05:51,356][src.cue_accumulation.train_cue_accumulation][INFO] - 	 Starting Epoch:114 
[2024-07-18 18:05:52,383][src.cue_accumulation.train_cue_accumulation][INFO] - train epoch 114 loss 0.2035 accuracy 95.31
[2024-07-18 18:05:52,384][src.cue_accumulation.train_cue_accumulation][INFO] - 	 Starting Epoch:115 
[2024-07-18 18:05:53,409][src.cue_accumulation.train_cue_accumulation][INFO] - train epoch 115 loss 0.0964 accuracy 96.88
[2024-07-18 18:05:53,413][src.cue_accumulation.train_cue_accumulation][INFO] - 	 Starting Epoch:116 
[2024-07-18 18:05:54,433][src.cue_accumulation.train_cue_accumulation][INFO] - train epoch 116 loss 0.0520 accuracy 98.44
[2024-07-18 18:05:54,434][src.cue_accumulation.train_cue_accumulation][INFO] - 	 Starting Epoch:117 
[2024-07-18 18:05:55,455][src.cue_accumulation.train_cue_accumulation][INFO] - train epoch 117 loss 0.1907 accuracy 93.75
[2024-07-18 18:05:55,456][src.cue_accumulation.train_cue_accumulation][INFO] - 	 Starting Epoch:118 
[2024-07-18 18:05:56,480][src.cue_accumulation.train_cue_accumulation][INFO] - train epoch 118 loss 0.1473 accuracy 95.31
[2024-07-18 18:05:56,481][src.cue_accumulation.train_cue_accumulation][INFO] - 	 Starting Epoch:119 
[2024-07-18 18:05:57,508][src.cue_accumulation.train_cue_accumulation][INFO] - train epoch 119 loss 0.2909 accuracy 92.19
[2024-07-18 18:05:58,025][src.cue_accumulation.train_cue_accumulation][INFO] - 	 Starting Epoch:120 
[2024-07-18 18:05:59,051][src.cue_accumulation.train_cue_accumulation][INFO] - train epoch 120 loss 0.1095 accuracy 95.31
[2024-07-18 18:05:59,051][src.cue_accumulation.train_cue_accumulation][INFO] - 	 Starting Epoch:121 
[2024-07-18 18:06:00,077][src.cue_accumulation.train_cue_accumulation][INFO] - train epoch 121 loss 0.1043 accuracy 95.31
[2024-07-18 18:06:00,077][src.cue_accumulation.train_cue_accumulation][INFO] - 	 Starting Epoch:122 
[2024-07-18 18:06:01,104][src.cue_accumulation.train_cue_accumulation][INFO] - train epoch 122 loss 0.2225 accuracy 87.50
[2024-07-18 18:06:01,107][src.cue_accumulation.train_cue_accumulation][INFO] - 	 Starting Epoch:123 
[2024-07-18 18:06:02,157][src.cue_accumulation.train_cue_accumulation][INFO] - train epoch 123 loss 0.1042 accuracy 95.31
[2024-07-18 18:06:02,158][src.cue_accumulation.train_cue_accumulation][INFO] - 	 Starting Epoch:124 
[2024-07-18 18:06:03,215][src.cue_accumulation.train_cue_accumulation][INFO] - train epoch 124 loss 0.2467 accuracy 87.50
[2024-07-18 18:06:03,215][src.cue_accumulation.train_cue_accumulation][INFO] - 	 Starting Epoch:125 
[2024-07-18 18:06:04,271][src.cue_accumulation.train_cue_accumulation][INFO] - train epoch 125 loss 0.0708 accuracy 96.88
[2024-07-18 18:06:04,363][src.cue_accumulation.train_cue_accumulation][INFO] - 	 Starting Epoch:126 
[2024-07-18 18:06:05,421][src.cue_accumulation.train_cue_accumulation][INFO] - train epoch 126 loss 0.1126 accuracy 95.31
[2024-07-18 18:06:10,846][src.cue_accumulation.train_cue_accumulation][INFO] - eval  epoch 126 loss 0.2233 accuracy 91.21
[2024-07-18 18:06:11,241][src.cue_accumulation.train_cue_accumulation][INFO] - 	 Starting Epoch:127 
[2024-07-18 18:06:12,301][src.cue_accumulation.train_cue_accumulation][INFO] - train epoch 127 loss 0.2819 accuracy 92.19
[2024-07-18 18:06:12,302][src.cue_accumulation.train_cue_accumulation][INFO] - 	 Starting Epoch:128 
[2024-07-18 18:06:13,360][src.cue_accumulation.train_cue_accumulation][INFO] - train epoch 128 loss 0.1282 accuracy 93.75
[2024-07-18 18:06:13,361][src.cue_accumulation.train_cue_accumulation][INFO] - 	 Starting Epoch:129 
[2024-07-18 18:06:14,420][src.cue_accumulation.train_cue_accumulation][INFO] - train epoch 129 loss 0.0805 accuracy 96.88
[2024-07-18 18:06:14,420][src.cue_accumulation.train_cue_accumulation][INFO] - 	 Starting Epoch:130 
[2024-07-18 18:06:15,481][src.cue_accumulation.train_cue_accumulation][INFO] - train epoch 130 loss 0.0987 accuracy 95.31
[2024-07-18 18:06:15,482][src.cue_accumulation.train_cue_accumulation][INFO] - 	 Starting Epoch:131 
[2024-07-18 18:06:16,542][src.cue_accumulation.train_cue_accumulation][INFO] - train epoch 131 loss 0.2339 accuracy 87.50
[2024-07-18 18:06:16,542][src.cue_accumulation.train_cue_accumulation][INFO] - 	 Starting Epoch:132 
[2024-07-18 18:06:17,605][src.cue_accumulation.train_cue_accumulation][INFO] - train epoch 132 loss 0.1529 accuracy 92.19
[2024-07-18 18:06:17,760][src.cue_accumulation.train_cue_accumulation][INFO] - 	 Starting Epoch:133 
[2024-07-18 18:06:18,823][src.cue_accumulation.train_cue_accumulation][INFO] - train epoch 133 loss 0.1523 accuracy 93.75
[2024-07-18 18:06:18,827][src.cue_accumulation.train_cue_accumulation][INFO] - 	 Starting Epoch:134 
[2024-07-18 18:06:19,883][src.cue_accumulation.train_cue_accumulation][INFO] - train epoch 134 loss 0.2142 accuracy 92.19
[2024-07-18 18:06:19,884][src.cue_accumulation.train_cue_accumulation][INFO] - 	 Starting Epoch:135 
[2024-07-18 18:06:20,942][src.cue_accumulation.train_cue_accumulation][INFO] - train epoch 135 loss 0.0861 accuracy 96.88
[2024-07-18 18:06:20,943][src.cue_accumulation.train_cue_accumulation][INFO] - 	 Starting Epoch:136 
[2024-07-18 18:06:22,004][src.cue_accumulation.train_cue_accumulation][INFO] - train epoch 136 loss 0.2799 accuracy 95.31
[2024-07-18 18:06:22,004][src.cue_accumulation.train_cue_accumulation][INFO] - 	 Starting Epoch:137 
[2024-07-18 18:06:23,063][src.cue_accumulation.train_cue_accumulation][INFO] - train epoch 137 loss 0.0855 accuracy 93.75
[2024-07-18 18:06:23,064][src.cue_accumulation.train_cue_accumulation][INFO] - 	 Starting Epoch:138 
[2024-07-18 18:06:24,121][src.cue_accumulation.train_cue_accumulation][INFO] - train epoch 138 loss 0.1633 accuracy 92.19
[2024-07-18 18:06:24,277][src.cue_accumulation.train_cue_accumulation][INFO] - 	 Starting Epoch:139 
[2024-07-18 18:06:25,338][src.cue_accumulation.train_cue_accumulation][INFO] - train epoch 139 loss 0.0710 accuracy 98.44
[2024-07-18 18:06:25,338][src.cue_accumulation.train_cue_accumulation][INFO] - 	 Starting Epoch:140 
[2024-07-18 18:06:26,401][src.cue_accumulation.train_cue_accumulation][INFO] - train epoch 140 loss 0.1532 accuracy 95.31
[2024-07-18 18:06:26,404][src.cue_accumulation.train_cue_accumulation][INFO] - 	 Starting Epoch:141 
[2024-07-18 18:06:27,462][src.cue_accumulation.train_cue_accumulation][INFO] - train epoch 141 loss 0.1793 accuracy 93.75
[2024-07-18 18:06:27,463][src.cue_accumulation.train_cue_accumulation][INFO] - 	 Starting Epoch:142 
[2024-07-18 18:06:28,522][src.cue_accumulation.train_cue_accumulation][INFO] - train epoch 142 loss 0.1588 accuracy 92.19
[2024-07-18 18:06:28,522][src.cue_accumulation.train_cue_accumulation][INFO] - 	 Starting Epoch:143 
[2024-07-18 18:06:29,585][src.cue_accumulation.train_cue_accumulation][INFO] - train epoch 143 loss 0.1839 accuracy 92.19
[2024-07-18 18:06:29,586][src.cue_accumulation.train_cue_accumulation][INFO] - 	 Starting Epoch:144 
[2024-07-18 18:06:30,649][src.cue_accumulation.train_cue_accumulation][INFO] - train epoch 144 loss 0.1054 accuracy 95.31
[2024-07-18 18:06:30,738][src.cue_accumulation.train_cue_accumulation][INFO] - 	 Starting Epoch:145 
[2024-07-18 18:06:31,783][src.cue_accumulation.train_cue_accumulation][INFO] - train epoch 145 loss 0.1008 accuracy 95.31
[2024-07-18 18:06:31,783][src.cue_accumulation.train_cue_accumulation][INFO] - 	 Starting Epoch:146 
[2024-07-18 18:06:32,820][src.cue_accumulation.train_cue_accumulation][INFO] - train epoch 146 loss 0.0505 accuracy 98.44
[2024-07-18 18:06:32,820][src.cue_accumulation.train_cue_accumulation][INFO] - 	 Starting Epoch:147 
[2024-07-18 18:06:33,856][src.cue_accumulation.train_cue_accumulation][INFO] - train epoch 147 loss 0.2511 accuracy 93.75
[2024-07-18 18:06:33,859][src.cue_accumulation.train_cue_accumulation][INFO] - 	 Starting Epoch:148 
[2024-07-18 18:06:34,890][src.cue_accumulation.train_cue_accumulation][INFO] - train epoch 148 loss 0.2442 accuracy 90.62
[2024-07-18 18:06:34,891][src.cue_accumulation.train_cue_accumulation][INFO] - 	 Starting Epoch:149 
[2024-07-18 18:06:35,925][src.cue_accumulation.train_cue_accumulation][INFO] - train epoch 149 loss 0.1575 accuracy 95.31
[2024-07-18 18:06:35,926][src.cue_accumulation.train_cue_accumulation][INFO] - 	 Starting Epoch:150 
[2024-07-18 18:06:36,963][src.cue_accumulation.train_cue_accumulation][INFO] - train epoch 150 loss 0.1680 accuracy 95.31
[2024-07-18 18:06:37,068][src.cue_accumulation.train_cue_accumulation][INFO] - 	 Starting Epoch:151 
[2024-07-18 18:06:38,152][src.cue_accumulation.train_cue_accumulation][INFO] - train epoch 151 loss 0.2549 accuracy 90.62
[2024-07-18 18:06:43,327][src.cue_accumulation.train_cue_accumulation][INFO] - eval  epoch 151 loss 0.2343 accuracy 91.41
[2024-07-18 18:06:43,823][src.cue_accumulation.train_cue_accumulation][INFO] - 	 Starting Epoch:152 
[2024-07-18 18:06:44,854][src.cue_accumulation.train_cue_accumulation][INFO] - train epoch 152 loss 0.3655 accuracy 87.50
[2024-07-18 18:06:44,855][src.cue_accumulation.train_cue_accumulation][INFO] - 	 Starting Epoch:153 
[2024-07-18 18:06:45,888][src.cue_accumulation.train_cue_accumulation][INFO] - train epoch 153 loss 0.1810 accuracy 92.19
[2024-07-18 18:06:45,889][src.cue_accumulation.train_cue_accumulation][INFO] - 	 Starting Epoch:154 
[2024-07-18 18:06:46,926][src.cue_accumulation.train_cue_accumulation][INFO] - train epoch 154 loss 0.1629 accuracy 92.19
[2024-07-18 18:06:46,927][src.cue_accumulation.train_cue_accumulation][INFO] - 	 Starting Epoch:155 
[2024-07-18 18:06:47,963][src.cue_accumulation.train_cue_accumulation][INFO] - train epoch 155 loss 0.0782 accuracy 98.44
[2024-07-18 18:06:47,964][src.cue_accumulation.train_cue_accumulation][INFO] - 	 Starting Epoch:156 
[2024-07-18 18:06:49,001][src.cue_accumulation.train_cue_accumulation][INFO] - train epoch 156 loss 0.1244 accuracy 96.88
[2024-07-18 18:06:49,001][src.cue_accumulation.train_cue_accumulation][INFO] - 	 Starting Epoch:157 
[2024-07-18 18:06:50,035][src.cue_accumulation.train_cue_accumulation][INFO] - train epoch 157 loss 0.1865 accuracy 89.06
[2024-07-18 18:06:50,299][src.cue_accumulation.train_cue_accumulation][INFO] - 	 Starting Epoch:158 
[2024-07-18 18:06:51,338][src.cue_accumulation.train_cue_accumulation][INFO] - train epoch 158 loss 0.2867 accuracy 92.19
[2024-07-18 18:06:51,341][src.cue_accumulation.train_cue_accumulation][INFO] - 	 Starting Epoch:159 
[2024-07-18 18:06:52,375][src.cue_accumulation.train_cue_accumulation][INFO] - train epoch 159 loss 0.1718 accuracy 92.19
[2024-07-18 18:06:52,375][src.cue_accumulation.train_cue_accumulation][INFO] - 	 Starting Epoch:160 
[2024-07-18 18:06:53,407][src.cue_accumulation.train_cue_accumulation][INFO] - train epoch 160 loss 0.1092 accuracy 93.75
[2024-07-18 18:06:53,408][src.cue_accumulation.train_cue_accumulation][INFO] - 	 Starting Epoch:161 
[2024-07-18 18:06:54,444][src.cue_accumulation.train_cue_accumulation][INFO] - train epoch 161 loss 0.0830 accuracy 96.88
[2024-07-18 18:06:54,444][src.cue_accumulation.train_cue_accumulation][INFO] - 	 Starting Epoch:162 
[2024-07-18 18:06:55,480][src.cue_accumulation.train_cue_accumulation][INFO] - train epoch 162 loss 0.1403 accuracy 98.44
[2024-07-18 18:06:55,480][src.cue_accumulation.train_cue_accumulation][INFO] - 	 Starting Epoch:163 
[2024-07-18 18:06:56,515][src.cue_accumulation.train_cue_accumulation][INFO] - train epoch 163 loss 0.0626 accuracy 96.88
[2024-07-18 18:06:56,846][src.cue_accumulation.train_cue_accumulation][INFO] - 	 Starting Epoch:164 
[2024-07-18 18:06:57,881][src.cue_accumulation.train_cue_accumulation][INFO] - train epoch 164 loss 0.1416 accuracy 93.75
[2024-07-18 18:06:57,882][src.cue_accumulation.train_cue_accumulation][INFO] - 	 Starting Epoch:165 
[2024-07-18 18:06:58,921][src.cue_accumulation.train_cue_accumulation][INFO] - train epoch 165 loss 0.2032 accuracy 90.62
[2024-07-18 18:06:58,925][src.cue_accumulation.train_cue_accumulation][INFO] - 	 Starting Epoch:166 
[2024-07-18 18:06:59,957][src.cue_accumulation.train_cue_accumulation][INFO] - train epoch 166 loss 0.2187 accuracy 93.75
[2024-07-18 18:06:59,958][src.cue_accumulation.train_cue_accumulation][INFO] - 	 Starting Epoch:167 
[2024-07-18 18:07:00,993][src.cue_accumulation.train_cue_accumulation][INFO] - train epoch 167 loss 0.2394 accuracy 90.62
[2024-07-18 18:07:00,993][src.cue_accumulation.train_cue_accumulation][INFO] - 	 Starting Epoch:168 
[2024-07-18 18:07:02,053][src.cue_accumulation.train_cue_accumulation][INFO] - train epoch 168 loss 0.1721 accuracy 92.19
[2024-07-18 18:07:02,054][src.cue_accumulation.train_cue_accumulation][INFO] - 	 Starting Epoch:169 
[2024-07-18 18:07:03,116][src.cue_accumulation.train_cue_accumulation][INFO] - train epoch 169 loss 0.1241 accuracy 96.88
[2024-07-18 18:07:03,414][src.cue_accumulation.train_cue_accumulation][INFO] - 	 Starting Epoch:170 
[2024-07-18 18:07:04,583][src.cue_accumulation.train_cue_accumulation][INFO] - train epoch 170 loss 0.1752 accuracy 93.75
[2024-07-18 18:07:04,584][src.cue_accumulation.train_cue_accumulation][INFO] - 	 Starting Epoch:171 
[2024-07-18 18:07:05,645][src.cue_accumulation.train_cue_accumulation][INFO] - train epoch 171 loss 0.0698 accuracy 98.44
[2024-07-18 18:07:05,645][src.cue_accumulation.train_cue_accumulation][INFO] - 	 Starting Epoch:172 
[2024-07-18 18:07:06,708][src.cue_accumulation.train_cue_accumulation][INFO] - train epoch 172 loss 0.0927 accuracy 96.88
[2024-07-18 18:07:06,712][src.cue_accumulation.train_cue_accumulation][INFO] - 	 Starting Epoch:173 
[2024-07-18 18:07:07,770][src.cue_accumulation.train_cue_accumulation][INFO] - train epoch 173 loss 0.0890 accuracy 96.88
[2024-07-18 18:07:07,771][src.cue_accumulation.train_cue_accumulation][INFO] - 	 Starting Epoch:174 
[2024-07-18 18:07:08,829][src.cue_accumulation.train_cue_accumulation][INFO] - train epoch 174 loss 0.2966 accuracy 87.50
[2024-07-18 18:07:08,829][src.cue_accumulation.train_cue_accumulation][INFO] - 	 Starting Epoch:175 
[2024-07-18 18:07:09,884][src.cue_accumulation.train_cue_accumulation][INFO] - train epoch 175 loss 0.0712 accuracy 98.44
[2024-07-18 18:07:10,041][src.cue_accumulation.train_cue_accumulation][INFO] - 	 Starting Epoch:176 
[2024-07-18 18:07:11,100][src.cue_accumulation.train_cue_accumulation][INFO] - train epoch 176 loss 0.0516 accuracy 98.44
[2024-07-18 18:07:16,526][src.cue_accumulation.train_cue_accumulation][INFO] - eval  epoch 176 loss 0.1266 accuracy 94.92
[2024-07-18 18:07:16,641][src.cue_accumulation.train_cue_accumulation][INFO] - 	 Starting Epoch:177 
[2024-07-18 18:07:17,697][src.cue_accumulation.train_cue_accumulation][INFO] - train epoch 177 loss 0.1407 accuracy 95.31
[2024-07-18 18:07:17,698][src.cue_accumulation.train_cue_accumulation][INFO] - 	 Starting Epoch:178 
[2024-07-18 18:07:18,754][src.cue_accumulation.train_cue_accumulation][INFO] - train epoch 178 loss 0.2442 accuracy 90.62
[2024-07-18 18:07:18,755][src.cue_accumulation.train_cue_accumulation][INFO] - 	 Starting Epoch:179 
[2024-07-18 18:07:19,812][src.cue_accumulation.train_cue_accumulation][INFO] - train epoch 179 loss 0.1255 accuracy 98.44
[2024-07-18 18:07:19,812][src.cue_accumulation.train_cue_accumulation][INFO] - 	 Starting Epoch:180 
[2024-07-18 18:07:20,870][src.cue_accumulation.train_cue_accumulation][INFO] - train epoch 180 loss 0.0925 accuracy 96.88
[2024-07-18 18:07:20,870][src.cue_accumulation.train_cue_accumulation][INFO] - 	 Starting Epoch:181 
[2024-07-18 18:07:21,929][src.cue_accumulation.train_cue_accumulation][INFO] - train epoch 181 loss 0.0869 accuracy 95.31
[2024-07-18 18:07:21,930][src.cue_accumulation.train_cue_accumulation][INFO] - 	 Starting Epoch:182 
[2024-07-18 18:07:22,986][src.cue_accumulation.train_cue_accumulation][INFO] - train epoch 182 loss 0.0677 accuracy 100.00
[2024-07-18 18:07:23,156][src.cue_accumulation.train_cue_accumulation][INFO] - 	 Starting Epoch:183 
[2024-07-18 18:07:24,216][src.cue_accumulation.train_cue_accumulation][INFO] - train epoch 183 loss 0.0667 accuracy 98.44
[2024-07-18 18:07:24,219][src.cue_accumulation.train_cue_accumulation][INFO] - 	 Starting Epoch:184 
[2024-07-18 18:07:25,274][src.cue_accumulation.train_cue_accumulation][INFO] - train epoch 184 loss 0.0994 accuracy 96.88
[2024-07-18 18:07:25,275][src.cue_accumulation.train_cue_accumulation][INFO] - 	 Starting Epoch:185 
[2024-07-18 18:07:26,330][src.cue_accumulation.train_cue_accumulation][INFO] - train epoch 185 loss 0.0419 accuracy 100.00
[2024-07-18 18:07:26,330][src.cue_accumulation.train_cue_accumulation][INFO] - 	 Starting Epoch:186 
[2024-07-18 18:07:27,387][src.cue_accumulation.train_cue_accumulation][INFO] - train epoch 186 loss 0.2134 accuracy 92.19
[2024-07-18 18:07:27,388][src.cue_accumulation.train_cue_accumulation][INFO] - 	 Starting Epoch:187 
[2024-07-18 18:07:28,444][src.cue_accumulation.train_cue_accumulation][INFO] - train epoch 187 loss 0.2106 accuracy 93.75
[2024-07-18 18:07:28,445][src.cue_accumulation.train_cue_accumulation][INFO] - 	 Starting Epoch:188 
[2024-07-18 18:07:29,502][src.cue_accumulation.train_cue_accumulation][INFO] - train epoch 188 loss 0.1561 accuracy 92.19
[2024-07-18 18:07:29,528][src.cue_accumulation.train_cue_accumulation][INFO] - 	 Starting Epoch:189 
[2024-07-18 18:07:30,586][src.cue_accumulation.train_cue_accumulation][INFO] - train epoch 189 loss 0.1668 accuracy 92.19
[2024-07-18 18:07:30,587][src.cue_accumulation.train_cue_accumulation][INFO] - 	 Starting Epoch:190 
[2024-07-18 18:07:31,632][src.cue_accumulation.train_cue_accumulation][INFO] - train epoch 190 loss 0.1947 accuracy 92.19
[2024-07-18 18:07:31,635][src.cue_accumulation.train_cue_accumulation][INFO] - 	 Starting Epoch:191 
[2024-07-18 18:07:32,668][src.cue_accumulation.train_cue_accumulation][INFO] - train epoch 191 loss 0.0599 accuracy 98.44
[2024-07-18 18:07:32,668][src.cue_accumulation.train_cue_accumulation][INFO] - 	 Starting Epoch:192 
[2024-07-18 18:07:33,696][src.cue_accumulation.train_cue_accumulation][INFO] - train epoch 192 loss 0.1038 accuracy 96.88
[2024-07-18 18:07:33,697][src.cue_accumulation.train_cue_accumulation][INFO] - 	 Starting Epoch:193 
[2024-07-18 18:07:34,725][src.cue_accumulation.train_cue_accumulation][INFO] - train epoch 193 loss 0.1929 accuracy 92.19
[2024-07-18 18:07:34,726][src.cue_accumulation.train_cue_accumulation][INFO] - 	 Starting Epoch:194 
[2024-07-18 18:07:35,755][src.cue_accumulation.train_cue_accumulation][INFO] - train epoch 194 loss 0.1642 accuracy 93.75
[2024-07-18 18:07:35,898][src.cue_accumulation.train_cue_accumulation][INFO] - 	 Starting Epoch:195 
[2024-07-18 18:07:36,931][src.cue_accumulation.train_cue_accumulation][INFO] - train epoch 195 loss 0.2963 accuracy 92.19
[2024-07-18 18:07:36,932][src.cue_accumulation.train_cue_accumulation][INFO] - 	 Starting Epoch:196 
[2024-07-18 18:07:37,964][src.cue_accumulation.train_cue_accumulation][INFO] - train epoch 196 loss 0.1311 accuracy 95.31
[2024-07-18 18:07:37,964][src.cue_accumulation.train_cue_accumulation][INFO] - 	 Starting Epoch:197 
[2024-07-18 18:07:38,995][src.cue_accumulation.train_cue_accumulation][INFO] - train epoch 197 loss 0.0644 accuracy 100.00
[2024-07-18 18:07:38,999][src.cue_accumulation.train_cue_accumulation][INFO] - 	 Starting Epoch:198 
[2024-07-18 18:07:40,024][src.cue_accumulation.train_cue_accumulation][INFO] - train epoch 198 loss 0.0514 accuracy 98.44
[2024-07-18 18:07:40,025][src.cue_accumulation.train_cue_accumulation][INFO] - 	 Starting Epoch:199 
[2024-07-18 18:07:41,056][src.cue_accumulation.train_cue_accumulation][INFO] - train epoch 199 loss 0.1733 accuracy 92.19
[2024-07-18 18:07:41,057][src.cue_accumulation.train_cue_accumulation][INFO] - 	 Starting Epoch:200 
[2024-07-18 18:07:42,086][src.cue_accumulation.train_cue_accumulation][INFO] - train epoch 200 loss 0.1963 accuracy 95.31
[2024-07-18 18:07:42,239][src.cue_accumulation.train_cue_accumulation][INFO] - 	 Starting Epoch:201 
[2024-07-18 18:07:43,354][src.cue_accumulation.train_cue_accumulation][INFO] - train epoch 201 loss 0.2234 accuracy 92.19
[2024-07-18 18:07:48,488][src.cue_accumulation.train_cue_accumulation][INFO] - eval  epoch 201 loss 0.1700 accuracy 92.38
[2024-07-18 18:07:48,651][src.cue_accumulation.train_cue_accumulation][INFO] - 	 Starting Epoch:202 
[2024-07-18 18:07:49,681][src.cue_accumulation.train_cue_accumulation][INFO] - train epoch 202 loss 0.2695 accuracy 85.94
[2024-07-18 18:07:49,682][src.cue_accumulation.train_cue_accumulation][INFO] - 	 Starting Epoch:203 
[2024-07-18 18:07:50,710][src.cue_accumulation.train_cue_accumulation][INFO] - train epoch 203 loss 0.4662 accuracy 84.38
[2024-07-18 18:07:50,710][src.cue_accumulation.train_cue_accumulation][INFO] - 	 Starting Epoch:204 
[2024-07-18 18:07:51,740][src.cue_accumulation.train_cue_accumulation][INFO] - train epoch 204 loss 0.1705 accuracy 95.31
[2024-07-18 18:07:51,741][src.cue_accumulation.train_cue_accumulation][INFO] - 	 Starting Epoch:205 
[2024-07-18 18:07:52,770][src.cue_accumulation.train_cue_accumulation][INFO] - train epoch 205 loss 0.1544 accuracy 93.75
[2024-07-18 18:07:52,771][src.cue_accumulation.train_cue_accumulation][INFO] - 	 Starting Epoch:206 
[2024-07-18 18:07:53,804][src.cue_accumulation.train_cue_accumulation][INFO] - train epoch 206 loss 0.1718 accuracy 92.19
[2024-07-18 18:07:53,804][src.cue_accumulation.train_cue_accumulation][INFO] - 	 Starting Epoch:207 
[2024-07-18 18:07:54,835][src.cue_accumulation.train_cue_accumulation][INFO] - train epoch 207 loss 0.1816 accuracy 95.31
[2024-07-18 18:07:55,054][src.cue_accumulation.train_cue_accumulation][INFO] - 	 Starting Epoch:208 
[2024-07-18 18:07:56,084][src.cue_accumulation.train_cue_accumulation][INFO] - train epoch 208 loss 0.0903 accuracy 95.31
[2024-07-18 18:07:56,088][src.cue_accumulation.train_cue_accumulation][INFO] - 	 Starting Epoch:209 
[2024-07-18 18:07:57,114][src.cue_accumulation.train_cue_accumulation][INFO] - train epoch 209 loss 0.2948 accuracy 84.38
[2024-07-18 18:07:57,115][src.cue_accumulation.train_cue_accumulation][INFO] - 	 Starting Epoch:210 
[2024-07-18 18:07:58,141][src.cue_accumulation.train_cue_accumulation][INFO] - train epoch 210 loss 0.1695 accuracy 89.06
[2024-07-18 18:07:58,142][src.cue_accumulation.train_cue_accumulation][INFO] - 	 Starting Epoch:211 
[2024-07-18 18:07:59,171][src.cue_accumulation.train_cue_accumulation][INFO] - train epoch 211 loss 0.1769 accuracy 96.88
[2024-07-18 18:07:59,172][src.cue_accumulation.train_cue_accumulation][INFO] - 	 Starting Epoch:212 
[2024-07-18 18:08:00,203][src.cue_accumulation.train_cue_accumulation][INFO] - train epoch 212 loss 0.1685 accuracy 92.19
[2024-07-18 18:08:00,204][src.cue_accumulation.train_cue_accumulation][INFO] - 	 Starting Epoch:213 
[2024-07-18 18:08:01,233][src.cue_accumulation.train_cue_accumulation][INFO] - train epoch 213 loss 0.1300 accuracy 93.75
[2024-07-18 18:08:01,523][src.cue_accumulation.train_cue_accumulation][INFO] - 	 Starting Epoch:214 
[2024-07-18 18:08:02,595][src.cue_accumulation.train_cue_accumulation][INFO] - train epoch 214 loss 0.1876 accuracy 93.75
[2024-07-18 18:08:02,596][src.cue_accumulation.train_cue_accumulation][INFO] - 	 Starting Epoch:215 
[2024-07-18 18:08:03,654][src.cue_accumulation.train_cue_accumulation][INFO] - train epoch 215 loss 0.1633 accuracy 92.19
[2024-07-18 18:08:03,657][src.cue_accumulation.train_cue_accumulation][INFO] - 	 Starting Epoch:216 
[2024-07-18 18:08:04,712][src.cue_accumulation.train_cue_accumulation][INFO] - train epoch 216 loss 0.1941 accuracy 90.62
[2024-07-18 18:08:04,713][src.cue_accumulation.train_cue_accumulation][INFO] - 	 Starting Epoch:217 
[2024-07-18 18:08:05,767][src.cue_accumulation.train_cue_accumulation][INFO] - train epoch 217 loss 0.2371 accuracy 90.62
[2024-07-18 18:08:05,768][src.cue_accumulation.train_cue_accumulation][INFO] - 	 Starting Epoch:218 
[2024-07-18 18:08:06,822][src.cue_accumulation.train_cue_accumulation][INFO] - train epoch 218 loss 0.1131 accuracy 95.31
[2024-07-18 18:08:06,823][src.cue_accumulation.train_cue_accumulation][INFO] - 	 Starting Epoch:219 
[2024-07-18 18:08:07,878][src.cue_accumulation.train_cue_accumulation][INFO] - train epoch 219 loss 0.1620 accuracy 92.19
[2024-07-18 18:08:08,253][src.cue_accumulation.train_cue_accumulation][INFO] - 	 Starting Epoch:220 
[2024-07-18 18:08:09,309][src.cue_accumulation.train_cue_accumulation][INFO] - train epoch 220 loss 0.2590 accuracy 87.50
[2024-07-18 18:08:09,309][src.cue_accumulation.train_cue_accumulation][INFO] - 	 Starting Epoch:221 
[2024-07-18 18:08:10,364][src.cue_accumulation.train_cue_accumulation][INFO] - train epoch 221 loss 0.1962 accuracy 93.75
[2024-07-18 18:08:10,365][src.cue_accumulation.train_cue_accumulation][INFO] - 	 Starting Epoch:222 
[2024-07-18 18:08:11,421][src.cue_accumulation.train_cue_accumulation][INFO] - train epoch 222 loss 0.0934 accuracy 96.88
[2024-07-18 18:08:11,424][src.cue_accumulation.train_cue_accumulation][INFO] - 	 Starting Epoch:223 
[2024-07-18 18:08:12,479][src.cue_accumulation.train_cue_accumulation][INFO] - train epoch 223 loss 0.0852 accuracy 96.88
[2024-07-18 18:08:12,480][src.cue_accumulation.train_cue_accumulation][INFO] - 	 Starting Epoch:224 
[2024-07-18 18:08:13,536][src.cue_accumulation.train_cue_accumulation][INFO] - train epoch 224 loss 0.1233 accuracy 95.31
[2024-07-18 18:08:13,537][src.cue_accumulation.train_cue_accumulation][INFO] - 	 Starting Epoch:225 
[2024-07-18 18:08:14,595][src.cue_accumulation.train_cue_accumulation][INFO] - train epoch 225 loss 0.0729 accuracy 96.88
[2024-07-18 18:08:14,685][src.cue_accumulation.train_cue_accumulation][INFO] - 	 Starting Epoch:226 
[2024-07-18 18:08:15,745][src.cue_accumulation.train_cue_accumulation][INFO] - train epoch 226 loss 0.1337 accuracy 95.31
[2024-07-18 18:08:21,174][src.cue_accumulation.train_cue_accumulation][INFO] - eval  epoch 226 loss 0.1112 accuracy 95.90
[2024-07-18 18:08:27,210][src.cue_accumulation.train_cue_accumulation][INFO] - eval  epoch 226 loss 0.1324 accuracy 95.51
[2024-07-18 18:08:33,959][src.cue_accumulation.train_cue_accumulation][INFO] - eval  epoch 226 loss 0.1693 accuracy 94.73
[2024-07-18 18:08:33,970][src.cue_accumulation.train_cue_accumulation][INFO] - 	 Starting Epoch:227 
[2024-07-18 18:08:34,998][src.cue_accumulation.train_cue_accumulation][INFO] - train epoch 227 loss 0.1253 accuracy 95.31
[2024-07-18 18:08:35,009][src.cue_accumulation.train_cue_accumulation][INFO] - 	 Starting Epoch:228 
[2024-07-18 18:08:36,041][src.cue_accumulation.train_cue_accumulation][INFO] - train epoch 228 loss 0.0306 accuracy 100.00
[2024-07-18 18:08:36,042][src.cue_accumulation.train_cue_accumulation][INFO] - 	 Starting Epoch:229 
[2024-07-18 18:08:37,070][src.cue_accumulation.train_cue_accumulation][INFO] - train epoch 229 loss 0.2854 accuracy 90.62
[2024-07-18 18:08:37,071][src.cue_accumulation.train_cue_accumulation][INFO] - 	 Starting Epoch:230 
[2024-07-18 18:08:38,096][src.cue_accumulation.train_cue_accumulation][INFO] - train epoch 230 loss 0.1736 accuracy 93.75
[2024-07-18 18:08:38,097][src.cue_accumulation.train_cue_accumulation][INFO] - 	 Starting Epoch:231 
[2024-07-18 18:08:39,123][src.cue_accumulation.train_cue_accumulation][INFO] - train epoch 231 loss 0.1600 accuracy 96.88
[2024-07-18 18:08:39,123][src.cue_accumulation.train_cue_accumulation][INFO] - 	 Starting Epoch:232 
[2024-07-18 18:08:40,148][src.cue_accumulation.train_cue_accumulation][INFO] - train epoch 232 loss 0.1515 accuracy 93.75
[2024-07-18 18:08:40,222][src.cue_accumulation.train_cue_accumulation][INFO] - 	 Starting Epoch:233 
[2024-07-18 18:08:41,245][src.cue_accumulation.train_cue_accumulation][INFO] - train epoch 233 loss 0.3903 accuracy 89.06
[2024-07-18 18:08:41,342][src.cue_accumulation.train_cue_accumulation][INFO] - 	 Starting Epoch:234 
[2024-07-18 18:08:42,367][src.cue_accumulation.train_cue_accumulation][INFO] - train epoch 234 loss 0.1883 accuracy 92.19
[2024-07-18 18:08:42,368][src.cue_accumulation.train_cue_accumulation][INFO] - 	 Starting Epoch:235 
[2024-07-18 18:08:43,388][src.cue_accumulation.train_cue_accumulation][INFO] - train epoch 235 loss 0.1436 accuracy 93.75
[2024-07-18 18:08:43,388][src.cue_accumulation.train_cue_accumulation][INFO] - 	 Starting Epoch:236 
[2024-07-18 18:08:44,409][src.cue_accumulation.train_cue_accumulation][INFO] - train epoch 236 loss 0.1393 accuracy 93.75
[2024-07-18 18:08:44,410][src.cue_accumulation.train_cue_accumulation][INFO] - 	 Starting Epoch:237 
[2024-07-18 18:08:45,438][src.cue_accumulation.train_cue_accumulation][INFO] - train epoch 237 loss 0.1577 accuracy 92.19
[2024-07-18 18:08:45,438][src.cue_accumulation.train_cue_accumulation][INFO] - 	 Starting Epoch:238 
[2024-07-18 18:08:46,462][src.cue_accumulation.train_cue_accumulation][INFO] - train epoch 238 loss 0.2282 accuracy 93.75
[2024-07-18 18:08:46,478][src.cue_accumulation.train_cue_accumulation][INFO] - 	 Starting Epoch:239 
[2024-07-18 18:08:47,502][src.cue_accumulation.train_cue_accumulation][INFO] - train epoch 239 loss 0.2131 accuracy 93.75
[2024-07-18 18:08:48,021][src.cue_accumulation.train_cue_accumulation][INFO] - 	 Starting Epoch:240 
[2024-07-18 18:08:49,048][src.cue_accumulation.train_cue_accumulation][INFO] - train epoch 240 loss 0.1015 accuracy 96.88
[2024-07-18 18:08:49,052][src.cue_accumulation.train_cue_accumulation][INFO] - 	 Starting Epoch:241 
[2024-07-18 18:08:50,076][src.cue_accumulation.train_cue_accumulation][INFO] - train epoch 241 loss 0.2068 accuracy 93.75
[2024-07-18 18:08:50,076][src.cue_accumulation.train_cue_accumulation][INFO] - 	 Starting Epoch:242 
[2024-07-18 18:08:51,089][src.cue_accumulation.train_cue_accumulation][INFO] - train epoch 242 loss 0.1703 accuracy 95.31
[2024-07-18 18:08:51,090][src.cue_accumulation.train_cue_accumulation][INFO] - 	 Starting Epoch:243 
[2024-07-18 18:08:52,100][src.cue_accumulation.train_cue_accumulation][INFO] - train epoch 243 loss 0.1473 accuracy 95.31
[2024-07-18 18:08:52,101][src.cue_accumulation.train_cue_accumulation][INFO] - 	 Starting Epoch:244 
[2024-07-18 18:08:53,120][src.cue_accumulation.train_cue_accumulation][INFO] - train epoch 244 loss 0.1405 accuracy 95.31
[2024-07-18 18:08:53,301][src.cue_accumulation.train_cue_accumulation][INFO] - 	 Starting Epoch:245 
[2024-07-18 18:08:54,329][src.cue_accumulation.train_cue_accumulation][INFO] - train epoch 245 loss 0.1980 accuracy 95.31
[2024-07-18 18:08:54,463][src.cue_accumulation.train_cue_accumulation][INFO] - 	 Starting Epoch:246 
[2024-07-18 18:08:55,488][src.cue_accumulation.train_cue_accumulation][INFO] - train epoch 246 loss 0.0685 accuracy 96.88
[2024-07-18 18:08:55,488][src.cue_accumulation.train_cue_accumulation][INFO] - 	 Starting Epoch:247 
[2024-07-18 18:08:56,515][src.cue_accumulation.train_cue_accumulation][INFO] - train epoch 247 loss 0.1289 accuracy 95.31
[2024-07-18 18:08:56,519][src.cue_accumulation.train_cue_accumulation][INFO] - 	 Starting Epoch:248 
[2024-07-18 18:08:57,544][src.cue_accumulation.train_cue_accumulation][INFO] - train epoch 248 loss 0.1190 accuracy 96.88
[2024-07-18 18:08:57,545][src.cue_accumulation.train_cue_accumulation][INFO] - 	 Starting Epoch:249 
[2024-07-18 18:08:58,567][src.cue_accumulation.train_cue_accumulation][INFO] - train epoch 249 loss 0.1273 accuracy 92.19
[2024-07-18 18:08:58,567][src.cue_accumulation.train_cue_accumulation][INFO] - 	 Starting Epoch:250 
[2024-07-18 18:08:59,587][src.cue_accumulation.train_cue_accumulation][INFO] - train epoch 250 loss 0.2025 accuracy 90.62
[2024-07-18 18:08:59,684][src.cue_accumulation.train_cue_accumulation][INFO] - 	 Starting Epoch:251 
[2024-07-18 18:09:00,713][src.cue_accumulation.train_cue_accumulation][INFO] - train epoch 251 loss 0.1422 accuracy 93.75
[2024-07-18 18:09:06,153][src.cue_accumulation.train_cue_accumulation][INFO] - eval  epoch 251 loss 0.1353 accuracy 95.12
[2024-07-18 18:09:12,427][src.cue_accumulation.train_cue_accumulation][INFO] - eval  epoch 251 loss 0.1061 accuracy 95.70
[2024-07-18 18:09:18,549][src.cue_accumulation.train_cue_accumulation][INFO] - eval  epoch 251 loss 0.1497 accuracy 92.97
[2024-07-18 18:09:18,741][src.cue_accumulation.train_cue_accumulation][INFO] - 	 Starting Epoch:252 
[2024-07-18 18:09:19,799][src.cue_accumulation.train_cue_accumulation][INFO] - train epoch 252 loss 0.0735 accuracy 96.88
[2024-07-18 18:09:19,800][src.cue_accumulation.train_cue_accumulation][INFO] - 	 Starting Epoch:253 
[2024-07-18 18:09:20,856][src.cue_accumulation.train_cue_accumulation][INFO] - train epoch 253 loss 0.0401 accuracy 98.44
[2024-07-18 18:09:20,857][src.cue_accumulation.train_cue_accumulation][INFO] - 	 Starting Epoch:254 
[2024-07-18 18:09:21,917][src.cue_accumulation.train_cue_accumulation][INFO] - train epoch 254 loss 0.2275 accuracy 92.19
[2024-07-18 18:09:21,918][src.cue_accumulation.train_cue_accumulation][INFO] - 	 Starting Epoch:255 
[2024-07-18 18:09:22,978][src.cue_accumulation.train_cue_accumulation][INFO] - train epoch 255 loss 0.1015 accuracy 95.31
[2024-07-18 18:09:22,979][src.cue_accumulation.train_cue_accumulation][INFO] - 	 Starting Epoch:256 
[2024-07-18 18:09:24,037][src.cue_accumulation.train_cue_accumulation][INFO] - train epoch 256 loss 0.1668 accuracy 93.75
[2024-07-18 18:09:24,038][src.cue_accumulation.train_cue_accumulation][INFO] - 	 Starting Epoch:257 
[2024-07-18 18:09:25,093][src.cue_accumulation.train_cue_accumulation][INFO] - train epoch 257 loss 0.2407 accuracy 90.62
[2024-07-18 18:09:25,265][src.cue_accumulation.train_cue_accumulation][INFO] - 	 Starting Epoch:258 
[2024-07-18 18:09:26,326][src.cue_accumulation.train_cue_accumulation][INFO] - train epoch 258 loss 0.1557 accuracy 89.06
[2024-07-18 18:09:26,330][src.cue_accumulation.train_cue_accumulation][INFO] - 	 Starting Epoch:259 
[2024-07-18 18:09:27,385][src.cue_accumulation.train_cue_accumulation][INFO] - train epoch 259 loss 0.0548 accuracy 98.44
[2024-07-18 18:09:27,386][src.cue_accumulation.train_cue_accumulation][INFO] - 	 Starting Epoch:260 
[2024-07-18 18:09:28,446][src.cue_accumulation.train_cue_accumulation][INFO] - train epoch 260 loss 0.1228 accuracy 96.88
[2024-07-18 18:09:28,446][src.cue_accumulation.train_cue_accumulation][INFO] - 	 Starting Epoch:261 
[2024-07-18 18:09:29,507][src.cue_accumulation.train_cue_accumulation][INFO] - train epoch 261 loss 0.0558 accuracy 98.44
[2024-07-18 18:09:29,508][src.cue_accumulation.train_cue_accumulation][INFO] - 	 Starting Epoch:262 
[2024-07-18 18:09:30,570][src.cue_accumulation.train_cue_accumulation][INFO] - train epoch 262 loss 0.0631 accuracy 98.44
[2024-07-18 18:09:30,571][src.cue_accumulation.train_cue_accumulation][INFO] - 	 Starting Epoch:263 
[2024-07-18 18:09:31,619][src.cue_accumulation.train_cue_accumulation][INFO] - train epoch 263 loss 0.1509 accuracy 96.88
[2024-07-18 18:09:31,796][src.cue_accumulation.train_cue_accumulation][INFO] - 	 Starting Epoch:264 
[2024-07-18 18:09:32,834][src.cue_accumulation.train_cue_accumulation][INFO] - train epoch 264 loss 0.0262 accuracy 100.00
[2024-07-18 18:09:32,835][src.cue_accumulation.train_cue_accumulation][INFO] - 	 Starting Epoch:265 
[2024-07-18 18:09:33,869][src.cue_accumulation.train_cue_accumulation][INFO] - train epoch 265 loss 0.1471 accuracy 95.31
[2024-07-18 18:09:33,872][src.cue_accumulation.train_cue_accumulation][INFO] - 	 Starting Epoch:266 
[2024-07-18 18:09:34,904][src.cue_accumulation.train_cue_accumulation][INFO] - train epoch 266 loss 0.0332 accuracy 98.44
[2024-07-18 18:09:34,905][src.cue_accumulation.train_cue_accumulation][INFO] - 	 Starting Epoch:267 
[2024-07-18 18:09:35,939][src.cue_accumulation.train_cue_accumulation][INFO] - train epoch 267 loss 0.1641 accuracy 93.75
[2024-07-18 18:09:35,940][src.cue_accumulation.train_cue_accumulation][INFO] - 	 Starting Epoch:268 
[2024-07-18 18:09:36,975][src.cue_accumulation.train_cue_accumulation][INFO] - train epoch 268 loss 0.1203 accuracy 96.88
[2024-07-18 18:09:36,975][src.cue_accumulation.train_cue_accumulation][INFO] - 	 Starting Epoch:269 
[2024-07-18 18:09:38,011][src.cue_accumulation.train_cue_accumulation][INFO] - train epoch 269 loss 0.3503 accuracy 92.19
[2024-07-18 18:09:38,368][src.cue_accumulation.train_cue_accumulation][INFO] - 	 Starting Epoch:270 
[2024-07-18 18:09:39,403][src.cue_accumulation.train_cue_accumulation][INFO] - train epoch 270 loss 0.0962 accuracy 92.19
[2024-07-18 18:09:39,404][src.cue_accumulation.train_cue_accumulation][INFO] - 	 Starting Epoch:271 
[2024-07-18 18:09:40,439][src.cue_accumulation.train_cue_accumulation][INFO] - train epoch 271 loss 0.1504 accuracy 93.75
[2024-07-18 18:09:40,440][src.cue_accumulation.train_cue_accumulation][INFO] - 	 Starting Epoch:272 
[2024-07-18 18:09:41,475][src.cue_accumulation.train_cue_accumulation][INFO] - train epoch 272 loss 0.2520 accuracy 90.62
[2024-07-18 18:09:41,478][src.cue_accumulation.train_cue_accumulation][INFO] - 	 Starting Epoch:273 
[2024-07-18 18:09:42,507][src.cue_accumulation.train_cue_accumulation][INFO] - train epoch 273 loss 0.1628 accuracy 92.19
[2024-07-18 18:09:42,508][src.cue_accumulation.train_cue_accumulation][INFO] - 	 Starting Epoch:274 
[2024-07-18 18:09:43,539][src.cue_accumulation.train_cue_accumulation][INFO] - train epoch 274 loss 0.1558 accuracy 96.88
[2024-07-18 18:09:43,540][src.cue_accumulation.train_cue_accumulation][INFO] - 	 Starting Epoch:275 
[2024-07-18 18:09:44,574][src.cue_accumulation.train_cue_accumulation][INFO] - train epoch 275 loss 0.1708 accuracy 89.06
[2024-07-18 18:09:44,845][src.cue_accumulation.train_cue_accumulation][INFO] - 	 Starting Epoch:276 
[2024-07-18 18:09:45,879][src.cue_accumulation.train_cue_accumulation][INFO] - train epoch 276 loss 0.0534 accuracy 98.44
[2024-07-18 18:09:51,046][src.cue_accumulation.train_cue_accumulation][INFO] - eval  epoch 276 loss 0.0960 accuracy 96.09
[2024-07-18 18:09:56,973][src.cue_accumulation.train_cue_accumulation][INFO] - eval  epoch 276 loss 0.1171 accuracy 95.51
[2024-07-18 18:10:02,829][src.cue_accumulation.train_cue_accumulation][INFO] - eval  epoch 276 loss 0.1101 accuracy 94.92
[2024-07-18 18:10:02,831][src.cue_accumulation.train_cue_accumulation][INFO] - 	 Starting Epoch:277 
[2024-07-18 18:10:03,889][src.cue_accumulation.train_cue_accumulation][INFO] - train epoch 277 loss 0.0484 accuracy 98.44
[2024-07-18 18:10:04,050][src.cue_accumulation.train_cue_accumulation][INFO] - 	 Starting Epoch:278 
[2024-07-18 18:10:05,110][src.cue_accumulation.train_cue_accumulation][INFO] - train epoch 278 loss 0.0584 accuracy 96.88
[2024-07-18 18:10:05,110][src.cue_accumulation.train_cue_accumulation][INFO] - 	 Starting Epoch:279 
[2024-07-18 18:10:06,169][src.cue_accumulation.train_cue_accumulation][INFO] - train epoch 279 loss 0.1683 accuracy 93.75
[2024-07-18 18:10:06,170][src.cue_accumulation.train_cue_accumulation][INFO] - 	 Starting Epoch:280 
[2024-07-18 18:10:07,231][src.cue_accumulation.train_cue_accumulation][INFO] - train epoch 280 loss 0.1019 accuracy 95.31
[2024-07-18 18:10:07,232][src.cue_accumulation.train_cue_accumulation][INFO] - 	 Starting Epoch:281 
[2024-07-18 18:10:08,294][src.cue_accumulation.train_cue_accumulation][INFO] - train epoch 281 loss 0.0464 accuracy 98.44
[2024-07-18 18:10:08,295][src.cue_accumulation.train_cue_accumulation][INFO] - 	 Starting Epoch:282 
[2024-07-18 18:10:09,356][src.cue_accumulation.train_cue_accumulation][INFO] - train epoch 282 loss 0.1706 accuracy 93.75
[2024-07-18 18:10:09,356][src.cue_accumulation.train_cue_accumulation][INFO] - 	 Starting Epoch:283 
[2024-07-18 18:10:10,413][src.cue_accumulation.train_cue_accumulation][INFO] - train epoch 283 loss 0.1673 accuracy 93.75
[2024-07-18 18:10:10,527][src.cue_accumulation.train_cue_accumulation][INFO] - 	 Starting Epoch:284 
[2024-07-18 18:10:11,582][src.cue_accumulation.train_cue_accumulation][INFO] - train epoch 284 loss 0.0480 accuracy 98.44
[2024-07-18 18:10:11,582][src.cue_accumulation.train_cue_accumulation][INFO] - 	 Starting Epoch:285 
[2024-07-18 18:10:12,638][src.cue_accumulation.train_cue_accumulation][INFO] - train epoch 285 loss 0.1429 accuracy 95.31
[2024-07-18 18:10:12,638][src.cue_accumulation.train_cue_accumulation][INFO] - 	 Starting Epoch:286 
[2024-07-18 18:10:13,696][src.cue_accumulation.train_cue_accumulation][INFO] - train epoch 286 loss 0.1129 accuracy 93.75
[2024-07-18 18:10:13,696][src.cue_accumulation.train_cue_accumulation][INFO] - 	 Starting Epoch:287 
[2024-07-18 18:10:14,755][src.cue_accumulation.train_cue_accumulation][INFO] - train epoch 287 loss 0.1230 accuracy 93.75
[2024-07-18 18:10:14,755][src.cue_accumulation.train_cue_accumulation][INFO] - 	 Starting Epoch:288 
[2024-07-18 18:10:15,814][src.cue_accumulation.train_cue_accumulation][INFO] - train epoch 288 loss 0.1732 accuracy 95.31
[2024-07-18 18:10:15,814][src.cue_accumulation.train_cue_accumulation][INFO] - 	 Starting Epoch:289 
[2024-07-18 18:10:16,874][src.cue_accumulation.train_cue_accumulation][INFO] - train epoch 289 loss 0.1585 accuracy 95.31
[2024-07-18 18:10:16,886][src.cue_accumulation.train_cue_accumulation][INFO] - 	 Starting Epoch:290 
[2024-07-18 18:10:17,945][src.cue_accumulation.train_cue_accumulation][INFO] - train epoch 290 loss 0.0944 accuracy 93.75
[2024-07-18 18:10:17,948][src.cue_accumulation.train_cue_accumulation][INFO] - 	 Starting Epoch:291 
[2024-07-18 18:10:19,002][src.cue_accumulation.train_cue_accumulation][INFO] - train epoch 291 loss 0.0992 accuracy 95.31
[2024-07-18 18:10:19,003][src.cue_accumulation.train_cue_accumulation][INFO] - 	 Starting Epoch:292 
[2024-07-18 18:10:20,058][src.cue_accumulation.train_cue_accumulation][INFO] - train epoch 292 loss 0.1183 accuracy 96.88
[2024-07-18 18:10:20,058][src.cue_accumulation.train_cue_accumulation][INFO] - 	 Starting Epoch:293 
[2024-07-18 18:10:21,114][src.cue_accumulation.train_cue_accumulation][INFO] - train epoch 293 loss 0.1109 accuracy 98.44
[2024-07-18 18:10:21,115][src.cue_accumulation.train_cue_accumulation][INFO] - 	 Starting Epoch:294 
[2024-07-18 18:10:22,172][src.cue_accumulation.train_cue_accumulation][INFO] - train epoch 294 loss 0.0428 accuracy 98.44
[2024-07-18 18:10:22,173][src.cue_accumulation.train_cue_accumulation][INFO] - 	 Starting Epoch:295 
[2024-07-18 18:10:23,231][src.cue_accumulation.train_cue_accumulation][INFO] - train epoch 295 loss 0.1045 accuracy 96.88
[2024-07-18 18:10:23,407][src.cue_accumulation.train_cue_accumulation][INFO] - 	 Starting Epoch:296 
[2024-07-18 18:10:24,465][src.cue_accumulation.train_cue_accumulation][INFO] - train epoch 296 loss 0.1040 accuracy 96.88
[2024-07-18 18:10:24,466][src.cue_accumulation.train_cue_accumulation][INFO] - 	 Starting Epoch:297 
[2024-07-18 18:10:25,524][src.cue_accumulation.train_cue_accumulation][INFO] - train epoch 297 loss 0.1335 accuracy 96.88
[2024-07-18 18:10:25,527][src.cue_accumulation.train_cue_accumulation][INFO] - 	 Starting Epoch:298 
[2024-07-18 18:10:26,581][src.cue_accumulation.train_cue_accumulation][INFO] - train epoch 298 loss 0.2020 accuracy 95.31
[2024-07-18 18:10:26,582][src.cue_accumulation.train_cue_accumulation][INFO] - 	 Starting Epoch:299 
[2024-07-18 18:10:27,637][src.cue_accumulation.train_cue_accumulation][INFO] - train epoch 299 loss 0.2181 accuracy 90.62
[2024-07-18 18:10:27,638][src.cue_accumulation.train_cue_accumulation][INFO] - 	 Starting Epoch:300 
[2024-07-18 18:10:28,696][src.cue_accumulation.train_cue_accumulation][INFO] - train epoch 300 loss 0.0988 accuracy 93.75
[2024-07-18 18:10:28,696][src.cue_accumulation.train_cue_accumulation][INFO] - 	 Starting Epoch:301 
[2024-07-18 18:10:29,756][src.cue_accumulation.train_cue_accumulation][INFO] - train epoch 301 loss 0.0976 accuracy 98.44
[2024-07-18 18:10:35,378][src.cue_accumulation.train_cue_accumulation][INFO] - eval  epoch 301 loss 0.1171 accuracy 96.29
[2024-07-18 18:10:41,085][src.cue_accumulation.train_cue_accumulation][INFO] - eval  epoch 301 loss 0.1242 accuracy 95.70
[2024-07-18 18:10:46,786][src.cue_accumulation.train_cue_accumulation][INFO] - eval  epoch 301 loss 0.0976 accuracy 96.88
[2024-07-18 18:10:52,635][src.cue_accumulation.train_cue_accumulation][INFO] - eval  epoch 301 loss 0.1201 accuracy 94.92
[2024-07-18 18:10:52,638][src.cue_accumulation.train_cue_accumulation][INFO] - 	 Starting Epoch:302 
[2024-07-18 18:10:53,665][src.cue_accumulation.train_cue_accumulation][INFO] - train epoch 302 loss 0.2027 accuracy 93.75
[2024-07-18 18:10:53,744][src.cue_accumulation.train_cue_accumulation][INFO] - 	 Starting Epoch:303 
[2024-07-18 18:10:54,773][src.cue_accumulation.train_cue_accumulation][INFO] - train epoch 303 loss 0.1314 accuracy 96.88
[2024-07-18 18:10:54,774][src.cue_accumulation.train_cue_accumulation][INFO] - 	 Starting Epoch:304 
[2024-07-18 18:10:55,804][src.cue_accumulation.train_cue_accumulation][INFO] - train epoch 304 loss 0.1029 accuracy 96.88
[2024-07-18 18:10:55,804][src.cue_accumulation.train_cue_accumulation][INFO] - 	 Starting Epoch:305 
[2024-07-18 18:10:56,833][src.cue_accumulation.train_cue_accumulation][INFO] - train epoch 305 loss 0.1392 accuracy 95.31
[2024-07-18 18:10:56,834][src.cue_accumulation.train_cue_accumulation][INFO] - 	 Starting Epoch:306 
[2024-07-18 18:10:57,865][src.cue_accumulation.train_cue_accumulation][INFO] - train epoch 306 loss 0.0702 accuracy 96.88
[2024-07-18 18:10:57,866][src.cue_accumulation.train_cue_accumulation][INFO] - 	 Starting Epoch:307 
[2024-07-18 18:10:58,895][src.cue_accumulation.train_cue_accumulation][INFO] - train epoch 307 loss 0.2809 accuracy 85.94
[2024-07-18 18:10:59,023][src.cue_accumulation.train_cue_accumulation][INFO] - 	 Starting Epoch:308 
[2024-07-18 18:11:00,057][src.cue_accumulation.train_cue_accumulation][INFO] - train epoch 308 loss 0.1991 accuracy 92.19
[2024-07-18 18:11:00,145][src.cue_accumulation.train_cue_accumulation][INFO] - 	 Starting Epoch:309 
[2024-07-18 18:11:01,174][src.cue_accumulation.train_cue_accumulation][INFO] - train epoch 309 loss 0.1093 accuracy 93.75
[2024-07-18 18:11:01,175][src.cue_accumulation.train_cue_accumulation][INFO] - 	 Starting Epoch:310 
[2024-07-18 18:11:02,241][src.cue_accumulation.train_cue_accumulation][INFO] - train epoch 310 loss 0.1276 accuracy 96.88
[2024-07-18 18:11:02,241][src.cue_accumulation.train_cue_accumulation][INFO] - 	 Starting Epoch:311 
[2024-07-18 18:11:03,298][src.cue_accumulation.train_cue_accumulation][INFO] - train epoch 311 loss 0.0689 accuracy 96.88
[2024-07-18 18:11:03,299][src.cue_accumulation.train_cue_accumulation][INFO] - 	 Starting Epoch:312 
[2024-07-18 18:11:04,356][src.cue_accumulation.train_cue_accumulation][INFO] - train epoch 312 loss 0.2210 accuracy 90.62
[2024-07-18 18:11:04,357][src.cue_accumulation.train_cue_accumulation][INFO] - 	 Starting Epoch:313 
[2024-07-18 18:11:05,413][src.cue_accumulation.train_cue_accumulation][INFO] - train epoch 313 loss 0.1885 accuracy 92.19
[2024-07-18 18:11:05,419][src.cue_accumulation.train_cue_accumulation][INFO] - 	 Starting Epoch:314 
[2024-07-18 18:11:06,475][src.cue_accumulation.train_cue_accumulation][INFO] - train epoch 314 loss 0.1336 accuracy 93.75
[2024-07-18 18:11:06,662][src.cue_accumulation.train_cue_accumulation][INFO] - 	 Starting Epoch:315 
[2024-07-18 18:11:07,719][src.cue_accumulation.train_cue_accumulation][INFO] - train epoch 315 loss 0.1384 accuracy 92.19
[2024-07-18 18:11:07,722][src.cue_accumulation.train_cue_accumulation][INFO] - 	 Starting Epoch:316 
[2024-07-18 18:11:08,775][src.cue_accumulation.train_cue_accumulation][INFO] - train epoch 316 loss 0.2328 accuracy 92.19
[2024-07-18 18:11:08,776][src.cue_accumulation.train_cue_accumulation][INFO] - 	 Starting Epoch:317 
[2024-07-18 18:11:09,832][src.cue_accumulation.train_cue_accumulation][INFO] - train epoch 317 loss 0.1706 accuracy 95.31
[2024-07-18 18:11:09,832][src.cue_accumulation.train_cue_accumulation][INFO] - 	 Starting Epoch:318 
[2024-07-18 18:11:10,888][src.cue_accumulation.train_cue_accumulation][INFO] - train epoch 318 loss 0.1470 accuracy 92.19
[2024-07-18 18:11:10,889][src.cue_accumulation.train_cue_accumulation][INFO] - 	 Starting Epoch:319 
[2024-07-18 18:11:11,945][src.cue_accumulation.train_cue_accumulation][INFO] - train epoch 319 loss 0.1269 accuracy 93.75
[2024-07-18 18:11:12,042][src.cue_accumulation.train_cue_accumulation][INFO] - 	 Starting Epoch:320 
[2024-07-18 18:11:13,098][src.cue_accumulation.train_cue_accumulation][INFO] - train epoch 320 loss 0.1385 accuracy 96.88
[2024-07-18 18:11:13,194][src.cue_accumulation.train_cue_accumulation][INFO] - 	 Starting Epoch:321 
[2024-07-18 18:11:14,249][src.cue_accumulation.train_cue_accumulation][INFO] - train epoch 321 loss 0.0811 accuracy 96.88
[2024-07-18 18:11:14,250][src.cue_accumulation.train_cue_accumulation][INFO] - 	 Starting Epoch:322 
[2024-07-18 18:11:15,305][src.cue_accumulation.train_cue_accumulation][INFO] - train epoch 322 loss 0.0613 accuracy 98.44
[2024-07-18 18:11:15,309][src.cue_accumulation.train_cue_accumulation][INFO] - 	 Starting Epoch:323 
[2024-07-18 18:11:16,364][src.cue_accumulation.train_cue_accumulation][INFO] - train epoch 323 loss 0.0374 accuracy 98.44
[2024-07-18 18:11:16,365][src.cue_accumulation.train_cue_accumulation][INFO] - 	 Starting Epoch:324 
[2024-07-18 18:11:17,422][src.cue_accumulation.train_cue_accumulation][INFO] - train epoch 324 loss 0.0678 accuracy 96.88
[2024-07-18 18:11:17,423][src.cue_accumulation.train_cue_accumulation][INFO] - 	 Starting Epoch:325 
[2024-07-18 18:11:18,481][src.cue_accumulation.train_cue_accumulation][INFO] - train epoch 325 loss 0.0760 accuracy 98.44
[2024-07-18 18:11:18,623][src.cue_accumulation.train_cue_accumulation][INFO] - 	 Starting Epoch:326 
[2024-07-18 18:11:19,681][src.cue_accumulation.train_cue_accumulation][INFO] - train epoch 326 loss 0.0616 accuracy 96.88
[2024-07-18 18:11:25,792][src.cue_accumulation.train_cue_accumulation][INFO] - eval  epoch 326 loss 0.0832 accuracy 97.07
[2024-07-18 18:11:31,782][src.cue_accumulation.train_cue_accumulation][INFO] - eval  epoch 326 loss 0.0616 accuracy 97.85
[2024-07-18 18:11:37,632][src.cue_accumulation.train_cue_accumulation][INFO] - eval  epoch 326 loss 0.0916 accuracy 96.68
[2024-07-18 18:11:43,346][src.cue_accumulation.train_cue_accumulation][INFO] - eval  epoch 326 loss 0.0975 accuracy 96.29
[2024-07-18 18:11:43,347][src.cue_accumulation.train_cue_accumulation][INFO] - Met early stopping criteria, breaking at epoch 326
[2024-07-18 18:11:49,300][src.cue_accumulation.train_cue_accumulation][INFO] - firing rate eval set  average 23.6 max 52.5 min 0.0
