---------- JOB INFOS ------------
JobId=485060 JobName=run.sh
   UserId=mot736(4821) GroupId=martius(4062) MCS_label=N/A
   Priority=15091 Nice=0 Account=martius QOS=normal
   JobState=RUNNING Reason=None Dependency=(null)
   Requeue=1 Restarts=0 BatchFlag=1 Reboot=0 ExitCode=0:0
   RunTime=00:00:00 TimeLimit=03:00:00 TimeMin=N/A
   SubmitTime=2024-07-15T23:22:40 EligibleTime=2024-07-15T23:22:40
   AccrueTime=2024-07-15T23:22:40
   StartTime=2024-07-15T23:22:49 EndTime=2024-07-16T02:22:49 Deadline=N/A
   PreemptEligibleTime=2024-07-15T23:23:49 PreemptTime=None
   SuspendTime=None SecsPreSuspend=0 LastSchedEval=2024-07-15T23:22:49 Scheduler=Backfill
   Partition=2080-galvani AllocNode:Sid=galvani-slurmctl:1714417
   ReqNodeList=(null) ExcNodeList=(null)
   NodeList=galvani-cn104
   BatchHost=galvani-cn104
   NumNodes=1 NumCPUs=2 NumTasks=1 CPUs/Task=1 ReqB:S:C:T=0:0:*:*
   ReqTRES=cpu=1,mem=16G,node=1,billing=2,gres/gpu=1
   AllocTRES=cpu=2,mem=16G,node=1,billing=2,gres/gpu=1,gres/gpu:rtx2080ti=1
   Socks/Node=* NtasksPerN:B:S:C=0:0:*:* CoreSpec=*
   MinCPUsNode=1 MinMemoryNode=16G MinTmpDiskNode=0
   Features=(null) DelayBoot=00:00:00
   OverSubscribe=OK Contiguous=0 Licenses=(null) Network=(null)
   Command=/mnt/qb/work/martius/mot736/project/run.sh
   WorkDir=/mnt/qb/work/martius/mot736/project
   StdErr=/mnt/qb/work/martius/mot736/project/logs/datahostname_485060.err
   StdIn=/dev/null
   StdOut=/mnt/qb/work/martius/mot736/project/logs/hostname_485060.out
   Power=
   TresPerNode=gres:gpu:1
   MailUser=joao.barretto-bittar@student.uni-tuebingen.de MailType=INVALID_DEPEND,BEGIN,END,FAIL,REQUEUE,STAGE_OUT
   

---------------------------------
[2024-07-15 23:23:16,053][src.cue_accumulation.train_cue_accumulation][INFO] - Starting training...
[2024-07-15 23:23:16,055][src.cue_accumulation.train_cue_accumulation][INFO] - 	 Starting Epoch:1 
[2024-07-15 23:23:18,608][src.cue_accumulation.train_cue_accumulation][INFO] - train epoch 001 loss 0.7038 accuracy 56.25
[2024-07-15 23:23:24,992][src.cue_accumulation.train_cue_accumulation][INFO] - eval  epoch 001 loss 0.7127 accuracy 49.02
[2024-07-15 23:23:24,995][src.cue_accumulation.train_cue_accumulation][INFO] - 	 Starting Epoch:2 
[2024-07-15 23:23:26,135][src.cue_accumulation.train_cue_accumulation][INFO] - train epoch 002 loss 0.7156 accuracy 43.75
[2024-07-15 23:23:26,135][src.cue_accumulation.train_cue_accumulation][INFO] - 	 Starting Epoch:3 
[2024-07-15 23:23:27,251][src.cue_accumulation.train_cue_accumulation][INFO] - train epoch 003 loss 0.6985 accuracy 48.44
[2024-07-15 23:23:27,252][src.cue_accumulation.train_cue_accumulation][INFO] - 	 Starting Epoch:4 
[2024-07-15 23:23:28,376][src.cue_accumulation.train_cue_accumulation][INFO] - train epoch 004 loss 0.6933 accuracy 50.00
[2024-07-15 23:23:28,377][src.cue_accumulation.train_cue_accumulation][INFO] - 	 Starting Epoch:5 
[2024-07-15 23:23:29,505][src.cue_accumulation.train_cue_accumulation][INFO] - train epoch 005 loss 0.7100 accuracy 42.19
[2024-07-15 23:23:29,506][src.cue_accumulation.train_cue_accumulation][INFO] - 	 Starting Epoch:6 
[2024-07-15 23:23:30,630][src.cue_accumulation.train_cue_accumulation][INFO] - train epoch 006 loss 0.7064 accuracy 45.31
[2024-07-15 23:23:30,631][src.cue_accumulation.train_cue_accumulation][INFO] - 	 Starting Epoch:7 
[2024-07-15 23:23:31,733][src.cue_accumulation.train_cue_accumulation][INFO] - train epoch 007 loss 0.6995 accuracy 48.44
[2024-07-15 23:23:31,948][src.cue_accumulation.train_cue_accumulation][INFO] - 	 Starting Epoch:8 
[2024-07-15 23:23:33,037][src.cue_accumulation.train_cue_accumulation][INFO] - train epoch 008 loss 0.6844 accuracy 59.38
[2024-07-15 23:23:33,041][src.cue_accumulation.train_cue_accumulation][INFO] - 	 Starting Epoch:9 
[2024-07-15 23:23:34,123][src.cue_accumulation.train_cue_accumulation][INFO] - train epoch 009 loss 0.7003 accuracy 53.12
[2024-07-15 23:23:34,124][src.cue_accumulation.train_cue_accumulation][INFO] - 	 Starting Epoch:10 
[2024-07-15 23:23:35,201][src.cue_accumulation.train_cue_accumulation][INFO] - train epoch 010 loss 0.7087 accuracy 53.12
[2024-07-15 23:23:35,202][src.cue_accumulation.train_cue_accumulation][INFO] - 	 Starting Epoch:11 
[2024-07-15 23:23:36,281][src.cue_accumulation.train_cue_accumulation][INFO] - train epoch 011 loss 0.6733 accuracy 56.25
[2024-07-15 23:23:36,281][src.cue_accumulation.train_cue_accumulation][INFO] - 	 Starting Epoch:12 
[2024-07-15 23:23:37,369][src.cue_accumulation.train_cue_accumulation][INFO] - train epoch 012 loss 0.6895 accuracy 51.56
[2024-07-15 23:23:37,369][src.cue_accumulation.train_cue_accumulation][INFO] - 	 Starting Epoch:13 
[2024-07-15 23:23:38,466][src.cue_accumulation.train_cue_accumulation][INFO] - train epoch 013 loss 0.6865 accuracy 51.56
[2024-07-15 23:23:38,603][src.cue_accumulation.train_cue_accumulation][INFO] - 	 Starting Epoch:14 
[2024-07-15 23:23:39,697][src.cue_accumulation.train_cue_accumulation][INFO] - train epoch 014 loss 0.7059 accuracy 51.56
[2024-07-15 23:23:39,698][src.cue_accumulation.train_cue_accumulation][INFO] - 	 Starting Epoch:15 
[2024-07-15 23:23:40,791][src.cue_accumulation.train_cue_accumulation][INFO] - train epoch 015 loss 0.6778 accuracy 56.25
[2024-07-15 23:23:40,795][src.cue_accumulation.train_cue_accumulation][INFO] - 	 Starting Epoch:16 
[2024-07-15 23:23:41,884][src.cue_accumulation.train_cue_accumulation][INFO] - train epoch 016 loss 0.6896 accuracy 54.69
[2024-07-15 23:23:41,885][src.cue_accumulation.train_cue_accumulation][INFO] - 	 Starting Epoch:17 
[2024-07-15 23:23:42,973][src.cue_accumulation.train_cue_accumulation][INFO] - train epoch 017 loss 0.6944 accuracy 57.81
[2024-07-15 23:23:42,974][src.cue_accumulation.train_cue_accumulation][INFO] - 	 Starting Epoch:18 
[2024-07-15 23:23:44,059][src.cue_accumulation.train_cue_accumulation][INFO] - train epoch 018 loss 0.6874 accuracy 53.12
[2024-07-15 23:23:44,060][src.cue_accumulation.train_cue_accumulation][INFO] - 	 Starting Epoch:19 
[2024-07-15 23:23:45,153][src.cue_accumulation.train_cue_accumulation][INFO] - train epoch 019 loss 0.7011 accuracy 46.88
[2024-07-15 23:23:45,354][src.cue_accumulation.train_cue_accumulation][INFO] - 	 Starting Epoch:20 
[2024-07-15 23:23:46,442][src.cue_accumulation.train_cue_accumulation][INFO] - train epoch 020 loss 0.6785 accuracy 56.25
[2024-07-15 23:23:46,443][src.cue_accumulation.train_cue_accumulation][INFO] - 	 Starting Epoch:21 
[2024-07-15 23:23:47,541][src.cue_accumulation.train_cue_accumulation][INFO] - train epoch 021 loss 0.6836 accuracy 53.12
[2024-07-15 23:23:47,542][src.cue_accumulation.train_cue_accumulation][INFO] - 	 Starting Epoch:22 
[2024-07-15 23:23:48,633][src.cue_accumulation.train_cue_accumulation][INFO] - train epoch 022 loss 0.6898 accuracy 45.31
[2024-07-15 23:23:48,636][src.cue_accumulation.train_cue_accumulation][INFO] - 	 Starting Epoch:23 
[2024-07-15 23:23:49,726][src.cue_accumulation.train_cue_accumulation][INFO] - train epoch 023 loss 0.6832 accuracy 67.19
[2024-07-15 23:23:49,727][src.cue_accumulation.train_cue_accumulation][INFO] - 	 Starting Epoch:24 
[2024-07-15 23:23:50,811][src.cue_accumulation.train_cue_accumulation][INFO] - train epoch 024 loss 0.6739 accuracy 59.38
[2024-07-15 23:23:50,812][src.cue_accumulation.train_cue_accumulation][INFO] - 	 Starting Epoch:25 
[2024-07-15 23:23:51,905][src.cue_accumulation.train_cue_accumulation][INFO] - train epoch 025 loss 0.6597 accuracy 64.06
[2024-07-15 23:23:52,029][src.cue_accumulation.train_cue_accumulation][INFO] - 	 Starting Epoch:26 
[2024-07-15 23:23:53,118][src.cue_accumulation.train_cue_accumulation][INFO] - train epoch 026 loss 0.6829 accuracy 57.81
[2024-07-15 23:23:58,407][src.cue_accumulation.train_cue_accumulation][INFO] - eval  epoch 026 loss 0.6673 accuracy 61.72
[2024-07-15 23:23:58,546][src.cue_accumulation.train_cue_accumulation][INFO] - 	 Starting Epoch:27 
[2024-07-15 23:23:59,631][src.cue_accumulation.train_cue_accumulation][INFO] - train epoch 027 loss 0.6581 accuracy 64.06
[2024-07-15 23:23:59,632][src.cue_accumulation.train_cue_accumulation][INFO] - 	 Starting Epoch:28 
[2024-07-15 23:24:00,718][src.cue_accumulation.train_cue_accumulation][INFO] - train epoch 028 loss 0.6590 accuracy 65.62
[2024-07-15 23:24:00,719][src.cue_accumulation.train_cue_accumulation][INFO] - 	 Starting Epoch:29 
[2024-07-15 23:24:01,829][src.cue_accumulation.train_cue_accumulation][INFO] - train epoch 029 loss 0.6497 accuracy 67.19
[2024-07-15 23:24:01,830][src.cue_accumulation.train_cue_accumulation][INFO] - 	 Starting Epoch:30 
[2024-07-15 23:24:02,952][src.cue_accumulation.train_cue_accumulation][INFO] - train epoch 030 loss 0.6573 accuracy 65.62
[2024-07-15 23:24:02,953][src.cue_accumulation.train_cue_accumulation][INFO] - 	 Starting Epoch:31 
[2024-07-15 23:24:04,081][src.cue_accumulation.train_cue_accumulation][INFO] - train epoch 031 loss 0.6515 accuracy 67.19
[2024-07-15 23:24:04,082][src.cue_accumulation.train_cue_accumulation][INFO] - 	 Starting Epoch:32 
[2024-07-15 23:24:05,208][src.cue_accumulation.train_cue_accumulation][INFO] - train epoch 032 loss 0.6682 accuracy 60.94
[2024-07-15 23:24:05,390][src.cue_accumulation.train_cue_accumulation][INFO] - 	 Starting Epoch:33 
[2024-07-15 23:24:06,518][src.cue_accumulation.train_cue_accumulation][INFO] - train epoch 033 loss 0.6148 accuracy 73.44
[2024-07-15 23:24:06,522][src.cue_accumulation.train_cue_accumulation][INFO] - 	 Starting Epoch:34 
[2024-07-15 23:24:07,638][src.cue_accumulation.train_cue_accumulation][INFO] - train epoch 034 loss 0.6404 accuracy 71.88
[2024-07-15 23:24:07,638][src.cue_accumulation.train_cue_accumulation][INFO] - 	 Starting Epoch:35 
[2024-07-15 23:24:08,752][src.cue_accumulation.train_cue_accumulation][INFO] - train epoch 035 loss 0.5983 accuracy 79.69
[2024-07-15 23:24:08,753][src.cue_accumulation.train_cue_accumulation][INFO] - 	 Starting Epoch:36 
[2024-07-15 23:24:09,869][src.cue_accumulation.train_cue_accumulation][INFO] - train epoch 036 loss 0.5748 accuracy 73.44
[2024-07-15 23:24:09,869][src.cue_accumulation.train_cue_accumulation][INFO] - 	 Starting Epoch:37 
[2024-07-15 23:24:10,986][src.cue_accumulation.train_cue_accumulation][INFO] - train epoch 037 loss 0.5924 accuracy 78.12
[2024-07-15 23:24:10,987][src.cue_accumulation.train_cue_accumulation][INFO] - 	 Starting Epoch:38 
[2024-07-15 23:24:12,105][src.cue_accumulation.train_cue_accumulation][INFO] - train epoch 038 loss 0.5991 accuracy 65.62
[2024-07-15 23:24:12,384][src.cue_accumulation.train_cue_accumulation][INFO] - 	 Starting Epoch:39 
[2024-07-15 23:24:13,499][src.cue_accumulation.train_cue_accumulation][INFO] - train epoch 039 loss 0.5914 accuracy 75.00
[2024-07-15 23:24:13,500][src.cue_accumulation.train_cue_accumulation][INFO] - 	 Starting Epoch:40 
[2024-07-15 23:24:14,616][src.cue_accumulation.train_cue_accumulation][INFO] - train epoch 040 loss 0.5209 accuracy 81.25
[2024-07-15 23:24:14,619][src.cue_accumulation.train_cue_accumulation][INFO] - 	 Starting Epoch:41 
[2024-07-15 23:24:15,733][src.cue_accumulation.train_cue_accumulation][INFO] - train epoch 041 loss 0.5888 accuracy 71.88
[2024-07-15 23:24:15,734][src.cue_accumulation.train_cue_accumulation][INFO] - 	 Starting Epoch:42 
[2024-07-15 23:24:16,849][src.cue_accumulation.train_cue_accumulation][INFO] - train epoch 042 loss 0.5232 accuracy 81.25
[2024-07-15 23:24:16,850][src.cue_accumulation.train_cue_accumulation][INFO] - 	 Starting Epoch:43 
[2024-07-15 23:24:17,967][src.cue_accumulation.train_cue_accumulation][INFO] - train epoch 043 loss 0.5109 accuracy 85.94
[2024-07-15 23:24:17,967][src.cue_accumulation.train_cue_accumulation][INFO] - 	 Starting Epoch:44 
[2024-07-15 23:24:19,084][src.cue_accumulation.train_cue_accumulation][INFO] - train epoch 044 loss 0.5646 accuracy 73.44
[2024-07-15 23:24:19,402][src.cue_accumulation.train_cue_accumulation][INFO] - 	 Starting Epoch:45 
[2024-07-15 23:24:20,519][src.cue_accumulation.train_cue_accumulation][INFO] - train epoch 045 loss 0.5198 accuracy 78.12
[2024-07-15 23:24:20,520][src.cue_accumulation.train_cue_accumulation][INFO] - 	 Starting Epoch:46 
[2024-07-15 23:24:21,635][src.cue_accumulation.train_cue_accumulation][INFO] - train epoch 046 loss 0.4936 accuracy 79.69
[2024-07-15 23:24:21,636][src.cue_accumulation.train_cue_accumulation][INFO] - 	 Starting Epoch:47 
[2024-07-15 23:24:22,749][src.cue_accumulation.train_cue_accumulation][INFO] - train epoch 047 loss 0.4673 accuracy 79.69
[2024-07-15 23:24:22,753][src.cue_accumulation.train_cue_accumulation][INFO] - 	 Starting Epoch:48 
[2024-07-15 23:24:23,866][src.cue_accumulation.train_cue_accumulation][INFO] - train epoch 048 loss 0.4733 accuracy 85.94
[2024-07-15 23:24:23,866][src.cue_accumulation.train_cue_accumulation][INFO] - 	 Starting Epoch:49 
[2024-07-15 23:24:24,980][src.cue_accumulation.train_cue_accumulation][INFO] - train epoch 049 loss 0.5055 accuracy 81.25
[2024-07-15 23:24:24,980][src.cue_accumulation.train_cue_accumulation][INFO] - 	 Starting Epoch:50 
[2024-07-15 23:24:26,094][src.cue_accumulation.train_cue_accumulation][INFO] - train epoch 050 loss 0.4493 accuracy 84.38
[2024-07-15 23:24:26,278][src.cue_accumulation.train_cue_accumulation][INFO] - 	 Starting Epoch:51 
[2024-07-15 23:24:27,393][src.cue_accumulation.train_cue_accumulation][INFO] - train epoch 051 loss 0.3609 accuracy 90.62
[2024-07-15 23:24:32,798][src.cue_accumulation.train_cue_accumulation][INFO] - eval  epoch 051 loss 0.4418 accuracy 82.23
[2024-07-15 23:24:33,154][src.cue_accumulation.train_cue_accumulation][INFO] - 	 Starting Epoch:52 
[2024-07-15 23:24:34,228][src.cue_accumulation.train_cue_accumulation][INFO] - train epoch 052 loss 0.5359 accuracy 73.44
[2024-07-15 23:24:34,229][src.cue_accumulation.train_cue_accumulation][INFO] - 	 Starting Epoch:53 
[2024-07-15 23:24:35,304][src.cue_accumulation.train_cue_accumulation][INFO] - train epoch 053 loss 0.4275 accuracy 84.38
[2024-07-15 23:24:35,305][src.cue_accumulation.train_cue_accumulation][INFO] - 	 Starting Epoch:54 
[2024-07-15 23:24:36,379][src.cue_accumulation.train_cue_accumulation][INFO] - train epoch 054 loss 0.4075 accuracy 78.12
[2024-07-15 23:24:36,380][src.cue_accumulation.train_cue_accumulation][INFO] - 	 Starting Epoch:55 
[2024-07-15 23:24:37,453][src.cue_accumulation.train_cue_accumulation][INFO] - train epoch 055 loss 0.4416 accuracy 84.38
[2024-07-15 23:24:37,454][src.cue_accumulation.train_cue_accumulation][INFO] - 	 Starting Epoch:56 
[2024-07-15 23:24:38,530][src.cue_accumulation.train_cue_accumulation][INFO] - train epoch 056 loss 0.4510 accuracy 84.38
[2024-07-15 23:24:38,530][src.cue_accumulation.train_cue_accumulation][INFO] - 	 Starting Epoch:57 
[2024-07-15 23:24:39,606][src.cue_accumulation.train_cue_accumulation][INFO] - train epoch 057 loss 0.3352 accuracy 92.19
[2024-07-15 23:24:39,884][src.cue_accumulation.train_cue_accumulation][INFO] - 	 Starting Epoch:58 
[2024-07-15 23:24:40,959][src.cue_accumulation.train_cue_accumulation][INFO] - train epoch 058 loss 0.3843 accuracy 81.25
[2024-07-15 23:24:40,963][src.cue_accumulation.train_cue_accumulation][INFO] - 	 Starting Epoch:59 
[2024-07-15 23:24:42,033][src.cue_accumulation.train_cue_accumulation][INFO] - train epoch 059 loss 0.3907 accuracy 81.25
[2024-07-15 23:24:42,034][src.cue_accumulation.train_cue_accumulation][INFO] - 	 Starting Epoch:60 
[2024-07-15 23:24:43,108][src.cue_accumulation.train_cue_accumulation][INFO] - train epoch 060 loss 0.3246 accuracy 92.19
[2024-07-15 23:24:43,109][src.cue_accumulation.train_cue_accumulation][INFO] - 	 Starting Epoch:61 
[2024-07-15 23:24:44,180][src.cue_accumulation.train_cue_accumulation][INFO] - train epoch 061 loss 0.3493 accuracy 85.94
[2024-07-15 23:24:44,181][src.cue_accumulation.train_cue_accumulation][INFO] - 	 Starting Epoch:62 
[2024-07-15 23:24:45,253][src.cue_accumulation.train_cue_accumulation][INFO] - train epoch 062 loss 0.4708 accuracy 78.12
[2024-07-15 23:24:45,254][src.cue_accumulation.train_cue_accumulation][INFO] - 	 Starting Epoch:63 
[2024-07-15 23:24:46,329][src.cue_accumulation.train_cue_accumulation][INFO] - train epoch 063 loss 0.4374 accuracy 82.81
[2024-07-15 23:24:46,668][src.cue_accumulation.train_cue_accumulation][INFO] - 	 Starting Epoch:64 
[2024-07-15 23:24:47,741][src.cue_accumulation.train_cue_accumulation][INFO] - train epoch 064 loss 0.3457 accuracy 81.25
[2024-07-15 23:24:47,742][src.cue_accumulation.train_cue_accumulation][INFO] - 	 Starting Epoch:65 
[2024-07-15 23:24:48,817][src.cue_accumulation.train_cue_accumulation][INFO] - train epoch 065 loss 0.3140 accuracy 84.38
[2024-07-15 23:24:48,821][src.cue_accumulation.train_cue_accumulation][INFO] - 	 Starting Epoch:66 
[2024-07-15 23:24:49,892][src.cue_accumulation.train_cue_accumulation][INFO] - train epoch 066 loss 0.3488 accuracy 87.50
[2024-07-15 23:24:49,893][src.cue_accumulation.train_cue_accumulation][INFO] - 	 Starting Epoch:67 
[2024-07-15 23:24:50,966][src.cue_accumulation.train_cue_accumulation][INFO] - train epoch 067 loss 0.3083 accuracy 89.06
[2024-07-15 23:24:50,967][src.cue_accumulation.train_cue_accumulation][INFO] - 	 Starting Epoch:68 
[2024-07-15 23:24:52,041][src.cue_accumulation.train_cue_accumulation][INFO] - train epoch 068 loss 0.3151 accuracy 87.50
[2024-07-15 23:24:52,042][src.cue_accumulation.train_cue_accumulation][INFO] - 	 Starting Epoch:69 
[2024-07-15 23:24:53,114][src.cue_accumulation.train_cue_accumulation][INFO] - train epoch 069 loss 0.4382 accuracy 81.25
[2024-07-15 23:24:53,206][src.cue_accumulation.train_cue_accumulation][INFO] - 	 Starting Epoch:70 
[2024-07-15 23:24:54,283][src.cue_accumulation.train_cue_accumulation][INFO] - train epoch 070 loss 0.4354 accuracy 78.12
[2024-07-15 23:24:54,284][src.cue_accumulation.train_cue_accumulation][INFO] - 	 Starting Epoch:71 
[2024-07-15 23:24:55,357][src.cue_accumulation.train_cue_accumulation][INFO] - train epoch 071 loss 0.3425 accuracy 82.81
[2024-07-15 23:24:55,358][src.cue_accumulation.train_cue_accumulation][INFO] - 	 Starting Epoch:72 
[2024-07-15 23:24:56,433][src.cue_accumulation.train_cue_accumulation][INFO] - train epoch 072 loss 0.2900 accuracy 90.62
[2024-07-15 23:24:56,437][src.cue_accumulation.train_cue_accumulation][INFO] - 	 Starting Epoch:73 
[2024-07-15 23:24:57,509][src.cue_accumulation.train_cue_accumulation][INFO] - train epoch 073 loss 0.3427 accuracy 82.81
[2024-07-15 23:24:57,510][src.cue_accumulation.train_cue_accumulation][INFO] - 	 Starting Epoch:74 
[2024-07-15 23:24:58,581][src.cue_accumulation.train_cue_accumulation][INFO] - train epoch 074 loss 0.3660 accuracy 82.81
[2024-07-15 23:24:58,582][src.cue_accumulation.train_cue_accumulation][INFO] - 	 Starting Epoch:75 
[2024-07-15 23:24:59,656][src.cue_accumulation.train_cue_accumulation][INFO] - train epoch 075 loss 0.3361 accuracy 90.62
[2024-07-15 23:24:59,722][src.cue_accumulation.train_cue_accumulation][INFO] - 	 Starting Epoch:76 
[2024-07-15 23:25:00,794][src.cue_accumulation.train_cue_accumulation][INFO] - train epoch 076 loss 0.3141 accuracy 87.50
[2024-07-15 23:25:06,284][src.cue_accumulation.train_cue_accumulation][INFO] - eval  epoch 076 loss 0.3259 accuracy 88.28
[2024-07-15 23:25:06,377][src.cue_accumulation.train_cue_accumulation][INFO] - 	 Starting Epoch:77 
[2024-07-15 23:25:07,490][src.cue_accumulation.train_cue_accumulation][INFO] - train epoch 077 loss 0.4586 accuracy 84.38
[2024-07-15 23:25:07,491][src.cue_accumulation.train_cue_accumulation][INFO] - 	 Starting Epoch:78 
[2024-07-15 23:25:08,605][src.cue_accumulation.train_cue_accumulation][INFO] - train epoch 078 loss 0.3647 accuracy 84.38
[2024-07-15 23:25:08,606][src.cue_accumulation.train_cue_accumulation][INFO] - 	 Starting Epoch:79 
[2024-07-15 23:25:09,719][src.cue_accumulation.train_cue_accumulation][INFO] - train epoch 079 loss 0.2621 accuracy 87.50
[2024-07-15 23:25:09,720][src.cue_accumulation.train_cue_accumulation][INFO] - 	 Starting Epoch:80 
[2024-07-15 23:25:10,840][src.cue_accumulation.train_cue_accumulation][INFO] - train epoch 080 loss 0.3369 accuracy 82.81
[2024-07-15 23:25:10,841][src.cue_accumulation.train_cue_accumulation][INFO] - 	 Starting Epoch:81 
[2024-07-15 23:25:11,958][src.cue_accumulation.train_cue_accumulation][INFO] - train epoch 081 loss 0.3784 accuracy 76.56
[2024-07-15 23:25:11,958][src.cue_accumulation.train_cue_accumulation][INFO] - 	 Starting Epoch:82 
[2024-07-15 23:25:13,074][src.cue_accumulation.train_cue_accumulation][INFO] - train epoch 082 loss 0.3846 accuracy 89.06
[2024-07-15 23:25:13,158][src.cue_accumulation.train_cue_accumulation][INFO] - 	 Starting Epoch:83 
[2024-07-15 23:25:14,274][src.cue_accumulation.train_cue_accumulation][INFO] - train epoch 083 loss 0.3146 accuracy 89.06
[2024-07-15 23:25:14,277][src.cue_accumulation.train_cue_accumulation][INFO] - 	 Starting Epoch:84 
[2024-07-15 23:25:15,390][src.cue_accumulation.train_cue_accumulation][INFO] - train epoch 084 loss 0.3338 accuracy 84.38
[2024-07-15 23:25:15,390][src.cue_accumulation.train_cue_accumulation][INFO] - 	 Starting Epoch:85 
[2024-07-15 23:25:16,502][src.cue_accumulation.train_cue_accumulation][INFO] - train epoch 085 loss 0.3288 accuracy 84.38
[2024-07-15 23:25:16,503][src.cue_accumulation.train_cue_accumulation][INFO] - 	 Starting Epoch:86 
[2024-07-15 23:25:17,618][src.cue_accumulation.train_cue_accumulation][INFO] - train epoch 086 loss 0.2137 accuracy 89.06
[2024-07-15 23:25:17,618][src.cue_accumulation.train_cue_accumulation][INFO] - 	 Starting Epoch:87 
[2024-07-15 23:25:18,734][src.cue_accumulation.train_cue_accumulation][INFO] - train epoch 087 loss 0.3044 accuracy 84.38
[2024-07-15 23:25:18,734][src.cue_accumulation.train_cue_accumulation][INFO] - 	 Starting Epoch:88 
[2024-07-15 23:25:19,850][src.cue_accumulation.train_cue_accumulation][INFO] - train epoch 088 loss 0.2242 accuracy 90.62
[2024-07-15 23:25:19,940][src.cue_accumulation.train_cue_accumulation][INFO] - 	 Starting Epoch:89 
[2024-07-15 23:25:21,057][src.cue_accumulation.train_cue_accumulation][INFO] - train epoch 089 loss 0.2693 accuracy 93.75
[2024-07-15 23:25:21,057][src.cue_accumulation.train_cue_accumulation][INFO] - 	 Starting Epoch:90 
[2024-07-15 23:25:22,175][src.cue_accumulation.train_cue_accumulation][INFO] - train epoch 090 loss 0.4424 accuracy 75.00
[2024-07-15 23:25:22,178][src.cue_accumulation.train_cue_accumulation][INFO] - 	 Starting Epoch:91 
[2024-07-15 23:25:23,291][src.cue_accumulation.train_cue_accumulation][INFO] - train epoch 091 loss 0.3695 accuracy 79.69
[2024-07-15 23:25:23,292][src.cue_accumulation.train_cue_accumulation][INFO] - 	 Starting Epoch:92 
[2024-07-15 23:25:24,403][src.cue_accumulation.train_cue_accumulation][INFO] - train epoch 092 loss 0.1859 accuracy 92.19
[2024-07-15 23:25:24,404][src.cue_accumulation.train_cue_accumulation][INFO] - 	 Starting Epoch:93 
[2024-07-15 23:25:25,518][src.cue_accumulation.train_cue_accumulation][INFO] - train epoch 093 loss 0.3788 accuracy 81.25
[2024-07-15 23:25:25,519][src.cue_accumulation.train_cue_accumulation][INFO] - 	 Starting Epoch:94 
[2024-07-15 23:25:26,635][src.cue_accumulation.train_cue_accumulation][INFO] - train epoch 094 loss 0.3329 accuracy 85.94
[2024-07-15 23:25:26,737][src.cue_accumulation.train_cue_accumulation][INFO] - 	 Starting Epoch:95 
[2024-07-15 23:25:27,853][src.cue_accumulation.train_cue_accumulation][INFO] - train epoch 095 loss 0.3342 accuracy 82.81
[2024-07-15 23:25:27,854][src.cue_accumulation.train_cue_accumulation][INFO] - 	 Starting Epoch:96 
[2024-07-15 23:25:28,969][src.cue_accumulation.train_cue_accumulation][INFO] - train epoch 096 loss 0.3298 accuracy 87.50
[2024-07-15 23:25:28,969][src.cue_accumulation.train_cue_accumulation][INFO] - 	 Starting Epoch:97 
[2024-07-15 23:25:30,086][src.cue_accumulation.train_cue_accumulation][INFO] - train epoch 097 loss 0.2568 accuracy 89.06
[2024-07-15 23:25:30,089][src.cue_accumulation.train_cue_accumulation][INFO] - 	 Starting Epoch:98 
[2024-07-15 23:25:31,198][src.cue_accumulation.train_cue_accumulation][INFO] - train epoch 098 loss 0.3375 accuracy 87.50
[2024-07-15 23:25:31,199][src.cue_accumulation.train_cue_accumulation][INFO] - 	 Starting Epoch:99 
[2024-07-15 23:25:32,276][src.cue_accumulation.train_cue_accumulation][INFO] - train epoch 099 loss 0.2376 accuracy 87.50
[2024-07-15 23:25:32,276][src.cue_accumulation.train_cue_accumulation][INFO] - 	 Starting Epoch:100 
[2024-07-15 23:25:33,357][src.cue_accumulation.train_cue_accumulation][INFO] - train epoch 100 loss 0.2837 accuracy 85.94
[2024-07-15 23:25:33,589][src.cue_accumulation.train_cue_accumulation][INFO] - 	 Starting Epoch:101 
[2024-07-15 23:25:34,670][src.cue_accumulation.train_cue_accumulation][INFO] - train epoch 101 loss 0.2534 accuracy 85.94
[2024-07-15 23:25:39,842][src.cue_accumulation.train_cue_accumulation][INFO] - eval  epoch 101 loss 0.2819 accuracy 88.09
[2024-07-15 23:25:40,018][src.cue_accumulation.train_cue_accumulation][INFO] - 	 Starting Epoch:102 
[2024-07-15 23:25:41,094][src.cue_accumulation.train_cue_accumulation][INFO] - train epoch 102 loss 0.2857 accuracy 90.62
[2024-07-15 23:25:41,095][src.cue_accumulation.train_cue_accumulation][INFO] - 	 Starting Epoch:103 
[2024-07-15 23:25:42,170][src.cue_accumulation.train_cue_accumulation][INFO] - train epoch 103 loss 0.2754 accuracy 89.06
[2024-07-15 23:25:42,171][src.cue_accumulation.train_cue_accumulation][INFO] - 	 Starting Epoch:104 
[2024-07-15 23:25:43,250][src.cue_accumulation.train_cue_accumulation][INFO] - train epoch 104 loss 0.5323 accuracy 79.69
[2024-07-15 23:25:43,250][src.cue_accumulation.train_cue_accumulation][INFO] - 	 Starting Epoch:105 
[2024-07-15 23:25:44,327][src.cue_accumulation.train_cue_accumulation][INFO] - train epoch 105 loss 0.2596 accuracy 85.94
[2024-07-15 23:25:44,328][src.cue_accumulation.train_cue_accumulation][INFO] - 	 Starting Epoch:106 
[2024-07-15 23:25:45,406][src.cue_accumulation.train_cue_accumulation][INFO] - train epoch 106 loss 0.3950 accuracy 79.69
[2024-07-15 23:25:45,407][src.cue_accumulation.train_cue_accumulation][INFO] - 	 Starting Epoch:107 
[2024-07-15 23:25:46,483][src.cue_accumulation.train_cue_accumulation][INFO] - train epoch 107 loss 0.3916 accuracy 82.81
[2024-07-15 23:25:47,222][src.cue_accumulation.train_cue_accumulation][INFO] - 	 Starting Epoch:108 
[2024-07-15 23:25:48,300][src.cue_accumulation.train_cue_accumulation][INFO] - train epoch 108 loss 0.2100 accuracy 92.19
[2024-07-15 23:25:48,304][src.cue_accumulation.train_cue_accumulation][INFO] - 	 Starting Epoch:109 
[2024-07-15 23:25:49,378][src.cue_accumulation.train_cue_accumulation][INFO] - train epoch 109 loss 0.4053 accuracy 89.06
[2024-07-15 23:25:49,379][src.cue_accumulation.train_cue_accumulation][INFO] - 	 Starting Epoch:110 
[2024-07-15 23:25:50,452][src.cue_accumulation.train_cue_accumulation][INFO] - train epoch 110 loss 0.2962 accuracy 89.06
[2024-07-15 23:25:50,454][src.cue_accumulation.train_cue_accumulation][INFO] - 	 Starting Epoch:111 
[2024-07-15 23:25:51,530][src.cue_accumulation.train_cue_accumulation][INFO] - train epoch 111 loss 0.3471 accuracy 82.81
[2024-07-15 23:25:51,531][src.cue_accumulation.train_cue_accumulation][INFO] - 	 Starting Epoch:112 
[2024-07-15 23:25:52,609][src.cue_accumulation.train_cue_accumulation][INFO] - train epoch 112 loss 0.3384 accuracy 82.81
[2024-07-15 23:25:52,610][src.cue_accumulation.train_cue_accumulation][INFO] - 	 Starting Epoch:113 
[2024-07-15 23:25:53,688][src.cue_accumulation.train_cue_accumulation][INFO] - train epoch 113 loss 0.2980 accuracy 87.50
[2024-07-15 23:25:53,852][src.cue_accumulation.train_cue_accumulation][INFO] - 	 Starting Epoch:114 
[2024-07-15 23:25:54,932][src.cue_accumulation.train_cue_accumulation][INFO] - train epoch 114 loss 0.2423 accuracy 89.06
[2024-07-15 23:25:54,933][src.cue_accumulation.train_cue_accumulation][INFO] - 	 Starting Epoch:115 
[2024-07-15 23:25:56,010][src.cue_accumulation.train_cue_accumulation][INFO] - train epoch 115 loss 0.2074 accuracy 92.19
[2024-07-15 23:25:56,013][src.cue_accumulation.train_cue_accumulation][INFO] - 	 Starting Epoch:116 
[2024-07-15 23:25:57,086][src.cue_accumulation.train_cue_accumulation][INFO] - train epoch 116 loss 0.3014 accuracy 89.06
[2024-07-15 23:25:57,087][src.cue_accumulation.train_cue_accumulation][INFO] - 	 Starting Epoch:117 
[2024-07-15 23:25:58,163][src.cue_accumulation.train_cue_accumulation][INFO] - train epoch 117 loss 0.2811 accuracy 87.50
[2024-07-15 23:25:58,163][src.cue_accumulation.train_cue_accumulation][INFO] - 	 Starting Epoch:118 
[2024-07-15 23:25:59,239][src.cue_accumulation.train_cue_accumulation][INFO] - train epoch 118 loss 0.3316 accuracy 84.38
[2024-07-15 23:25:59,240][src.cue_accumulation.train_cue_accumulation][INFO] - 	 Starting Epoch:119 
[2024-07-15 23:26:00,319][src.cue_accumulation.train_cue_accumulation][INFO] - train epoch 119 loss 0.2655 accuracy 90.62
[2024-07-15 23:26:00,492][src.cue_accumulation.train_cue_accumulation][INFO] - 	 Starting Epoch:120 
[2024-07-15 23:26:01,569][src.cue_accumulation.train_cue_accumulation][INFO] - train epoch 120 loss 0.3596 accuracy 84.38
[2024-07-15 23:26:01,570][src.cue_accumulation.train_cue_accumulation][INFO] - 	 Starting Epoch:121 
[2024-07-15 23:26:02,708][src.cue_accumulation.train_cue_accumulation][INFO] - train epoch 121 loss 0.3460 accuracy 84.38
[2024-07-15 23:26:02,709][src.cue_accumulation.train_cue_accumulation][INFO] - 	 Starting Epoch:122 
[2024-07-15 23:26:03,825][src.cue_accumulation.train_cue_accumulation][INFO] - train epoch 122 loss 0.3616 accuracy 82.81
[2024-07-15 23:26:03,829][src.cue_accumulation.train_cue_accumulation][INFO] - 	 Starting Epoch:123 
[2024-07-15 23:26:04,940][src.cue_accumulation.train_cue_accumulation][INFO] - train epoch 123 loss 0.2202 accuracy 89.06
[2024-07-15 23:26:04,941][src.cue_accumulation.train_cue_accumulation][INFO] - 	 Starting Epoch:124 
[2024-07-15 23:26:06,052][src.cue_accumulation.train_cue_accumulation][INFO] - train epoch 124 loss 0.3356 accuracy 84.38
[2024-07-15 23:26:06,053][src.cue_accumulation.train_cue_accumulation][INFO] - 	 Starting Epoch:125 
[2024-07-15 23:26:07,167][src.cue_accumulation.train_cue_accumulation][INFO] - train epoch 125 loss 0.3453 accuracy 85.94
[2024-07-15 23:26:07,459][src.cue_accumulation.train_cue_accumulation][INFO] - 	 Starting Epoch:126 
[2024-07-15 23:26:08,575][src.cue_accumulation.train_cue_accumulation][INFO] - train epoch 126 loss 0.2818 accuracy 85.94
[2024-07-15 23:26:14,083][src.cue_accumulation.train_cue_accumulation][INFO] - eval  epoch 126 loss 0.2555 accuracy 89.65
[2024-07-15 23:26:14,253][src.cue_accumulation.train_cue_accumulation][INFO] - 	 Starting Epoch:127 
[2024-07-15 23:26:15,366][src.cue_accumulation.train_cue_accumulation][INFO] - train epoch 127 loss 0.1754 accuracy 90.62
[2024-07-15 23:26:15,367][src.cue_accumulation.train_cue_accumulation][INFO] - 	 Starting Epoch:128 
[2024-07-15 23:26:16,483][src.cue_accumulation.train_cue_accumulation][INFO] - train epoch 128 loss 0.3034 accuracy 84.38
[2024-07-15 23:26:16,483][src.cue_accumulation.train_cue_accumulation][INFO] - 	 Starting Epoch:129 
[2024-07-15 23:26:17,599][src.cue_accumulation.train_cue_accumulation][INFO] - train epoch 129 loss 0.2867 accuracy 89.06
[2024-07-15 23:26:17,600][src.cue_accumulation.train_cue_accumulation][INFO] - 	 Starting Epoch:130 
[2024-07-15 23:26:18,715][src.cue_accumulation.train_cue_accumulation][INFO] - train epoch 130 loss 0.4574 accuracy 82.81
[2024-07-15 23:26:18,716][src.cue_accumulation.train_cue_accumulation][INFO] - 	 Starting Epoch:131 
[2024-07-15 23:26:19,834][src.cue_accumulation.train_cue_accumulation][INFO] - train epoch 131 loss 0.3034 accuracy 84.38
[2024-07-15 23:26:19,834][src.cue_accumulation.train_cue_accumulation][INFO] - 	 Starting Epoch:132 
[2024-07-15 23:26:20,951][src.cue_accumulation.train_cue_accumulation][INFO] - train epoch 132 loss 0.3739 accuracy 85.94
[2024-07-15 23:26:21,961][src.cue_accumulation.train_cue_accumulation][INFO] - 	 Starting Epoch:133 
[2024-07-15 23:26:23,081][src.cue_accumulation.train_cue_accumulation][INFO] - train epoch 133 loss 0.2167 accuracy 90.62
[2024-07-15 23:26:23,084][src.cue_accumulation.train_cue_accumulation][INFO] - 	 Starting Epoch:134 
[2024-07-15 23:26:24,196][src.cue_accumulation.train_cue_accumulation][INFO] - train epoch 134 loss 0.2819 accuracy 87.50
[2024-07-15 23:26:24,197][src.cue_accumulation.train_cue_accumulation][INFO] - 	 Starting Epoch:135 
[2024-07-15 23:26:25,310][src.cue_accumulation.train_cue_accumulation][INFO] - train epoch 135 loss 0.3993 accuracy 81.25
[2024-07-15 23:26:25,311][src.cue_accumulation.train_cue_accumulation][INFO] - 	 Starting Epoch:136 
[2024-07-15 23:26:26,426][src.cue_accumulation.train_cue_accumulation][INFO] - train epoch 136 loss 0.3005 accuracy 89.06
[2024-07-15 23:26:26,427][src.cue_accumulation.train_cue_accumulation][INFO] - 	 Starting Epoch:137 
[2024-07-15 23:26:27,544][src.cue_accumulation.train_cue_accumulation][INFO] - train epoch 137 loss 0.2604 accuracy 92.19
[2024-07-15 23:26:27,544][src.cue_accumulation.train_cue_accumulation][INFO] - 	 Starting Epoch:138 
[2024-07-15 23:26:28,660][src.cue_accumulation.train_cue_accumulation][INFO] - train epoch 138 loss 0.1952 accuracy 95.31
[2024-07-15 23:26:31,866][src.cue_accumulation.train_cue_accumulation][INFO] - 	 Starting Epoch:139 
[2024-07-15 23:26:32,986][src.cue_accumulation.train_cue_accumulation][INFO] - train epoch 139 loss 0.2188 accuracy 92.19
[2024-07-15 23:26:32,987][src.cue_accumulation.train_cue_accumulation][INFO] - 	 Starting Epoch:140 
[2024-07-15 23:26:34,084][src.cue_accumulation.train_cue_accumulation][INFO] - train epoch 140 loss 0.1656 accuracy 96.88
[2024-07-15 23:26:34,087][src.cue_accumulation.train_cue_accumulation][INFO] - 	 Starting Epoch:141 
[2024-07-15 23:26:35,200][src.cue_accumulation.train_cue_accumulation][INFO] - train epoch 141 loss 0.3976 accuracy 84.38
[2024-07-15 23:26:35,200][src.cue_accumulation.train_cue_accumulation][INFO] - 	 Starting Epoch:142 
[2024-07-15 23:26:36,306][src.cue_accumulation.train_cue_accumulation][INFO] - train epoch 142 loss 0.1694 accuracy 93.75
[2024-07-15 23:26:36,306][src.cue_accumulation.train_cue_accumulation][INFO] - 	 Starting Epoch:143 
[2024-07-15 23:26:37,406][src.cue_accumulation.train_cue_accumulation][INFO] - train epoch 143 loss 0.2200 accuracy 92.19
[2024-07-15 23:26:37,406][src.cue_accumulation.train_cue_accumulation][INFO] - 	 Starting Epoch:144 
[2024-07-15 23:26:38,510][src.cue_accumulation.train_cue_accumulation][INFO] - train epoch 144 loss 0.2628 accuracy 90.62
[2024-07-15 23:26:38,816][src.cue_accumulation.train_cue_accumulation][INFO] - 	 Starting Epoch:145 
[2024-07-15 23:26:39,916][src.cue_accumulation.train_cue_accumulation][INFO] - train epoch 145 loss 0.2027 accuracy 95.31
[2024-07-15 23:26:39,917][src.cue_accumulation.train_cue_accumulation][INFO] - 	 Starting Epoch:146 
[2024-07-15 23:26:41,024][src.cue_accumulation.train_cue_accumulation][INFO] - train epoch 146 loss 0.2412 accuracy 90.62
[2024-07-15 23:26:41,025][src.cue_accumulation.train_cue_accumulation][INFO] - 	 Starting Epoch:147 
[2024-07-15 23:26:42,130][src.cue_accumulation.train_cue_accumulation][INFO] - train epoch 147 loss 0.2820 accuracy 87.50
[2024-07-15 23:26:42,134][src.cue_accumulation.train_cue_accumulation][INFO] - 	 Starting Epoch:148 
[2024-07-15 23:26:43,237][src.cue_accumulation.train_cue_accumulation][INFO] - train epoch 148 loss 0.2555 accuracy 92.19
[2024-07-15 23:26:43,237][src.cue_accumulation.train_cue_accumulation][INFO] - 	 Starting Epoch:149 
[2024-07-15 23:26:44,341][src.cue_accumulation.train_cue_accumulation][INFO] - train epoch 149 loss 0.2732 accuracy 89.06
[2024-07-15 23:26:44,342][src.cue_accumulation.train_cue_accumulation][INFO] - 	 Starting Epoch:150 
[2024-07-15 23:26:45,452][src.cue_accumulation.train_cue_accumulation][INFO] - train epoch 150 loss 0.2339 accuracy 90.62
[2024-07-15 23:26:45,608][src.cue_accumulation.train_cue_accumulation][INFO] - 	 Starting Epoch:151 
[2024-07-15 23:26:46,716][src.cue_accumulation.train_cue_accumulation][INFO] - train epoch 151 loss 0.2354 accuracy 89.06
[2024-07-15 23:26:51,992][src.cue_accumulation.train_cue_accumulation][INFO] - eval  epoch 151 loss 0.2608 accuracy 88.09
[2024-07-15 23:26:52,192][src.cue_accumulation.train_cue_accumulation][INFO] - 	 Starting Epoch:152 
[2024-07-15 23:26:53,277][src.cue_accumulation.train_cue_accumulation][INFO] - train epoch 152 loss 0.4128 accuracy 81.25
[2024-07-15 23:26:53,278][src.cue_accumulation.train_cue_accumulation][INFO] - 	 Starting Epoch:153 
[2024-07-15 23:26:54,368][src.cue_accumulation.train_cue_accumulation][INFO] - train epoch 153 loss 0.2836 accuracy 85.94
[2024-07-15 23:26:54,368][src.cue_accumulation.train_cue_accumulation][INFO] - 	 Starting Epoch:154 
[2024-07-15 23:26:55,454][src.cue_accumulation.train_cue_accumulation][INFO] - train epoch 154 loss 0.2588 accuracy 89.06
[2024-07-15 23:26:55,455][src.cue_accumulation.train_cue_accumulation][INFO] - 	 Starting Epoch:155 
[2024-07-15 23:26:56,547][src.cue_accumulation.train_cue_accumulation][INFO] - train epoch 155 loss 0.1694 accuracy 95.31
[2024-07-15 23:26:56,547][src.cue_accumulation.train_cue_accumulation][INFO] - 	 Starting Epoch:156 
[2024-07-15 23:26:57,644][src.cue_accumulation.train_cue_accumulation][INFO] - train epoch 156 loss 0.2004 accuracy 93.75
[2024-07-15 23:26:57,644][src.cue_accumulation.train_cue_accumulation][INFO] - 	 Starting Epoch:157 
[2024-07-15 23:26:58,739][src.cue_accumulation.train_cue_accumulation][INFO] - train epoch 157 loss 0.1709 accuracy 93.75
[2024-07-15 23:26:58,827][src.cue_accumulation.train_cue_accumulation][INFO] - 	 Starting Epoch:158 
[2024-07-15 23:26:59,923][src.cue_accumulation.train_cue_accumulation][INFO] - train epoch 158 loss 0.2592 accuracy 87.50
[2024-07-15 23:26:59,927][src.cue_accumulation.train_cue_accumulation][INFO] - 	 Starting Epoch:159 
[2024-07-15 23:27:01,016][src.cue_accumulation.train_cue_accumulation][INFO] - train epoch 159 loss 0.2766 accuracy 87.50
[2024-07-15 23:27:01,017][src.cue_accumulation.train_cue_accumulation][INFO] - 	 Starting Epoch:160 
[2024-07-15 23:27:02,153][src.cue_accumulation.train_cue_accumulation][INFO] - train epoch 160 loss 0.1819 accuracy 93.75
[2024-07-15 23:27:02,154][src.cue_accumulation.train_cue_accumulation][INFO] - 	 Starting Epoch:161 
[2024-07-15 23:27:03,272][src.cue_accumulation.train_cue_accumulation][INFO] - train epoch 161 loss 0.1784 accuracy 89.06
[2024-07-15 23:27:03,272][src.cue_accumulation.train_cue_accumulation][INFO] - 	 Starting Epoch:162 
[2024-07-15 23:27:04,392][src.cue_accumulation.train_cue_accumulation][INFO] - train epoch 162 loss 0.3608 accuracy 81.25
[2024-07-15 23:27:04,392][src.cue_accumulation.train_cue_accumulation][INFO] - 	 Starting Epoch:163 
[2024-07-15 23:27:05,512][src.cue_accumulation.train_cue_accumulation][INFO] - train epoch 163 loss 0.3212 accuracy 92.19
[2024-07-15 23:27:05,827][src.cue_accumulation.train_cue_accumulation][INFO] - 	 Starting Epoch:164 
[2024-07-15 23:27:06,948][src.cue_accumulation.train_cue_accumulation][INFO] - train epoch 164 loss 0.1702 accuracy 95.31
[2024-07-15 23:27:06,949][src.cue_accumulation.train_cue_accumulation][INFO] - 	 Starting Epoch:165 
[2024-07-15 23:27:08,069][src.cue_accumulation.train_cue_accumulation][INFO] - train epoch 165 loss 0.3128 accuracy 85.94
[2024-07-15 23:27:08,073][src.cue_accumulation.train_cue_accumulation][INFO] - 	 Starting Epoch:166 
[2024-07-15 23:27:09,186][src.cue_accumulation.train_cue_accumulation][INFO] - train epoch 166 loss 0.4444 accuracy 84.38
[2024-07-15 23:27:09,186][src.cue_accumulation.train_cue_accumulation][INFO] - 	 Starting Epoch:167 
[2024-07-15 23:27:10,301][src.cue_accumulation.train_cue_accumulation][INFO] - train epoch 167 loss 0.2786 accuracy 92.19
[2024-07-15 23:27:10,301][src.cue_accumulation.train_cue_accumulation][INFO] - 	 Starting Epoch:168 
[2024-07-15 23:27:11,416][src.cue_accumulation.train_cue_accumulation][INFO] - train epoch 168 loss 0.2115 accuracy 93.75
[2024-07-15 23:27:11,416][src.cue_accumulation.train_cue_accumulation][INFO] - 	 Starting Epoch:169 
[2024-07-15 23:27:12,534][src.cue_accumulation.train_cue_accumulation][INFO] - train epoch 169 loss 0.1388 accuracy 93.75
[2024-07-15 23:27:12,953][src.cue_accumulation.train_cue_accumulation][INFO] - 	 Starting Epoch:170 
[2024-07-15 23:27:14,070][src.cue_accumulation.train_cue_accumulation][INFO] - train epoch 170 loss 0.2277 accuracy 89.06
[2024-07-15 23:27:14,071][src.cue_accumulation.train_cue_accumulation][INFO] - 	 Starting Epoch:171 
[2024-07-15 23:27:15,190][src.cue_accumulation.train_cue_accumulation][INFO] - train epoch 171 loss 0.2458 accuracy 89.06
[2024-07-15 23:27:15,191][src.cue_accumulation.train_cue_accumulation][INFO] - 	 Starting Epoch:172 
[2024-07-15 23:27:16,310][src.cue_accumulation.train_cue_accumulation][INFO] - train epoch 172 loss 0.3226 accuracy 87.50
[2024-07-15 23:27:16,313][src.cue_accumulation.train_cue_accumulation][INFO] - 	 Starting Epoch:173 
[2024-07-15 23:27:17,427][src.cue_accumulation.train_cue_accumulation][INFO] - train epoch 173 loss 0.4279 accuracy 81.25
[2024-07-15 23:27:17,428][src.cue_accumulation.train_cue_accumulation][INFO] - 	 Starting Epoch:174 
[2024-07-15 23:27:18,547][src.cue_accumulation.train_cue_accumulation][INFO] - train epoch 174 loss 0.3880 accuracy 87.50
[2024-07-15 23:27:18,548][src.cue_accumulation.train_cue_accumulation][INFO] - 	 Starting Epoch:175 
[2024-07-15 23:27:19,664][src.cue_accumulation.train_cue_accumulation][INFO] - train epoch 175 loss 0.1772 accuracy 90.62
[2024-07-15 23:27:19,832][src.cue_accumulation.train_cue_accumulation][INFO] - 	 Starting Epoch:176 
[2024-07-15 23:27:20,951][src.cue_accumulation.train_cue_accumulation][INFO] - train epoch 176 loss 0.2976 accuracy 87.50
[2024-07-15 23:27:26,444][src.cue_accumulation.train_cue_accumulation][INFO] - eval  epoch 176 loss 0.2355 accuracy 90.62
[2024-07-15 23:27:32,774][src.cue_accumulation.train_cue_accumulation][INFO] - eval  epoch 176 loss 0.2517 accuracy 89.26
[2024-07-15 23:27:32,779][src.cue_accumulation.train_cue_accumulation][INFO] - 	 Starting Epoch:177 
[2024-07-15 23:27:33,855][src.cue_accumulation.train_cue_accumulation][INFO] - train epoch 177 loss 0.1730 accuracy 95.31
[2024-07-15 23:27:33,856][src.cue_accumulation.train_cue_accumulation][INFO] - 	 Starting Epoch:178 
[2024-07-15 23:27:34,925][src.cue_accumulation.train_cue_accumulation][INFO] - train epoch 178 loss 0.2686 accuracy 87.50
[2024-07-15 23:27:34,926][src.cue_accumulation.train_cue_accumulation][INFO] - 	 Starting Epoch:179 
[2024-07-15 23:27:36,001][src.cue_accumulation.train_cue_accumulation][INFO] - train epoch 179 loss 0.2195 accuracy 92.19
[2024-07-15 23:27:36,002][src.cue_accumulation.train_cue_accumulation][INFO] - 	 Starting Epoch:180 
[2024-07-15 23:27:37,079][src.cue_accumulation.train_cue_accumulation][INFO] - train epoch 180 loss 0.0827 accuracy 100.00
[2024-07-15 23:27:37,079][src.cue_accumulation.train_cue_accumulation][INFO] - 	 Starting Epoch:181 
[2024-07-15 23:27:38,156][src.cue_accumulation.train_cue_accumulation][INFO] - train epoch 181 loss 0.5164 accuracy 81.25
[2024-07-15 23:27:38,156][src.cue_accumulation.train_cue_accumulation][INFO] - 	 Starting Epoch:182 
[2024-07-15 23:27:39,229][src.cue_accumulation.train_cue_accumulation][INFO] - train epoch 182 loss 0.1557 accuracy 93.75
[2024-07-15 23:27:39,333][src.cue_accumulation.train_cue_accumulation][INFO] - 	 Starting Epoch:183 
[2024-07-15 23:27:40,403][src.cue_accumulation.train_cue_accumulation][INFO] - train epoch 183 loss 0.2013 accuracy 90.62
[2024-07-15 23:27:40,407][src.cue_accumulation.train_cue_accumulation][INFO] - 	 Starting Epoch:184 
[2024-07-15 23:27:41,474][src.cue_accumulation.train_cue_accumulation][INFO] - train epoch 184 loss 0.1817 accuracy 92.19
[2024-07-15 23:27:41,476][src.cue_accumulation.train_cue_accumulation][INFO] - 	 Starting Epoch:185 
[2024-07-15 23:27:42,549][src.cue_accumulation.train_cue_accumulation][INFO] - train epoch 185 loss 0.1734 accuracy 92.19
[2024-07-15 23:27:42,550][src.cue_accumulation.train_cue_accumulation][INFO] - 	 Starting Epoch:186 
[2024-07-15 23:27:43,627][src.cue_accumulation.train_cue_accumulation][INFO] - train epoch 186 loss 0.1935 accuracy 90.62
[2024-07-15 23:27:43,628][src.cue_accumulation.train_cue_accumulation][INFO] - 	 Starting Epoch:187 
[2024-07-15 23:27:44,712][src.cue_accumulation.train_cue_accumulation][INFO] - train epoch 187 loss 0.2027 accuracy 93.75
[2024-07-15 23:27:44,713][src.cue_accumulation.train_cue_accumulation][INFO] - 	 Starting Epoch:188 
[2024-07-15 23:27:45,793][src.cue_accumulation.train_cue_accumulation][INFO] - train epoch 188 loss 0.3142 accuracy 92.19
[2024-07-15 23:27:45,953][src.cue_accumulation.train_cue_accumulation][INFO] - 	 Starting Epoch:189 
[2024-07-15 23:27:47,044][src.cue_accumulation.train_cue_accumulation][INFO] - train epoch 189 loss 0.3285 accuracy 84.38
[2024-07-15 23:27:47,044][src.cue_accumulation.train_cue_accumulation][INFO] - 	 Starting Epoch:190 
[2024-07-15 23:27:48,132][src.cue_accumulation.train_cue_accumulation][INFO] - train epoch 190 loss 0.1746 accuracy 90.62
[2024-07-15 23:27:48,136][src.cue_accumulation.train_cue_accumulation][INFO] - 	 Starting Epoch:191 
[2024-07-15 23:27:49,210][src.cue_accumulation.train_cue_accumulation][INFO] - train epoch 191 loss 0.2752 accuracy 85.94
[2024-07-15 23:27:49,212][src.cue_accumulation.train_cue_accumulation][INFO] - 	 Starting Epoch:192 
[2024-07-15 23:27:50,276][src.cue_accumulation.train_cue_accumulation][INFO] - train epoch 192 loss 0.1612 accuracy 95.31
[2024-07-15 23:27:50,278][src.cue_accumulation.train_cue_accumulation][INFO] - 	 Starting Epoch:193 
[2024-07-15 23:27:51,343][src.cue_accumulation.train_cue_accumulation][INFO] - train epoch 193 loss 0.2281 accuracy 93.75
[2024-07-15 23:27:51,344][src.cue_accumulation.train_cue_accumulation][INFO] - 	 Starting Epoch:194 
[2024-07-15 23:27:52,413][src.cue_accumulation.train_cue_accumulation][INFO] - train epoch 194 loss 0.2196 accuracy 92.19
[2024-07-15 23:27:52,590][src.cue_accumulation.train_cue_accumulation][INFO] - 	 Starting Epoch:195 
[2024-07-15 23:27:53,656][src.cue_accumulation.train_cue_accumulation][INFO] - train epoch 195 loss 0.3355 accuracy 85.94
[2024-07-15 23:27:53,657][src.cue_accumulation.train_cue_accumulation][INFO] - 	 Starting Epoch:196 
[2024-07-15 23:27:54,720][src.cue_accumulation.train_cue_accumulation][INFO] - train epoch 196 loss 0.2213 accuracy 90.62
[2024-07-15 23:27:54,722][src.cue_accumulation.train_cue_accumulation][INFO] - 	 Starting Epoch:197 
[2024-07-15 23:27:55,798][src.cue_accumulation.train_cue_accumulation][INFO] - train epoch 197 loss 0.2005 accuracy 93.75
[2024-07-15 23:27:55,802][src.cue_accumulation.train_cue_accumulation][INFO] - 	 Starting Epoch:198 
[2024-07-15 23:27:56,866][src.cue_accumulation.train_cue_accumulation][INFO] - train epoch 198 loss 0.2669 accuracy 87.50
[2024-07-15 23:27:56,868][src.cue_accumulation.train_cue_accumulation][INFO] - 	 Starting Epoch:199 
[2024-07-15 23:27:57,934][src.cue_accumulation.train_cue_accumulation][INFO] - train epoch 199 loss 0.2117 accuracy 90.62
[2024-07-15 23:27:57,935][src.cue_accumulation.train_cue_accumulation][INFO] - 	 Starting Epoch:200 
[2024-07-15 23:27:59,006][src.cue_accumulation.train_cue_accumulation][INFO] - train epoch 200 loss 0.2636 accuracy 85.94
[2024-07-15 23:27:59,299][src.cue_accumulation.train_cue_accumulation][INFO] - 	 Starting Epoch:201 
[2024-07-15 23:28:00,367][src.cue_accumulation.train_cue_accumulation][INFO] - train epoch 201 loss 0.2964 accuracy 84.38
[2024-07-15 23:28:05,798][src.cue_accumulation.train_cue_accumulation][INFO] - eval  epoch 201 loss 0.2042 accuracy 92.58
[2024-07-15 23:28:12,049][src.cue_accumulation.train_cue_accumulation][INFO] - eval  epoch 201 loss 0.2414 accuracy 88.48
[2024-07-15 23:28:12,055][src.cue_accumulation.train_cue_accumulation][INFO] - 	 Starting Epoch:202 
[2024-07-15 23:28:13,172][src.cue_accumulation.train_cue_accumulation][INFO] - train epoch 202 loss 0.2127 accuracy 92.19
[2024-07-15 23:28:13,173][src.cue_accumulation.train_cue_accumulation][INFO] - 	 Starting Epoch:203 
[2024-07-15 23:28:14,287][src.cue_accumulation.train_cue_accumulation][INFO] - train epoch 203 loss 0.1531 accuracy 93.75
[2024-07-15 23:28:14,288][src.cue_accumulation.train_cue_accumulation][INFO] - 	 Starting Epoch:204 
[2024-07-15 23:28:15,404][src.cue_accumulation.train_cue_accumulation][INFO] - train epoch 204 loss 0.3539 accuracy 87.50
[2024-07-15 23:28:15,404][src.cue_accumulation.train_cue_accumulation][INFO] - 	 Starting Epoch:205 
[2024-07-15 23:28:16,524][src.cue_accumulation.train_cue_accumulation][INFO] - train epoch 205 loss 0.2309 accuracy 89.06
[2024-07-15 23:28:16,525][src.cue_accumulation.train_cue_accumulation][INFO] - 	 Starting Epoch:206 
[2024-07-15 23:28:17,642][src.cue_accumulation.train_cue_accumulation][INFO] - train epoch 206 loss 0.2761 accuracy 87.50
[2024-07-15 23:28:17,643][src.cue_accumulation.train_cue_accumulation][INFO] - 	 Starting Epoch:207 
[2024-07-15 23:28:18,758][src.cue_accumulation.train_cue_accumulation][INFO] - train epoch 207 loss 0.2969 accuracy 87.50
[2024-07-15 23:28:18,929][src.cue_accumulation.train_cue_accumulation][INFO] - 	 Starting Epoch:208 
[2024-07-15 23:28:20,046][src.cue_accumulation.train_cue_accumulation][INFO] - train epoch 208 loss 0.2944 accuracy 81.25
[2024-07-15 23:28:20,050][src.cue_accumulation.train_cue_accumulation][INFO] - 	 Starting Epoch:209 
[2024-07-15 23:28:21,163][src.cue_accumulation.train_cue_accumulation][INFO] - train epoch 209 loss 0.1972 accuracy 90.62
[2024-07-15 23:28:21,164][src.cue_accumulation.train_cue_accumulation][INFO] - 	 Starting Epoch:210 
[2024-07-15 23:28:22,277][src.cue_accumulation.train_cue_accumulation][INFO] - train epoch 210 loss 0.1362 accuracy 93.75
[2024-07-15 23:28:22,278][src.cue_accumulation.train_cue_accumulation][INFO] - 	 Starting Epoch:211 
[2024-07-15 23:28:23,393][src.cue_accumulation.train_cue_accumulation][INFO] - train epoch 211 loss 0.2767 accuracy 89.06
[2024-07-15 23:28:23,393][src.cue_accumulation.train_cue_accumulation][INFO] - 	 Starting Epoch:212 
[2024-07-15 23:28:24,509][src.cue_accumulation.train_cue_accumulation][INFO] - train epoch 212 loss 0.1620 accuracy 92.19
[2024-07-15 23:28:24,510][src.cue_accumulation.train_cue_accumulation][INFO] - 	 Starting Epoch:213 
[2024-07-15 23:28:25,625][src.cue_accumulation.train_cue_accumulation][INFO] - train epoch 213 loss 0.4028 accuracy 85.94
[2024-07-15 23:28:25,714][src.cue_accumulation.train_cue_accumulation][INFO] - 	 Starting Epoch:214 
[2024-07-15 23:28:26,829][src.cue_accumulation.train_cue_accumulation][INFO] - train epoch 214 loss 0.2271 accuracy 90.62
[2024-07-15 23:28:26,829][src.cue_accumulation.train_cue_accumulation][INFO] - 	 Starting Epoch:215 
[2024-07-15 23:28:27,945][src.cue_accumulation.train_cue_accumulation][INFO] - train epoch 215 loss 0.3177 accuracy 87.50
[2024-07-15 23:28:27,948][src.cue_accumulation.train_cue_accumulation][INFO] - 	 Starting Epoch:216 
[2024-07-15 23:28:29,062][src.cue_accumulation.train_cue_accumulation][INFO] - train epoch 216 loss 0.1303 accuracy 95.31
[2024-07-15 23:28:29,062][src.cue_accumulation.train_cue_accumulation][INFO] - 	 Starting Epoch:217 
[2024-07-15 23:28:30,176][src.cue_accumulation.train_cue_accumulation][INFO] - train epoch 217 loss 0.2754 accuracy 87.50
[2024-07-15 23:28:30,177][src.cue_accumulation.train_cue_accumulation][INFO] - 	 Starting Epoch:218 
[2024-07-15 23:28:31,288][src.cue_accumulation.train_cue_accumulation][INFO] - train epoch 218 loss 0.1993 accuracy 93.75
[2024-07-15 23:28:31,288][src.cue_accumulation.train_cue_accumulation][INFO] - 	 Starting Epoch:219 
[2024-07-15 23:28:32,370][src.cue_accumulation.train_cue_accumulation][INFO] - train epoch 219 loss 0.2480 accuracy 90.62
[2024-07-15 23:28:32,677][src.cue_accumulation.train_cue_accumulation][INFO] - 	 Starting Epoch:220 
[2024-07-15 23:28:33,765][src.cue_accumulation.train_cue_accumulation][INFO] - train epoch 220 loss 0.3597 accuracy 84.38
[2024-07-15 23:28:33,765][src.cue_accumulation.train_cue_accumulation][INFO] - 	 Starting Epoch:221 
[2024-07-15 23:28:34,838][src.cue_accumulation.train_cue_accumulation][INFO] - train epoch 221 loss 0.2247 accuracy 89.06
[2024-07-15 23:28:34,839][src.cue_accumulation.train_cue_accumulation][INFO] - 	 Starting Epoch:222 
[2024-07-15 23:28:35,912][src.cue_accumulation.train_cue_accumulation][INFO] - train epoch 222 loss 0.1752 accuracy 93.75
[2024-07-15 23:28:35,916][src.cue_accumulation.train_cue_accumulation][INFO] - 	 Starting Epoch:223 
[2024-07-15 23:28:36,987][src.cue_accumulation.train_cue_accumulation][INFO] - train epoch 223 loss 0.2264 accuracy 89.06
[2024-07-15 23:28:36,987][src.cue_accumulation.train_cue_accumulation][INFO] - 	 Starting Epoch:224 
[2024-07-15 23:28:38,060][src.cue_accumulation.train_cue_accumulation][INFO] - train epoch 224 loss 0.2209 accuracy 92.19
[2024-07-15 23:28:38,060][src.cue_accumulation.train_cue_accumulation][INFO] - 	 Starting Epoch:225 
[2024-07-15 23:28:39,129][src.cue_accumulation.train_cue_accumulation][INFO] - train epoch 225 loss 0.1647 accuracy 95.31
[2024-07-15 23:28:39,226][src.cue_accumulation.train_cue_accumulation][INFO] - 	 Starting Epoch:226 
[2024-07-15 23:28:40,305][src.cue_accumulation.train_cue_accumulation][INFO] - train epoch 226 loss 0.2176 accuracy 90.62
[2024-07-15 23:28:45,477][src.cue_accumulation.train_cue_accumulation][INFO] - eval  epoch 226 loss 0.1918 accuracy 92.77
[2024-07-15 23:28:51,414][src.cue_accumulation.train_cue_accumulation][INFO] - eval  epoch 226 loss 0.1693 accuracy 93.75
[2024-07-15 23:28:57,169][src.cue_accumulation.train_cue_accumulation][INFO] - eval  epoch 226 loss 0.1841 accuracy 92.97
[2024-07-15 23:29:03,017][src.cue_accumulation.train_cue_accumulation][INFO] - eval  epoch 226 loss 0.1969 accuracy 93.95
Met early stopping criteria, breaking at epoch 226
[2024-07-15 23:29:06,442][src.cue_accumulation.train_cue_accumulation][INFO] - firing rate eval set  average 25.8 max 1000.0 min 0.0
