[2024-08-14 18:32:47,914][jax._src.xla_bridge][INFO] - Unable to initialize backend 'rocm': module 'jaxlib.xla_extension' has no attribute 'GpuAllocatorConfig'
[2024-08-14 18:32:47,921][jax._src.xla_bridge][INFO] - Unable to initialize backend 'tpu': INTERNAL: Failed to open libtpu.so: libtpu.so: cannot open shared object file: No such file or directory
[2024-08-14 18:32:56,121][src.train.train_pattern_generation][INFO] - Starting training...
[2024-08-14 18:32:56,129][src.train.train_pattern_generation][INFO] - 	 Starting Epoch:1 
[2024-08-14 18:32:57,190][src.train.train_pattern_generation][INFO] - train epoch 001 MSE 0.1051 NMSE 1.051
[2024-08-14 18:42:18,548][jax._src.xla_bridge][INFO] - Unable to initialize backend 'rocm': module 'jaxlib.xla_extension' has no attribute 'GpuAllocatorConfig'
[2024-08-14 18:42:18,555][jax._src.xla_bridge][INFO] - Unable to initialize backend 'tpu': INTERNAL: Failed to open libtpu.so: libtpu.so: cannot open shared object file: No such file or directory
[2024-08-14 18:42:26,021][src.train.train_pattern_generation][INFO] - Starting training...
[2024-08-14 18:42:26,029][src.train.train_pattern_generation][INFO] - 	 Starting Epoch:1 
[2024-08-14 18:42:28,036][src.train.train_pattern_generation][INFO] - train epoch 001 MSE 0.1051 NMSE 1.051
[2024-08-14 18:42:28,398][src.train.train_pattern_generation][INFO] - eval  epoch 001 MSE 0.1005 nMSE 1.01
[2024-08-14 18:42:28,398][src.train.train_pattern_generation][INFO] - 	 Starting Epoch:2 
[2024-08-14 18:42:28,547][src.train.train_pattern_generation][INFO] - train epoch 002 MSE 0.1005 NMSE 1.005
[2024-08-14 18:42:28,547][src.train.train_pattern_generation][INFO] - 	 Starting Epoch:3 
[2024-08-14 18:42:28,692][src.train.train_pattern_generation][INFO] - train epoch 003 MSE 0.1000 NMSE 1.000
[2024-08-14 18:42:28,692][src.train.train_pattern_generation][INFO] - 	 Starting Epoch:4 
[2024-08-14 18:42:28,837][src.train.train_pattern_generation][INFO] - train epoch 004 MSE 0.0983 NMSE 0.983
[2024-08-14 18:42:28,837][src.train.train_pattern_generation][INFO] - 	 Starting Epoch:5 
[2024-08-14 18:42:28,982][src.train.train_pattern_generation][INFO] - train epoch 005 MSE 0.0970 NMSE 0.970
[2024-08-14 18:42:28,982][src.train.train_pattern_generation][INFO] - 	 Starting Epoch:6 
[2024-08-14 18:42:29,126][src.train.train_pattern_generation][INFO] - train epoch 006 MSE 0.0970 NMSE 0.970
[2024-08-14 18:42:29,127][src.train.train_pattern_generation][INFO] - 	 Starting Epoch:7 
[2024-08-14 18:42:29,272][src.train.train_pattern_generation][INFO] - train epoch 007 MSE 0.0966 NMSE 0.966
[2024-08-14 18:42:29,272][src.train.train_pattern_generation][INFO] - 	 Starting Epoch:8 
[2024-08-14 18:42:29,416][src.train.train_pattern_generation][INFO] - train epoch 008 MSE 0.0959 NMSE 0.959
[2024-08-14 18:42:29,417][src.train.train_pattern_generation][INFO] - 	 Starting Epoch:9 
[2024-08-14 18:42:29,560][src.train.train_pattern_generation][INFO] - train epoch 009 MSE 0.0946 NMSE 0.946
[2024-08-14 18:42:29,561][src.train.train_pattern_generation][INFO] - 	 Starting Epoch:10 
[2024-08-14 18:42:29,704][src.train.train_pattern_generation][INFO] - train epoch 010 MSE 0.0939 NMSE 0.939
[2024-08-14 18:42:29,704][src.train.train_pattern_generation][INFO] - 	 Starting Epoch:11 
[2024-08-14 18:42:29,847][src.train.train_pattern_generation][INFO] - train epoch 011 MSE 0.0936 NMSE 0.936
[2024-08-14 18:42:29,847][src.train.train_pattern_generation][INFO] - 	 Starting Epoch:12 
[2024-08-14 18:42:29,990][src.train.train_pattern_generation][INFO] - train epoch 012 MSE 0.0935 NMSE 0.935
[2024-08-14 18:42:29,991][src.train.train_pattern_generation][INFO] - 	 Starting Epoch:13 
[2024-08-14 18:42:30,134][src.train.train_pattern_generation][INFO] - train epoch 013 MSE 0.0933 NMSE 0.933
[2024-08-14 18:42:30,134][src.train.train_pattern_generation][INFO] - 	 Starting Epoch:14 
[2024-08-14 18:42:30,277][src.train.train_pattern_generation][INFO] - train epoch 014 MSE 0.0930 NMSE 0.930
[2024-08-14 18:42:30,278][src.train.train_pattern_generation][INFO] - 	 Starting Epoch:15 
[2024-08-14 18:42:30,422][src.train.train_pattern_generation][INFO] - train epoch 015 MSE 0.0925 NMSE 0.925
[2024-08-14 18:42:30,423][src.train.train_pattern_generation][INFO] - 	 Starting Epoch:16 
[2024-08-14 18:42:30,567][src.train.train_pattern_generation][INFO] - train epoch 016 MSE 0.0918 NMSE 0.918
[2024-08-14 18:42:30,568][src.train.train_pattern_generation][INFO] - 	 Starting Epoch:17 
[2024-08-14 18:42:30,712][src.train.train_pattern_generation][INFO] - train epoch 017 MSE 0.0912 NMSE 0.912
[2024-08-14 18:42:30,713][src.train.train_pattern_generation][INFO] - 	 Starting Epoch:18 
[2024-08-14 18:42:30,857][src.train.train_pattern_generation][INFO] - train epoch 018 MSE 0.0905 NMSE 0.905
[2024-08-14 18:42:30,858][src.train.train_pattern_generation][INFO] - 	 Starting Epoch:19 
[2024-08-14 18:42:31,006][src.train.train_pattern_generation][INFO] - train epoch 019 MSE 0.0897 NMSE 0.897
[2024-08-14 18:42:31,006][src.train.train_pattern_generation][INFO] - 	 Starting Epoch:20 
[2024-08-14 18:42:31,148][src.train.train_pattern_generation][INFO] - train epoch 020 MSE 0.0890 NMSE 0.890
[2024-08-14 18:42:31,149][src.train.train_pattern_generation][INFO] - 	 Starting Epoch:21 
[2024-08-14 18:42:31,290][src.train.train_pattern_generation][INFO] - train epoch 021 MSE 0.0882 NMSE 0.882
[2024-08-14 18:42:31,291][src.train.train_pattern_generation][INFO] - 	 Starting Epoch:22 
[2024-08-14 18:42:31,428][src.train.train_pattern_generation][INFO] - train epoch 022 MSE 0.0874 NMSE 0.874
[2024-08-14 18:42:31,428][src.train.train_pattern_generation][INFO] - 	 Starting Epoch:23 
[2024-08-14 18:42:31,564][src.train.train_pattern_generation][INFO] - train epoch 023 MSE 0.0865 NMSE 0.865
[2024-08-14 18:42:31,564][src.train.train_pattern_generation][INFO] - 	 Starting Epoch:24 
[2024-08-14 18:42:31,700][src.train.train_pattern_generation][INFO] - train epoch 024 MSE 0.0857 NMSE 0.857
[2024-08-14 18:42:31,701][src.train.train_pattern_generation][INFO] - 	 Starting Epoch:25 
[2024-08-14 18:42:31,839][src.train.train_pattern_generation][INFO] - train epoch 025 MSE 0.0850 NMSE 0.850
[2024-08-14 18:42:31,840][src.train.train_pattern_generation][INFO] - 	 Starting Epoch:26 
[2024-08-14 18:42:31,977][src.train.train_pattern_generation][INFO] - train epoch 026 MSE 0.0843 NMSE 0.843
[2024-08-14 18:42:32,039][src.train.train_pattern_generation][INFO] - eval  epoch 026 MSE 0.0835 nMSE 0.83
[2024-08-14 18:42:32,039][src.train.train_pattern_generation][INFO] - 	 Starting Epoch:27 
[2024-08-14 18:42:32,176][src.train.train_pattern_generation][INFO] - train epoch 027 MSE 0.0835 NMSE 0.835
[2024-08-14 18:42:32,177][src.train.train_pattern_generation][INFO] - 	 Starting Epoch:28 
[2024-08-14 18:42:32,315][src.train.train_pattern_generation][INFO] - train epoch 028 MSE 0.0826 NMSE 0.826
[2024-08-14 18:42:32,315][src.train.train_pattern_generation][INFO] - 	 Starting Epoch:29 
[2024-08-14 18:42:32,455][src.train.train_pattern_generation][INFO] - train epoch 029 MSE 0.0818 NMSE 0.818
[2024-08-14 18:42:32,455][src.train.train_pattern_generation][INFO] - 	 Starting Epoch:30 
[2024-08-14 18:42:32,595][src.train.train_pattern_generation][INFO] - train epoch 030 MSE 0.0811 NMSE 0.811
[2024-08-14 18:42:32,595][src.train.train_pattern_generation][INFO] - 	 Starting Epoch:31 
[2024-08-14 18:42:32,732][src.train.train_pattern_generation][INFO] - train epoch 031 MSE 0.0801 NMSE 0.801
[2024-08-14 18:42:32,732][src.train.train_pattern_generation][INFO] - 	 Starting Epoch:32 
[2024-08-14 18:42:32,869][src.train.train_pattern_generation][INFO] - train epoch 032 MSE 0.0792 NMSE 0.792
[2024-08-14 18:42:32,870][src.train.train_pattern_generation][INFO] - 	 Starting Epoch:33 
[2024-08-14 18:42:33,007][src.train.train_pattern_generation][INFO] - train epoch 033 MSE 0.0784 NMSE 0.784
[2024-08-14 18:42:33,008][src.train.train_pattern_generation][INFO] - 	 Starting Epoch:34 
[2024-08-14 18:42:33,146][src.train.train_pattern_generation][INFO] - train epoch 034 MSE 0.0774 NMSE 0.774
[2024-08-14 18:42:33,146][src.train.train_pattern_generation][INFO] - 	 Starting Epoch:35 
[2024-08-14 18:42:33,282][src.train.train_pattern_generation][INFO] - train epoch 035 MSE 0.0763 NMSE 0.763
[2024-08-14 18:42:33,282][src.train.train_pattern_generation][INFO] - 	 Starting Epoch:36 
[2024-08-14 18:42:33,418][src.train.train_pattern_generation][INFO] - train epoch 036 MSE 0.0753 NMSE 0.753
[2024-08-14 18:42:33,418][src.train.train_pattern_generation][INFO] - 	 Starting Epoch:37 
[2024-08-14 18:42:33,554][src.train.train_pattern_generation][INFO] - train epoch 037 MSE 0.0743 NMSE 0.743
[2024-08-14 18:42:33,555][src.train.train_pattern_generation][INFO] - 	 Starting Epoch:38 
[2024-08-14 18:42:33,692][src.train.train_pattern_generation][INFO] - train epoch 038 MSE 0.0733 NMSE 0.733
[2024-08-14 18:42:33,693][src.train.train_pattern_generation][INFO] - 	 Starting Epoch:39 
[2024-08-14 18:42:33,827][src.train.train_pattern_generation][INFO] - train epoch 039 MSE 0.0721 NMSE 0.721
[2024-08-14 18:42:33,828][src.train.train_pattern_generation][INFO] - 	 Starting Epoch:40 
[2024-08-14 18:42:33,963][src.train.train_pattern_generation][INFO] - train epoch 040 MSE 0.0709 NMSE 0.709
[2024-08-14 18:42:33,964][src.train.train_pattern_generation][INFO] - 	 Starting Epoch:41 
[2024-08-14 18:42:34,104][src.train.train_pattern_generation][INFO] - train epoch 041 MSE 0.0695 NMSE 0.695
[2024-08-14 18:42:34,105][src.train.train_pattern_generation][INFO] - 	 Starting Epoch:42 
[2024-08-14 18:42:34,240][src.train.train_pattern_generation][INFO] - train epoch 042 MSE 0.0681 NMSE 0.681
[2024-08-14 18:42:34,242][src.train.train_pattern_generation][INFO] - 	 Starting Epoch:43 
[2024-08-14 18:42:34,379][src.train.train_pattern_generation][INFO] - train epoch 043 MSE 0.0664 NMSE 0.664
[2024-08-14 18:42:34,382][src.train.train_pattern_generation][INFO] - 	 Starting Epoch:44 
[2024-08-14 18:42:34,518][src.train.train_pattern_generation][INFO] - train epoch 044 MSE 0.0652 NMSE 0.652
[2024-08-14 18:42:34,518][src.train.train_pattern_generation][INFO] - 	 Starting Epoch:45 
[2024-08-14 18:42:34,654][src.train.train_pattern_generation][INFO] - train epoch 045 MSE 0.0634 NMSE 0.634
[2024-08-14 18:42:34,655][src.train.train_pattern_generation][INFO] - 	 Starting Epoch:46 
[2024-08-14 18:42:34,789][src.train.train_pattern_generation][INFO] - train epoch 046 MSE 0.0620 NMSE 0.620
[2024-08-14 18:42:34,790][src.train.train_pattern_generation][INFO] - 	 Starting Epoch:47 
[2024-08-14 18:42:34,925][src.train.train_pattern_generation][INFO] - train epoch 047 MSE 0.0603 NMSE 0.603
[2024-08-14 18:42:34,926][src.train.train_pattern_generation][INFO] - 	 Starting Epoch:48 
[2024-08-14 18:42:35,065][src.train.train_pattern_generation][INFO] - train epoch 048 MSE 0.0583 NMSE 0.583
[2024-08-14 18:42:35,065][src.train.train_pattern_generation][INFO] - 	 Starting Epoch:49 
[2024-08-14 18:42:35,201][src.train.train_pattern_generation][INFO] - train epoch 049 MSE 0.0567 NMSE 0.567
[2024-08-14 18:42:35,201][src.train.train_pattern_generation][INFO] - 	 Starting Epoch:50 
[2024-08-14 18:42:35,335][src.train.train_pattern_generation][INFO] - train epoch 050 MSE 0.0552 NMSE 0.552
[2024-08-14 18:42:35,336][src.train.train_pattern_generation][INFO] - 	 Starting Epoch:51 
[2024-08-14 18:42:35,472][src.train.train_pattern_generation][INFO] - train epoch 051 MSE 0.0533 NMSE 0.533
[2024-08-14 18:42:35,532][src.train.train_pattern_generation][INFO] - eval  epoch 051 MSE 0.0516 nMSE 0.52
[2024-08-14 18:42:35,533][src.train.train_pattern_generation][INFO] - 	 Starting Epoch:52 
[2024-08-14 18:42:35,668][src.train.train_pattern_generation][INFO] - train epoch 052 MSE 0.0516 NMSE 0.516
[2024-08-14 18:42:35,669][src.train.train_pattern_generation][INFO] - 	 Starting Epoch:53 
[2024-08-14 18:42:35,806][src.train.train_pattern_generation][INFO] - train epoch 053 MSE 0.0499 NMSE 0.499
[2024-08-14 18:42:35,807][src.train.train_pattern_generation][INFO] - 	 Starting Epoch:54 
[2024-08-14 18:42:35,946][src.train.train_pattern_generation][INFO] - train epoch 054 MSE 0.0480 NMSE 0.480
[2024-08-14 18:42:35,946][src.train.train_pattern_generation][INFO] - 	 Starting Epoch:55 
[2024-08-14 18:42:36,088][src.train.train_pattern_generation][INFO] - train epoch 055 MSE 0.0460 NMSE 0.460
[2024-08-14 18:42:36,088][src.train.train_pattern_generation][INFO] - 	 Starting Epoch:56 
[2024-08-14 18:42:36,223][src.train.train_pattern_generation][INFO] - train epoch 056 MSE 0.0446 NMSE 0.446
[2024-08-14 18:42:36,223][src.train.train_pattern_generation][INFO] - 	 Starting Epoch:57 
[2024-08-14 18:42:36,359][src.train.train_pattern_generation][INFO] - train epoch 057 MSE 0.0429 NMSE 0.429
[2024-08-14 18:42:36,359][src.train.train_pattern_generation][INFO] - 	 Starting Epoch:58 
[2024-08-14 18:42:36,497][src.train.train_pattern_generation][INFO] - train epoch 058 MSE 0.0425 NMSE 0.425
[2024-08-14 18:42:36,497][src.train.train_pattern_generation][INFO] - 	 Starting Epoch:59 
[2024-08-14 18:42:36,634][src.train.train_pattern_generation][INFO] - train epoch 059 MSE 0.0414 NMSE 0.414
[2024-08-14 18:42:36,635][src.train.train_pattern_generation][INFO] - 	 Starting Epoch:60 
[2024-08-14 18:42:36,769][src.train.train_pattern_generation][INFO] - train epoch 060 MSE 0.0393 NMSE 0.393
[2024-08-14 18:42:36,770][src.train.train_pattern_generation][INFO] - 	 Starting Epoch:61 
[2024-08-14 18:42:36,903][src.train.train_pattern_generation][INFO] - train epoch 061 MSE 0.0381 NMSE 0.381
[2024-08-14 18:42:36,904][src.train.train_pattern_generation][INFO] - 	 Starting Epoch:62 
[2024-08-14 18:42:37,041][src.train.train_pattern_generation][INFO] - train epoch 062 MSE 0.0371 NMSE 0.371
[2024-08-14 18:42:37,042][src.train.train_pattern_generation][INFO] - 	 Starting Epoch:63 
[2024-08-14 18:42:37,173][src.train.train_pattern_generation][INFO] - train epoch 063 MSE 0.0359 NMSE 0.359
[2024-08-14 18:42:37,174][src.train.train_pattern_generation][INFO] - 	 Starting Epoch:64 
[2024-08-14 18:42:37,306][src.train.train_pattern_generation][INFO] - train epoch 064 MSE 0.0348 NMSE 0.348
[2024-08-14 18:42:37,307][src.train.train_pattern_generation][INFO] - 	 Starting Epoch:65 
[2024-08-14 18:42:37,443][src.train.train_pattern_generation][INFO] - train epoch 065 MSE 0.0341 NMSE 0.341
[2024-08-14 18:42:37,443][src.train.train_pattern_generation][INFO] - 	 Starting Epoch:66 
[2024-08-14 18:42:37,579][src.train.train_pattern_generation][INFO] - train epoch 066 MSE 0.0334 NMSE 0.334
[2024-08-14 18:42:37,580][src.train.train_pattern_generation][INFO] - 	 Starting Epoch:67 
[2024-08-14 18:42:37,715][src.train.train_pattern_generation][INFO] - train epoch 067 MSE 0.0323 NMSE 0.323
[2024-08-14 18:42:37,716][src.train.train_pattern_generation][INFO] - 	 Starting Epoch:68 
[2024-08-14 18:42:37,850][src.train.train_pattern_generation][INFO] - train epoch 068 MSE 0.0311 NMSE 0.311
[2024-08-14 18:42:37,850][src.train.train_pattern_generation][INFO] - 	 Starting Epoch:69 
[2024-08-14 18:42:37,986][src.train.train_pattern_generation][INFO] - train epoch 069 MSE 0.0302 NMSE 0.302
[2024-08-14 18:42:37,987][src.train.train_pattern_generation][INFO] - 	 Starting Epoch:70 
[2024-08-14 18:42:38,124][src.train.train_pattern_generation][INFO] - train epoch 070 MSE 0.0292 NMSE 0.292
[2024-08-14 18:42:38,125][src.train.train_pattern_generation][INFO] - 	 Starting Epoch:71 
[2024-08-14 18:42:38,261][src.train.train_pattern_generation][INFO] - train epoch 071 MSE 0.0286 NMSE 0.286
[2024-08-14 18:42:38,261][src.train.train_pattern_generation][INFO] - 	 Starting Epoch:72 
[2024-08-14 18:42:38,396][src.train.train_pattern_generation][INFO] - train epoch 072 MSE 0.0277 NMSE 0.277
[2024-08-14 18:42:38,397][src.train.train_pattern_generation][INFO] - 	 Starting Epoch:73 
[2024-08-14 18:42:38,535][src.train.train_pattern_generation][INFO] - train epoch 073 MSE 0.0268 NMSE 0.268
[2024-08-14 18:42:38,535][src.train.train_pattern_generation][INFO] - 	 Starting Epoch:74 
[2024-08-14 18:42:38,674][src.train.train_pattern_generation][INFO] - train epoch 074 MSE 0.0262 NMSE 0.262
[2024-08-14 18:42:38,674][src.train.train_pattern_generation][INFO] - 	 Starting Epoch:75 
[2024-08-14 18:42:38,811][src.train.train_pattern_generation][INFO] - train epoch 075 MSE 0.0251 NMSE 0.251
[2024-08-14 18:42:38,812][src.train.train_pattern_generation][INFO] - 	 Starting Epoch:76 
[2024-08-14 18:42:38,949][src.train.train_pattern_generation][INFO] - train epoch 076 MSE 0.0244 NMSE 0.244
[2024-08-14 18:42:39,012][src.train.train_pattern_generation][INFO] - eval  epoch 076 MSE 0.0235 nMSE 0.24
[2024-08-14 18:42:39,013][src.train.train_pattern_generation][INFO] - 	 Starting Epoch:77 
[2024-08-14 18:42:39,153][src.train.train_pattern_generation][INFO] - train epoch 077 MSE 0.0235 NMSE 0.235
[2024-08-14 18:42:39,153][src.train.train_pattern_generation][INFO] - 	 Starting Epoch:78 
[2024-08-14 18:42:39,293][src.train.train_pattern_generation][INFO] - train epoch 078 MSE 0.0229 NMSE 0.229
[2024-08-14 18:42:39,293][src.train.train_pattern_generation][INFO] - 	 Starting Epoch:79 
[2024-08-14 18:42:39,428][src.train.train_pattern_generation][INFO] - train epoch 079 MSE 0.0223 NMSE 0.223
[2024-08-14 18:42:39,429][src.train.train_pattern_generation][INFO] - 	 Starting Epoch:80 
[2024-08-14 18:42:39,563][src.train.train_pattern_generation][INFO] - train epoch 080 MSE 0.0215 NMSE 0.215
[2024-08-14 18:42:39,564][src.train.train_pattern_generation][INFO] - 	 Starting Epoch:81 
[2024-08-14 18:42:39,700][src.train.train_pattern_generation][INFO] - train epoch 081 MSE 0.0210 NMSE 0.210
[2024-08-14 18:42:39,700][src.train.train_pattern_generation][INFO] - 	 Starting Epoch:82 
[2024-08-14 18:42:39,836][src.train.train_pattern_generation][INFO] - train epoch 082 MSE 0.0205 NMSE 0.205
[2024-08-14 18:42:39,837][src.train.train_pattern_generation][INFO] - 	 Starting Epoch:83 
[2024-08-14 18:42:39,973][src.train.train_pattern_generation][INFO] - train epoch 083 MSE 0.0198 NMSE 0.198
[2024-08-14 18:42:39,974][src.train.train_pattern_generation][INFO] - 	 Starting Epoch:84 
[2024-08-14 18:42:40,113][src.train.train_pattern_generation][INFO] - train epoch 084 MSE 0.0191 NMSE 0.191
[2024-08-14 18:42:40,114][src.train.train_pattern_generation][INFO] - 	 Starting Epoch:85 
[2024-08-14 18:42:40,252][src.train.train_pattern_generation][INFO] - train epoch 085 MSE 0.0185 NMSE 0.185
[2024-08-14 18:42:40,257][src.train.train_pattern_generation][INFO] - 	 Starting Epoch:86 
[2024-08-14 18:42:40,394][src.train.train_pattern_generation][INFO] - train epoch 086 MSE 0.0179 NMSE 0.179
[2024-08-14 18:42:40,398][src.train.train_pattern_generation][INFO] - 	 Starting Epoch:87 
[2024-08-14 18:42:40,534][src.train.train_pattern_generation][INFO] - train epoch 087 MSE 0.0174 NMSE 0.174
[2024-08-14 18:42:40,535][src.train.train_pattern_generation][INFO] - 	 Starting Epoch:88 
[2024-08-14 18:42:40,670][src.train.train_pattern_generation][INFO] - train epoch 088 MSE 0.0170 NMSE 0.170
[2024-08-14 18:42:40,670][src.train.train_pattern_generation][INFO] - 	 Starting Epoch:89 
[2024-08-14 18:42:40,806][src.train.train_pattern_generation][INFO] - train epoch 089 MSE 0.0164 NMSE 0.164
[2024-08-14 18:42:40,806][src.train.train_pattern_generation][INFO] - 	 Starting Epoch:90 
[2024-08-14 18:42:40,942][src.train.train_pattern_generation][INFO] - train epoch 090 MSE 0.0161 NMSE 0.161
[2024-08-14 18:42:40,943][src.train.train_pattern_generation][INFO] - 	 Starting Epoch:91 
[2024-08-14 18:42:41,080][src.train.train_pattern_generation][INFO] - train epoch 091 MSE 0.0155 NMSE 0.155
[2024-08-14 18:42:41,081][src.train.train_pattern_generation][INFO] - 	 Starting Epoch:92 
[2024-08-14 18:42:41,220][src.train.train_pattern_generation][INFO] - train epoch 092 MSE 0.0151 NMSE 0.151
[2024-08-14 18:42:41,221][src.train.train_pattern_generation][INFO] - 	 Starting Epoch:93 
[2024-08-14 18:42:41,358][src.train.train_pattern_generation][INFO] - train epoch 093 MSE 0.0145 NMSE 0.145
[2024-08-14 18:42:41,359][src.train.train_pattern_generation][INFO] - 	 Starting Epoch:94 
[2024-08-14 18:42:41,499][src.train.train_pattern_generation][INFO] - train epoch 094 MSE 0.0141 NMSE 0.141
[2024-08-14 18:42:41,500][src.train.train_pattern_generation][INFO] - 	 Starting Epoch:95 
[2024-08-14 18:42:41,636][src.train.train_pattern_generation][INFO] - train epoch 095 MSE 0.0140 NMSE 0.140
[2024-08-14 18:42:41,637][src.train.train_pattern_generation][INFO] - 	 Starting Epoch:96 
[2024-08-14 18:42:41,774][src.train.train_pattern_generation][INFO] - train epoch 096 MSE 0.0135 NMSE 0.135
[2024-08-14 18:42:41,774][src.train.train_pattern_generation][INFO] - 	 Starting Epoch:97 
[2024-08-14 18:42:41,914][src.train.train_pattern_generation][INFO] - train epoch 097 MSE 0.0132 NMSE 0.132
[2024-08-14 18:42:41,914][src.train.train_pattern_generation][INFO] - 	 Starting Epoch:98 
[2024-08-14 18:42:42,054][src.train.train_pattern_generation][INFO] - train epoch 098 MSE 0.0132 NMSE 0.132
[2024-08-14 18:42:42,054][src.train.train_pattern_generation][INFO] - 	 Starting Epoch:99 
[2024-08-14 18:42:42,191][src.train.train_pattern_generation][INFO] - train epoch 099 MSE 0.0127 NMSE 0.127
[2024-08-14 18:42:42,192][src.train.train_pattern_generation][INFO] - 	 Starting Epoch:100 
[2024-08-14 18:42:42,327][src.train.train_pattern_generation][INFO] - train epoch 100 MSE 0.0125 NMSE 0.125
[2024-08-14 18:42:42,328][src.train.train_pattern_generation][INFO] - 	 Starting Epoch:101 
[2024-08-14 18:42:42,466][src.train.train_pattern_generation][INFO] - train epoch 101 MSE 0.0122 NMSE 0.122
[2024-08-14 18:42:42,527][src.train.train_pattern_generation][INFO] - eval  epoch 101 MSE 0.0117 nMSE 0.12
[2024-08-14 18:42:42,528][src.train.train_pattern_generation][INFO] - 	 Starting Epoch:102 
[2024-08-14 18:42:42,665][src.train.train_pattern_generation][INFO] - train epoch 102 MSE 0.0117 NMSE 0.117
[2024-08-14 18:42:42,666][src.train.train_pattern_generation][INFO] - 	 Starting Epoch:103 
[2024-08-14 18:42:42,803][src.train.train_pattern_generation][INFO] - train epoch 103 MSE 0.0114 NMSE 0.114
[2024-08-14 18:42:42,804][src.train.train_pattern_generation][INFO] - 	 Starting Epoch:104 
[2024-08-14 18:42:42,944][src.train.train_pattern_generation][INFO] - train epoch 104 MSE 0.0113 NMSE 0.113
[2024-08-14 18:42:42,944][src.train.train_pattern_generation][INFO] - 	 Starting Epoch:105 
[2024-08-14 18:42:43,083][src.train.train_pattern_generation][INFO] - train epoch 105 MSE 0.0110 NMSE 0.110
[2024-08-14 18:42:43,083][src.train.train_pattern_generation][INFO] - 	 Starting Epoch:106 
[2024-08-14 18:42:43,219][src.train.train_pattern_generation][INFO] - train epoch 106 MSE 0.0108 NMSE 0.108
[2024-08-14 18:42:43,219][src.train.train_pattern_generation][INFO] - 	 Starting Epoch:107 
[2024-08-14 18:42:43,355][src.train.train_pattern_generation][INFO] - train epoch 107 MSE 0.0105 NMSE 0.105
[2024-08-14 18:42:43,355][src.train.train_pattern_generation][INFO] - 	 Starting Epoch:108 
[2024-08-14 18:42:43,492][src.train.train_pattern_generation][INFO] - train epoch 108 MSE 0.0103 NMSE 0.103
[2024-08-14 18:42:43,493][src.train.train_pattern_generation][INFO] - 	 Starting Epoch:109 
[2024-08-14 18:42:43,630][src.train.train_pattern_generation][INFO] - train epoch 109 MSE 0.0100 NMSE 0.100
[2024-08-14 18:42:43,630][src.train.train_pattern_generation][INFO] - 	 Starting Epoch:110 
[2024-08-14 18:42:43,764][src.train.train_pattern_generation][INFO] - train epoch 110 MSE 0.0098 NMSE 0.098
[2024-08-14 18:42:43,765][src.train.train_pattern_generation][INFO] - 	 Starting Epoch:111 
[2024-08-14 18:42:43,900][src.train.train_pattern_generation][INFO] - train epoch 111 MSE 0.0095 NMSE 0.095
[2024-08-14 18:42:43,901][src.train.train_pattern_generation][INFO] - 	 Starting Epoch:112 
[2024-08-14 18:42:44,036][src.train.train_pattern_generation][INFO] - train epoch 112 MSE 0.0093 NMSE 0.093
[2024-08-14 18:42:44,036][src.train.train_pattern_generation][INFO] - 	 Starting Epoch:113 
[2024-08-14 18:42:44,174][src.train.train_pattern_generation][INFO] - train epoch 113 MSE 0.0090 NMSE 0.090
[2024-08-14 18:42:44,174][src.train.train_pattern_generation][INFO] - 	 Starting Epoch:114 
[2024-08-14 18:42:44,309][src.train.train_pattern_generation][INFO] - train epoch 114 MSE 0.0089 NMSE 0.089
[2024-08-14 18:42:44,310][src.train.train_pattern_generation][INFO] - 	 Starting Epoch:115 
[2024-08-14 18:42:44,446][src.train.train_pattern_generation][INFO] - train epoch 115 MSE 0.0087 NMSE 0.087
[2024-08-14 18:42:44,446][src.train.train_pattern_generation][INFO] - 	 Starting Epoch:116 
[2024-08-14 18:42:44,580][src.train.train_pattern_generation][INFO] - train epoch 116 MSE 0.0085 NMSE 0.085
[2024-08-14 18:42:44,581][src.train.train_pattern_generation][INFO] - 	 Starting Epoch:117 
[2024-08-14 18:42:44,716][src.train.train_pattern_generation][INFO] - train epoch 117 MSE 0.0083 NMSE 0.083
[2024-08-14 18:42:44,717][src.train.train_pattern_generation][INFO] - 	 Starting Epoch:118 
[2024-08-14 18:42:44,852][src.train.train_pattern_generation][INFO] - train epoch 118 MSE 0.0081 NMSE 0.081
[2024-08-14 18:42:44,853][src.train.train_pattern_generation][INFO] - 	 Starting Epoch:119 
[2024-08-14 18:42:44,989][src.train.train_pattern_generation][INFO] - train epoch 119 MSE 0.0080 NMSE 0.080
[2024-08-14 18:42:44,990][src.train.train_pattern_generation][INFO] - 	 Starting Epoch:120 
[2024-08-14 18:42:45,128][src.train.train_pattern_generation][INFO] - train epoch 120 MSE 0.0078 NMSE 0.078
[2024-08-14 18:42:45,129][src.train.train_pattern_generation][INFO] - 	 Starting Epoch:121 
[2024-08-14 18:42:45,267][src.train.train_pattern_generation][INFO] - train epoch 121 MSE 0.0077 NMSE 0.077
[2024-08-14 18:42:45,268][src.train.train_pattern_generation][INFO] - 	 Starting Epoch:122 
[2024-08-14 18:42:45,406][src.train.train_pattern_generation][INFO] - train epoch 122 MSE 0.0075 NMSE 0.075
[2024-08-14 18:42:45,406][src.train.train_pattern_generation][INFO] - 	 Starting Epoch:123 
[2024-08-14 18:42:45,541][src.train.train_pattern_generation][INFO] - train epoch 123 MSE 0.0073 NMSE 0.073
[2024-08-14 18:42:45,542][src.train.train_pattern_generation][INFO] - 	 Starting Epoch:124 
[2024-08-14 18:42:45,677][src.train.train_pattern_generation][INFO] - train epoch 124 MSE 0.0072 NMSE 0.072
[2024-08-14 18:42:45,678][src.train.train_pattern_generation][INFO] - 	 Starting Epoch:125 
[2024-08-14 18:42:45,813][src.train.train_pattern_generation][INFO] - train epoch 125 MSE 0.0071 NMSE 0.071
[2024-08-14 18:42:45,814][src.train.train_pattern_generation][INFO] - 	 Starting Epoch:126 
[2024-08-14 18:42:45,950][src.train.train_pattern_generation][INFO] - train epoch 126 MSE 0.0068 NMSE 0.068
[2024-08-14 18:42:46,011][src.train.train_pattern_generation][INFO] - eval  epoch 126 MSE 0.0067 nMSE 0.07
[2024-08-14 18:42:46,082][src.train.train_pattern_generation][INFO] - eval  epoch 126 MSE 0.0067 nMSE 0.07
[2024-08-14 18:42:46,153][src.train.train_pattern_generation][INFO] - eval  epoch 126 MSE 0.0067 nMSE 0.07
[2024-08-14 18:42:46,222][src.train.train_pattern_generation][INFO] - eval  epoch 126 MSE 0.0067 nMSE 0.07
[2024-08-14 18:42:46,222][src.train.train_pattern_generation][INFO] - Met early stopping criteria, breaking at epoch 126
[2024-08-14 18:42:54,090][src.train.train_pattern_generation][INFO] - firing rate eval set  average 27.9 max 133.5 min 0.0
