[2024-07-22 15:34:16,542][src.train.train_cue_accumulation][INFO] - Starting training...
[2024-07-22 15:34:16,545][src.train.train_cue_accumulation][INFO] - 	 Starting Epoch:1 
[2024-07-22 15:34:19,422][src.train.train_cue_accumulation][INFO] - train epoch 001 loss 0.6832 accuracy 56.25
[2024-07-22 15:34:25,308][src.train.train_cue_accumulation][INFO] - eval  epoch 001 loss 0.7013 accuracy 47.07
[2024-07-22 15:34:25,309][src.train.train_cue_accumulation][INFO] - 	 Starting Epoch:2 
[2024-07-22 15:34:26,646][src.train.train_cue_accumulation][INFO] - train epoch 002 loss 0.6947 accuracy 46.88
[2024-07-22 15:34:26,711][src.train.train_cue_accumulation][INFO] - 	 Starting Epoch:3 
[2024-07-22 15:34:28,049][src.train.train_cue_accumulation][INFO] - train epoch 003 loss 0.6837 accuracy 57.81
[2024-07-22 15:34:28,049][src.train.train_cue_accumulation][INFO] - 	 Starting Epoch:4 
[2024-07-22 15:34:29,388][src.train.train_cue_accumulation][INFO] - train epoch 004 loss 0.6954 accuracy 54.69
[2024-07-22 15:34:29,389][src.train.train_cue_accumulation][INFO] - 	 Starting Epoch:5 
[2024-07-22 15:34:30,727][src.train.train_cue_accumulation][INFO] - train epoch 005 loss 0.6932 accuracy 46.88
[2024-07-22 15:34:30,728][src.train.train_cue_accumulation][INFO] - 	 Starting Epoch:6 
[2024-07-22 15:34:32,030][src.train.train_cue_accumulation][INFO] - train epoch 006 loss 0.7050 accuracy 40.62
[2024-07-22 15:34:32,031][src.train.train_cue_accumulation][INFO] - 	 Starting Epoch:7 
[2024-07-22 15:34:33,319][src.train.train_cue_accumulation][INFO] - train epoch 007 loss 0.6913 accuracy 53.12
[2024-07-22 15:34:33,344][src.train.train_cue_accumulation][INFO] - 	 Starting Epoch:8 
[2024-07-22 15:34:34,642][src.train.train_cue_accumulation][INFO] - train epoch 008 loss 0.7082 accuracy 48.44
[2024-07-22 15:34:34,646][src.train.train_cue_accumulation][INFO] - 	 Starting Epoch:9 
[2024-07-22 15:34:35,935][src.train.train_cue_accumulation][INFO] - train epoch 009 loss 0.6951 accuracy 45.31
[2024-07-22 15:34:35,936][src.train.train_cue_accumulation][INFO] - 	 Starting Epoch:10 
[2024-07-22 15:34:37,225][src.train.train_cue_accumulation][INFO] - train epoch 010 loss 0.6869 accuracy 56.25
[2024-07-22 15:34:37,225][src.train.train_cue_accumulation][INFO] - 	 Starting Epoch:11 
[2024-07-22 15:34:38,517][src.train.train_cue_accumulation][INFO] - train epoch 011 loss 0.6853 accuracy 54.69
[2024-07-22 15:34:38,519][src.train.train_cue_accumulation][INFO] - 	 Starting Epoch:12 
[2024-07-22 15:34:39,806][src.train.train_cue_accumulation][INFO] - train epoch 012 loss 0.7077 accuracy 46.88
[2024-07-22 15:34:39,833][src.train.train_cue_accumulation][INFO] - 	 Starting Epoch:13 
[2024-07-22 15:34:41,125][src.train.train_cue_accumulation][INFO] - train epoch 013 loss 0.6995 accuracy 54.69
[2024-07-22 15:34:41,125][src.train.train_cue_accumulation][INFO] - 	 Starting Epoch:14 
[2024-07-22 15:34:42,415][src.train.train_cue_accumulation][INFO] - train epoch 014 loss 0.6957 accuracy 54.69
[2024-07-22 15:34:42,417][src.train.train_cue_accumulation][INFO] - 	 Starting Epoch:15 
[2024-07-22 15:34:43,705][src.train.train_cue_accumulation][INFO] - train epoch 015 loss 0.6983 accuracy 53.12
[2024-07-22 15:34:43,709][src.train.train_cue_accumulation][INFO] - 	 Starting Epoch:16 
[2024-07-22 15:34:44,994][src.train.train_cue_accumulation][INFO] - train epoch 016 loss 0.6880 accuracy 53.12
[2024-07-22 15:34:44,995][src.train.train_cue_accumulation][INFO] - 	 Starting Epoch:17 
[2024-07-22 15:34:46,282][src.train.train_cue_accumulation][INFO] - train epoch 017 loss 0.6885 accuracy 51.56
[2024-07-22 15:34:46,361][src.train.train_cue_accumulation][INFO] - 	 Starting Epoch:18 
[2024-07-22 15:34:47,650][src.train.train_cue_accumulation][INFO] - train epoch 018 loss 0.7133 accuracy 43.75
[2024-07-22 15:34:47,650][src.train.train_cue_accumulation][INFO] - 	 Starting Epoch:19 
[2024-07-22 15:34:48,939][src.train.train_cue_accumulation][INFO] - train epoch 019 loss 0.7175 accuracy 39.06
[2024-07-22 15:34:48,940][src.train.train_cue_accumulation][INFO] - 	 Starting Epoch:20 
[2024-07-22 15:34:50,232][src.train.train_cue_accumulation][INFO] - train epoch 020 loss 0.6990 accuracy 50.00
[2024-07-22 15:34:50,233][src.train.train_cue_accumulation][INFO] - 	 Starting Epoch:21 
[2024-07-22 15:34:51,522][src.train.train_cue_accumulation][INFO] - train epoch 021 loss 0.6886 accuracy 54.69
[2024-07-22 15:34:51,523][src.train.train_cue_accumulation][INFO] - 	 Starting Epoch:22 
[2024-07-22 15:34:52,819][src.train.train_cue_accumulation][INFO] - train epoch 022 loss 0.7000 accuracy 48.44
[2024-07-22 15:34:52,845][src.train.train_cue_accumulation][INFO] - 	 Starting Epoch:23 
[2024-07-22 15:34:54,138][src.train.train_cue_accumulation][INFO] - train epoch 023 loss 0.6888 accuracy 53.12
[2024-07-22 15:34:54,139][src.train.train_cue_accumulation][INFO] - 	 Starting Epoch:24 
[2024-07-22 15:34:55,429][src.train.train_cue_accumulation][INFO] - train epoch 024 loss 0.6937 accuracy 53.12
[2024-07-22 15:34:55,430][src.train.train_cue_accumulation][INFO] - 	 Starting Epoch:25 
[2024-07-22 15:34:56,721][src.train.train_cue_accumulation][INFO] - train epoch 025 loss 0.7091 accuracy 45.31
[2024-07-22 15:34:56,721][src.train.train_cue_accumulation][INFO] - 	 Starting Epoch:26 
[2024-07-22 15:34:58,011][src.train.train_cue_accumulation][INFO] - train epoch 026 loss 0.6864 accuracy 54.69
[2024-07-22 15:35:03,228][src.train.train_cue_accumulation][INFO] - eval  epoch 026 loss 0.6868 accuracy 53.71
[2024-07-22 15:35:03,661][src.train.train_cue_accumulation][INFO] - 	 Starting Epoch:27 
[2024-07-22 15:35:04,999][src.train.train_cue_accumulation][INFO] - train epoch 027 loss 0.6652 accuracy 65.62
[2024-07-22 15:35:05,000][src.train.train_cue_accumulation][INFO] - 	 Starting Epoch:28 
[2024-07-22 15:35:06,336][src.train.train_cue_accumulation][INFO] - train epoch 028 loss 0.6630 accuracy 57.81
[2024-07-22 15:35:06,337][src.train.train_cue_accumulation][INFO] - 	 Starting Epoch:29 
[2024-07-22 15:35:07,675][src.train.train_cue_accumulation][INFO] - train epoch 029 loss 0.6800 accuracy 59.38
[2024-07-22 15:35:07,675][src.train.train_cue_accumulation][INFO] - 	 Starting Epoch:30 
[2024-07-22 15:35:09,016][src.train.train_cue_accumulation][INFO] - train epoch 030 loss 0.6507 accuracy 60.94
[2024-07-22 15:35:09,017][src.train.train_cue_accumulation][INFO] - 	 Starting Epoch:31 
[2024-07-22 15:35:10,355][src.train.train_cue_accumulation][INFO] - train epoch 031 loss 0.6589 accuracy 59.38
[2024-07-22 15:35:10,501][src.train.train_cue_accumulation][INFO] - 	 Starting Epoch:32 
[2024-07-22 15:35:11,840][src.train.train_cue_accumulation][INFO] - train epoch 032 loss 0.6137 accuracy 78.12
[2024-07-22 15:35:11,841][src.train.train_cue_accumulation][INFO] - 	 Starting Epoch:33 
[2024-07-22 15:35:13,181][src.train.train_cue_accumulation][INFO] - train epoch 033 loss 0.6746 accuracy 59.38
[2024-07-22 15:35:13,185][src.train.train_cue_accumulation][INFO] - 	 Starting Epoch:34 
[2024-07-22 15:35:14,523][src.train.train_cue_accumulation][INFO] - train epoch 034 loss 0.6590 accuracy 64.06
[2024-07-22 15:35:14,523][src.train.train_cue_accumulation][INFO] - 	 Starting Epoch:35 
[2024-07-22 15:35:15,862][src.train.train_cue_accumulation][INFO] - train epoch 035 loss 0.6105 accuracy 76.56
[2024-07-22 15:35:15,863][src.train.train_cue_accumulation][INFO] - 	 Starting Epoch:36 
[2024-07-22 15:35:17,202][src.train.train_cue_accumulation][INFO] - train epoch 036 loss 0.6043 accuracy 67.19
[2024-07-22 15:35:17,291][src.train.train_cue_accumulation][INFO] - 	 Starting Epoch:37 
[2024-07-22 15:35:18,632][src.train.train_cue_accumulation][INFO] - train epoch 037 loss 0.6378 accuracy 60.94
[2024-07-22 15:35:18,633][src.train.train_cue_accumulation][INFO] - 	 Starting Epoch:38 
[2024-07-22 15:35:19,975][src.train.train_cue_accumulation][INFO] - train epoch 038 loss 0.6040 accuracy 75.00
[2024-07-22 15:35:19,976][src.train.train_cue_accumulation][INFO] - 	 Starting Epoch:39 
[2024-07-22 15:35:21,318][src.train.train_cue_accumulation][INFO] - train epoch 039 loss 0.5887 accuracy 73.44
[2024-07-22 15:35:21,319][src.train.train_cue_accumulation][INFO] - 	 Starting Epoch:40 
[2024-07-22 15:35:22,659][src.train.train_cue_accumulation][INFO] - train epoch 040 loss 0.5519 accuracy 78.12
[2024-07-22 15:35:22,663][src.train.train_cue_accumulation][INFO] - 	 Starting Epoch:41 
[2024-07-22 15:35:23,999][src.train.train_cue_accumulation][INFO] - train epoch 041 loss 0.5687 accuracy 71.88
[2024-07-22 15:35:24,338][src.train.train_cue_accumulation][INFO] - 	 Starting Epoch:42 
[2024-07-22 15:35:25,677][src.train.train_cue_accumulation][INFO] - train epoch 042 loss 0.4860 accuracy 87.50
[2024-07-22 15:35:25,677][src.train.train_cue_accumulation][INFO] - 	 Starting Epoch:43 
[2024-07-22 15:35:27,018][src.train.train_cue_accumulation][INFO] - train epoch 043 loss 0.4527 accuracy 85.94
[2024-07-22 15:35:27,019][src.train.train_cue_accumulation][INFO] - 	 Starting Epoch:44 
[2024-07-22 15:35:28,361][src.train.train_cue_accumulation][INFO] - train epoch 044 loss 0.4679 accuracy 82.81
[2024-07-22 15:35:28,362][src.train.train_cue_accumulation][INFO] - 	 Starting Epoch:45 
[2024-07-22 15:35:29,701][src.train.train_cue_accumulation][INFO] - train epoch 045 loss 0.4425 accuracy 79.69
[2024-07-22 15:35:29,702][src.train.train_cue_accumulation][INFO] - 	 Starting Epoch:46 
[2024-07-22 15:35:31,040][src.train.train_cue_accumulation][INFO] - train epoch 046 loss 0.4688 accuracy 78.12
[2024-07-22 15:35:31,308][src.train.train_cue_accumulation][INFO] - 	 Starting Epoch:47 
[2024-07-22 15:35:32,602][src.train.train_cue_accumulation][INFO] - train epoch 047 loss 0.3205 accuracy 92.19
[2024-07-22 15:35:32,606][src.train.train_cue_accumulation][INFO] - 	 Starting Epoch:48 
[2024-07-22 15:35:33,896][src.train.train_cue_accumulation][INFO] - train epoch 048 loss 0.4221 accuracy 84.38
[2024-07-22 15:35:33,896][src.train.train_cue_accumulation][INFO] - 	 Starting Epoch:49 
[2024-07-22 15:35:35,188][src.train.train_cue_accumulation][INFO] - train epoch 049 loss 0.2985 accuracy 87.50
[2024-07-22 15:35:35,188][src.train.train_cue_accumulation][INFO] - 	 Starting Epoch:50 
[2024-07-22 15:35:36,478][src.train.train_cue_accumulation][INFO] - train epoch 050 loss 0.3413 accuracy 90.62
[2024-07-22 15:35:36,479][src.train.train_cue_accumulation][INFO] - 	 Starting Epoch:51 
[2024-07-22 15:35:37,768][src.train.train_cue_accumulation][INFO] - train epoch 051 loss 0.2385 accuracy 92.19
[2024-07-22 15:35:43,280][src.train.train_cue_accumulation][INFO] - eval  epoch 051 loss 0.3494 accuracy 89.45
[2024-07-22 15:35:43,284][src.train.train_cue_accumulation][INFO] - 	 Starting Epoch:52 
[2024-07-22 15:35:44,572][src.train.train_cue_accumulation][INFO] - train epoch 052 loss 0.3445 accuracy 90.62
[2024-07-22 15:35:44,572][src.train.train_cue_accumulation][INFO] - 	 Starting Epoch:53 
[2024-07-22 15:35:45,862][src.train.train_cue_accumulation][INFO] - train epoch 053 loss 0.1878 accuracy 90.62
[2024-07-22 15:35:45,863][src.train.train_cue_accumulation][INFO] - 	 Starting Epoch:54 
[2024-07-22 15:35:47,150][src.train.train_cue_accumulation][INFO] - train epoch 054 loss 0.3029 accuracy 90.62
[2024-07-22 15:35:47,151][src.train.train_cue_accumulation][INFO] - 	 Starting Epoch:55 
[2024-07-22 15:35:48,442][src.train.train_cue_accumulation][INFO] - train epoch 055 loss 0.3800 accuracy 87.50
[2024-07-22 15:35:48,443][src.train.train_cue_accumulation][INFO] - 	 Starting Epoch:56 
[2024-07-22 15:35:49,718][src.train.train_cue_accumulation][INFO] - train epoch 056 loss 0.1538 accuracy 93.75
[2024-07-22 15:35:49,881][src.train.train_cue_accumulation][INFO] - 	 Starting Epoch:57 
[2024-07-22 15:35:51,146][src.train.train_cue_accumulation][INFO] - train epoch 057 loss 0.1591 accuracy 93.75
[2024-07-22 15:35:51,147][src.train.train_cue_accumulation][INFO] - 	 Starting Epoch:58 
[2024-07-22 15:35:52,430][src.train.train_cue_accumulation][INFO] - train epoch 058 loss 0.3672 accuracy 92.19
[2024-07-22 15:35:52,434][src.train.train_cue_accumulation][INFO] - 	 Starting Epoch:59 
[2024-07-22 15:35:53,721][src.train.train_cue_accumulation][INFO] - train epoch 059 loss 0.4626 accuracy 87.50
[2024-07-22 15:35:53,722][src.train.train_cue_accumulation][INFO] - 	 Starting Epoch:60 
[2024-07-22 15:35:55,009][src.train.train_cue_accumulation][INFO] - train epoch 060 loss 0.3338 accuracy 87.50
[2024-07-22 15:35:55,010][src.train.train_cue_accumulation][INFO] - 	 Starting Epoch:61 
[2024-07-22 15:35:56,299][src.train.train_cue_accumulation][INFO] - train epoch 061 loss 0.3767 accuracy 84.38
[2024-07-22 15:35:56,564][src.train.train_cue_accumulation][INFO] - 	 Starting Epoch:62 
[2024-07-22 15:35:57,850][src.train.train_cue_accumulation][INFO] - train epoch 062 loss 0.1955 accuracy 89.06
[2024-07-22 15:35:57,851][src.train.train_cue_accumulation][INFO] - 	 Starting Epoch:63 
[2024-07-22 15:35:59,130][src.train.train_cue_accumulation][INFO] - train epoch 063 loss 0.3343 accuracy 93.75
[2024-07-22 15:35:59,131][src.train.train_cue_accumulation][INFO] - 	 Starting Epoch:64 
[2024-07-22 15:36:00,418][src.train.train_cue_accumulation][INFO] - train epoch 064 loss 0.2191 accuracy 95.31
[2024-07-22 15:36:00,419][src.train.train_cue_accumulation][INFO] - 	 Starting Epoch:65 
[2024-07-22 15:36:01,714][src.train.train_cue_accumulation][INFO] - train epoch 065 loss 0.1248 accuracy 95.31
[2024-07-22 15:36:01,718][src.train.train_cue_accumulation][INFO] - 	 Starting Epoch:66 
[2024-07-22 15:36:03,047][src.train.train_cue_accumulation][INFO] - train epoch 066 loss 0.1100 accuracy 96.88
[2024-07-22 15:36:03,319][src.train.train_cue_accumulation][INFO] - 	 Starting Epoch:67 
[2024-07-22 15:36:04,658][src.train.train_cue_accumulation][INFO] - train epoch 067 loss 0.0943 accuracy 95.31
[2024-07-22 15:36:04,659][src.train.train_cue_accumulation][INFO] - 	 Starting Epoch:68 
[2024-07-22 15:36:05,997][src.train.train_cue_accumulation][INFO] - train epoch 068 loss 0.2713 accuracy 87.50
[2024-07-22 15:36:05,998][src.train.train_cue_accumulation][INFO] - 	 Starting Epoch:69 
[2024-07-22 15:36:07,335][src.train.train_cue_accumulation][INFO] - train epoch 069 loss 0.1821 accuracy 92.19
[2024-07-22 15:36:07,335][src.train.train_cue_accumulation][INFO] - 	 Starting Epoch:70 
[2024-07-22 15:36:08,678][src.train.train_cue_accumulation][INFO] - train epoch 070 loss 0.3304 accuracy 84.38
[2024-07-22 15:36:08,679][src.train.train_cue_accumulation][INFO] - 	 Starting Epoch:71 
[2024-07-22 15:36:10,019][src.train.train_cue_accumulation][INFO] - train epoch 071 loss 0.1239 accuracy 98.44
[2024-07-22 15:36:10,400][src.train.train_cue_accumulation][INFO] - 	 Starting Epoch:72 
[2024-07-22 15:36:11,741][src.train.train_cue_accumulation][INFO] - train epoch 072 loss 0.1460 accuracy 93.75
[2024-07-22 15:36:11,745][src.train.train_cue_accumulation][INFO] - 	 Starting Epoch:73 
[2024-07-22 15:36:13,080][src.train.train_cue_accumulation][INFO] - train epoch 073 loss 0.1767 accuracy 95.31
[2024-07-22 15:36:13,081][src.train.train_cue_accumulation][INFO] - 	 Starting Epoch:74 
[2024-07-22 15:36:14,418][src.train.train_cue_accumulation][INFO] - train epoch 074 loss 0.3370 accuracy 92.19
[2024-07-22 15:36:14,418][src.train.train_cue_accumulation][INFO] - 	 Starting Epoch:75 
[2024-07-22 15:36:15,760][src.train.train_cue_accumulation][INFO] - train epoch 075 loss 0.1781 accuracy 93.75
[2024-07-22 15:36:15,760][src.train.train_cue_accumulation][INFO] - 	 Starting Epoch:76 
[2024-07-22 15:36:17,101][src.train.train_cue_accumulation][INFO] - train epoch 076 loss 0.1218 accuracy 95.31
[2024-07-22 15:36:22,719][src.train.train_cue_accumulation][INFO] - eval  epoch 076 loss 0.2094 accuracy 94.53
[2024-07-22 15:36:22,723][src.train.train_cue_accumulation][INFO] - 	 Starting Epoch:77 
[2024-07-22 15:36:24,060][src.train.train_cue_accumulation][INFO] - train epoch 077 loss 0.1356 accuracy 95.31
[2024-07-22 15:36:24,060][src.train.train_cue_accumulation][INFO] - 	 Starting Epoch:78 
[2024-07-22 15:36:25,403][src.train.train_cue_accumulation][INFO] - train epoch 078 loss 0.1718 accuracy 93.75
[2024-07-22 15:36:25,403][src.train.train_cue_accumulation][INFO] - 	 Starting Epoch:79 
[2024-07-22 15:36:26,742][src.train.train_cue_accumulation][INFO] - train epoch 079 loss 0.1128 accuracy 96.88
[2024-07-22 15:36:26,743][src.train.train_cue_accumulation][INFO] - 	 Starting Epoch:80 
[2024-07-22 15:36:28,082][src.train.train_cue_accumulation][INFO] - train epoch 080 loss 0.1928 accuracy 95.31
[2024-07-22 15:36:28,082][src.train.train_cue_accumulation][INFO] - 	 Starting Epoch:81 
[2024-07-22 15:36:29,423][src.train.train_cue_accumulation][INFO] - train epoch 081 loss 0.0967 accuracy 96.88
[2024-07-22 15:36:29,686][src.train.train_cue_accumulation][INFO] - 	 Starting Epoch:82 
[2024-07-22 15:36:31,031][src.train.train_cue_accumulation][INFO] - train epoch 082 loss 0.2537 accuracy 87.50
[2024-07-22 15:36:31,032][src.train.train_cue_accumulation][INFO] - 	 Starting Epoch:83 
[2024-07-22 15:36:32,327][src.train.train_cue_accumulation][INFO] - train epoch 083 loss 0.1562 accuracy 96.88
[2024-07-22 15:36:32,330][src.train.train_cue_accumulation][INFO] - 	 Starting Epoch:84 
[2024-07-22 15:36:33,622][src.train.train_cue_accumulation][INFO] - train epoch 084 loss 0.1738 accuracy 93.75
[2024-07-22 15:36:33,623][src.train.train_cue_accumulation][INFO] - 	 Starting Epoch:85 
[2024-07-22 15:36:34,914][src.train.train_cue_accumulation][INFO] - train epoch 085 loss 0.2661 accuracy 93.75
[2024-07-22 15:36:34,915][src.train.train_cue_accumulation][INFO] - 	 Starting Epoch:86 
[2024-07-22 15:36:36,205][src.train.train_cue_accumulation][INFO] - train epoch 086 loss 0.1021 accuracy 98.44
[2024-07-22 15:36:36,417][src.train.train_cue_accumulation][INFO] - 	 Starting Epoch:87 
[2024-07-22 15:36:37,707][src.train.train_cue_accumulation][INFO] - train epoch 087 loss 0.2167 accuracy 95.31
[2024-07-22 15:36:37,707][src.train.train_cue_accumulation][INFO] - 	 Starting Epoch:88 
[2024-07-22 15:36:38,997][src.train.train_cue_accumulation][INFO] - train epoch 088 loss 0.1377 accuracy 93.75
[2024-07-22 15:36:38,997][src.train.train_cue_accumulation][INFO] - 	 Starting Epoch:89 
[2024-07-22 15:36:40,289][src.train.train_cue_accumulation][INFO] - train epoch 089 loss 0.1873 accuracy 95.31
[2024-07-22 15:36:40,290][src.train.train_cue_accumulation][INFO] - 	 Starting Epoch:90 
[2024-07-22 15:36:41,580][src.train.train_cue_accumulation][INFO] - train epoch 090 loss 0.2935 accuracy 90.62
[2024-07-22 15:36:41,584][src.train.train_cue_accumulation][INFO] - 	 Starting Epoch:91 
[2024-07-22 15:36:42,868][src.train.train_cue_accumulation][INFO] - train epoch 091 loss 0.1300 accuracy 95.31
[2024-07-22 15:36:43,070][src.train.train_cue_accumulation][INFO] - 	 Starting Epoch:92 
[2024-07-22 15:36:44,360][src.train.train_cue_accumulation][INFO] - train epoch 092 loss 0.1350 accuracy 92.19
[2024-07-22 15:36:44,360][src.train.train_cue_accumulation][INFO] - 	 Starting Epoch:93 
[2024-07-22 15:36:45,649][src.train.train_cue_accumulation][INFO] - train epoch 093 loss 0.2095 accuracy 93.75
[2024-07-22 15:36:45,650][src.train.train_cue_accumulation][INFO] - 	 Starting Epoch:94 
[2024-07-22 15:36:46,937][src.train.train_cue_accumulation][INFO] - train epoch 094 loss 0.1655 accuracy 92.19
[2024-07-22 15:36:46,937][src.train.train_cue_accumulation][INFO] - 	 Starting Epoch:95 
[2024-07-22 15:36:48,227][src.train.train_cue_accumulation][INFO] - train epoch 095 loss 0.1687 accuracy 92.19
[2024-07-22 15:36:48,227][src.train.train_cue_accumulation][INFO] - 	 Starting Epoch:96 
[2024-07-22 15:36:49,513][src.train.train_cue_accumulation][INFO] - train epoch 096 loss 0.1914 accuracy 89.06
[2024-07-22 15:36:49,619][src.train.train_cue_accumulation][INFO] - 	 Starting Epoch:97 
[2024-07-22 15:36:50,906][src.train.train_cue_accumulation][INFO] - train epoch 097 loss 0.1110 accuracy 98.44
[2024-07-22 15:36:50,909][src.train.train_cue_accumulation][INFO] - 	 Starting Epoch:98 
[2024-07-22 15:36:52,194][src.train.train_cue_accumulation][INFO] - train epoch 098 loss 0.1211 accuracy 95.31
[2024-07-22 15:36:52,195][src.train.train_cue_accumulation][INFO] - 	 Starting Epoch:99 
[2024-07-22 15:36:53,480][src.train.train_cue_accumulation][INFO] - train epoch 099 loss 0.1332 accuracy 96.88
[2024-07-22 15:36:53,480][src.train.train_cue_accumulation][INFO] - 	 Starting Epoch:100 
[2024-07-22 15:36:54,768][src.train.train_cue_accumulation][INFO] - train epoch 100 loss 0.2965 accuracy 89.06
[2024-07-22 15:36:54,768][src.train.train_cue_accumulation][INFO] - 	 Starting Epoch:101 
[2024-07-22 15:36:56,056][src.train.train_cue_accumulation][INFO] - train epoch 101 loss 0.1402 accuracy 95.31
[2024-07-22 15:37:01,413][src.train.train_cue_accumulation][INFO] - eval  epoch 101 loss 0.2001 accuracy 93.16
[2024-07-22 15:37:01,417][src.train.train_cue_accumulation][INFO] - 	 Starting Epoch:102 
[2024-07-22 15:37:02,737][src.train.train_cue_accumulation][INFO] - train epoch 102 loss 0.2133 accuracy 95.31
[2024-07-22 15:37:02,737][src.train.train_cue_accumulation][INFO] - 	 Starting Epoch:103 
[2024-07-22 15:37:04,079][src.train.train_cue_accumulation][INFO] - train epoch 103 loss 0.1755 accuracy 96.88
[2024-07-22 15:37:04,080][src.train.train_cue_accumulation][INFO] - 	 Starting Epoch:104 
[2024-07-22 15:37:05,416][src.train.train_cue_accumulation][INFO] - train epoch 104 loss 0.2124 accuracy 90.62
[2024-07-22 15:37:05,417][src.train.train_cue_accumulation][INFO] - 	 Starting Epoch:105 
[2024-07-22 15:37:06,755][src.train.train_cue_accumulation][INFO] - train epoch 105 loss 0.0973 accuracy 98.44
[2024-07-22 15:37:06,756][src.train.train_cue_accumulation][INFO] - 	 Starting Epoch:106 
[2024-07-22 15:37:08,096][src.train.train_cue_accumulation][INFO] - train epoch 106 loss 0.1001 accuracy 96.88
[2024-07-22 15:37:08,297][src.train.train_cue_accumulation][INFO] - 	 Starting Epoch:107 
[2024-07-22 15:37:09,641][src.train.train_cue_accumulation][INFO] - train epoch 107 loss 0.1009 accuracy 92.19
[2024-07-22 15:37:09,642][src.train.train_cue_accumulation][INFO] - 	 Starting Epoch:108 
[2024-07-22 15:37:10,983][src.train.train_cue_accumulation][INFO] - train epoch 108 loss 0.1624 accuracy 96.88
[2024-07-22 15:37:10,986][src.train.train_cue_accumulation][INFO] - 	 Starting Epoch:109 
[2024-07-22 15:37:12,325][src.train.train_cue_accumulation][INFO] - train epoch 109 loss 0.0991 accuracy 96.88
[2024-07-22 15:37:12,326][src.train.train_cue_accumulation][INFO] - 	 Starting Epoch:110 
[2024-07-22 15:37:13,664][src.train.train_cue_accumulation][INFO] - train epoch 110 loss 0.1398 accuracy 98.44
[2024-07-22 15:37:13,664][src.train.train_cue_accumulation][INFO] - 	 Starting Epoch:111 
[2024-07-22 15:37:15,001][src.train.train_cue_accumulation][INFO] - train epoch 111 loss 0.2924 accuracy 92.19
[2024-07-22 15:37:15,267][src.train.train_cue_accumulation][INFO] - 	 Starting Epoch:112 
[2024-07-22 15:37:16,609][src.train.train_cue_accumulation][INFO] - train epoch 112 loss 0.1118 accuracy 95.31
[2024-07-22 15:37:16,610][src.train.train_cue_accumulation][INFO] - 	 Starting Epoch:113 
[2024-07-22 15:37:17,950][src.train.train_cue_accumulation][INFO] - train epoch 113 loss 0.2457 accuracy 95.31
[2024-07-22 15:37:17,951][src.train.train_cue_accumulation][INFO] - 	 Starting Epoch:114 
[2024-07-22 15:37:19,290][src.train.train_cue_accumulation][INFO] - train epoch 114 loss 0.1282 accuracy 95.31
[2024-07-22 15:37:19,290][src.train.train_cue_accumulation][INFO] - 	 Starting Epoch:115 
[2024-07-22 15:37:20,632][src.train.train_cue_accumulation][INFO] - train epoch 115 loss 0.2963 accuracy 90.62
[2024-07-22 15:37:20,635][src.train.train_cue_accumulation][INFO] - 	 Starting Epoch:116 
[2024-07-22 15:37:21,974][src.train.train_cue_accumulation][INFO] - train epoch 116 loss 0.3284 accuracy 89.06
[2024-07-22 15:37:22,238][src.train.train_cue_accumulation][INFO] - 	 Starting Epoch:117 
[2024-07-22 15:37:23,578][src.train.train_cue_accumulation][INFO] - train epoch 117 loss 0.1268 accuracy 95.31
[2024-07-22 15:37:23,579][src.train.train_cue_accumulation][INFO] - 	 Starting Epoch:118 
[2024-07-22 15:37:24,919][src.train.train_cue_accumulation][INFO] - train epoch 118 loss 0.1581 accuracy 93.75
[2024-07-22 15:37:24,920][src.train.train_cue_accumulation][INFO] - 	 Starting Epoch:119 
[2024-07-22 15:37:26,258][src.train.train_cue_accumulation][INFO] - train epoch 119 loss 0.1347 accuracy 93.75
[2024-07-22 15:37:26,259][src.train.train_cue_accumulation][INFO] - 	 Starting Epoch:120 
[2024-07-22 15:37:27,597][src.train.train_cue_accumulation][INFO] - train epoch 120 loss 0.1963 accuracy 93.75
[2024-07-22 15:37:27,597][src.train.train_cue_accumulation][INFO] - 	 Starting Epoch:121 
[2024-07-22 15:37:28,937][src.train.train_cue_accumulation][INFO] - train epoch 121 loss 0.0744 accuracy 96.88
[2024-07-22 15:37:29,118][src.train.train_cue_accumulation][INFO] - 	 Starting Epoch:122 
[2024-07-22 15:37:30,462][src.train.train_cue_accumulation][INFO] - train epoch 122 loss 0.1160 accuracy 96.88
[2024-07-22 15:37:30,465][src.train.train_cue_accumulation][INFO] - 	 Starting Epoch:123 
[2024-07-22 15:37:31,780][src.train.train_cue_accumulation][INFO] - train epoch 123 loss 0.1225 accuracy 96.88
[2024-07-22 15:37:31,781][src.train.train_cue_accumulation][INFO] - 	 Starting Epoch:124 
[2024-07-22 15:37:33,079][src.train.train_cue_accumulation][INFO] - train epoch 124 loss 0.1874 accuracy 95.31
[2024-07-22 15:37:33,079][src.train.train_cue_accumulation][INFO] - 	 Starting Epoch:125 
[2024-07-22 15:37:34,367][src.train.train_cue_accumulation][INFO] - train epoch 125 loss 0.2780 accuracy 92.19
[2024-07-22 15:37:34,368][src.train.train_cue_accumulation][INFO] - 	 Starting Epoch:126 
[2024-07-22 15:37:35,660][src.train.train_cue_accumulation][INFO] - train epoch 126 loss 0.1103 accuracy 98.44
[2024-07-22 15:37:40,946][src.train.train_cue_accumulation][INFO] - eval  epoch 126 loss 0.1448 accuracy 94.53
[2024-07-22 15:37:40,958][src.train.train_cue_accumulation][INFO] - 	 Starting Epoch:127 
[2024-07-22 15:37:42,248][src.train.train_cue_accumulation][INFO] - train epoch 127 loss 0.2360 accuracy 93.75
[2024-07-22 15:37:42,248][src.train.train_cue_accumulation][INFO] - 	 Starting Epoch:128 
[2024-07-22 15:37:43,539][src.train.train_cue_accumulation][INFO] - train epoch 128 loss 0.1197 accuracy 96.88
[2024-07-22 15:37:43,539][src.train.train_cue_accumulation][INFO] - 	 Starting Epoch:129 
[2024-07-22 15:37:44,836][src.train.train_cue_accumulation][INFO] - train epoch 129 loss 0.0812 accuracy 96.88
[2024-07-22 15:37:44,837][src.train.train_cue_accumulation][INFO] - 	 Starting Epoch:130 
[2024-07-22 15:37:46,144][src.train.train_cue_accumulation][INFO] - train epoch 130 loss 0.0637 accuracy 98.44
[2024-07-22 15:37:46,145][src.train.train_cue_accumulation][INFO] - 	 Starting Epoch:131 
[2024-07-22 15:37:47,463][src.train.train_cue_accumulation][INFO] - train epoch 131 loss 0.1384 accuracy 93.75
[2024-07-22 15:37:47,558][src.train.train_cue_accumulation][INFO] - 	 Starting Epoch:132 
[2024-07-22 15:37:48,881][src.train.train_cue_accumulation][INFO] - train epoch 132 loss 0.0703 accuracy 98.44
[2024-07-22 15:37:48,881][src.train.train_cue_accumulation][INFO] - 	 Starting Epoch:133 
[2024-07-22 15:37:50,197][src.train.train_cue_accumulation][INFO] - train epoch 133 loss 0.1149 accuracy 93.75
[2024-07-22 15:37:50,201][src.train.train_cue_accumulation][INFO] - 	 Starting Epoch:134 
[2024-07-22 15:37:51,512][src.train.train_cue_accumulation][INFO] - train epoch 134 loss 0.1583 accuracy 93.75
[2024-07-22 15:37:51,513][src.train.train_cue_accumulation][INFO] - 	 Starting Epoch:135 
[2024-07-22 15:37:52,815][src.train.train_cue_accumulation][INFO] - train epoch 135 loss 0.1515 accuracy 92.19
[2024-07-22 15:37:52,816][src.train.train_cue_accumulation][INFO] - 	 Starting Epoch:136 
[2024-07-22 15:37:54,128][src.train.train_cue_accumulation][INFO] - train epoch 136 loss 0.2542 accuracy 90.62
[2024-07-22 15:37:54,222][src.train.train_cue_accumulation][INFO] - 	 Starting Epoch:137 
[2024-07-22 15:37:55,531][src.train.train_cue_accumulation][INFO] - train epoch 137 loss 0.1750 accuracy 93.75
[2024-07-22 15:37:55,531][src.train.train_cue_accumulation][INFO] - 	 Starting Epoch:138 
[2024-07-22 15:37:56,847][src.train.train_cue_accumulation][INFO] - train epoch 138 loss 0.0721 accuracy 98.44
[2024-07-22 15:37:56,848][src.train.train_cue_accumulation][INFO] - 	 Starting Epoch:139 
[2024-07-22 15:37:58,158][src.train.train_cue_accumulation][INFO] - train epoch 139 loss 0.0589 accuracy 98.44
[2024-07-22 15:37:58,159][src.train.train_cue_accumulation][INFO] - 	 Starting Epoch:140 
[2024-07-22 15:37:59,469][src.train.train_cue_accumulation][INFO] - train epoch 140 loss 0.1617 accuracy 93.75
[2024-07-22 15:37:59,472][src.train.train_cue_accumulation][INFO] - 	 Starting Epoch:141 
[2024-07-22 15:38:00,767][src.train.train_cue_accumulation][INFO] - train epoch 141 loss 0.0940 accuracy 95.31
[2024-07-22 15:38:00,863][src.train.train_cue_accumulation][INFO] - 	 Starting Epoch:142 
[2024-07-22 15:38:02,180][src.train.train_cue_accumulation][INFO] - train epoch 142 loss 0.3523 accuracy 92.19
[2024-07-22 15:38:02,181][src.train.train_cue_accumulation][INFO] - 	 Starting Epoch:143 
[2024-07-22 15:38:03,520][src.train.train_cue_accumulation][INFO] - train epoch 143 loss 0.0774 accuracy 98.44
[2024-07-22 15:38:03,521][src.train.train_cue_accumulation][INFO] - 	 Starting Epoch:144 
[2024-07-22 15:38:04,863][src.train.train_cue_accumulation][INFO] - train epoch 144 loss 0.1524 accuracy 95.31
[2024-07-22 15:38:04,863][src.train.train_cue_accumulation][INFO] - 	 Starting Epoch:145 
[2024-07-22 15:38:06,200][src.train.train_cue_accumulation][INFO] - train epoch 145 loss 0.1028 accuracy 92.19
[2024-07-22 15:38:06,201][src.train.train_cue_accumulation][INFO] - 	 Starting Epoch:146 
[2024-07-22 15:38:07,540][src.train.train_cue_accumulation][INFO] - train epoch 146 loss 0.1147 accuracy 96.88
[2024-07-22 15:38:07,636][src.train.train_cue_accumulation][INFO] - 	 Starting Epoch:147 
[2024-07-22 15:38:08,980][src.train.train_cue_accumulation][INFO] - train epoch 147 loss 0.2255 accuracy 95.31
[2024-07-22 15:38:08,983][src.train.train_cue_accumulation][INFO] - 	 Starting Epoch:148 
[2024-07-22 15:38:10,320][src.train.train_cue_accumulation][INFO] - train epoch 148 loss 0.1805 accuracy 92.19
[2024-07-22 15:38:10,321][src.train.train_cue_accumulation][INFO] - 	 Starting Epoch:149 
[2024-07-22 15:38:11,657][src.train.train_cue_accumulation][INFO] - train epoch 149 loss 0.1395 accuracy 95.31
[2024-07-22 15:38:11,658][src.train.train_cue_accumulation][INFO] - 	 Starting Epoch:150 
[2024-07-22 15:38:12,998][src.train.train_cue_accumulation][INFO] - train epoch 150 loss 0.1368 accuracy 96.88
[2024-07-22 15:38:12,999][src.train.train_cue_accumulation][INFO] - 	 Starting Epoch:151 
[2024-07-22 15:38:14,337][src.train.train_cue_accumulation][INFO] - train epoch 151 loss 0.0816 accuracy 96.88
[2024-07-22 15:38:20,936][src.train.train_cue_accumulation][INFO] - eval  epoch 151 loss 0.1530 accuracy 94.14
[2024-07-22 15:38:20,939][src.train.train_cue_accumulation][INFO] - 	 Starting Epoch:152 
[2024-07-22 15:38:22,277][src.train.train_cue_accumulation][INFO] - train epoch 152 loss 0.1362 accuracy 96.88
[2024-07-22 15:38:22,278][src.train.train_cue_accumulation][INFO] - 	 Starting Epoch:153 
[2024-07-22 15:38:23,615][src.train.train_cue_accumulation][INFO] - train epoch 153 loss 0.2094 accuracy 92.19
[2024-07-22 15:38:23,616][src.train.train_cue_accumulation][INFO] - 	 Starting Epoch:154 
[2024-07-22 15:38:24,953][src.train.train_cue_accumulation][INFO] - train epoch 154 loss 0.2092 accuracy 90.62
[2024-07-22 15:38:24,953][src.train.train_cue_accumulation][INFO] - 	 Starting Epoch:155 
[2024-07-22 15:38:26,290][src.train.train_cue_accumulation][INFO] - train epoch 155 loss 0.1657 accuracy 95.31
[2024-07-22 15:38:26,291][src.train.train_cue_accumulation][INFO] - 	 Starting Epoch:156 
[2024-07-22 15:38:27,633][src.train.train_cue_accumulation][INFO] - train epoch 156 loss 0.0935 accuracy 98.44
[2024-07-22 15:38:27,774][src.train.train_cue_accumulation][INFO] - 	 Starting Epoch:157 
[2024-07-22 15:38:29,115][src.train.train_cue_accumulation][INFO] - train epoch 157 loss 0.1166 accuracy 95.31
[2024-07-22 15:38:29,116][src.train.train_cue_accumulation][INFO] - 	 Starting Epoch:158 
[2024-07-22 15:38:30,458][src.train.train_cue_accumulation][INFO] - train epoch 158 loss 0.1611 accuracy 95.31
[2024-07-22 15:38:30,462][src.train.train_cue_accumulation][INFO] - 	 Starting Epoch:159 
[2024-07-22 15:38:31,775][src.train.train_cue_accumulation][INFO] - train epoch 159 loss 0.1938 accuracy 93.75
[2024-07-22 15:38:31,776][src.train.train_cue_accumulation][INFO] - 	 Starting Epoch:160 
[2024-07-22 15:38:33,088][src.train.train_cue_accumulation][INFO] - train epoch 160 loss 0.0772 accuracy 98.44
[2024-07-22 15:38:33,089][src.train.train_cue_accumulation][INFO] - 	 Starting Epoch:161 
[2024-07-22 15:38:34,391][src.train.train_cue_accumulation][INFO] - train epoch 161 loss 0.3020 accuracy 90.62
[2024-07-22 15:38:34,600][src.train.train_cue_accumulation][INFO] - 	 Starting Epoch:162 
[2024-07-22 15:38:35,907][src.train.train_cue_accumulation][INFO] - train epoch 162 loss 0.1186 accuracy 95.31
[2024-07-22 15:38:35,908][src.train.train_cue_accumulation][INFO] - 	 Starting Epoch:163 
[2024-07-22 15:38:37,210][src.train.train_cue_accumulation][INFO] - train epoch 163 loss 0.0401 accuracy 100.00
[2024-07-22 15:38:37,211][src.train.train_cue_accumulation][INFO] - 	 Starting Epoch:164 
[2024-07-22 15:38:38,502][src.train.train_cue_accumulation][INFO] - train epoch 164 loss 0.1105 accuracy 96.88
[2024-07-22 15:38:38,503][src.train.train_cue_accumulation][INFO] - 	 Starting Epoch:165 
[2024-07-22 15:38:39,793][src.train.train_cue_accumulation][INFO] - train epoch 165 loss 0.3931 accuracy 92.19
[2024-07-22 15:38:39,796][src.train.train_cue_accumulation][INFO] - 	 Starting Epoch:166 
[2024-07-22 15:38:41,085][src.train.train_cue_accumulation][INFO] - train epoch 166 loss 0.0774 accuracy 98.44
[2024-07-22 15:38:41,277][src.train.train_cue_accumulation][INFO] - 	 Starting Epoch:167 
[2024-07-22 15:38:42,572][src.train.train_cue_accumulation][INFO] - train epoch 167 loss 0.0579 accuracy 96.88
[2024-07-22 15:38:42,573][src.train.train_cue_accumulation][INFO] - 	 Starting Epoch:168 
[2024-07-22 15:38:43,862][src.train.train_cue_accumulation][INFO] - train epoch 168 loss 0.0561 accuracy 98.44
[2024-07-22 15:38:43,862][src.train.train_cue_accumulation][INFO] - 	 Starting Epoch:169 
[2024-07-22 15:38:45,152][src.train.train_cue_accumulation][INFO] - train epoch 169 loss 0.1417 accuracy 92.19
[2024-07-22 15:38:45,153][src.train.train_cue_accumulation][INFO] - 	 Starting Epoch:170 
[2024-07-22 15:38:46,449][src.train.train_cue_accumulation][INFO] - train epoch 170 loss 0.2272 accuracy 93.75
[2024-07-22 15:38:46,450][src.train.train_cue_accumulation][INFO] - 	 Starting Epoch:171 
[2024-07-22 15:38:47,737][src.train.train_cue_accumulation][INFO] - train epoch 171 loss 0.0601 accuracy 98.44
[2024-07-22 15:38:48,014][src.train.train_cue_accumulation][INFO] - 	 Starting Epoch:172 
[2024-07-22 15:38:49,307][src.train.train_cue_accumulation][INFO] - train epoch 172 loss 0.0324 accuracy 100.00
[2024-07-22 15:38:49,310][src.train.train_cue_accumulation][INFO] - 	 Starting Epoch:173 
[2024-07-22 15:38:50,596][src.train.train_cue_accumulation][INFO] - train epoch 173 loss 0.1053 accuracy 95.31
[2024-07-22 15:38:50,597][src.train.train_cue_accumulation][INFO] - 	 Starting Epoch:174 
[2024-07-22 15:38:51,883][src.train.train_cue_accumulation][INFO] - train epoch 174 loss 0.1573 accuracy 95.31
[2024-07-22 15:38:51,883][src.train.train_cue_accumulation][INFO] - 	 Starting Epoch:175 
[2024-07-22 15:38:53,175][src.train.train_cue_accumulation][INFO] - train epoch 175 loss 0.0590 accuracy 96.88
[2024-07-22 15:38:53,176][src.train.train_cue_accumulation][INFO] - 	 Starting Epoch:176 
[2024-07-22 15:38:54,465][src.train.train_cue_accumulation][INFO] - train epoch 176 loss 0.0774 accuracy 95.31
[2024-07-22 15:38:59,841][src.train.train_cue_accumulation][INFO] - eval  epoch 176 loss 0.1287 accuracy 96.48
[2024-07-22 15:39:05,797][src.train.train_cue_accumulation][INFO] - eval  epoch 176 loss 0.1500 accuracy 95.90
[2024-07-22 15:39:12,045][src.train.train_cue_accumulation][INFO] - eval  epoch 176 loss 0.1335 accuracy 95.51
[2024-07-22 15:39:18,486][src.train.train_cue_accumulation][INFO] - eval  epoch 176 loss 0.1365 accuracy 95.90
[2024-07-22 15:39:18,491][src.train.train_cue_accumulation][INFO] - Met early stopping criteria, breaking at epoch 176
[2024-07-22 15:39:23,774][src.train.train_cue_accumulation][INFO] - firing rate eval set  average 22.0 max 46.7 min 0.0
