[2024-07-21 17:19:07,745][src.cue_accumulation.train_cue_accumulation][INFO] - Starting training...
[2024-07-21 17:19:07,747][src.cue_accumulation.train_cue_accumulation][INFO] - 	 Starting Epoch:1 
[2024-07-21 17:19:10,405][src.cue_accumulation.train_cue_accumulation][INFO] - train epoch 001 loss 0.7125 accuracy 50.00
[2024-07-21 17:19:15,597][src.cue_accumulation.train_cue_accumulation][INFO] - eval  epoch 001 loss 0.6970 accuracy 51.76
[2024-07-21 17:19:15,598][src.cue_accumulation.train_cue_accumulation][INFO] - 	 Starting Epoch:2 
[2024-07-21 17:19:16,920][src.cue_accumulation.train_cue_accumulation][INFO] - train epoch 002 loss 0.7198 accuracy 39.06
[2024-07-21 17:19:16,924][src.cue_accumulation.train_cue_accumulation][INFO] - 	 Starting Epoch:3 
[2024-07-21 17:19:18,244][src.cue_accumulation.train_cue_accumulation][INFO] - train epoch 003 loss 0.6957 accuracy 59.38
[2024-07-21 17:19:18,245][src.cue_accumulation.train_cue_accumulation][INFO] - 	 Starting Epoch:4 
[2024-07-21 17:19:19,571][src.cue_accumulation.train_cue_accumulation][INFO] - train epoch 004 loss 0.6960 accuracy 53.12
[2024-07-21 17:19:19,572][src.cue_accumulation.train_cue_accumulation][INFO] - 	 Starting Epoch:5 
[2024-07-21 17:19:20,894][src.cue_accumulation.train_cue_accumulation][INFO] - train epoch 005 loss 0.6973 accuracy 53.12
[2024-07-21 17:19:20,895][src.cue_accumulation.train_cue_accumulation][INFO] - 	 Starting Epoch:6 
[2024-07-21 17:19:22,222][src.cue_accumulation.train_cue_accumulation][INFO] - train epoch 006 loss 0.6987 accuracy 48.44
[2024-07-21 17:19:22,223][src.cue_accumulation.train_cue_accumulation][INFO] - 	 Starting Epoch:7 
[2024-07-21 17:19:23,547][src.cue_accumulation.train_cue_accumulation][INFO] - train epoch 007 loss 0.6816 accuracy 51.56
[2024-07-21 17:19:23,554][src.cue_accumulation.train_cue_accumulation][INFO] - 	 Starting Epoch:8 
[2024-07-21 17:19:24,881][src.cue_accumulation.train_cue_accumulation][INFO] - train epoch 008 loss 0.7081 accuracy 42.19
[2024-07-21 17:19:24,885][src.cue_accumulation.train_cue_accumulation][INFO] - 	 Starting Epoch:9 
[2024-07-21 17:19:26,211][src.cue_accumulation.train_cue_accumulation][INFO] - train epoch 009 loss 0.7067 accuracy 48.44
[2024-07-21 17:19:26,212][src.cue_accumulation.train_cue_accumulation][INFO] - 	 Starting Epoch:10 
[2024-07-21 17:19:27,535][src.cue_accumulation.train_cue_accumulation][INFO] - train epoch 010 loss 0.6710 accuracy 56.25
[2024-07-21 17:19:27,536][src.cue_accumulation.train_cue_accumulation][INFO] - 	 Starting Epoch:11 
[2024-07-21 17:19:28,858][src.cue_accumulation.train_cue_accumulation][INFO] - train epoch 011 loss 0.7029 accuracy 46.88
[2024-07-21 17:19:28,859][src.cue_accumulation.train_cue_accumulation][INFO] - 	 Starting Epoch:12 
[2024-07-21 17:19:30,187][src.cue_accumulation.train_cue_accumulation][INFO] - train epoch 012 loss 0.6639 accuracy 68.75
[2024-07-21 17:19:30,197][src.cue_accumulation.train_cue_accumulation][INFO] - 	 Starting Epoch:13 
[2024-07-21 17:19:31,512][src.cue_accumulation.train_cue_accumulation][INFO] - train epoch 013 loss 0.7053 accuracy 46.88
[2024-07-21 17:19:31,512][src.cue_accumulation.train_cue_accumulation][INFO] - 	 Starting Epoch:14 
[2024-07-21 17:19:32,811][src.cue_accumulation.train_cue_accumulation][INFO] - train epoch 014 loss 0.6896 accuracy 51.56
[2024-07-21 17:19:32,811][src.cue_accumulation.train_cue_accumulation][INFO] - 	 Starting Epoch:15 
[2024-07-21 17:19:34,112][src.cue_accumulation.train_cue_accumulation][INFO] - train epoch 015 loss 0.6889 accuracy 50.00
[2024-07-21 17:19:34,116][src.cue_accumulation.train_cue_accumulation][INFO] - 	 Starting Epoch:16 
[2024-07-21 17:19:35,410][src.cue_accumulation.train_cue_accumulation][INFO] - train epoch 016 loss 0.6849 accuracy 57.81
[2024-07-21 17:19:35,410][src.cue_accumulation.train_cue_accumulation][INFO] - 	 Starting Epoch:17 
[2024-07-21 17:19:36,705][src.cue_accumulation.train_cue_accumulation][INFO] - train epoch 017 loss 0.7006 accuracy 48.44
[2024-07-21 17:19:36,713][src.cue_accumulation.train_cue_accumulation][INFO] - 	 Starting Epoch:18 
[2024-07-21 17:19:38,010][src.cue_accumulation.train_cue_accumulation][INFO] - train epoch 018 loss 0.6765 accuracy 54.69
[2024-07-21 17:19:38,010][src.cue_accumulation.train_cue_accumulation][INFO] - 	 Starting Epoch:19 
[2024-07-21 17:19:39,304][src.cue_accumulation.train_cue_accumulation][INFO] - train epoch 019 loss 0.6814 accuracy 54.69
[2024-07-21 17:19:39,305][src.cue_accumulation.train_cue_accumulation][INFO] - 	 Starting Epoch:20 
[2024-07-21 17:19:40,603][src.cue_accumulation.train_cue_accumulation][INFO] - train epoch 020 loss 0.7190 accuracy 43.75
[2024-07-21 17:19:40,604][src.cue_accumulation.train_cue_accumulation][INFO] - 	 Starting Epoch:21 
[2024-07-21 17:19:41,896][src.cue_accumulation.train_cue_accumulation][INFO] - train epoch 021 loss 0.6673 accuracy 64.06
[2024-07-21 17:19:41,897][src.cue_accumulation.train_cue_accumulation][INFO] - 	 Starting Epoch:22 
[2024-07-21 17:19:43,193][src.cue_accumulation.train_cue_accumulation][INFO] - train epoch 022 loss 0.6837 accuracy 57.81
[2024-07-21 17:19:43,200][src.cue_accumulation.train_cue_accumulation][INFO] - 	 Starting Epoch:23 
[2024-07-21 17:19:44,493][src.cue_accumulation.train_cue_accumulation][INFO] - train epoch 023 loss 0.7071 accuracy 45.31
[2024-07-21 17:19:44,494][src.cue_accumulation.train_cue_accumulation][INFO] - 	 Starting Epoch:24 
[2024-07-21 17:19:45,784][src.cue_accumulation.train_cue_accumulation][INFO] - train epoch 024 loss 0.6851 accuracy 51.56
[2024-07-21 17:19:45,785][src.cue_accumulation.train_cue_accumulation][INFO] - 	 Starting Epoch:25 
[2024-07-21 17:19:47,083][src.cue_accumulation.train_cue_accumulation][INFO] - train epoch 025 loss 0.6803 accuracy 56.25
[2024-07-21 17:19:47,084][src.cue_accumulation.train_cue_accumulation][INFO] - 	 Starting Epoch:26 
[2024-07-21 17:19:48,381][src.cue_accumulation.train_cue_accumulation][INFO] - train epoch 026 loss 0.6657 accuracy 60.94
[2024-07-21 17:19:52,927][src.cue_accumulation.train_cue_accumulation][INFO] - eval  epoch 026 loss 0.6740 accuracy 62.11
[2024-07-21 17:19:52,939][src.cue_accumulation.train_cue_accumulation][INFO] - 	 Starting Epoch:27 
[2024-07-21 17:19:54,230][src.cue_accumulation.train_cue_accumulation][INFO] - train epoch 027 loss 0.6643 accuracy 65.62
[2024-07-21 17:19:54,231][src.cue_accumulation.train_cue_accumulation][INFO] - 	 Starting Epoch:28 
[2024-07-21 17:19:55,526][src.cue_accumulation.train_cue_accumulation][INFO] - train epoch 028 loss 0.6917 accuracy 54.69
[2024-07-21 17:19:55,527][src.cue_accumulation.train_cue_accumulation][INFO] - 	 Starting Epoch:29 
[2024-07-21 17:19:56,821][src.cue_accumulation.train_cue_accumulation][INFO] - train epoch 029 loss 0.6525 accuracy 75.00
[2024-07-21 17:19:56,822][src.cue_accumulation.train_cue_accumulation][INFO] - 	 Starting Epoch:30 
[2024-07-21 17:19:58,120][src.cue_accumulation.train_cue_accumulation][INFO] - train epoch 030 loss 0.6703 accuracy 62.50
[2024-07-21 17:19:58,121][src.cue_accumulation.train_cue_accumulation][INFO] - 	 Starting Epoch:31 
[2024-07-21 17:19:59,422][src.cue_accumulation.train_cue_accumulation][INFO] - train epoch 031 loss 0.6740 accuracy 59.38
[2024-07-21 17:19:59,428][src.cue_accumulation.train_cue_accumulation][INFO] - 	 Starting Epoch:32 
[2024-07-21 17:20:00,733][src.cue_accumulation.train_cue_accumulation][INFO] - train epoch 032 loss 0.6616 accuracy 64.06
[2024-07-21 17:20:00,734][src.cue_accumulation.train_cue_accumulation][INFO] - 	 Starting Epoch:33 
[2024-07-21 17:20:02,062][src.cue_accumulation.train_cue_accumulation][INFO] - train epoch 033 loss 0.6578 accuracy 73.44
[2024-07-21 17:20:02,066][src.cue_accumulation.train_cue_accumulation][INFO] - 	 Starting Epoch:34 
[2024-07-21 17:20:03,392][src.cue_accumulation.train_cue_accumulation][INFO] - train epoch 034 loss 0.6557 accuracy 71.88
[2024-07-21 17:20:03,392][src.cue_accumulation.train_cue_accumulation][INFO] - 	 Starting Epoch:35 
[2024-07-21 17:20:04,719][src.cue_accumulation.train_cue_accumulation][INFO] - train epoch 035 loss 0.6509 accuracy 60.94
[2024-07-21 17:20:04,719][src.cue_accumulation.train_cue_accumulation][INFO] - 	 Starting Epoch:36 
[2024-07-21 17:20:06,051][src.cue_accumulation.train_cue_accumulation][INFO] - train epoch 036 loss 0.6336 accuracy 68.75
[2024-07-21 17:20:06,057][src.cue_accumulation.train_cue_accumulation][INFO] - 	 Starting Epoch:37 
[2024-07-21 17:20:07,390][src.cue_accumulation.train_cue_accumulation][INFO] - train epoch 037 loss 0.6694 accuracy 59.38
[2024-07-21 17:20:07,390][src.cue_accumulation.train_cue_accumulation][INFO] - 	 Starting Epoch:38 
[2024-07-21 17:20:08,720][src.cue_accumulation.train_cue_accumulation][INFO] - train epoch 038 loss 0.6152 accuracy 81.25
[2024-07-21 17:20:08,721][src.cue_accumulation.train_cue_accumulation][INFO] - 	 Starting Epoch:39 
[2024-07-21 17:20:10,054][src.cue_accumulation.train_cue_accumulation][INFO] - train epoch 039 loss 0.6492 accuracy 67.19
[2024-07-21 17:20:10,055][src.cue_accumulation.train_cue_accumulation][INFO] - 	 Starting Epoch:40 
[2024-07-21 17:20:11,385][src.cue_accumulation.train_cue_accumulation][INFO] - train epoch 040 loss 0.6296 accuracy 75.00
[2024-07-21 17:20:11,389][src.cue_accumulation.train_cue_accumulation][INFO] - 	 Starting Epoch:41 
[2024-07-21 17:20:12,719][src.cue_accumulation.train_cue_accumulation][INFO] - train epoch 041 loss 0.6229 accuracy 65.62
[2024-07-21 17:20:12,723][src.cue_accumulation.train_cue_accumulation][INFO] - 	 Starting Epoch:42 
[2024-07-21 17:20:14,053][src.cue_accumulation.train_cue_accumulation][INFO] - train epoch 042 loss 0.6176 accuracy 68.75
[2024-07-21 17:20:14,054][src.cue_accumulation.train_cue_accumulation][INFO] - 	 Starting Epoch:43 
[2024-07-21 17:20:15,381][src.cue_accumulation.train_cue_accumulation][INFO] - train epoch 043 loss 0.6079 accuracy 76.56
[2024-07-21 17:20:15,382][src.cue_accumulation.train_cue_accumulation][INFO] - 	 Starting Epoch:44 
[2024-07-21 17:20:16,716][src.cue_accumulation.train_cue_accumulation][INFO] - train epoch 044 loss 0.5942 accuracy 73.44
[2024-07-21 17:20:16,716][src.cue_accumulation.train_cue_accumulation][INFO] - 	 Starting Epoch:45 
[2024-07-21 17:20:18,046][src.cue_accumulation.train_cue_accumulation][INFO] - train epoch 045 loss 0.5704 accuracy 75.00
[2024-07-21 17:20:18,047][src.cue_accumulation.train_cue_accumulation][INFO] - 	 Starting Epoch:46 
[2024-07-21 17:20:19,380][src.cue_accumulation.train_cue_accumulation][INFO] - train epoch 046 loss 0.5684 accuracy 82.81
[2024-07-21 17:20:19,385][src.cue_accumulation.train_cue_accumulation][INFO] - 	 Starting Epoch:47 
[2024-07-21 17:20:20,718][src.cue_accumulation.train_cue_accumulation][INFO] - train epoch 047 loss 0.5183 accuracy 85.94
[2024-07-21 17:20:20,722][src.cue_accumulation.train_cue_accumulation][INFO] - 	 Starting Epoch:48 
[2024-07-21 17:20:22,048][src.cue_accumulation.train_cue_accumulation][INFO] - train epoch 048 loss 0.5472 accuracy 78.12
[2024-07-21 17:20:22,048][src.cue_accumulation.train_cue_accumulation][INFO] - 	 Starting Epoch:49 
[2024-07-21 17:20:23,377][src.cue_accumulation.train_cue_accumulation][INFO] - train epoch 049 loss 0.5290 accuracy 82.81
[2024-07-21 17:20:23,378][src.cue_accumulation.train_cue_accumulation][INFO] - 	 Starting Epoch:50 
[2024-07-21 17:20:24,709][src.cue_accumulation.train_cue_accumulation][INFO] - train epoch 050 loss 0.4618 accuracy 79.69
[2024-07-21 17:20:24,710][src.cue_accumulation.train_cue_accumulation][INFO] - 	 Starting Epoch:51 
[2024-07-21 17:20:26,040][src.cue_accumulation.train_cue_accumulation][INFO] - train epoch 051 loss 0.4465 accuracy 79.69
[2024-07-21 17:20:30,929][src.cue_accumulation.train_cue_accumulation][INFO] - eval  epoch 051 loss 0.4702 accuracy 84.18
[2024-07-21 17:20:30,933][src.cue_accumulation.train_cue_accumulation][INFO] - 	 Starting Epoch:52 
[2024-07-21 17:20:32,235][src.cue_accumulation.train_cue_accumulation][INFO] - train epoch 052 loss 0.4226 accuracy 84.38
[2024-07-21 17:20:32,236][src.cue_accumulation.train_cue_accumulation][INFO] - 	 Starting Epoch:53 
[2024-07-21 17:20:33,541][src.cue_accumulation.train_cue_accumulation][INFO] - train epoch 053 loss 0.4514 accuracy 90.62
[2024-07-21 17:20:33,541][src.cue_accumulation.train_cue_accumulation][INFO] - 	 Starting Epoch:54 
[2024-07-21 17:20:34,843][src.cue_accumulation.train_cue_accumulation][INFO] - train epoch 054 loss 0.3803 accuracy 82.81
[2024-07-21 17:20:34,844][src.cue_accumulation.train_cue_accumulation][INFO] - 	 Starting Epoch:55 
[2024-07-21 17:20:36,142][src.cue_accumulation.train_cue_accumulation][INFO] - train epoch 055 loss 0.4267 accuracy 81.25
[2024-07-21 17:20:36,143][src.cue_accumulation.train_cue_accumulation][INFO] - 	 Starting Epoch:56 
[2024-07-21 17:20:37,446][src.cue_accumulation.train_cue_accumulation][INFO] - train epoch 056 loss 0.4321 accuracy 82.81
[2024-07-21 17:20:37,452][src.cue_accumulation.train_cue_accumulation][INFO] - 	 Starting Epoch:57 
[2024-07-21 17:20:38,752][src.cue_accumulation.train_cue_accumulation][INFO] - train epoch 057 loss 0.4090 accuracy 82.81
[2024-07-21 17:20:38,753][src.cue_accumulation.train_cue_accumulation][INFO] - 	 Starting Epoch:58 
[2024-07-21 17:20:40,055][src.cue_accumulation.train_cue_accumulation][INFO] - train epoch 058 loss 0.3306 accuracy 89.06
[2024-07-21 17:20:40,059][src.cue_accumulation.train_cue_accumulation][INFO] - 	 Starting Epoch:59 
[2024-07-21 17:20:41,353][src.cue_accumulation.train_cue_accumulation][INFO] - train epoch 059 loss 0.3240 accuracy 90.62
[2024-07-21 17:20:41,354][src.cue_accumulation.train_cue_accumulation][INFO] - 	 Starting Epoch:60 
[2024-07-21 17:20:42,650][src.cue_accumulation.train_cue_accumulation][INFO] - train epoch 060 loss 0.2852 accuracy 90.62
[2024-07-21 17:20:42,650][src.cue_accumulation.train_cue_accumulation][INFO] - 	 Starting Epoch:61 
[2024-07-21 17:20:43,950][src.cue_accumulation.train_cue_accumulation][INFO] - train epoch 061 loss 0.2530 accuracy 89.06
[2024-07-21 17:20:43,954][src.cue_accumulation.train_cue_accumulation][INFO] - 	 Starting Epoch:62 
[2024-07-21 17:20:45,258][src.cue_accumulation.train_cue_accumulation][INFO] - train epoch 062 loss 0.3375 accuracy 81.25
[2024-07-21 17:20:45,259][src.cue_accumulation.train_cue_accumulation][INFO] - 	 Starting Epoch:63 
[2024-07-21 17:20:46,564][src.cue_accumulation.train_cue_accumulation][INFO] - train epoch 063 loss 0.3168 accuracy 84.38
[2024-07-21 17:20:46,565][src.cue_accumulation.train_cue_accumulation][INFO] - 	 Starting Epoch:64 
[2024-07-21 17:20:47,865][src.cue_accumulation.train_cue_accumulation][INFO] - train epoch 064 loss 0.4348 accuracy 79.69
[2024-07-21 17:20:47,866][src.cue_accumulation.train_cue_accumulation][INFO] - 	 Starting Epoch:65 
[2024-07-21 17:20:49,168][src.cue_accumulation.train_cue_accumulation][INFO] - train epoch 065 loss 0.2807 accuracy 89.06
[2024-07-21 17:20:49,172][src.cue_accumulation.train_cue_accumulation][INFO] - 	 Starting Epoch:66 
[2024-07-21 17:20:50,473][src.cue_accumulation.train_cue_accumulation][INFO] - train epoch 066 loss 0.3697 accuracy 85.94
[2024-07-21 17:20:50,477][src.cue_accumulation.train_cue_accumulation][INFO] - 	 Starting Epoch:67 
[2024-07-21 17:20:51,776][src.cue_accumulation.train_cue_accumulation][INFO] - train epoch 067 loss 0.2561 accuracy 89.06
[2024-07-21 17:20:51,777][src.cue_accumulation.train_cue_accumulation][INFO] - 	 Starting Epoch:68 
[2024-07-21 17:20:53,080][src.cue_accumulation.train_cue_accumulation][INFO] - train epoch 068 loss 0.3635 accuracy 89.06
[2024-07-21 17:20:53,081][src.cue_accumulation.train_cue_accumulation][INFO] - 	 Starting Epoch:69 
[2024-07-21 17:20:54,384][src.cue_accumulation.train_cue_accumulation][INFO] - train epoch 069 loss 0.2511 accuracy 89.06
[2024-07-21 17:20:54,384][src.cue_accumulation.train_cue_accumulation][INFO] - 	 Starting Epoch:70 
[2024-07-21 17:20:55,682][src.cue_accumulation.train_cue_accumulation][INFO] - train epoch 070 loss 0.2932 accuracy 90.62
[2024-07-21 17:20:55,683][src.cue_accumulation.train_cue_accumulation][INFO] - 	 Starting Epoch:71 
[2024-07-21 17:20:56,986][src.cue_accumulation.train_cue_accumulation][INFO] - train epoch 071 loss 0.4030 accuracy 79.69
[2024-07-21 17:20:56,995][src.cue_accumulation.train_cue_accumulation][INFO] - 	 Starting Epoch:72 
[2024-07-21 17:20:58,299][src.cue_accumulation.train_cue_accumulation][INFO] - train epoch 072 loss 0.2088 accuracy 90.62
[2024-07-21 17:20:58,303][src.cue_accumulation.train_cue_accumulation][INFO] - 	 Starting Epoch:73 
[2024-07-21 17:20:59,597][src.cue_accumulation.train_cue_accumulation][INFO] - train epoch 073 loss 0.4173 accuracy 85.94
[2024-07-21 17:20:59,598][src.cue_accumulation.train_cue_accumulation][INFO] - 	 Starting Epoch:74 
[2024-07-21 17:21:00,898][src.cue_accumulation.train_cue_accumulation][INFO] - train epoch 074 loss 0.2208 accuracy 93.75
[2024-07-21 17:21:00,899][src.cue_accumulation.train_cue_accumulation][INFO] - 	 Starting Epoch:75 
[2024-07-21 17:21:02,226][src.cue_accumulation.train_cue_accumulation][INFO] - train epoch 075 loss 0.1283 accuracy 95.31
[2024-07-21 17:21:02,226][src.cue_accumulation.train_cue_accumulation][INFO] - 	 Starting Epoch:76 
[2024-07-21 17:21:03,560][src.cue_accumulation.train_cue_accumulation][INFO] - train epoch 076 loss 0.3293 accuracy 89.06
[2024-07-21 17:21:08,443][src.cue_accumulation.train_cue_accumulation][INFO] - eval  epoch 076 loss 0.1951 accuracy 92.38
[2024-07-21 17:21:08,446][src.cue_accumulation.train_cue_accumulation][INFO] - 	 Starting Epoch:77 
[2024-07-21 17:21:09,777][src.cue_accumulation.train_cue_accumulation][INFO] - train epoch 077 loss 0.2652 accuracy 87.50
[2024-07-21 17:21:09,778][src.cue_accumulation.train_cue_accumulation][INFO] - 	 Starting Epoch:78 
[2024-07-21 17:21:11,105][src.cue_accumulation.train_cue_accumulation][INFO] - train epoch 078 loss 0.2039 accuracy 92.19
[2024-07-21 17:21:11,106][src.cue_accumulation.train_cue_accumulation][INFO] - 	 Starting Epoch:79 
[2024-07-21 17:21:12,435][src.cue_accumulation.train_cue_accumulation][INFO] - train epoch 079 loss 0.3099 accuracy 93.75
[2024-07-21 17:21:12,435][src.cue_accumulation.train_cue_accumulation][INFO] - 	 Starting Epoch:80 
[2024-07-21 17:21:13,768][src.cue_accumulation.train_cue_accumulation][INFO] - train epoch 080 loss 0.1316 accuracy 96.88
[2024-07-21 17:21:13,769][src.cue_accumulation.train_cue_accumulation][INFO] - 	 Starting Epoch:81 
[2024-07-21 17:21:15,097][src.cue_accumulation.train_cue_accumulation][INFO] - train epoch 081 loss 0.2439 accuracy 92.19
[2024-07-21 17:21:15,101][src.cue_accumulation.train_cue_accumulation][INFO] - 	 Starting Epoch:82 
[2024-07-21 17:21:16,432][src.cue_accumulation.train_cue_accumulation][INFO] - train epoch 082 loss 0.2145 accuracy 93.75
[2024-07-21 17:21:16,433][src.cue_accumulation.train_cue_accumulation][INFO] - 	 Starting Epoch:83 
[2024-07-21 17:21:17,770][src.cue_accumulation.train_cue_accumulation][INFO] - train epoch 083 loss 0.1103 accuracy 96.88
[2024-07-21 17:21:17,774][src.cue_accumulation.train_cue_accumulation][INFO] - 	 Starting Epoch:84 
[2024-07-21 17:21:19,099][src.cue_accumulation.train_cue_accumulation][INFO] - train epoch 084 loss 0.1118 accuracy 96.88
[2024-07-21 17:21:19,100][src.cue_accumulation.train_cue_accumulation][INFO] - 	 Starting Epoch:85 
[2024-07-21 17:21:20,429][src.cue_accumulation.train_cue_accumulation][INFO] - train epoch 085 loss 0.2590 accuracy 90.62
[2024-07-21 17:21:20,429][src.cue_accumulation.train_cue_accumulation][INFO] - 	 Starting Epoch:86 
[2024-07-21 17:21:21,758][src.cue_accumulation.train_cue_accumulation][INFO] - train epoch 086 loss 0.2937 accuracy 85.94
[2024-07-21 17:21:21,762][src.cue_accumulation.train_cue_accumulation][INFO] - 	 Starting Epoch:87 
[2024-07-21 17:21:23,093][src.cue_accumulation.train_cue_accumulation][INFO] - train epoch 087 loss 0.1114 accuracy 96.88
[2024-07-21 17:21:23,093][src.cue_accumulation.train_cue_accumulation][INFO] - 	 Starting Epoch:88 
[2024-07-21 17:21:24,426][src.cue_accumulation.train_cue_accumulation][INFO] - train epoch 088 loss 0.0844 accuracy 98.44
[2024-07-21 17:21:24,427][src.cue_accumulation.train_cue_accumulation][INFO] - 	 Starting Epoch:89 
[2024-07-21 17:21:25,757][src.cue_accumulation.train_cue_accumulation][INFO] - train epoch 089 loss 0.4198 accuracy 87.50
[2024-07-21 17:21:25,757][src.cue_accumulation.train_cue_accumulation][INFO] - 	 Starting Epoch:90 
[2024-07-21 17:21:27,090][src.cue_accumulation.train_cue_accumulation][INFO] - train epoch 090 loss 0.2184 accuracy 92.19
[2024-07-21 17:21:27,094][src.cue_accumulation.train_cue_accumulation][INFO] - 	 Starting Epoch:91 
[2024-07-21 17:21:28,421][src.cue_accumulation.train_cue_accumulation][INFO] - train epoch 091 loss 0.0927 accuracy 96.88
[2024-07-21 17:21:28,427][src.cue_accumulation.train_cue_accumulation][INFO] - 	 Starting Epoch:92 
[2024-07-21 17:21:29,755][src.cue_accumulation.train_cue_accumulation][INFO] - train epoch 092 loss 0.0870 accuracy 96.88
[2024-07-21 17:21:29,756][src.cue_accumulation.train_cue_accumulation][INFO] - 	 Starting Epoch:93 
[2024-07-21 17:21:31,082][src.cue_accumulation.train_cue_accumulation][INFO] - train epoch 093 loss 0.1051 accuracy 96.88
[2024-07-21 17:21:31,082][src.cue_accumulation.train_cue_accumulation][INFO] - 	 Starting Epoch:94 
[2024-07-21 17:21:32,386][src.cue_accumulation.train_cue_accumulation][INFO] - train epoch 094 loss 0.1396 accuracy 90.62
[2024-07-21 17:21:32,387][src.cue_accumulation.train_cue_accumulation][INFO] - 	 Starting Epoch:95 
[2024-07-21 17:21:33,681][src.cue_accumulation.train_cue_accumulation][INFO] - train epoch 095 loss 0.1550 accuracy 93.75
[2024-07-21 17:21:33,682][src.cue_accumulation.train_cue_accumulation][INFO] - 	 Starting Epoch:96 
[2024-07-21 17:21:34,981][src.cue_accumulation.train_cue_accumulation][INFO] - train epoch 096 loss 0.0292 accuracy 100.00
[2024-07-21 17:21:34,986][src.cue_accumulation.train_cue_accumulation][INFO] - 	 Starting Epoch:97 
[2024-07-21 17:21:36,289][src.cue_accumulation.train_cue_accumulation][INFO] - train epoch 097 loss 0.2993 accuracy 89.06
[2024-07-21 17:21:36,293][src.cue_accumulation.train_cue_accumulation][INFO] - 	 Starting Epoch:98 
[2024-07-21 17:21:37,588][src.cue_accumulation.train_cue_accumulation][INFO] - train epoch 098 loss 0.2574 accuracy 89.06
[2024-07-21 17:21:37,589][src.cue_accumulation.train_cue_accumulation][INFO] - 	 Starting Epoch:99 
[2024-07-21 17:21:38,886][src.cue_accumulation.train_cue_accumulation][INFO] - train epoch 099 loss 0.4016 accuracy 84.38
[2024-07-21 17:21:38,887][src.cue_accumulation.train_cue_accumulation][INFO] - 	 Starting Epoch:100 
[2024-07-21 17:21:40,185][src.cue_accumulation.train_cue_accumulation][INFO] - train epoch 100 loss 0.1106 accuracy 96.88
[2024-07-21 17:21:40,186][src.cue_accumulation.train_cue_accumulation][INFO] - 	 Starting Epoch:101 
[2024-07-21 17:21:41,486][src.cue_accumulation.train_cue_accumulation][INFO] - train epoch 101 loss 0.1882 accuracy 93.75
[2024-07-21 17:21:46,030][src.cue_accumulation.train_cue_accumulation][INFO] - eval  epoch 101 loss 0.1160 accuracy 95.31
[2024-07-21 17:21:51,166][src.cue_accumulation.train_cue_accumulation][INFO] - eval  epoch 101 loss 0.1618 accuracy 94.53
[2024-07-21 17:21:51,168][src.cue_accumulation.train_cue_accumulation][INFO] - 	 Starting Epoch:102 
[2024-07-21 17:21:52,464][src.cue_accumulation.train_cue_accumulation][INFO] - train epoch 102 loss 0.2584 accuracy 87.50
[2024-07-21 17:21:52,470][src.cue_accumulation.train_cue_accumulation][INFO] - 	 Starting Epoch:103 
[2024-07-21 17:21:53,765][src.cue_accumulation.train_cue_accumulation][INFO] - train epoch 103 loss 0.1415 accuracy 93.75
[2024-07-21 17:21:53,765][src.cue_accumulation.train_cue_accumulation][INFO] - 	 Starting Epoch:104 
[2024-07-21 17:21:55,066][src.cue_accumulation.train_cue_accumulation][INFO] - train epoch 104 loss 0.1314 accuracy 95.31
[2024-07-21 17:21:55,067][src.cue_accumulation.train_cue_accumulation][INFO] - 	 Starting Epoch:105 
[2024-07-21 17:21:56,368][src.cue_accumulation.train_cue_accumulation][INFO] - train epoch 105 loss 0.0399 accuracy 98.44
[2024-07-21 17:21:56,368][src.cue_accumulation.train_cue_accumulation][INFO] - 	 Starting Epoch:106 
[2024-07-21 17:21:57,666][src.cue_accumulation.train_cue_accumulation][INFO] - train epoch 106 loss 0.1645 accuracy 95.31
[2024-07-21 17:21:57,667][src.cue_accumulation.train_cue_accumulation][INFO] - 	 Starting Epoch:107 
[2024-07-21 17:21:58,968][src.cue_accumulation.train_cue_accumulation][INFO] - train epoch 107 loss 0.1567 accuracy 95.31
[2024-07-21 17:21:58,972][src.cue_accumulation.train_cue_accumulation][INFO] - 	 Starting Epoch:108 
[2024-07-21 17:22:00,273][src.cue_accumulation.train_cue_accumulation][INFO] - train epoch 108 loss 0.0427 accuracy 100.00
[2024-07-21 17:22:00,277][src.cue_accumulation.train_cue_accumulation][INFO] - 	 Starting Epoch:109 
[2024-07-21 17:22:01,570][src.cue_accumulation.train_cue_accumulation][INFO] - train epoch 109 loss 0.1918 accuracy 93.75
[2024-07-21 17:22:01,571][src.cue_accumulation.train_cue_accumulation][INFO] - 	 Starting Epoch:110 
[2024-07-21 17:22:02,925][src.cue_accumulation.train_cue_accumulation][INFO] - train epoch 110 loss 0.2166 accuracy 95.31
[2024-07-21 17:22:02,926][src.cue_accumulation.train_cue_accumulation][INFO] - 	 Starting Epoch:111 
[2024-07-21 17:22:04,257][src.cue_accumulation.train_cue_accumulation][INFO] - train epoch 111 loss 0.1572 accuracy 92.19
[2024-07-21 17:22:04,257][src.cue_accumulation.train_cue_accumulation][INFO] - 	 Starting Epoch:112 
[2024-07-21 17:22:05,586][src.cue_accumulation.train_cue_accumulation][INFO] - train epoch 112 loss 0.0849 accuracy 98.44
[2024-07-21 17:22:05,590][src.cue_accumulation.train_cue_accumulation][INFO] - 	 Starting Epoch:113 
[2024-07-21 17:22:06,926][src.cue_accumulation.train_cue_accumulation][INFO] - train epoch 113 loss 0.1868 accuracy 89.06
[2024-07-21 17:22:06,926][src.cue_accumulation.train_cue_accumulation][INFO] - 	 Starting Epoch:114 
[2024-07-21 17:22:08,256][src.cue_accumulation.train_cue_accumulation][INFO] - train epoch 114 loss 0.1463 accuracy 95.31
[2024-07-21 17:22:08,256][src.cue_accumulation.train_cue_accumulation][INFO] - 	 Starting Epoch:115 
[2024-07-21 17:22:09,595][src.cue_accumulation.train_cue_accumulation][INFO] - train epoch 115 loss 0.1462 accuracy 95.31
[2024-07-21 17:22:09,598][src.cue_accumulation.train_cue_accumulation][INFO] - 	 Starting Epoch:116 
[2024-07-21 17:22:10,924][src.cue_accumulation.train_cue_accumulation][INFO] - train epoch 116 loss 0.2651 accuracy 93.75
[2024-07-21 17:22:10,925][src.cue_accumulation.train_cue_accumulation][INFO] - 	 Starting Epoch:117 
[2024-07-21 17:22:12,259][src.cue_accumulation.train_cue_accumulation][INFO] - train epoch 117 loss 0.1749 accuracy 90.62
[2024-07-21 17:22:12,263][src.cue_accumulation.train_cue_accumulation][INFO] - 	 Starting Epoch:118 
[2024-07-21 17:22:13,596][src.cue_accumulation.train_cue_accumulation][INFO] - train epoch 118 loss 0.1178 accuracy 95.31
[2024-07-21 17:22:13,597][src.cue_accumulation.train_cue_accumulation][INFO] - 	 Starting Epoch:119 
[2024-07-21 17:22:14,930][src.cue_accumulation.train_cue_accumulation][INFO] - train epoch 119 loss 0.2884 accuracy 90.62
[2024-07-21 17:22:14,931][src.cue_accumulation.train_cue_accumulation][INFO] - 	 Starting Epoch:120 
[2024-07-21 17:22:16,269][src.cue_accumulation.train_cue_accumulation][INFO] - train epoch 120 loss 0.1051 accuracy 96.88
[2024-07-21 17:22:16,269][src.cue_accumulation.train_cue_accumulation][INFO] - 	 Starting Epoch:121 
[2024-07-21 17:22:17,600][src.cue_accumulation.train_cue_accumulation][INFO] - train epoch 121 loss 0.2332 accuracy 89.06
[2024-07-21 17:22:17,601][src.cue_accumulation.train_cue_accumulation][INFO] - 	 Starting Epoch:122 
[2024-07-21 17:22:18,930][src.cue_accumulation.train_cue_accumulation][INFO] - train epoch 122 loss 0.3241 accuracy 89.06
[2024-07-21 17:22:18,937][src.cue_accumulation.train_cue_accumulation][INFO] - 	 Starting Epoch:123 
[2024-07-21 17:22:20,269][src.cue_accumulation.train_cue_accumulation][INFO] - train epoch 123 loss 0.2659 accuracy 92.19
[2024-07-21 17:22:20,270][src.cue_accumulation.train_cue_accumulation][INFO] - 	 Starting Epoch:124 
[2024-07-21 17:22:21,599][src.cue_accumulation.train_cue_accumulation][INFO] - train epoch 124 loss 0.3205 accuracy 89.06
[2024-07-21 17:22:21,600][src.cue_accumulation.train_cue_accumulation][INFO] - 	 Starting Epoch:125 
[2024-07-21 17:22:22,927][src.cue_accumulation.train_cue_accumulation][INFO] - train epoch 125 loss 0.2405 accuracy 90.62
[2024-07-21 17:22:22,928][src.cue_accumulation.train_cue_accumulation][INFO] - 	 Starting Epoch:126 
[2024-07-21 17:22:24,263][src.cue_accumulation.train_cue_accumulation][INFO] - train epoch 126 loss 0.1104 accuracy 98.44
[2024-07-21 17:22:29,139][src.cue_accumulation.train_cue_accumulation][INFO] - eval  epoch 126 loss 0.1278 accuracy 95.12
[2024-07-21 17:22:34,476][src.cue_accumulation.train_cue_accumulation][INFO] - eval  epoch 126 loss 0.1797 accuracy 91.41
[2024-07-21 17:22:34,481][src.cue_accumulation.train_cue_accumulation][INFO] - 	 Starting Epoch:127 
[2024-07-21 17:22:35,775][src.cue_accumulation.train_cue_accumulation][INFO] - train epoch 127 loss 0.1822 accuracy 95.31
[2024-07-21 17:22:35,776][src.cue_accumulation.train_cue_accumulation][INFO] - 	 Starting Epoch:128 
[2024-07-21 17:22:37,070][src.cue_accumulation.train_cue_accumulation][INFO] - train epoch 128 loss 0.2132 accuracy 92.19
[2024-07-21 17:22:37,071][src.cue_accumulation.train_cue_accumulation][INFO] - 	 Starting Epoch:129 
[2024-07-21 17:22:38,372][src.cue_accumulation.train_cue_accumulation][INFO] - train epoch 129 loss 0.2297 accuracy 92.19
[2024-07-21 17:22:38,372][src.cue_accumulation.train_cue_accumulation][INFO] - 	 Starting Epoch:130 
[2024-07-21 17:22:39,675][src.cue_accumulation.train_cue_accumulation][INFO] - train epoch 130 loss 0.1685 accuracy 92.19
[2024-07-21 17:22:39,676][src.cue_accumulation.train_cue_accumulation][INFO] - 	 Starting Epoch:131 
[2024-07-21 17:22:40,975][src.cue_accumulation.train_cue_accumulation][INFO] - train epoch 131 loss 0.1158 accuracy 95.31
[2024-07-21 17:22:40,980][src.cue_accumulation.train_cue_accumulation][INFO] - 	 Starting Epoch:132 
[2024-07-21 17:22:42,285][src.cue_accumulation.train_cue_accumulation][INFO] - train epoch 132 loss 0.1860 accuracy 92.19
[2024-07-21 17:22:42,286][src.cue_accumulation.train_cue_accumulation][INFO] - 	 Starting Epoch:133 
[2024-07-21 17:22:43,593][src.cue_accumulation.train_cue_accumulation][INFO] - train epoch 133 loss 0.1331 accuracy 92.19
[2024-07-21 17:22:43,597][src.cue_accumulation.train_cue_accumulation][INFO] - 	 Starting Epoch:134 
[2024-07-21 17:22:44,898][src.cue_accumulation.train_cue_accumulation][INFO] - train epoch 134 loss 0.2157 accuracy 89.06
[2024-07-21 17:22:44,899][src.cue_accumulation.train_cue_accumulation][INFO] - 	 Starting Epoch:135 
[2024-07-21 17:22:46,200][src.cue_accumulation.train_cue_accumulation][INFO] - train epoch 135 loss 0.2563 accuracy 85.94
[2024-07-21 17:22:46,201][src.cue_accumulation.train_cue_accumulation][INFO] - 	 Starting Epoch:136 
[2024-07-21 17:22:47,504][src.cue_accumulation.train_cue_accumulation][INFO] - train epoch 136 loss 0.1391 accuracy 93.75
[2024-07-21 17:22:47,509][src.cue_accumulation.train_cue_accumulation][INFO] - 	 Starting Epoch:137 
[2024-07-21 17:22:48,815][src.cue_accumulation.train_cue_accumulation][INFO] - train epoch 137 loss 0.2763 accuracy 87.50
[2024-07-21 17:22:48,815][src.cue_accumulation.train_cue_accumulation][INFO] - 	 Starting Epoch:138 
[2024-07-21 17:22:50,116][src.cue_accumulation.train_cue_accumulation][INFO] - train epoch 138 loss 0.0883 accuracy 96.88
[2024-07-21 17:22:50,117][src.cue_accumulation.train_cue_accumulation][INFO] - 	 Starting Epoch:139 
[2024-07-21 17:22:51,424][src.cue_accumulation.train_cue_accumulation][INFO] - train epoch 139 loss 0.1120 accuracy 96.88
[2024-07-21 17:22:51,425][src.cue_accumulation.train_cue_accumulation][INFO] - 	 Starting Epoch:140 
[2024-07-21 17:22:52,732][src.cue_accumulation.train_cue_accumulation][INFO] - train epoch 140 loss 0.3018 accuracy 90.62
[2024-07-21 17:22:52,736][src.cue_accumulation.train_cue_accumulation][INFO] - 	 Starting Epoch:141 
[2024-07-21 17:22:54,038][src.cue_accumulation.train_cue_accumulation][INFO] - train epoch 141 loss 0.0617 accuracy 98.44
[2024-07-21 17:22:54,044][src.cue_accumulation.train_cue_accumulation][INFO] - 	 Starting Epoch:142 
[2024-07-21 17:22:55,351][src.cue_accumulation.train_cue_accumulation][INFO] - train epoch 142 loss 0.0876 accuracy 98.44
[2024-07-21 17:22:55,351][src.cue_accumulation.train_cue_accumulation][INFO] - 	 Starting Epoch:143 
[2024-07-21 17:22:56,659][src.cue_accumulation.train_cue_accumulation][INFO] - train epoch 143 loss 0.2320 accuracy 95.31
[2024-07-21 17:22:56,660][src.cue_accumulation.train_cue_accumulation][INFO] - 	 Starting Epoch:144 
[2024-07-21 17:22:57,971][src.cue_accumulation.train_cue_accumulation][INFO] - train epoch 144 loss 0.1028 accuracy 96.88
[2024-07-21 17:22:57,971][src.cue_accumulation.train_cue_accumulation][INFO] - 	 Starting Epoch:145 
[2024-07-21 17:22:59,286][src.cue_accumulation.train_cue_accumulation][INFO] - train epoch 145 loss 0.1492 accuracy 95.31
[2024-07-21 17:22:59,286][src.cue_accumulation.train_cue_accumulation][INFO] - 	 Starting Epoch:146 
[2024-07-21 17:23:00,596][src.cue_accumulation.train_cue_accumulation][INFO] - train epoch 146 loss 0.1662 accuracy 96.88
[2024-07-21 17:23:00,600][src.cue_accumulation.train_cue_accumulation][INFO] - 	 Starting Epoch:147 
[2024-07-21 17:23:01,942][src.cue_accumulation.train_cue_accumulation][INFO] - train epoch 147 loss 0.1383 accuracy 95.31
[2024-07-21 17:23:01,946][src.cue_accumulation.train_cue_accumulation][INFO] - 	 Starting Epoch:148 
[2024-07-21 17:23:03,277][src.cue_accumulation.train_cue_accumulation][INFO] - train epoch 148 loss 0.0587 accuracy 100.00
[2024-07-21 17:23:03,278][src.cue_accumulation.train_cue_accumulation][INFO] - 	 Starting Epoch:149 
[2024-07-21 17:23:04,613][src.cue_accumulation.train_cue_accumulation][INFO] - train epoch 149 loss 0.1627 accuracy 90.62
[2024-07-21 17:23:04,614][src.cue_accumulation.train_cue_accumulation][INFO] - 	 Starting Epoch:150 
[2024-07-21 17:23:05,953][src.cue_accumulation.train_cue_accumulation][INFO] - train epoch 150 loss 0.1099 accuracy 98.44
[2024-07-21 17:23:05,954][src.cue_accumulation.train_cue_accumulation][INFO] - 	 Starting Epoch:151 
[2024-07-21 17:23:07,292][src.cue_accumulation.train_cue_accumulation][INFO] - train epoch 151 loss 0.2779 accuracy 90.62
[2024-07-21 17:23:12,185][src.cue_accumulation.train_cue_accumulation][INFO] - eval  epoch 151 loss 0.1622 accuracy 94.53
[2024-07-21 17:23:12,189][src.cue_accumulation.train_cue_accumulation][INFO] - 	 Starting Epoch:152 
[2024-07-21 17:23:13,524][src.cue_accumulation.train_cue_accumulation][INFO] - train epoch 152 loss 0.1779 accuracy 93.75
[2024-07-21 17:23:13,524][src.cue_accumulation.train_cue_accumulation][INFO] - 	 Starting Epoch:153 
[2024-07-21 17:23:14,865][src.cue_accumulation.train_cue_accumulation][INFO] - train epoch 153 loss 0.1261 accuracy 95.31
[2024-07-21 17:23:14,866][src.cue_accumulation.train_cue_accumulation][INFO] - 	 Starting Epoch:154 
[2024-07-21 17:23:16,204][src.cue_accumulation.train_cue_accumulation][INFO] - train epoch 154 loss 0.1208 accuracy 92.19
[2024-07-21 17:23:16,205][src.cue_accumulation.train_cue_accumulation][INFO] - 	 Starting Epoch:155 
[2024-07-21 17:23:17,548][src.cue_accumulation.train_cue_accumulation][INFO] - train epoch 155 loss 0.1523 accuracy 92.19
[2024-07-21 17:23:17,549][src.cue_accumulation.train_cue_accumulation][INFO] - 	 Starting Epoch:156 
[2024-07-21 17:23:18,894][src.cue_accumulation.train_cue_accumulation][INFO] - train epoch 156 loss 0.1665 accuracy 93.75
[2024-07-21 17:23:18,909][src.cue_accumulation.train_cue_accumulation][INFO] - 	 Starting Epoch:157 
[2024-07-21 17:23:20,250][src.cue_accumulation.train_cue_accumulation][INFO] - train epoch 157 loss 0.2358 accuracy 89.06
[2024-07-21 17:23:20,250][src.cue_accumulation.train_cue_accumulation][INFO] - 	 Starting Epoch:158 
[2024-07-21 17:23:21,597][src.cue_accumulation.train_cue_accumulation][INFO] - train epoch 158 loss 0.2482 accuracy 87.50
[2024-07-21 17:23:21,601][src.cue_accumulation.train_cue_accumulation][INFO] - 	 Starting Epoch:159 
[2024-07-21 17:23:22,939][src.cue_accumulation.train_cue_accumulation][INFO] - train epoch 159 loss 0.1822 accuracy 95.31
[2024-07-21 17:23:22,940][src.cue_accumulation.train_cue_accumulation][INFO] - 	 Starting Epoch:160 
[2024-07-21 17:23:24,278][src.cue_accumulation.train_cue_accumulation][INFO] - train epoch 160 loss 0.1807 accuracy 90.62
[2024-07-21 17:23:24,278][src.cue_accumulation.train_cue_accumulation][INFO] - 	 Starting Epoch:161 
[2024-07-21 17:23:25,619][src.cue_accumulation.train_cue_accumulation][INFO] - train epoch 161 loss 0.2010 accuracy 89.06
[2024-07-21 17:23:25,632][src.cue_accumulation.train_cue_accumulation][INFO] - 	 Starting Epoch:162 
[2024-07-21 17:23:26,976][src.cue_accumulation.train_cue_accumulation][INFO] - train epoch 162 loss 0.0903 accuracy 95.31
[2024-07-21 17:23:26,976][src.cue_accumulation.train_cue_accumulation][INFO] - 	 Starting Epoch:163 
[2024-07-21 17:23:28,315][src.cue_accumulation.train_cue_accumulation][INFO] - train epoch 163 loss 0.0799 accuracy 98.44
[2024-07-21 17:23:28,316][src.cue_accumulation.train_cue_accumulation][INFO] - 	 Starting Epoch:164 
[2024-07-21 17:23:29,659][src.cue_accumulation.train_cue_accumulation][INFO] - train epoch 164 loss 0.1301 accuracy 95.31
[2024-07-21 17:23:29,660][src.cue_accumulation.train_cue_accumulation][INFO] - 	 Starting Epoch:165 
[2024-07-21 17:23:30,999][src.cue_accumulation.train_cue_accumulation][INFO] - train epoch 165 loss 0.0598 accuracy 96.88
[2024-07-21 17:23:31,003][src.cue_accumulation.train_cue_accumulation][INFO] - 	 Starting Epoch:166 
[2024-07-21 17:23:32,311][src.cue_accumulation.train_cue_accumulation][INFO] - train epoch 166 loss 0.2106 accuracy 93.75
[2024-07-21 17:23:32,317][src.cue_accumulation.train_cue_accumulation][INFO] - 	 Starting Epoch:167 
[2024-07-21 17:23:33,624][src.cue_accumulation.train_cue_accumulation][INFO] - train epoch 167 loss 0.3040 accuracy 87.50
[2024-07-21 17:23:33,625][src.cue_accumulation.train_cue_accumulation][INFO] - 	 Starting Epoch:168 
[2024-07-21 17:23:34,931][src.cue_accumulation.train_cue_accumulation][INFO] - train epoch 168 loss 0.1291 accuracy 93.75
[2024-07-21 17:23:34,932][src.cue_accumulation.train_cue_accumulation][INFO] - 	 Starting Epoch:169 
[2024-07-21 17:23:36,247][src.cue_accumulation.train_cue_accumulation][INFO] - train epoch 169 loss 0.1691 accuracy 95.31
[2024-07-21 17:23:36,248][src.cue_accumulation.train_cue_accumulation][INFO] - 	 Starting Epoch:170 
[2024-07-21 17:23:37,560][src.cue_accumulation.train_cue_accumulation][INFO] - train epoch 170 loss 0.2372 accuracy 90.62
[2024-07-21 17:23:37,561][src.cue_accumulation.train_cue_accumulation][INFO] - 	 Starting Epoch:171 
[2024-07-21 17:23:38,873][src.cue_accumulation.train_cue_accumulation][INFO] - train epoch 171 loss 0.1485 accuracy 93.75
[2024-07-21 17:23:38,878][src.cue_accumulation.train_cue_accumulation][INFO] - 	 Starting Epoch:172 
[2024-07-21 17:23:40,196][src.cue_accumulation.train_cue_accumulation][INFO] - train epoch 172 loss 0.2088 accuracy 92.19
[2024-07-21 17:23:40,199][src.cue_accumulation.train_cue_accumulation][INFO] - 	 Starting Epoch:173 
[2024-07-21 17:23:41,505][src.cue_accumulation.train_cue_accumulation][INFO] - train epoch 173 loss 0.0680 accuracy 100.00
[2024-07-21 17:23:41,506][src.cue_accumulation.train_cue_accumulation][INFO] - 	 Starting Epoch:174 
[2024-07-21 17:23:42,814][src.cue_accumulation.train_cue_accumulation][INFO] - train epoch 174 loss 0.1208 accuracy 95.31
[2024-07-21 17:23:42,815][src.cue_accumulation.train_cue_accumulation][INFO] - 	 Starting Epoch:175 
[2024-07-21 17:23:44,123][src.cue_accumulation.train_cue_accumulation][INFO] - train epoch 175 loss 0.0964 accuracy 98.44
[2024-07-21 17:23:44,124][src.cue_accumulation.train_cue_accumulation][INFO] - 	 Starting Epoch:176 
[2024-07-21 17:23:45,433][src.cue_accumulation.train_cue_accumulation][INFO] - train epoch 176 loss 0.1449 accuracy 95.31
[2024-07-21 17:23:49,990][src.cue_accumulation.train_cue_accumulation][INFO] - eval  epoch 176 loss 0.1424 accuracy 95.31
[2024-07-21 17:23:55,157][src.cue_accumulation.train_cue_accumulation][INFO] - eval  epoch 176 loss 0.1650 accuracy 95.12
[2024-07-21 17:24:00,321][src.cue_accumulation.train_cue_accumulation][INFO] - eval  epoch 176 loss 0.1325 accuracy 95.12
[2024-07-21 17:24:05,792][src.cue_accumulation.train_cue_accumulation][INFO] - eval  epoch 176 loss 0.0952 accuracy 97.07
[2024-07-21 17:24:05,797][src.cue_accumulation.train_cue_accumulation][INFO] - Met early stopping criteria, breaking at epoch 176
[2024-07-21 17:24:11,264][src.cue_accumulation.train_cue_accumulation][INFO] - firing rate eval set  average 16.6 max 71.4 min 0.0
