[2024-07-22 15:30:05,698][src.train.train_cue_accumulation][INFO] - Starting training...
[2024-07-22 15:30:05,701][src.train.train_cue_accumulation][INFO] - 	 Starting Epoch:1 
[2024-07-22 15:30:08,375][src.train.train_cue_accumulation][INFO] - train epoch 001 loss 0.7057 accuracy 46.88
[2024-07-22 15:30:14,190][src.train.train_cue_accumulation][INFO] - eval  epoch 001 loss 0.6908 accuracy 53.12
[2024-07-22 15:30:14,193][src.train.train_cue_accumulation][INFO] - 	 Starting Epoch:2 
[2024-07-22 15:30:15,536][src.train.train_cue_accumulation][INFO] - train epoch 002 loss 0.6902 accuracy 53.12
[2024-07-22 15:30:15,555][src.train.train_cue_accumulation][INFO] - 	 Starting Epoch:3 
[2024-07-22 15:30:16,900][src.train.train_cue_accumulation][INFO] - train epoch 003 loss 0.6841 accuracy 56.25
[2024-07-22 15:30:16,900][src.train.train_cue_accumulation][INFO] - 	 Starting Epoch:4 
[2024-07-22 15:30:18,250][src.train.train_cue_accumulation][INFO] - train epoch 004 loss 0.7002 accuracy 46.88
[2024-07-22 15:30:18,250][src.train.train_cue_accumulation][INFO] - 	 Starting Epoch:5 
[2024-07-22 15:30:19,596][src.train.train_cue_accumulation][INFO] - train epoch 005 loss 0.6925 accuracy 50.00
[2024-07-22 15:30:19,597][src.train.train_cue_accumulation][INFO] - 	 Starting Epoch:6 
[2024-07-22 15:30:20,941][src.train.train_cue_accumulation][INFO] - train epoch 006 loss 0.6900 accuracy 57.81
[2024-07-22 15:30:20,948][src.train.train_cue_accumulation][INFO] - 	 Starting Epoch:7 
[2024-07-22 15:30:22,294][src.train.train_cue_accumulation][INFO] - train epoch 007 loss 0.6873 accuracy 53.12
[2024-07-22 15:30:22,327][src.train.train_cue_accumulation][INFO] - 	 Starting Epoch:8 
[2024-07-22 15:30:23,677][src.train.train_cue_accumulation][INFO] - train epoch 008 loss 0.7043 accuracy 43.75
[2024-07-22 15:30:23,681][src.train.train_cue_accumulation][INFO] - 	 Starting Epoch:9 
[2024-07-22 15:30:25,024][src.train.train_cue_accumulation][INFO] - train epoch 009 loss 0.6949 accuracy 50.00
[2024-07-22 15:30:25,024][src.train.train_cue_accumulation][INFO] - 	 Starting Epoch:10 
[2024-07-22 15:30:26,366][src.train.train_cue_accumulation][INFO] - train epoch 010 loss 0.6880 accuracy 48.44
[2024-07-22 15:30:26,367][src.train.train_cue_accumulation][INFO] - 	 Starting Epoch:11 
[2024-07-22 15:30:27,713][src.train.train_cue_accumulation][INFO] - train epoch 011 loss 0.6858 accuracy 53.12
[2024-07-22 15:30:27,723][src.train.train_cue_accumulation][INFO] - 	 Starting Epoch:12 
[2024-07-22 15:30:29,069][src.train.train_cue_accumulation][INFO] - train epoch 012 loss 0.6938 accuracy 46.88
[2024-07-22 15:30:29,090][src.train.train_cue_accumulation][INFO] - 	 Starting Epoch:13 
[2024-07-22 15:30:30,436][src.train.train_cue_accumulation][INFO] - train epoch 013 loss 0.6921 accuracy 54.69
[2024-07-22 15:30:30,436][src.train.train_cue_accumulation][INFO] - 	 Starting Epoch:14 
[2024-07-22 15:30:31,757][src.train.train_cue_accumulation][INFO] - train epoch 014 loss 0.6869 accuracy 57.81
[2024-07-22 15:30:31,759][src.train.train_cue_accumulation][INFO] - 	 Starting Epoch:15 
[2024-07-22 15:30:33,061][src.train.train_cue_accumulation][INFO] - train epoch 015 loss 0.6860 accuracy 59.38
[2024-07-22 15:30:33,064][src.train.train_cue_accumulation][INFO] - 	 Starting Epoch:16 
[2024-07-22 15:30:34,361][src.train.train_cue_accumulation][INFO] - train epoch 016 loss 0.6808 accuracy 59.38
[2024-07-22 15:30:34,536][src.train.train_cue_accumulation][INFO] - 	 Starting Epoch:17 
[2024-07-22 15:30:35,838][src.train.train_cue_accumulation][INFO] - train epoch 017 loss 0.6923 accuracy 45.31
[2024-07-22 15:30:35,864][src.train.train_cue_accumulation][INFO] - 	 Starting Epoch:18 
[2024-07-22 15:30:37,162][src.train.train_cue_accumulation][INFO] - train epoch 018 loss 0.6816 accuracy 57.81
[2024-07-22 15:30:37,163][src.train.train_cue_accumulation][INFO] - 	 Starting Epoch:19 
[2024-07-22 15:30:38,461][src.train.train_cue_accumulation][INFO] - train epoch 019 loss 0.6767 accuracy 65.62
[2024-07-22 15:30:38,462][src.train.train_cue_accumulation][INFO] - 	 Starting Epoch:20 
[2024-07-22 15:30:39,761][src.train.train_cue_accumulation][INFO] - train epoch 020 loss 0.6896 accuracy 54.69
[2024-07-22 15:30:39,761][src.train.train_cue_accumulation][INFO] - 	 Starting Epoch:21 
[2024-07-22 15:30:41,059][src.train.train_cue_accumulation][INFO] - train epoch 021 loss 0.6807 accuracy 51.56
[2024-07-22 15:30:41,242][src.train.train_cue_accumulation][INFO] - 	 Starting Epoch:22 
[2024-07-22 15:30:42,544][src.train.train_cue_accumulation][INFO] - train epoch 022 loss 0.6795 accuracy 59.38
[2024-07-22 15:30:42,666][src.train.train_cue_accumulation][INFO] - 	 Starting Epoch:23 
[2024-07-22 15:30:43,964][src.train.train_cue_accumulation][INFO] - train epoch 023 loss 0.7013 accuracy 56.25
[2024-07-22 15:30:43,965][src.train.train_cue_accumulation][INFO] - 	 Starting Epoch:24 
[2024-07-22 15:30:45,267][src.train.train_cue_accumulation][INFO] - train epoch 024 loss 0.6831 accuracy 56.25
[2024-07-22 15:30:45,267][src.train.train_cue_accumulation][INFO] - 	 Starting Epoch:25 
[2024-07-22 15:30:46,569][src.train.train_cue_accumulation][INFO] - train epoch 025 loss 0.6847 accuracy 60.94
[2024-07-22 15:30:46,570][src.train.train_cue_accumulation][INFO] - 	 Starting Epoch:26 
[2024-07-22 15:30:47,870][src.train.train_cue_accumulation][INFO] - train epoch 026 loss 0.6803 accuracy 51.56
[2024-07-22 15:30:53,130][src.train.train_cue_accumulation][INFO] - eval  epoch 026 loss 0.6715 accuracy 56.84
[2024-07-22 15:30:53,211][src.train.train_cue_accumulation][INFO] - 	 Starting Epoch:27 
[2024-07-22 15:30:54,509][src.train.train_cue_accumulation][INFO] - train epoch 027 loss 0.6747 accuracy 56.25
[2024-07-22 15:30:54,510][src.train.train_cue_accumulation][INFO] - 	 Starting Epoch:28 
[2024-07-22 15:30:55,805][src.train.train_cue_accumulation][INFO] - train epoch 028 loss 0.6714 accuracy 57.81
[2024-07-22 15:30:55,805][src.train.train_cue_accumulation][INFO] - 	 Starting Epoch:29 
[2024-07-22 15:30:57,104][src.train.train_cue_accumulation][INFO] - train epoch 029 loss 0.6726 accuracy 62.50
[2024-07-22 15:30:57,105][src.train.train_cue_accumulation][INFO] - 	 Starting Epoch:30 
[2024-07-22 15:30:58,406][src.train.train_cue_accumulation][INFO] - train epoch 030 loss 0.6503 accuracy 60.94
[2024-07-22 15:30:58,407][src.train.train_cue_accumulation][INFO] - 	 Starting Epoch:31 
[2024-07-22 15:30:59,707][src.train.train_cue_accumulation][INFO] - train epoch 031 loss 0.6552 accuracy 70.31
[2024-07-22 15:31:00,002][src.train.train_cue_accumulation][INFO] - 	 Starting Epoch:32 
[2024-07-22 15:31:01,303][src.train.train_cue_accumulation][INFO] - train epoch 032 loss 0.6669 accuracy 57.81
[2024-07-22 15:31:01,304][src.train.train_cue_accumulation][INFO] - 	 Starting Epoch:33 
[2024-07-22 15:31:02,636][src.train.train_cue_accumulation][INFO] - train epoch 033 loss 0.6297 accuracy 65.62
[2024-07-22 15:31:02,639][src.train.train_cue_accumulation][INFO] - 	 Starting Epoch:34 
[2024-07-22 15:31:03,984][src.train.train_cue_accumulation][INFO] - train epoch 034 loss 0.6128 accuracy 67.19
[2024-07-22 15:31:03,985][src.train.train_cue_accumulation][INFO] - 	 Starting Epoch:35 
[2024-07-22 15:31:05,330][src.train.train_cue_accumulation][INFO] - train epoch 035 loss 0.6425 accuracy 65.62
[2024-07-22 15:31:05,330][src.train.train_cue_accumulation][INFO] - 	 Starting Epoch:36 
[2024-07-22 15:31:06,677][src.train.train_cue_accumulation][INFO] - train epoch 036 loss 0.6305 accuracy 73.44
[2024-07-22 15:31:06,952][src.train.train_cue_accumulation][INFO] - 	 Starting Epoch:37 
[2024-07-22 15:31:08,301][src.train.train_cue_accumulation][INFO] - train epoch 037 loss 0.6211 accuracy 71.88
[2024-07-22 15:31:08,302][src.train.train_cue_accumulation][INFO] - 	 Starting Epoch:38 
[2024-07-22 15:31:09,650][src.train.train_cue_accumulation][INFO] - train epoch 038 loss 0.6050 accuracy 82.81
[2024-07-22 15:31:09,650][src.train.train_cue_accumulation][INFO] - 	 Starting Epoch:39 
[2024-07-22 15:31:10,999][src.train.train_cue_accumulation][INFO] - train epoch 039 loss 0.6095 accuracy 73.44
[2024-07-22 15:31:11,000][src.train.train_cue_accumulation][INFO] - 	 Starting Epoch:40 
[2024-07-22 15:31:12,347][src.train.train_cue_accumulation][INFO] - train epoch 040 loss 0.5580 accuracy 81.25
[2024-07-22 15:31:12,351][src.train.train_cue_accumulation][INFO] - 	 Starting Epoch:41 
[2024-07-22 15:31:13,695][src.train.train_cue_accumulation][INFO] - train epoch 041 loss 0.6093 accuracy 68.75
[2024-07-22 15:31:13,945][src.train.train_cue_accumulation][INFO] - 	 Starting Epoch:42 
[2024-07-22 15:31:15,291][src.train.train_cue_accumulation][INFO] - train epoch 042 loss 0.5148 accuracy 82.81
[2024-07-22 15:31:15,291][src.train.train_cue_accumulation][INFO] - 	 Starting Epoch:43 
[2024-07-22 15:31:16,637][src.train.train_cue_accumulation][INFO] - train epoch 043 loss 0.5463 accuracy 79.69
[2024-07-22 15:31:16,637][src.train.train_cue_accumulation][INFO] - 	 Starting Epoch:44 
[2024-07-22 15:31:17,984][src.train.train_cue_accumulation][INFO] - train epoch 044 loss 0.4851 accuracy 84.38
[2024-07-22 15:31:17,985][src.train.train_cue_accumulation][INFO] - 	 Starting Epoch:45 
[2024-07-22 15:31:19,332][src.train.train_cue_accumulation][INFO] - train epoch 045 loss 0.5611 accuracy 79.69
[2024-07-22 15:31:19,332][src.train.train_cue_accumulation][INFO] - 	 Starting Epoch:46 
[2024-07-22 15:31:20,679][src.train.train_cue_accumulation][INFO] - train epoch 046 loss 0.5414 accuracy 81.25
[2024-07-22 15:31:20,937][src.train.train_cue_accumulation][INFO] - 	 Starting Epoch:47 
[2024-07-22 15:31:22,286][src.train.train_cue_accumulation][INFO] - train epoch 047 loss 0.4124 accuracy 89.06
[2024-07-22 15:31:22,289][src.train.train_cue_accumulation][INFO] - 	 Starting Epoch:48 
[2024-07-22 15:31:23,632][src.train.train_cue_accumulation][INFO] - train epoch 048 loss 0.4504 accuracy 79.69
[2024-07-22 15:31:23,632][src.train.train_cue_accumulation][INFO] - 	 Starting Epoch:49 
[2024-07-22 15:31:24,977][src.train.train_cue_accumulation][INFO] - train epoch 049 loss 0.3667 accuracy 90.62
[2024-07-22 15:31:24,977][src.train.train_cue_accumulation][INFO] - 	 Starting Epoch:50 
[2024-07-22 15:31:26,321][src.train.train_cue_accumulation][INFO] - train epoch 050 loss 0.4311 accuracy 85.94
[2024-07-22 15:31:26,322][src.train.train_cue_accumulation][INFO] - 	 Starting Epoch:51 
[2024-07-22 15:31:27,666][src.train.train_cue_accumulation][INFO] - train epoch 051 loss 0.3273 accuracy 87.50
[2024-07-22 15:31:33,297][src.train.train_cue_accumulation][INFO] - eval  epoch 051 loss 0.3719 accuracy 86.72
[2024-07-22 15:31:33,301][src.train.train_cue_accumulation][INFO] - 	 Starting Epoch:52 
[2024-07-22 15:31:34,602][src.train.train_cue_accumulation][INFO] - train epoch 052 loss 0.3989 accuracy 87.50
[2024-07-22 15:31:34,602][src.train.train_cue_accumulation][INFO] - 	 Starting Epoch:53 
[2024-07-22 15:31:35,902][src.train.train_cue_accumulation][INFO] - train epoch 053 loss 0.3191 accuracy 82.81
[2024-07-22 15:31:35,902][src.train.train_cue_accumulation][INFO] - 	 Starting Epoch:54 
[2024-07-22 15:31:37,202][src.train.train_cue_accumulation][INFO] - train epoch 054 loss 0.3208 accuracy 84.38
[2024-07-22 15:31:37,203][src.train.train_cue_accumulation][INFO] - 	 Starting Epoch:55 
[2024-07-22 15:31:38,506][src.train.train_cue_accumulation][INFO] - train epoch 055 loss 0.2704 accuracy 85.94
[2024-07-22 15:31:38,507][src.train.train_cue_accumulation][INFO] - 	 Starting Epoch:56 
[2024-07-22 15:31:39,806][src.train.train_cue_accumulation][INFO] - train epoch 056 loss 0.3385 accuracy 81.25
[2024-07-22 15:31:40,175][src.train.train_cue_accumulation][INFO] - 	 Starting Epoch:57 
[2024-07-22 15:31:41,477][src.train.train_cue_accumulation][INFO] - train epoch 057 loss 0.3088 accuracy 85.94
[2024-07-22 15:31:41,478][src.train.train_cue_accumulation][INFO] - 	 Starting Epoch:58 
[2024-07-22 15:31:42,780][src.train.train_cue_accumulation][INFO] - train epoch 058 loss 0.2342 accuracy 89.06
[2024-07-22 15:31:42,783][src.train.train_cue_accumulation][INFO] - 	 Starting Epoch:59 
[2024-07-22 15:31:44,083][src.train.train_cue_accumulation][INFO] - train epoch 059 loss 0.3894 accuracy 89.06
[2024-07-22 15:31:44,085][src.train.train_cue_accumulation][INFO] - 	 Starting Epoch:60 
[2024-07-22 15:31:45,383][src.train.train_cue_accumulation][INFO] - train epoch 060 loss 0.2605 accuracy 90.62
[2024-07-22 15:31:45,384][src.train.train_cue_accumulation][INFO] - 	 Starting Epoch:61 
[2024-07-22 15:31:46,679][src.train.train_cue_accumulation][INFO] - train epoch 061 loss 0.2304 accuracy 89.06
[2024-07-22 15:31:47,456][src.train.train_cue_accumulation][INFO] - 	 Starting Epoch:62 
[2024-07-22 15:31:48,759][src.train.train_cue_accumulation][INFO] - train epoch 062 loss 0.1554 accuracy 92.19
[2024-07-22 15:31:48,760][src.train.train_cue_accumulation][INFO] - 	 Starting Epoch:63 
[2024-07-22 15:31:50,061][src.train.train_cue_accumulation][INFO] - train epoch 063 loss 0.1082 accuracy 98.44
[2024-07-22 15:31:50,061][src.train.train_cue_accumulation][INFO] - 	 Starting Epoch:64 
[2024-07-22 15:31:51,360][src.train.train_cue_accumulation][INFO] - train epoch 064 loss 0.1894 accuracy 95.31
[2024-07-22 15:31:51,360][src.train.train_cue_accumulation][INFO] - 	 Starting Epoch:65 
[2024-07-22 15:31:52,663][src.train.train_cue_accumulation][INFO] - train epoch 065 loss 0.2033 accuracy 92.19
[2024-07-22 15:31:52,667][src.train.train_cue_accumulation][INFO] - 	 Starting Epoch:66 
[2024-07-22 15:31:53,962][src.train.train_cue_accumulation][INFO] - train epoch 066 loss 0.1513 accuracy 93.75
[2024-07-22 15:31:54,335][src.train.train_cue_accumulation][INFO] - 	 Starting Epoch:67 
[2024-07-22 15:31:55,636][src.train.train_cue_accumulation][INFO] - train epoch 067 loss 0.0907 accuracy 96.88
[2024-07-22 15:31:55,636][src.train.train_cue_accumulation][INFO] - 	 Starting Epoch:68 
[2024-07-22 15:31:56,935][src.train.train_cue_accumulation][INFO] - train epoch 068 loss 0.2551 accuracy 92.19
[2024-07-22 15:31:56,936][src.train.train_cue_accumulation][INFO] - 	 Starting Epoch:69 
[2024-07-22 15:31:58,236][src.train.train_cue_accumulation][INFO] - train epoch 069 loss 0.0880 accuracy 98.44
[2024-07-22 15:31:58,237][src.train.train_cue_accumulation][INFO] - 	 Starting Epoch:70 
[2024-07-22 15:31:59,537][src.train.train_cue_accumulation][INFO] - train epoch 070 loss 0.1828 accuracy 90.62
[2024-07-22 15:31:59,537][src.train.train_cue_accumulation][INFO] - 	 Starting Epoch:71 
[2024-07-22 15:32:00,838][src.train.train_cue_accumulation][INFO] - train epoch 071 loss 0.3123 accuracy 93.75
[2024-07-22 15:32:00,951][src.train.train_cue_accumulation][INFO] - 	 Starting Epoch:72 
[2024-07-22 15:32:02,263][src.train.train_cue_accumulation][INFO] - train epoch 072 loss 0.2096 accuracy 95.31
[2024-07-22 15:32:02,267][src.train.train_cue_accumulation][INFO] - 	 Starting Epoch:73 
[2024-07-22 15:32:03,610][src.train.train_cue_accumulation][INFO] - train epoch 073 loss 0.2195 accuracy 95.31
[2024-07-22 15:32:03,611][src.train.train_cue_accumulation][INFO] - 	 Starting Epoch:74 
[2024-07-22 15:32:04,956][src.train.train_cue_accumulation][INFO] - train epoch 074 loss 0.1624 accuracy 93.75
[2024-07-22 15:32:04,956][src.train.train_cue_accumulation][INFO] - 	 Starting Epoch:75 
[2024-07-22 15:32:06,302][src.train.train_cue_accumulation][INFO] - train epoch 075 loss 0.2025 accuracy 95.31
[2024-07-22 15:32:06,302][src.train.train_cue_accumulation][INFO] - 	 Starting Epoch:76 
[2024-07-22 15:32:07,651][src.train.train_cue_accumulation][INFO] - train epoch 076 loss 0.0984 accuracy 95.31
[2024-07-22 15:32:13,182][src.train.train_cue_accumulation][INFO] - eval  epoch 076 loss 0.1883 accuracy 93.55
[2024-07-22 15:32:13,186][src.train.train_cue_accumulation][INFO] - 	 Starting Epoch:77 
[2024-07-22 15:32:14,530][src.train.train_cue_accumulation][INFO] - train epoch 077 loss 0.1254 accuracy 98.44
[2024-07-22 15:32:14,531][src.train.train_cue_accumulation][INFO] - 	 Starting Epoch:78 
[2024-07-22 15:32:15,878][src.train.train_cue_accumulation][INFO] - train epoch 078 loss 0.0463 accuracy 100.00
[2024-07-22 15:32:15,879][src.train.train_cue_accumulation][INFO] - 	 Starting Epoch:79 
[2024-07-22 15:32:17,226][src.train.train_cue_accumulation][INFO] - train epoch 079 loss 0.1676 accuracy 93.75
[2024-07-22 15:32:17,227][src.train.train_cue_accumulation][INFO] - 	 Starting Epoch:80 
[2024-07-22 15:32:18,574][src.train.train_cue_accumulation][INFO] - train epoch 080 loss 0.2967 accuracy 89.06
[2024-07-22 15:32:18,575][src.train.train_cue_accumulation][INFO] - 	 Starting Epoch:81 
[2024-07-22 15:32:19,923][src.train.train_cue_accumulation][INFO] - train epoch 081 loss 0.1959 accuracy 95.31
[2024-07-22 15:32:19,945][src.train.train_cue_accumulation][INFO] - 	 Starting Epoch:82 
[2024-07-22 15:32:21,298][src.train.train_cue_accumulation][INFO] - train epoch 082 loss 0.2015 accuracy 92.19
[2024-07-22 15:32:21,299][src.train.train_cue_accumulation][INFO] - 	 Starting Epoch:83 
[2024-07-22 15:32:22,646][src.train.train_cue_accumulation][INFO] - train epoch 083 loss 0.0858 accuracy 96.88
[2024-07-22 15:32:22,650][src.train.train_cue_accumulation][INFO] - 	 Starting Epoch:84 
[2024-07-22 15:32:23,993][src.train.train_cue_accumulation][INFO] - train epoch 084 loss 0.1586 accuracy 93.75
[2024-07-22 15:32:23,994][src.train.train_cue_accumulation][INFO] - 	 Starting Epoch:85 
[2024-07-22 15:32:25,339][src.train.train_cue_accumulation][INFO] - train epoch 085 loss 0.1144 accuracy 93.75
[2024-07-22 15:32:25,339][src.train.train_cue_accumulation][INFO] - 	 Starting Epoch:86 
[2024-07-22 15:32:26,687][src.train.train_cue_accumulation][INFO] - train epoch 086 loss 0.0635 accuracy 96.88
[2024-07-22 15:32:26,704][src.train.train_cue_accumulation][INFO] - 	 Starting Epoch:87 
[2024-07-22 15:32:28,053][src.train.train_cue_accumulation][INFO] - train epoch 087 loss 0.1202 accuracy 95.31
[2024-07-22 15:32:28,054][src.train.train_cue_accumulation][INFO] - 	 Starting Epoch:88 
[2024-07-22 15:32:29,402][src.train.train_cue_accumulation][INFO] - train epoch 088 loss 0.0471 accuracy 100.00
[2024-07-22 15:32:29,402][src.train.train_cue_accumulation][INFO] - 	 Starting Epoch:89 
[2024-07-22 15:32:30,750][src.train.train_cue_accumulation][INFO] - train epoch 089 loss 0.1396 accuracy 96.88
[2024-07-22 15:32:30,751][src.train.train_cue_accumulation][INFO] - 	 Starting Epoch:90 
[2024-07-22 15:32:32,056][src.train.train_cue_accumulation][INFO] - train epoch 090 loss 0.2131 accuracy 90.62
[2024-07-22 15:32:32,059][src.train.train_cue_accumulation][INFO] - 	 Starting Epoch:91 
[2024-07-22 15:32:33,366][src.train.train_cue_accumulation][INFO] - train epoch 091 loss 0.1515 accuracy 93.75
[2024-07-22 15:32:33,427][src.train.train_cue_accumulation][INFO] - 	 Starting Epoch:92 
[2024-07-22 15:32:34,727][src.train.train_cue_accumulation][INFO] - train epoch 092 loss 0.1768 accuracy 93.75
[2024-07-22 15:32:34,727][src.train.train_cue_accumulation][INFO] - 	 Starting Epoch:93 
[2024-07-22 15:32:36,025][src.train.train_cue_accumulation][INFO] - train epoch 093 loss 0.0816 accuracy 96.88
[2024-07-22 15:32:36,026][src.train.train_cue_accumulation][INFO] - 	 Starting Epoch:94 
[2024-07-22 15:32:37,325][src.train.train_cue_accumulation][INFO] - train epoch 094 loss 0.2021 accuracy 93.75
[2024-07-22 15:32:37,325][src.train.train_cue_accumulation][INFO] - 	 Starting Epoch:95 
[2024-07-22 15:32:38,625][src.train.train_cue_accumulation][INFO] - train epoch 095 loss 0.2657 accuracy 92.19
[2024-07-22 15:32:38,625][src.train.train_cue_accumulation][INFO] - 	 Starting Epoch:96 
[2024-07-22 15:32:39,926][src.train.train_cue_accumulation][INFO] - train epoch 096 loss 0.1417 accuracy 92.19
[2024-07-22 15:32:40,012][src.train.train_cue_accumulation][INFO] - 	 Starting Epoch:97 
[2024-07-22 15:32:41,314][src.train.train_cue_accumulation][INFO] - train epoch 097 loss 0.1077 accuracy 96.88
[2024-07-22 15:32:41,317][src.train.train_cue_accumulation][INFO] - 	 Starting Epoch:98 
[2024-07-22 15:32:42,611][src.train.train_cue_accumulation][INFO] - train epoch 098 loss 0.1375 accuracy 95.31
[2024-07-22 15:32:42,612][src.train.train_cue_accumulation][INFO] - 	 Starting Epoch:99 
[2024-07-22 15:32:43,908][src.train.train_cue_accumulation][INFO] - train epoch 099 loss 0.2140 accuracy 95.31
[2024-07-22 15:32:43,909][src.train.train_cue_accumulation][INFO] - 	 Starting Epoch:100 
[2024-07-22 15:32:45,207][src.train.train_cue_accumulation][INFO] - train epoch 100 loss 0.0877 accuracy 98.44
[2024-07-22 15:32:45,207][src.train.train_cue_accumulation][INFO] - 	 Starting Epoch:101 
[2024-07-22 15:32:46,507][src.train.train_cue_accumulation][INFO] - train epoch 101 loss 0.1479 accuracy 93.75
[2024-07-22 15:32:51,785][src.train.train_cue_accumulation][INFO] - eval  epoch 101 loss 0.1617 accuracy 94.53
[2024-07-22 15:32:51,789][src.train.train_cue_accumulation][INFO] - 	 Starting Epoch:102 
[2024-07-22 15:32:53,092][src.train.train_cue_accumulation][INFO] - train epoch 102 loss 0.0439 accuracy 98.44
[2024-07-22 15:32:53,093][src.train.train_cue_accumulation][INFO] - 	 Starting Epoch:103 
[2024-07-22 15:32:54,391][src.train.train_cue_accumulation][INFO] - train epoch 103 loss 0.1049 accuracy 96.88
[2024-07-22 15:32:54,392][src.train.train_cue_accumulation][INFO] - 	 Starting Epoch:104 
[2024-07-22 15:32:55,689][src.train.train_cue_accumulation][INFO] - train epoch 104 loss 0.1779 accuracy 95.31
[2024-07-22 15:32:55,690][src.train.train_cue_accumulation][INFO] - 	 Starting Epoch:105 
[2024-07-22 15:32:56,990][src.train.train_cue_accumulation][INFO] - train epoch 105 loss 0.0966 accuracy 96.88
[2024-07-22 15:32:56,991][src.train.train_cue_accumulation][INFO] - 	 Starting Epoch:106 
[2024-07-22 15:32:58,295][src.train.train_cue_accumulation][INFO] - train epoch 106 loss 0.1888 accuracy 98.44
[2024-07-22 15:32:58,388][src.train.train_cue_accumulation][INFO] - 	 Starting Epoch:107 
[2024-07-22 15:32:59,693][src.train.train_cue_accumulation][INFO] - train epoch 107 loss 0.1362 accuracy 96.88
[2024-07-22 15:32:59,694][src.train.train_cue_accumulation][INFO] - 	 Starting Epoch:108 
[2024-07-22 15:33:00,994][src.train.train_cue_accumulation][INFO] - train epoch 108 loss 0.1501 accuracy 96.88
[2024-07-22 15:33:00,997][src.train.train_cue_accumulation][INFO] - 	 Starting Epoch:109 
[2024-07-22 15:33:02,313][src.train.train_cue_accumulation][INFO] - train epoch 109 loss 0.2134 accuracy 89.06
[2024-07-22 15:33:02,314][src.train.train_cue_accumulation][INFO] - 	 Starting Epoch:110 
[2024-07-22 15:33:03,668][src.train.train_cue_accumulation][INFO] - train epoch 110 loss 0.0556 accuracy 98.44
[2024-07-22 15:33:03,669][src.train.train_cue_accumulation][INFO] - 	 Starting Epoch:111 
[2024-07-22 15:33:05,017][src.train.train_cue_accumulation][INFO] - train epoch 111 loss 0.2476 accuracy 90.62
[2024-07-22 15:33:05,216][src.train.train_cue_accumulation][INFO] - 	 Starting Epoch:112 
[2024-07-22 15:33:06,563][src.train.train_cue_accumulation][INFO] - train epoch 112 loss 0.1429 accuracy 95.31
[2024-07-22 15:33:06,563][src.train.train_cue_accumulation][INFO] - 	 Starting Epoch:113 
[2024-07-22 15:33:07,909][src.train.train_cue_accumulation][INFO] - train epoch 113 loss 0.1484 accuracy 95.31
[2024-07-22 15:33:07,909][src.train.train_cue_accumulation][INFO] - 	 Starting Epoch:114 
[2024-07-22 15:33:09,254][src.train.train_cue_accumulation][INFO] - train epoch 114 loss 0.0535 accuracy 96.88
[2024-07-22 15:33:09,254][src.train.train_cue_accumulation][INFO] - 	 Starting Epoch:115 
[2024-07-22 15:33:10,603][src.train.train_cue_accumulation][INFO] - train epoch 115 loss 0.1267 accuracy 96.88
[2024-07-22 15:33:10,607][src.train.train_cue_accumulation][INFO] - 	 Starting Epoch:116 
[2024-07-22 15:33:11,950][src.train.train_cue_accumulation][INFO] - train epoch 116 loss 0.1003 accuracy 93.75
[2024-07-22 15:33:12,241][src.train.train_cue_accumulation][INFO] - 	 Starting Epoch:117 
[2024-07-22 15:33:13,591][src.train.train_cue_accumulation][INFO] - train epoch 117 loss 0.1454 accuracy 92.19
[2024-07-22 15:33:13,591][src.train.train_cue_accumulation][INFO] - 	 Starting Epoch:118 
[2024-07-22 15:33:14,937][src.train.train_cue_accumulation][INFO] - train epoch 118 loss 0.0651 accuracy 96.88
[2024-07-22 15:33:14,938][src.train.train_cue_accumulation][INFO] - 	 Starting Epoch:119 
[2024-07-22 15:33:16,285][src.train.train_cue_accumulation][INFO] - train epoch 119 loss 0.2120 accuracy 93.75
[2024-07-22 15:33:16,285][src.train.train_cue_accumulation][INFO] - 	 Starting Epoch:120 
[2024-07-22 15:33:17,633][src.train.train_cue_accumulation][INFO] - train epoch 120 loss 0.1212 accuracy 92.19
[2024-07-22 15:33:17,634][src.train.train_cue_accumulation][INFO] - 	 Starting Epoch:121 
[2024-07-22 15:33:18,980][src.train.train_cue_accumulation][INFO] - train epoch 121 loss 0.2028 accuracy 95.31
[2024-07-22 15:33:19,260][src.train.train_cue_accumulation][INFO] - 	 Starting Epoch:122 
[2024-07-22 15:33:20,612][src.train.train_cue_accumulation][INFO] - train epoch 122 loss 0.0968 accuracy 95.31
[2024-07-22 15:33:20,615][src.train.train_cue_accumulation][INFO] - 	 Starting Epoch:123 
[2024-07-22 15:33:21,962][src.train.train_cue_accumulation][INFO] - train epoch 123 loss 0.2451 accuracy 90.62
[2024-07-22 15:33:21,963][src.train.train_cue_accumulation][INFO] - 	 Starting Epoch:124 
[2024-07-22 15:33:23,309][src.train.train_cue_accumulation][INFO] - train epoch 124 loss 0.1172 accuracy 93.75
[2024-07-22 15:33:23,309][src.train.train_cue_accumulation][INFO] - 	 Starting Epoch:125 
[2024-07-22 15:33:24,656][src.train.train_cue_accumulation][INFO] - train epoch 125 loss 0.1949 accuracy 93.75
[2024-07-22 15:33:24,657][src.train.train_cue_accumulation][INFO] - 	 Starting Epoch:126 
[2024-07-22 15:33:26,003][src.train.train_cue_accumulation][INFO] - train epoch 126 loss 0.0789 accuracy 96.88
[2024-07-22 15:33:31,737][src.train.train_cue_accumulation][INFO] - eval  epoch 126 loss 0.1538 accuracy 95.51
[2024-07-22 15:33:37,527][src.train.train_cue_accumulation][INFO] - eval  epoch 126 loss 0.1290 accuracy 95.51
[2024-07-22 15:33:43,283][src.train.train_cue_accumulation][INFO] - eval  epoch 126 loss 0.1124 accuracy 95.31
[2024-07-22 15:33:49,318][src.train.train_cue_accumulation][INFO] - eval  epoch 126 loss 0.1310 accuracy 95.51
[2024-07-22 15:33:49,322][src.train.train_cue_accumulation][INFO] - Met early stopping criteria, breaking at epoch 126
[2024-07-22 15:33:54,958][src.train.train_cue_accumulation][INFO] - firing rate eval set  average 15.8 max 56.5 min 0.0
