[2024-07-23 13:23:06,983][src.train.train_pattern_generation][INFO] - Starting training...
[2024-07-23 13:23:06,987][src.train.train_pattern_generation][INFO] - 	 Starting Epoch:1 
[2024-07-23 13:23:17,139][src.train.train_pattern_generation][INFO] - train epoch 001 MSE 711.6733 NMSE 7116.732
[2024-07-23 13:23:21,455][src.train.train_pattern_generation][INFO] - eval  epoch 001 MSE 3.1353 nMSE 31.35
[2024-07-23 13:23:21,456][src.train.train_pattern_generation][INFO] - 	 Starting Epoch:2 
[2024-07-23 13:23:30,168][src.train.train_pattern_generation][INFO] - train epoch 002 MSE 13.9174 NMSE 139.174
[2024-07-23 13:23:30,171][src.train.train_pattern_generation][INFO] - 	 Starting Epoch:3 
[2024-07-23 13:23:38,882][src.train.train_pattern_generation][INFO] - train epoch 003 MSE 0.5637 NMSE 5.637
[2024-07-23 13:23:38,884][src.train.train_pattern_generation][INFO] - 	 Starting Epoch:4 
[2024-07-23 13:23:47,578][src.train.train_pattern_generation][INFO] - train epoch 004 MSE 0.1420 NMSE 1.420
[2024-07-23 13:23:47,678][src.train.train_pattern_generation][INFO] - 	 Starting Epoch:5 
[2024-07-23 13:23:56,383][src.train.train_pattern_generation][INFO] - train epoch 005 MSE 0.1218 NMSE 1.218
[2024-07-23 13:23:56,619][src.train.train_pattern_generation][INFO] - 	 Starting Epoch:6 
[2024-07-23 13:24:05,328][src.train.train_pattern_generation][INFO] - train epoch 006 MSE 0.1158 NMSE 1.158
[2024-07-23 13:24:05,331][src.train.train_pattern_generation][INFO] - 	 Starting Epoch:7 
[2024-07-23 13:24:14,085][src.train.train_pattern_generation][INFO] - train epoch 007 MSE 0.1163 NMSE 1.163
[2024-07-23 13:24:14,086][src.train.train_pattern_generation][INFO] - 	 Starting Epoch:8 
[2024-07-23 13:24:22,837][src.train.train_pattern_generation][INFO] - train epoch 008 MSE 0.1152 NMSE 1.152
[2024-07-23 13:24:22,912][src.train.train_pattern_generation][INFO] - 	 Starting Epoch:9 
[2024-07-23 13:24:31,652][src.train.train_pattern_generation][INFO] - train epoch 009 MSE 0.1215 NMSE 1.215
[2024-07-23 13:24:31,841][src.train.train_pattern_generation][INFO] - 	 Starting Epoch:10 
[2024-07-23 13:24:40,534][src.train.train_pattern_generation][INFO] - train epoch 010 MSE 0.1160 NMSE 1.160
[2024-07-23 13:24:42,810][src.train.train_pattern_generation][INFO] - firing rate eval set  average 180.9 max 333.5 min 0.0
