[2024-07-17 12:07:48,373][src.cue_accumulation.train_cue_accumulation][INFO] - Starting training...
[2024-07-17 12:07:48,376][src.cue_accumulation.train_cue_accumulation][INFO] - 	 Starting Epoch:1 
[2024-07-17 12:08:00,088][src.cue_accumulation.train_cue_accumulation][INFO] - train epoch 001 loss 0.6925 accuracy 54.69
[2024-07-17 12:08:06,013][src.cue_accumulation.train_cue_accumulation][INFO] - eval  epoch 001 loss 0.6932 accuracy 50.20
[2024-07-17 12:08:06,015][src.cue_accumulation.train_cue_accumulation][INFO] - 	 Starting Epoch:2 
[2024-07-17 12:08:07,343][src.cue_accumulation.train_cue_accumulation][INFO] - train epoch 002 loss 0.7448 accuracy 39.06
[2024-07-17 12:08:07,347][src.cue_accumulation.train_cue_accumulation][INFO] - 	 Starting Epoch:3 
[2024-07-17 12:08:08,678][src.cue_accumulation.train_cue_accumulation][INFO] - train epoch 003 loss 0.7023 accuracy 51.56
[2024-07-17 12:08:08,678][src.cue_accumulation.train_cue_accumulation][INFO] - 	 Starting Epoch:4 
[2024-07-17 12:08:10,010][src.cue_accumulation.train_cue_accumulation][INFO] - train epoch 004 loss 0.6817 accuracy 60.94
[2024-07-17 12:08:10,010][src.cue_accumulation.train_cue_accumulation][INFO] - 	 Starting Epoch:5 
[2024-07-17 12:08:11,342][src.cue_accumulation.train_cue_accumulation][INFO] - train epoch 005 loss 0.7016 accuracy 51.56
[2024-07-17 12:08:11,343][src.cue_accumulation.train_cue_accumulation][INFO] - 	 Starting Epoch:6 
[2024-07-17 12:08:12,676][src.cue_accumulation.train_cue_accumulation][INFO] - train epoch 006 loss 0.6798 accuracy 56.25
[2024-07-17 12:08:12,760][src.cue_accumulation.train_cue_accumulation][INFO] - 	 Starting Epoch:7 
[2024-07-17 12:08:14,094][src.cue_accumulation.train_cue_accumulation][INFO] - train epoch 007 loss 0.7110 accuracy 46.88
[2024-07-17 12:08:14,101][src.cue_accumulation.train_cue_accumulation][INFO] - 	 Starting Epoch:8 
[2024-07-17 12:08:15,436][src.cue_accumulation.train_cue_accumulation][INFO] - train epoch 008 loss 0.7038 accuracy 48.44
[2024-07-17 12:08:15,440][src.cue_accumulation.train_cue_accumulation][INFO] - 	 Starting Epoch:9 
[2024-07-17 12:08:16,768][src.cue_accumulation.train_cue_accumulation][INFO] - train epoch 009 loss 0.6858 accuracy 53.12
[2024-07-17 12:08:16,769][src.cue_accumulation.train_cue_accumulation][INFO] - 	 Starting Epoch:10 
[2024-07-17 12:08:18,100][src.cue_accumulation.train_cue_accumulation][INFO] - train epoch 010 loss 0.6779 accuracy 59.38
[2024-07-17 12:08:18,101][src.cue_accumulation.train_cue_accumulation][INFO] - 	 Starting Epoch:11 
[2024-07-17 12:08:19,432][src.cue_accumulation.train_cue_accumulation][INFO] - train epoch 011 loss 0.6940 accuracy 57.81
[2024-07-17 12:08:19,566][src.cue_accumulation.train_cue_accumulation][INFO] - 	 Starting Epoch:12 
[2024-07-17 12:08:20,900][src.cue_accumulation.train_cue_accumulation][INFO] - train epoch 012 loss 0.6898 accuracy 50.00
[2024-07-17 12:08:20,904][src.cue_accumulation.train_cue_accumulation][INFO] - 	 Starting Epoch:13 
[2024-07-17 12:08:22,240][src.cue_accumulation.train_cue_accumulation][INFO] - train epoch 013 loss 0.6992 accuracy 45.31
[2024-07-17 12:08:22,241][src.cue_accumulation.train_cue_accumulation][INFO] - 	 Starting Epoch:14 
[2024-07-17 12:08:23,576][src.cue_accumulation.train_cue_accumulation][INFO] - train epoch 014 loss 0.7092 accuracy 42.19
[2024-07-17 12:08:23,577][src.cue_accumulation.train_cue_accumulation][INFO] - 	 Starting Epoch:15 
[2024-07-17 12:08:24,912][src.cue_accumulation.train_cue_accumulation][INFO] - train epoch 015 loss 0.6851 accuracy 51.56
[2024-07-17 12:08:24,915][src.cue_accumulation.train_cue_accumulation][INFO] - 	 Starting Epoch:16 
[2024-07-17 12:08:26,251][src.cue_accumulation.train_cue_accumulation][INFO] - train epoch 016 loss 0.6913 accuracy 56.25
[2024-07-17 12:08:26,510][src.cue_accumulation.train_cue_accumulation][INFO] - 	 Starting Epoch:17 
[2024-07-17 12:08:27,851][src.cue_accumulation.train_cue_accumulation][INFO] - train epoch 017 loss 0.6737 accuracy 59.38
[2024-07-17 12:08:27,854][src.cue_accumulation.train_cue_accumulation][INFO] - 	 Starting Epoch:18 
[2024-07-17 12:08:29,200][src.cue_accumulation.train_cue_accumulation][INFO] - train epoch 018 loss 0.7034 accuracy 40.62
[2024-07-17 12:08:29,200][src.cue_accumulation.train_cue_accumulation][INFO] - 	 Starting Epoch:19 
[2024-07-17 12:08:30,538][src.cue_accumulation.train_cue_accumulation][INFO] - train epoch 019 loss 0.6854 accuracy 51.56
[2024-07-17 12:08:30,539][src.cue_accumulation.train_cue_accumulation][INFO] - 	 Starting Epoch:20 
[2024-07-17 12:08:31,847][src.cue_accumulation.train_cue_accumulation][INFO] - train epoch 020 loss 0.6594 accuracy 60.94
[2024-07-17 12:08:31,847][src.cue_accumulation.train_cue_accumulation][INFO] - 	 Starting Epoch:21 
[2024-07-17 12:08:33,135][src.cue_accumulation.train_cue_accumulation][INFO] - train epoch 021 loss 0.6815 accuracy 57.81
[2024-07-17 12:08:33,220][src.cue_accumulation.train_cue_accumulation][INFO] - 	 Starting Epoch:22 
[2024-07-17 12:08:34,506][src.cue_accumulation.train_cue_accumulation][INFO] - train epoch 022 loss 0.6734 accuracy 56.25
[2024-07-17 12:08:34,512][src.cue_accumulation.train_cue_accumulation][INFO] - 	 Starting Epoch:23 
[2024-07-17 12:08:35,786][src.cue_accumulation.train_cue_accumulation][INFO] - train epoch 023 loss 0.7125 accuracy 43.75
[2024-07-17 12:08:35,787][src.cue_accumulation.train_cue_accumulation][INFO] - 	 Starting Epoch:24 
[2024-07-17 12:08:37,060][src.cue_accumulation.train_cue_accumulation][INFO] - train epoch 024 loss 0.6600 accuracy 64.06
[2024-07-17 12:08:37,060][src.cue_accumulation.train_cue_accumulation][INFO] - 	 Starting Epoch:25 
[2024-07-17 12:08:38,339][src.cue_accumulation.train_cue_accumulation][INFO] - train epoch 025 loss 0.6696 accuracy 62.50
[2024-07-17 12:08:38,340][src.cue_accumulation.train_cue_accumulation][INFO] - 	 Starting Epoch:26 
[2024-07-17 12:08:39,618][src.cue_accumulation.train_cue_accumulation][INFO] - train epoch 026 loss 0.6557 accuracy 68.75
[2024-07-17 12:08:46,200][src.cue_accumulation.train_cue_accumulation][INFO] - eval  epoch 026 loss 0.6623 accuracy 63.67
[2024-07-17 12:08:46,205][src.cue_accumulation.train_cue_accumulation][INFO] - 	 Starting Epoch:27 
[2024-07-17 12:08:47,491][src.cue_accumulation.train_cue_accumulation][INFO] - train epoch 027 loss 0.6934 accuracy 59.38
[2024-07-17 12:08:47,492][src.cue_accumulation.train_cue_accumulation][INFO] - 	 Starting Epoch:28 
[2024-07-17 12:08:48,762][src.cue_accumulation.train_cue_accumulation][INFO] - train epoch 028 loss 0.6950 accuracy 45.31
[2024-07-17 12:08:48,763][src.cue_accumulation.train_cue_accumulation][INFO] - 	 Starting Epoch:29 
[2024-07-17 12:08:50,037][src.cue_accumulation.train_cue_accumulation][INFO] - train epoch 029 loss 0.6433 accuracy 70.31
[2024-07-17 12:08:50,038][src.cue_accumulation.train_cue_accumulation][INFO] - 	 Starting Epoch:30 
[2024-07-17 12:08:51,310][src.cue_accumulation.train_cue_accumulation][INFO] - train epoch 030 loss 0.6552 accuracy 62.50
[2024-07-17 12:08:51,311][src.cue_accumulation.train_cue_accumulation][INFO] - 	 Starting Epoch:31 
[2024-07-17 12:08:52,589][src.cue_accumulation.train_cue_accumulation][INFO] - train epoch 031 loss 0.6368 accuracy 68.75
[2024-07-17 12:08:53,211][src.cue_accumulation.train_cue_accumulation][INFO] - 	 Starting Epoch:32 
[2024-07-17 12:08:54,490][src.cue_accumulation.train_cue_accumulation][INFO] - train epoch 032 loss 0.6398 accuracy 68.75
[2024-07-17 12:08:54,491][src.cue_accumulation.train_cue_accumulation][INFO] - 	 Starting Epoch:33 
[2024-07-17 12:08:55,767][src.cue_accumulation.train_cue_accumulation][INFO] - train epoch 033 loss 0.6191 accuracy 70.31
[2024-07-17 12:08:55,771][src.cue_accumulation.train_cue_accumulation][INFO] - 	 Starting Epoch:34 
[2024-07-17 12:08:57,049][src.cue_accumulation.train_cue_accumulation][INFO] - train epoch 034 loss 0.6174 accuracy 76.56
[2024-07-17 12:08:57,050][src.cue_accumulation.train_cue_accumulation][INFO] - 	 Starting Epoch:35 
[2024-07-17 12:08:58,317][src.cue_accumulation.train_cue_accumulation][INFO] - train epoch 035 loss 0.6015 accuracy 73.44
[2024-07-17 12:08:58,318][src.cue_accumulation.train_cue_accumulation][INFO] - 	 Starting Epoch:36 
[2024-07-17 12:08:59,594][src.cue_accumulation.train_cue_accumulation][INFO] - train epoch 036 loss 0.6293 accuracy 62.50
[2024-07-17 12:08:59,800][src.cue_accumulation.train_cue_accumulation][INFO] - 	 Starting Epoch:37 
[2024-07-17 12:09:01,074][src.cue_accumulation.train_cue_accumulation][INFO] - train epoch 037 loss 0.5741 accuracy 73.44
[2024-07-17 12:09:01,075][src.cue_accumulation.train_cue_accumulation][INFO] - 	 Starting Epoch:38 
[2024-07-17 12:09:02,388][src.cue_accumulation.train_cue_accumulation][INFO] - train epoch 038 loss 0.5931 accuracy 75.00
[2024-07-17 12:09:02,389][src.cue_accumulation.train_cue_accumulation][INFO] - 	 Starting Epoch:39 
[2024-07-17 12:09:03,732][src.cue_accumulation.train_cue_accumulation][INFO] - train epoch 039 loss 0.5674 accuracy 76.56
[2024-07-17 12:09:03,733][src.cue_accumulation.train_cue_accumulation][INFO] - 	 Starting Epoch:40 
[2024-07-17 12:09:05,071][src.cue_accumulation.train_cue_accumulation][INFO] - train epoch 040 loss 0.5419 accuracy 79.69
[2024-07-17 12:09:05,075][src.cue_accumulation.train_cue_accumulation][INFO] - 	 Starting Epoch:41 
[2024-07-17 12:09:06,414][src.cue_accumulation.train_cue_accumulation][INFO] - train epoch 041 loss 0.5183 accuracy 78.12
[2024-07-17 12:09:06,852][src.cue_accumulation.train_cue_accumulation][INFO] - 	 Starting Epoch:42 
[2024-07-17 12:09:08,187][src.cue_accumulation.train_cue_accumulation][INFO] - train epoch 042 loss 0.5467 accuracy 78.12
[2024-07-17 12:09:08,187][src.cue_accumulation.train_cue_accumulation][INFO] - 	 Starting Epoch:43 
[2024-07-17 12:09:09,524][src.cue_accumulation.train_cue_accumulation][INFO] - train epoch 043 loss 0.5490 accuracy 75.00
[2024-07-17 12:09:09,525][src.cue_accumulation.train_cue_accumulation][INFO] - 	 Starting Epoch:44 
[2024-07-17 12:09:10,861][src.cue_accumulation.train_cue_accumulation][INFO] - train epoch 044 loss 0.4753 accuracy 81.25
[2024-07-17 12:09:10,862][src.cue_accumulation.train_cue_accumulation][INFO] - 	 Starting Epoch:45 
[2024-07-17 12:09:12,196][src.cue_accumulation.train_cue_accumulation][INFO] - train epoch 045 loss 0.4893 accuracy 76.56
[2024-07-17 12:09:12,197][src.cue_accumulation.train_cue_accumulation][INFO] - 	 Starting Epoch:46 
[2024-07-17 12:09:13,531][src.cue_accumulation.train_cue_accumulation][INFO] - train epoch 046 loss 0.4251 accuracy 85.94
[2024-07-17 12:09:13,704][src.cue_accumulation.train_cue_accumulation][INFO] - 	 Starting Epoch:47 
[2024-07-17 12:09:15,045][src.cue_accumulation.train_cue_accumulation][INFO] - train epoch 047 loss 0.4966 accuracy 78.12
[2024-07-17 12:09:15,049][src.cue_accumulation.train_cue_accumulation][INFO] - 	 Starting Epoch:48 
[2024-07-17 12:09:16,385][src.cue_accumulation.train_cue_accumulation][INFO] - train epoch 048 loss 0.4535 accuracy 78.12
[2024-07-17 12:09:16,385][src.cue_accumulation.train_cue_accumulation][INFO] - 	 Starting Epoch:49 
[2024-07-17 12:09:17,721][src.cue_accumulation.train_cue_accumulation][INFO] - train epoch 049 loss 0.4506 accuracy 79.69
[2024-07-17 12:09:17,722][src.cue_accumulation.train_cue_accumulation][INFO] - 	 Starting Epoch:50 
[2024-07-17 12:09:19,061][src.cue_accumulation.train_cue_accumulation][INFO] - train epoch 050 loss 0.4097 accuracy 87.50
[2024-07-17 12:09:19,062][src.cue_accumulation.train_cue_accumulation][INFO] - 	 Starting Epoch:51 
[2024-07-17 12:09:20,405][src.cue_accumulation.train_cue_accumulation][INFO] - train epoch 051 loss 0.4527 accuracy 79.69
[2024-07-17 12:09:25,874][src.cue_accumulation.train_cue_accumulation][INFO] - eval  epoch 051 loss 0.3958 accuracy 81.64
[2024-07-17 12:09:25,878][src.cue_accumulation.train_cue_accumulation][INFO] - 	 Starting Epoch:52 
[2024-07-17 12:09:27,218][src.cue_accumulation.train_cue_accumulation][INFO] - train epoch 052 loss 0.3545 accuracy 87.50
[2024-07-17 12:09:27,219][src.cue_accumulation.train_cue_accumulation][INFO] - 	 Starting Epoch:53 
[2024-07-17 12:09:28,564][src.cue_accumulation.train_cue_accumulation][INFO] - train epoch 053 loss 0.3532 accuracy 87.50
[2024-07-17 12:09:28,565][src.cue_accumulation.train_cue_accumulation][INFO] - 	 Starting Epoch:54 
[2024-07-17 12:09:29,904][src.cue_accumulation.train_cue_accumulation][INFO] - train epoch 054 loss 0.4686 accuracy 76.56
[2024-07-17 12:09:29,904][src.cue_accumulation.train_cue_accumulation][INFO] - 	 Starting Epoch:55 
[2024-07-17 12:09:31,238][src.cue_accumulation.train_cue_accumulation][INFO] - train epoch 055 loss 0.2799 accuracy 87.50
[2024-07-17 12:09:31,238][src.cue_accumulation.train_cue_accumulation][INFO] - 	 Starting Epoch:56 
[2024-07-17 12:09:32,520][src.cue_accumulation.train_cue_accumulation][INFO] - train epoch 056 loss 0.4181 accuracy 85.94
[2024-07-17 12:09:32,803][src.cue_accumulation.train_cue_accumulation][INFO] - 	 Starting Epoch:57 
[2024-07-17 12:09:34,090][src.cue_accumulation.train_cue_accumulation][INFO] - train epoch 057 loss 0.2803 accuracy 92.19
[2024-07-17 12:09:34,091][src.cue_accumulation.train_cue_accumulation][INFO] - 	 Starting Epoch:58 
[2024-07-17 12:09:35,373][src.cue_accumulation.train_cue_accumulation][INFO] - train epoch 058 loss 0.2607 accuracy 93.75
[2024-07-17 12:09:35,376][src.cue_accumulation.train_cue_accumulation][INFO] - 	 Starting Epoch:59 
[2024-07-17 12:09:36,653][src.cue_accumulation.train_cue_accumulation][INFO] - train epoch 059 loss 0.2956 accuracy 87.50
[2024-07-17 12:09:36,654][src.cue_accumulation.train_cue_accumulation][INFO] - 	 Starting Epoch:60 
[2024-07-17 12:09:37,931][src.cue_accumulation.train_cue_accumulation][INFO] - train epoch 060 loss 0.2699 accuracy 89.06
[2024-07-17 12:09:37,931][src.cue_accumulation.train_cue_accumulation][INFO] - 	 Starting Epoch:61 
[2024-07-17 12:09:39,210][src.cue_accumulation.train_cue_accumulation][INFO] - train epoch 061 loss 0.2620 accuracy 89.06
[2024-07-17 12:09:39,595][src.cue_accumulation.train_cue_accumulation][INFO] - 	 Starting Epoch:62 
[2024-07-17 12:09:40,874][src.cue_accumulation.train_cue_accumulation][INFO] - train epoch 062 loss 0.2581 accuracy 89.06
[2024-07-17 12:09:40,875][src.cue_accumulation.train_cue_accumulation][INFO] - 	 Starting Epoch:63 
[2024-07-17 12:09:42,162][src.cue_accumulation.train_cue_accumulation][INFO] - train epoch 063 loss 0.2210 accuracy 89.06
[2024-07-17 12:09:42,163][src.cue_accumulation.train_cue_accumulation][INFO] - 	 Starting Epoch:64 
[2024-07-17 12:09:43,443][src.cue_accumulation.train_cue_accumulation][INFO] - train epoch 064 loss 0.1644 accuracy 93.75
[2024-07-17 12:09:43,443][src.cue_accumulation.train_cue_accumulation][INFO] - 	 Starting Epoch:65 
[2024-07-17 12:09:44,724][src.cue_accumulation.train_cue_accumulation][INFO] - train epoch 065 loss 0.3158 accuracy 92.19
[2024-07-17 12:09:44,728][src.cue_accumulation.train_cue_accumulation][INFO] - 	 Starting Epoch:66 
[2024-07-17 12:09:46,013][src.cue_accumulation.train_cue_accumulation][INFO] - train epoch 066 loss 0.2323 accuracy 89.06
[2024-07-17 12:09:46,203][src.cue_accumulation.train_cue_accumulation][INFO] - 	 Starting Epoch:67 
[2024-07-17 12:09:47,487][src.cue_accumulation.train_cue_accumulation][INFO] - train epoch 067 loss 0.1683 accuracy 95.31
[2024-07-17 12:09:47,487][src.cue_accumulation.train_cue_accumulation][INFO] - 	 Starting Epoch:68 
[2024-07-17 12:09:48,763][src.cue_accumulation.train_cue_accumulation][INFO] - train epoch 068 loss 0.2139 accuracy 92.19
[2024-07-17 12:09:48,763][src.cue_accumulation.train_cue_accumulation][INFO] - 	 Starting Epoch:69 
[2024-07-17 12:09:50,050][src.cue_accumulation.train_cue_accumulation][INFO] - train epoch 069 loss 0.1436 accuracy 92.19
[2024-07-17 12:09:50,051][src.cue_accumulation.train_cue_accumulation][INFO] - 	 Starting Epoch:70 
[2024-07-17 12:09:51,335][src.cue_accumulation.train_cue_accumulation][INFO] - train epoch 070 loss 0.0668 accuracy 98.44
[2024-07-17 12:09:51,336][src.cue_accumulation.train_cue_accumulation][INFO] - 	 Starting Epoch:71 
[2024-07-17 12:09:52,612][src.cue_accumulation.train_cue_accumulation][INFO] - train epoch 071 loss 0.1408 accuracy 95.31
[2024-07-17 12:09:52,770][src.cue_accumulation.train_cue_accumulation][INFO] - 	 Starting Epoch:72 
[2024-07-17 12:09:54,053][src.cue_accumulation.train_cue_accumulation][INFO] - train epoch 072 loss 0.2584 accuracy 95.31
[2024-07-17 12:09:54,057][src.cue_accumulation.train_cue_accumulation][INFO] - 	 Starting Epoch:73 
[2024-07-17 12:09:55,337][src.cue_accumulation.train_cue_accumulation][INFO] - train epoch 073 loss 0.0362 accuracy 98.44
[2024-07-17 12:09:55,338][src.cue_accumulation.train_cue_accumulation][INFO] - 	 Starting Epoch:74 
[2024-07-17 12:09:56,607][src.cue_accumulation.train_cue_accumulation][INFO] - train epoch 074 loss 0.2915 accuracy 89.06
[2024-07-17 12:09:56,608][src.cue_accumulation.train_cue_accumulation][INFO] - 	 Starting Epoch:75 
[2024-07-17 12:09:57,887][src.cue_accumulation.train_cue_accumulation][INFO] - train epoch 075 loss 0.1069 accuracy 96.88
[2024-07-17 12:09:57,888][src.cue_accumulation.train_cue_accumulation][INFO] - 	 Starting Epoch:76 
[2024-07-17 12:09:59,160][src.cue_accumulation.train_cue_accumulation][INFO] - train epoch 076 loss 0.3016 accuracy 89.06
[2024-07-17 12:10:04,357][src.cue_accumulation.train_cue_accumulation][INFO] - eval  epoch 076 loss 0.2709 accuracy 89.45
[2024-07-17 12:10:04,375][src.cue_accumulation.train_cue_accumulation][INFO] - 	 Starting Epoch:77 
[2024-07-17 12:10:05,712][src.cue_accumulation.train_cue_accumulation][INFO] - train epoch 077 loss 0.2688 accuracy 93.75
[2024-07-17 12:10:05,713][src.cue_accumulation.train_cue_accumulation][INFO] - 	 Starting Epoch:78 
[2024-07-17 12:10:07,052][src.cue_accumulation.train_cue_accumulation][INFO] - train epoch 078 loss 0.2558 accuracy 92.19
[2024-07-17 12:10:07,054][src.cue_accumulation.train_cue_accumulation][INFO] - 	 Starting Epoch:79 
[2024-07-17 12:10:08,391][src.cue_accumulation.train_cue_accumulation][INFO] - train epoch 079 loss 0.2440 accuracy 93.75
[2024-07-17 12:10:08,392][src.cue_accumulation.train_cue_accumulation][INFO] - 	 Starting Epoch:80 
[2024-07-17 12:10:09,732][src.cue_accumulation.train_cue_accumulation][INFO] - train epoch 080 loss 0.2010 accuracy 90.62
[2024-07-17 12:10:09,732][src.cue_accumulation.train_cue_accumulation][INFO] - 	 Starting Epoch:81 
[2024-07-17 12:10:11,073][src.cue_accumulation.train_cue_accumulation][INFO] - train epoch 081 loss 0.2044 accuracy 95.31
[2024-07-17 12:10:13,486][src.cue_accumulation.train_cue_accumulation][INFO] - 	 Starting Epoch:82 
[2024-07-17 12:10:15,353][src.cue_accumulation.train_cue_accumulation][INFO] - train epoch 082 loss 0.2003 accuracy 92.19
[2024-07-17 12:10:15,354][src.cue_accumulation.train_cue_accumulation][INFO] - 	 Starting Epoch:83 
[2024-07-17 12:10:16,696][src.cue_accumulation.train_cue_accumulation][INFO] - train epoch 083 loss 0.2354 accuracy 93.75
[2024-07-17 12:10:16,700][src.cue_accumulation.train_cue_accumulation][INFO] - 	 Starting Epoch:84 
[2024-07-17 12:10:18,034][src.cue_accumulation.train_cue_accumulation][INFO] - train epoch 084 loss 0.2893 accuracy 89.06
[2024-07-17 12:10:18,035][src.cue_accumulation.train_cue_accumulation][INFO] - 	 Starting Epoch:85 
[2024-07-17 12:10:19,368][src.cue_accumulation.train_cue_accumulation][INFO] - train epoch 085 loss 0.1194 accuracy 96.88
[2024-07-17 12:10:19,368][src.cue_accumulation.train_cue_accumulation][INFO] - 	 Starting Epoch:86 
[2024-07-17 12:10:20,700][src.cue_accumulation.train_cue_accumulation][INFO] - train epoch 086 loss 0.1548 accuracy 90.62
[2024-07-17 12:10:21,527][src.cue_accumulation.train_cue_accumulation][INFO] - 	 Starting Epoch:87 
[2024-07-17 12:10:22,871][src.cue_accumulation.train_cue_accumulation][INFO] - train epoch 087 loss 0.1079 accuracy 95.31
[2024-07-17 12:10:22,872][src.cue_accumulation.train_cue_accumulation][INFO] - 	 Starting Epoch:88 
[2024-07-17 12:10:24,212][src.cue_accumulation.train_cue_accumulation][INFO] - train epoch 088 loss 0.0918 accuracy 96.88
[2024-07-17 12:10:24,213][src.cue_accumulation.train_cue_accumulation][INFO] - 	 Starting Epoch:89 
[2024-07-17 12:10:25,550][src.cue_accumulation.train_cue_accumulation][INFO] - train epoch 089 loss 0.1312 accuracy 96.88
[2024-07-17 12:10:25,551][src.cue_accumulation.train_cue_accumulation][INFO] - 	 Starting Epoch:90 
[2024-07-17 12:10:26,898][src.cue_accumulation.train_cue_accumulation][INFO] - train epoch 090 loss 0.1414 accuracy 93.75
[2024-07-17 12:10:26,901][src.cue_accumulation.train_cue_accumulation][INFO] - 	 Starting Epoch:91 
[2024-07-17 12:10:28,244][src.cue_accumulation.train_cue_accumulation][INFO] - train epoch 091 loss 0.1049 accuracy 95.31
[2024-07-17 12:10:28,399][src.cue_accumulation.train_cue_accumulation][INFO] - 	 Starting Epoch:92 
[2024-07-17 12:10:29,739][src.cue_accumulation.train_cue_accumulation][INFO] - train epoch 092 loss 0.1157 accuracy 96.88
[2024-07-17 12:10:29,740][src.cue_accumulation.train_cue_accumulation][INFO] - 	 Starting Epoch:93 
[2024-07-17 12:10:31,077][src.cue_accumulation.train_cue_accumulation][INFO] - train epoch 093 loss 0.5432 accuracy 87.50
[2024-07-17 12:10:31,078][src.cue_accumulation.train_cue_accumulation][INFO] - 	 Starting Epoch:94 
[2024-07-17 12:10:32,400][src.cue_accumulation.train_cue_accumulation][INFO] - train epoch 094 loss 0.1979 accuracy 93.75
[2024-07-17 12:10:32,401][src.cue_accumulation.train_cue_accumulation][INFO] - 	 Starting Epoch:95 
[2024-07-17 12:10:33,723][src.cue_accumulation.train_cue_accumulation][INFO] - train epoch 095 loss 0.2712 accuracy 90.62
[2024-07-17 12:10:33,724][src.cue_accumulation.train_cue_accumulation][INFO] - 	 Starting Epoch:96 
[2024-07-17 12:10:35,050][src.cue_accumulation.train_cue_accumulation][INFO] - train epoch 096 loss 0.2241 accuracy 93.75
[2024-07-17 12:10:35,152][src.cue_accumulation.train_cue_accumulation][INFO] - 	 Starting Epoch:97 
[2024-07-17 12:10:36,473][src.cue_accumulation.train_cue_accumulation][INFO] - train epoch 097 loss 0.1485 accuracy 93.75
[2024-07-17 12:10:36,476][src.cue_accumulation.train_cue_accumulation][INFO] - 	 Starting Epoch:98 
[2024-07-17 12:10:37,792][src.cue_accumulation.train_cue_accumulation][INFO] - train epoch 098 loss 0.2608 accuracy 93.75
[2024-07-17 12:10:37,794][src.cue_accumulation.train_cue_accumulation][INFO] - 	 Starting Epoch:99 
[2024-07-17 12:10:39,119][src.cue_accumulation.train_cue_accumulation][INFO] - train epoch 099 loss 0.2094 accuracy 95.31
[2024-07-17 12:10:39,120][src.cue_accumulation.train_cue_accumulation][INFO] - 	 Starting Epoch:100 
[2024-07-17 12:10:40,438][src.cue_accumulation.train_cue_accumulation][INFO] - train epoch 100 loss 0.2308 accuracy 90.62
[2024-07-17 12:10:40,439][src.cue_accumulation.train_cue_accumulation][INFO] - 	 Starting Epoch:101 
[2024-07-17 12:10:41,760][src.cue_accumulation.train_cue_accumulation][INFO] - train epoch 101 loss 0.1636 accuracy 93.75
[2024-07-17 12:10:47,098][src.cue_accumulation.train_cue_accumulation][INFO] - eval  epoch 101 loss 0.3127 accuracy 87.89
[2024-07-17 12:10:47,100][src.cue_accumulation.train_cue_accumulation][INFO] - 	 Starting Epoch:102 
[2024-07-17 12:10:48,422][src.cue_accumulation.train_cue_accumulation][INFO] - train epoch 102 loss 0.2828 accuracy 89.06
[2024-07-17 12:10:48,425][src.cue_accumulation.train_cue_accumulation][INFO] - 	 Starting Epoch:103 
[2024-07-17 12:10:49,746][src.cue_accumulation.train_cue_accumulation][INFO] - train epoch 103 loss 0.3598 accuracy 82.81
[2024-07-17 12:10:49,747][src.cue_accumulation.train_cue_accumulation][INFO] - 	 Starting Epoch:104 
[2024-07-17 12:10:51,067][src.cue_accumulation.train_cue_accumulation][INFO] - train epoch 104 loss 0.2492 accuracy 90.62
[2024-07-17 12:10:51,067][src.cue_accumulation.train_cue_accumulation][INFO] - 	 Starting Epoch:105 
[2024-07-17 12:10:52,381][src.cue_accumulation.train_cue_accumulation][INFO] - train epoch 105 loss 0.1740 accuracy 92.19
[2024-07-17 12:10:52,381][src.cue_accumulation.train_cue_accumulation][INFO] - 	 Starting Epoch:106 
[2024-07-17 12:10:53,703][src.cue_accumulation.train_cue_accumulation][INFO] - train epoch 106 loss 0.1884 accuracy 92.19
[2024-07-17 12:10:54,012][src.cue_accumulation.train_cue_accumulation][INFO] - 	 Starting Epoch:107 
[2024-07-17 12:10:55,330][src.cue_accumulation.train_cue_accumulation][INFO] - train epoch 107 loss 0.1602 accuracy 90.62
[2024-07-17 12:10:55,333][src.cue_accumulation.train_cue_accumulation][INFO] - 	 Starting Epoch:108 
[2024-07-17 12:10:56,658][src.cue_accumulation.train_cue_accumulation][INFO] - train epoch 108 loss 0.1711 accuracy 92.19
[2024-07-17 12:10:56,661][src.cue_accumulation.train_cue_accumulation][INFO] - 	 Starting Epoch:109 
[2024-07-17 12:10:57,987][src.cue_accumulation.train_cue_accumulation][INFO] - train epoch 109 loss 0.1672 accuracy 92.19
[2024-07-17 12:10:57,988][src.cue_accumulation.train_cue_accumulation][INFO] - 	 Starting Epoch:110 
[2024-07-17 12:10:59,324][src.cue_accumulation.train_cue_accumulation][INFO] - train epoch 110 loss 0.0713 accuracy 96.88
[2024-07-17 12:10:59,325][src.cue_accumulation.train_cue_accumulation][INFO] - 	 Starting Epoch:111 
[2024-07-17 12:11:00,664][src.cue_accumulation.train_cue_accumulation][INFO] - train epoch 111 loss 0.1010 accuracy 93.75
[2024-07-17 12:11:00,813][src.cue_accumulation.train_cue_accumulation][INFO] - 	 Starting Epoch:112 
[2024-07-17 12:11:02,187][src.cue_accumulation.train_cue_accumulation][INFO] - train epoch 112 loss 0.0696 accuracy 96.88
[2024-07-17 12:11:02,190][src.cue_accumulation.train_cue_accumulation][INFO] - 	 Starting Epoch:113 
[2024-07-17 12:11:03,531][src.cue_accumulation.train_cue_accumulation][INFO] - train epoch 113 loss 0.0949 accuracy 96.88
[2024-07-17 12:11:03,532][src.cue_accumulation.train_cue_accumulation][INFO] - 	 Starting Epoch:114 
[2024-07-17 12:11:04,871][src.cue_accumulation.train_cue_accumulation][INFO] - train epoch 114 loss 0.0691 accuracy 96.88
[2024-07-17 12:11:04,871][src.cue_accumulation.train_cue_accumulation][INFO] - 	 Starting Epoch:115 
[2024-07-17 12:11:06,213][src.cue_accumulation.train_cue_accumulation][INFO] - train epoch 115 loss 0.0712 accuracy 96.88
[2024-07-17 12:11:06,217][src.cue_accumulation.train_cue_accumulation][INFO] - 	 Starting Epoch:116 
[2024-07-17 12:11:07,557][src.cue_accumulation.train_cue_accumulation][INFO] - train epoch 116 loss 0.1432 accuracy 92.19
[2024-07-17 12:11:07,636][src.cue_accumulation.train_cue_accumulation][INFO] - 	 Starting Epoch:117 
[2024-07-17 12:11:08,978][src.cue_accumulation.train_cue_accumulation][INFO] - train epoch 117 loss 0.1227 accuracy 96.88
[2024-07-17 12:11:08,981][src.cue_accumulation.train_cue_accumulation][INFO] - 	 Starting Epoch:118 
[2024-07-17 12:11:10,320][src.cue_accumulation.train_cue_accumulation][INFO] - train epoch 118 loss 0.1307 accuracy 92.19
[2024-07-17 12:11:10,321][src.cue_accumulation.train_cue_accumulation][INFO] - 	 Starting Epoch:119 
[2024-07-17 12:11:11,665][src.cue_accumulation.train_cue_accumulation][INFO] - train epoch 119 loss 0.2607 accuracy 93.75
[2024-07-17 12:11:11,666][src.cue_accumulation.train_cue_accumulation][INFO] - 	 Starting Epoch:120 
[2024-07-17 12:11:13,008][src.cue_accumulation.train_cue_accumulation][INFO] - train epoch 120 loss 0.1585 accuracy 95.31
[2024-07-17 12:11:13,009][src.cue_accumulation.train_cue_accumulation][INFO] - 	 Starting Epoch:121 
[2024-07-17 12:11:14,350][src.cue_accumulation.train_cue_accumulation][INFO] - train epoch 121 loss 0.1231 accuracy 95.31
[2024-07-17 12:11:14,546][src.cue_accumulation.train_cue_accumulation][INFO] - 	 Starting Epoch:122 
[2024-07-17 12:11:15,899][src.cue_accumulation.train_cue_accumulation][INFO] - train epoch 122 loss 0.3257 accuracy 89.06
[2024-07-17 12:11:15,906][src.cue_accumulation.train_cue_accumulation][INFO] - 	 Starting Epoch:123 
[2024-07-17 12:11:17,247][src.cue_accumulation.train_cue_accumulation][INFO] - train epoch 123 loss 0.1559 accuracy 93.75
[2024-07-17 12:11:17,247][src.cue_accumulation.train_cue_accumulation][INFO] - 	 Starting Epoch:124 
[2024-07-17 12:11:18,587][src.cue_accumulation.train_cue_accumulation][INFO] - train epoch 124 loss 0.1764 accuracy 96.88
[2024-07-17 12:11:18,588][src.cue_accumulation.train_cue_accumulation][INFO] - 	 Starting Epoch:125 
[2024-07-17 12:11:19,929][src.cue_accumulation.train_cue_accumulation][INFO] - train epoch 125 loss 0.0750 accuracy 96.88
[2024-07-17 12:11:19,930][src.cue_accumulation.train_cue_accumulation][INFO] - 	 Starting Epoch:126 
[2024-07-17 12:11:21,272][src.cue_accumulation.train_cue_accumulation][INFO] - train epoch 126 loss 0.1757 accuracy 92.19
[2024-07-17 12:11:26,735][src.cue_accumulation.train_cue_accumulation][INFO] - eval  epoch 126 loss 0.1846 accuracy 92.38
[2024-07-17 12:11:32,745][src.cue_accumulation.train_cue_accumulation][INFO] - eval  epoch 126 loss 0.1265 accuracy 95.12
[2024-07-17 12:11:38,890][src.cue_accumulation.train_cue_accumulation][INFO] - eval  epoch 126 loss 0.1729 accuracy 92.77
[2024-07-17 12:11:44,815][src.cue_accumulation.train_cue_accumulation][INFO] - eval  epoch 126 loss 0.1534 accuracy 93.75
[2024-07-17 12:11:44,819][src.cue_accumulation.train_cue_accumulation][INFO] - Met early stopping criteria, breaking at epoch 126
[2024-07-17 12:11:50,468][src.cue_accumulation.train_cue_accumulation][INFO] - firing rate eval set  average 17.0 max 44.7 min 0.0
