[2024-07-23 14:04:41,366][src.train.train_pattern_generation][INFO] - Starting training...
[2024-07-23 14:04:41,369][src.train.train_pattern_generation][INFO] - 	 Starting Epoch:1 
[2024-07-23 14:04:44,398][src.train.train_pattern_generation][INFO] - train epoch 001 MSE 5.6116 NMSE 134.270
[2024-07-23 14:04:45,511][src.train.train_pattern_generation][INFO] - eval  epoch 001 MSE 1.5150 nMSE 36.25
[2024-07-23 14:04:45,512][src.train.train_pattern_generation][INFO] - 	 Starting Epoch:2 
[2024-07-23 14:04:46,665][src.train.train_pattern_generation][INFO] - train epoch 002 MSE 1.1466 NMSE 27.435
[2024-07-23 14:04:46,665][src.train.train_pattern_generation][INFO] - 	 Starting Epoch:3 
[2024-07-23 14:04:47,817][src.train.train_pattern_generation][INFO] - train epoch 003 MSE 0.9469 NMSE 22.655
[2024-07-23 14:04:47,818][src.train.train_pattern_generation][INFO] - 	 Starting Epoch:4 
[2024-07-23 14:04:48,970][src.train.train_pattern_generation][INFO] - train epoch 004 MSE 0.8889 NMSE 21.268
[2024-07-23 14:04:48,971][src.train.train_pattern_generation][INFO] - 	 Starting Epoch:5 
[2024-07-23 14:04:50,123][src.train.train_pattern_generation][INFO] - train epoch 005 MSE 0.5690 NMSE 13.615
[2024-07-23 14:04:50,124][src.train.train_pattern_generation][INFO] - 	 Starting Epoch:6 
[2024-07-23 14:04:51,276][src.train.train_pattern_generation][INFO] - train epoch 006 MSE 0.5841 NMSE 13.977
[2024-07-23 14:04:51,373][src.train.train_pattern_generation][INFO] - 	 Starting Epoch:7 
[2024-07-23 14:04:52,524][src.train.train_pattern_generation][INFO] - train epoch 007 MSE 0.6609 NMSE 15.813
[2024-07-23 14:04:52,525][src.train.train_pattern_generation][INFO] - 	 Starting Epoch:8 
[2024-07-23 14:04:53,676][src.train.train_pattern_generation][INFO] - train epoch 008 MSE 0.3944 NMSE 9.436
[2024-07-23 14:04:53,677][src.train.train_pattern_generation][INFO] - 	 Starting Epoch:9 
[2024-07-23 14:04:54,826][src.train.train_pattern_generation][INFO] - train epoch 009 MSE 0.4323 NMSE 10.343
[2024-07-23 14:04:54,827][src.train.train_pattern_generation][INFO] - 	 Starting Epoch:10 
[2024-07-23 14:04:55,976][src.train.train_pattern_generation][INFO] - train epoch 010 MSE 0.5451 NMSE 13.043
[2024-07-23 14:04:55,977][src.train.train_pattern_generation][INFO] - 	 Starting Epoch:11 
[2024-07-23 14:04:57,128][src.train.train_pattern_generation][INFO] - train epoch 011 MSE 0.4308 NMSE 10.309
[2024-07-23 14:04:57,129][src.train.train_pattern_generation][INFO] - 	 Starting Epoch:12 
[2024-07-23 14:04:58,281][src.train.train_pattern_generation][INFO] - train epoch 012 MSE 0.3244 NMSE 7.763
[2024-07-23 14:04:58,597][src.train.train_pattern_generation][INFO] - 	 Starting Epoch:13 
[2024-07-23 14:04:59,750][src.train.train_pattern_generation][INFO] - train epoch 013 MSE 0.3468 NMSE 8.298
[2024-07-23 14:04:59,751][src.train.train_pattern_generation][INFO] - 	 Starting Epoch:14 
[2024-07-23 14:05:00,903][src.train.train_pattern_generation][INFO] - train epoch 014 MSE 0.3792 NMSE 9.073
[2024-07-23 14:05:00,904][src.train.train_pattern_generation][INFO] - 	 Starting Epoch:15 
[2024-07-23 14:05:02,054][src.train.train_pattern_generation][INFO] - train epoch 015 MSE 0.3158 NMSE 7.555
[2024-07-23 14:05:02,055][src.train.train_pattern_generation][INFO] - 	 Starting Epoch:16 
[2024-07-23 14:05:03,207][src.train.train_pattern_generation][INFO] - train epoch 016 MSE 0.2586 NMSE 6.187
[2024-07-23 14:05:03,208][src.train.train_pattern_generation][INFO] - 	 Starting Epoch:17 
[2024-07-23 14:05:04,359][src.train.train_pattern_generation][INFO] - train epoch 017 MSE 0.2304 NMSE 5.513
[2024-07-23 14:05:04,360][src.train.train_pattern_generation][INFO] - 	 Starting Epoch:18 
[2024-07-23 14:05:05,512][src.train.train_pattern_generation][INFO] - train epoch 018 MSE 0.2827 NMSE 6.765
[2024-07-23 14:05:05,680][src.train.train_pattern_generation][INFO] - 	 Starting Epoch:19 
[2024-07-23 14:05:06,833][src.train.train_pattern_generation][INFO] - train epoch 019 MSE 0.2419 NMSE 5.788
[2024-07-23 14:05:06,834][src.train.train_pattern_generation][INFO] - 	 Starting Epoch:20 
[2024-07-23 14:05:07,985][src.train.train_pattern_generation][INFO] - train epoch 020 MSE 0.2020 NMSE 4.833
[2024-07-23 14:05:07,986][src.train.train_pattern_generation][INFO] - 	 Starting Epoch:21 
[2024-07-23 14:05:09,138][src.train.train_pattern_generation][INFO] - train epoch 021 MSE 0.2053 NMSE 4.913
[2024-07-23 14:05:09,139][src.train.train_pattern_generation][INFO] - 	 Starting Epoch:22 
[2024-07-23 14:05:10,290][src.train.train_pattern_generation][INFO] - train epoch 022 MSE 0.2577 NMSE 6.165
[2024-07-23 14:05:10,291][src.train.train_pattern_generation][INFO] - 	 Starting Epoch:23 
[2024-07-23 14:05:11,443][src.train.train_pattern_generation][INFO] - train epoch 023 MSE 0.2475 NMSE 5.921
[2024-07-23 14:05:11,444][src.train.train_pattern_generation][INFO] - 	 Starting Epoch:24 
[2024-07-23 14:05:12,594][src.train.train_pattern_generation][INFO] - train epoch 024 MSE 0.1816 NMSE 4.345
[2024-07-23 14:05:12,967][src.train.train_pattern_generation][INFO] - 	 Starting Epoch:25 
[2024-07-23 14:05:14,120][src.train.train_pattern_generation][INFO] - train epoch 025 MSE 0.1734 NMSE 4.149
[2024-07-23 14:05:14,121][src.train.train_pattern_generation][INFO] - 	 Starting Epoch:26 
[2024-07-23 14:05:15,271][src.train.train_pattern_generation][INFO] - train epoch 026 MSE 0.1817 NMSE 4.347
[2024-07-23 14:05:15,645][src.train.train_pattern_generation][INFO] - eval  epoch 026 MSE 0.2096 nMSE 5.01
[2024-07-23 14:05:15,646][src.train.train_pattern_generation][INFO] - 	 Starting Epoch:27 
[2024-07-23 14:05:16,800][src.train.train_pattern_generation][INFO] - train epoch 027 MSE 0.2080 NMSE 4.978
[2024-07-23 14:05:16,800][src.train.train_pattern_generation][INFO] - 	 Starting Epoch:28 
[2024-07-23 14:05:17,952][src.train.train_pattern_generation][INFO] - train epoch 028 MSE 0.1875 NMSE 4.487
[2024-07-23 14:05:17,953][src.train.train_pattern_generation][INFO] - 	 Starting Epoch:29 
[2024-07-23 14:05:19,106][src.train.train_pattern_generation][INFO] - train epoch 029 MSE 0.1717 NMSE 4.108
[2024-07-23 14:05:19,473][src.train.train_pattern_generation][INFO] - 	 Starting Epoch:30 
[2024-07-23 14:05:20,626][src.train.train_pattern_generation][INFO] - train epoch 030 MSE 0.1280 NMSE 3.063
[2024-07-23 14:05:20,626][src.train.train_pattern_generation][INFO] - 	 Starting Epoch:31 
[2024-07-23 14:05:21,779][src.train.train_pattern_generation][INFO] - train epoch 031 MSE 0.1138 NMSE 2.723
[2024-07-23 14:05:21,780][src.train.train_pattern_generation][INFO] - 	 Starting Epoch:32 
[2024-07-23 14:05:22,932][src.train.train_pattern_generation][INFO] - train epoch 032 MSE 0.1257 NMSE 3.008
[2024-07-23 14:05:22,933][src.train.train_pattern_generation][INFO] - 	 Starting Epoch:33 
[2024-07-23 14:05:24,083][src.train.train_pattern_generation][INFO] - train epoch 033 MSE 0.1199 NMSE 2.869
[2024-07-23 14:05:24,084][src.train.train_pattern_generation][INFO] - 	 Starting Epoch:34 
[2024-07-23 14:05:25,235][src.train.train_pattern_generation][INFO] - train epoch 034 MSE 0.0951 NMSE 2.275
[2024-07-23 14:05:25,235][src.train.train_pattern_generation][INFO] - 	 Starting Epoch:35 
[2024-07-23 14:05:26,388][src.train.train_pattern_generation][INFO] - train epoch 035 MSE 0.1872 NMSE 4.480
[2024-07-23 14:05:27,327][src.train.train_pattern_generation][INFO] - 	 Starting Epoch:36 
[2024-07-23 14:05:42,739][src.train.train_pattern_generation][INFO] - train epoch 036 MSE 0.1101 NMSE 2.635
[2024-07-23 14:05:43,022][src.train.train_pattern_generation][INFO] - 	 Starting Epoch:37 
[2024-07-23 14:05:44,175][src.train.train_pattern_generation][INFO] - train epoch 037 MSE 0.1011 NMSE 2.420
[2024-07-23 14:05:44,176][src.train.train_pattern_generation][INFO] - 	 Starting Epoch:38 
[2024-07-23 14:05:45,327][src.train.train_pattern_generation][INFO] - train epoch 038 MSE 0.1037 NMSE 2.481
[2024-07-23 14:05:45,328][src.train.train_pattern_generation][INFO] - 	 Starting Epoch:39 
[2024-07-23 14:05:46,480][src.train.train_pattern_generation][INFO] - train epoch 039 MSE 0.1001 NMSE 2.395
[2024-07-23 14:05:46,481][src.train.train_pattern_generation][INFO] - 	 Starting Epoch:40 
[2024-07-23 14:05:47,632][src.train.train_pattern_generation][INFO] - train epoch 040 MSE 0.0749 NMSE 1.791
[2024-07-23 14:05:47,635][src.train.train_pattern_generation][INFO] - 	 Starting Epoch:41 
[2024-07-23 14:05:48,787][src.train.train_pattern_generation][INFO] - train epoch 041 MSE 0.0653 NMSE 1.563
[2024-07-23 14:05:48,788][src.train.train_pattern_generation][INFO] - 	 Starting Epoch:42 
[2024-07-23 14:05:49,941][src.train.train_pattern_generation][INFO] - train epoch 042 MSE 0.0692 NMSE 1.656
[2024-07-23 14:05:52,706][src.train.train_pattern_generation][INFO] - 	 Starting Epoch:43 
[2024-07-23 14:05:53,886][src.train.train_pattern_generation][INFO] - train epoch 043 MSE 0.0700 NMSE 1.675
[2024-07-23 14:05:53,892][src.train.train_pattern_generation][INFO] - 	 Starting Epoch:44 
[2024-07-23 14:05:55,044][src.train.train_pattern_generation][INFO] - train epoch 044 MSE 0.0723 NMSE 1.729
[2024-07-23 14:05:55,045][src.train.train_pattern_generation][INFO] - 	 Starting Epoch:45 
[2024-07-23 14:05:56,198][src.train.train_pattern_generation][INFO] - train epoch 045 MSE 0.0765 NMSE 1.830
[2024-07-23 14:05:56,198][src.train.train_pattern_generation][INFO] - 	 Starting Epoch:46 
[2024-07-23 14:05:57,350][src.train.train_pattern_generation][INFO] - train epoch 046 MSE 0.0644 NMSE 1.540
[2024-07-23 14:05:57,351][src.train.train_pattern_generation][INFO] - 	 Starting Epoch:47 
[2024-07-23 14:05:58,502][src.train.train_pattern_generation][INFO] - train epoch 047 MSE 0.0629 NMSE 1.505
[2024-07-23 14:05:58,502][src.train.train_pattern_generation][INFO] - 	 Starting Epoch:48 
[2024-07-23 14:05:59,653][src.train.train_pattern_generation][INFO] - train epoch 048 MSE 0.0714 NMSE 1.709
[2024-07-23 14:06:01,383][src.train.train_pattern_generation][INFO] - 	 Starting Epoch:49 
[2024-07-23 14:06:02,559][src.train.train_pattern_generation][INFO] - train epoch 049 MSE 0.0963 NMSE 2.303
[2024-07-23 14:06:02,559][src.train.train_pattern_generation][INFO] - 	 Starting Epoch:50 
[2024-07-23 14:06:03,711][src.train.train_pattern_generation][INFO] - train epoch 050 MSE 0.0771 NMSE 1.845
[2024-07-23 14:06:06,397][src.train.train_pattern_generation][INFO] - firing rate eval set  average 137.3 max 335.0 min 0.0
[2024-07-23 14:09:00,105][src.train.train_pattern_generation][INFO] - Starting training...
[2024-07-23 14:09:00,108][src.train.train_pattern_generation][INFO] - 	 Starting Epoch:1 
[2024-07-23 14:09:02,611][src.train.train_pattern_generation][INFO] - train epoch 001 MSE 5.8293 NMSE 139.478
[2024-07-23 14:09:03,337][src.train.train_pattern_generation][INFO] - eval  epoch 001 MSE 1.5566 nMSE 37.24
[2024-07-23 14:09:03,338][src.train.train_pattern_generation][INFO] - 	 Starting Epoch:2 
[2024-07-23 14:09:04,489][src.train.train_pattern_generation][INFO] - train epoch 002 MSE 1.2020 NMSE 28.761
[2024-07-23 14:09:04,490][src.train.train_pattern_generation][INFO] - 	 Starting Epoch:3 
[2024-07-23 14:09:05,638][src.train.train_pattern_generation][INFO] - train epoch 003 MSE 0.6661 NMSE 15.937
[2024-07-23 14:09:05,639][src.train.train_pattern_generation][INFO] - 	 Starting Epoch:4 
[2024-07-23 14:09:06,787][src.train.train_pattern_generation][INFO] - train epoch 004 MSE 0.5801 NMSE 13.881
[2024-07-23 14:09:06,788][src.train.train_pattern_generation][INFO] - 	 Starting Epoch:5 
[2024-07-23 14:09:07,936][src.train.train_pattern_generation][INFO] - train epoch 005 MSE 0.5649 NMSE 13.517
[2024-07-23 14:09:07,937][src.train.train_pattern_generation][INFO] - 	 Starting Epoch:6 
[2024-07-23 14:09:09,085][src.train.train_pattern_generation][INFO] - train epoch 006 MSE 0.5359 NMSE 12.821
[2024-07-23 14:09:09,330][src.train.train_pattern_generation][INFO] - 	 Starting Epoch:7 
[2024-07-23 14:09:10,479][src.train.train_pattern_generation][INFO] - train epoch 007 MSE 0.7483 NMSE 17.904
[2024-07-23 14:09:10,480][src.train.train_pattern_generation][INFO] - 	 Starting Epoch:8 
[2024-07-23 14:09:11,629][src.train.train_pattern_generation][INFO] - train epoch 008 MSE 0.4770 NMSE 11.414
[2024-07-23 14:09:11,630][src.train.train_pattern_generation][INFO] - 	 Starting Epoch:9 
[2024-07-23 14:09:12,776][src.train.train_pattern_generation][INFO] - train epoch 009 MSE 0.4300 NMSE 10.288
[2024-07-23 14:09:12,776][src.train.train_pattern_generation][INFO] - 	 Starting Epoch:10 
[2024-07-23 14:09:13,923][src.train.train_pattern_generation][INFO] - train epoch 010 MSE 0.5382 NMSE 12.876
[2024-07-23 14:09:13,924][src.train.train_pattern_generation][INFO] - 	 Starting Epoch:11 
[2024-07-23 14:09:15,072][src.train.train_pattern_generation][INFO] - train epoch 011 MSE 0.4790 NMSE 11.460
[2024-07-23 14:09:15,073][src.train.train_pattern_generation][INFO] - 	 Starting Epoch:12 
[2024-07-23 14:09:16,222][src.train.train_pattern_generation][INFO] - train epoch 012 MSE 0.4082 NMSE 9.766
[2024-07-23 14:09:16,549][src.train.train_pattern_generation][INFO] - 	 Starting Epoch:13 
[2024-07-23 14:09:17,699][src.train.train_pattern_generation][INFO] - train epoch 013 MSE 0.3678 NMSE 8.801
[2024-07-23 14:09:17,700][src.train.train_pattern_generation][INFO] - 	 Starting Epoch:14 
[2024-07-23 14:09:18,850][src.train.train_pattern_generation][INFO] - train epoch 014 MSE 0.4172 NMSE 9.983
[2024-07-23 14:09:18,850][src.train.train_pattern_generation][INFO] - 	 Starting Epoch:15 
[2024-07-23 14:09:19,998][src.train.train_pattern_generation][INFO] - train epoch 015 MSE 0.3931 NMSE 9.405
[2024-07-23 14:09:19,999][src.train.train_pattern_generation][INFO] - 	 Starting Epoch:16 
[2024-07-23 14:09:21,147][src.train.train_pattern_generation][INFO] - train epoch 016 MSE 0.3614 NMSE 8.648
[2024-07-23 14:09:21,148][src.train.train_pattern_generation][INFO] - 	 Starting Epoch:17 
[2024-07-23 14:09:22,296][src.train.train_pattern_generation][INFO] - train epoch 017 MSE 0.4089 NMSE 9.785
[2024-07-23 14:09:22,297][src.train.train_pattern_generation][INFO] - 	 Starting Epoch:18 
[2024-07-23 14:09:23,446][src.train.train_pattern_generation][INFO] - train epoch 018 MSE 0.2509 NMSE 6.004
[2024-07-23 14:09:23,694][src.train.train_pattern_generation][INFO] - 	 Starting Epoch:19 
[2024-07-23 14:09:24,844][src.train.train_pattern_generation][INFO] - train epoch 019 MSE 0.2145 NMSE 5.132
[2024-07-23 14:09:24,845][src.train.train_pattern_generation][INFO] - 	 Starting Epoch:20 
[2024-07-23 14:09:25,992][src.train.train_pattern_generation][INFO] - train epoch 020 MSE 0.1632 NMSE 3.905
[2024-07-23 14:09:25,993][src.train.train_pattern_generation][INFO] - 	 Starting Epoch:21 
[2024-07-23 14:09:27,142][src.train.train_pattern_generation][INFO] - train epoch 021 MSE 0.1751 NMSE 4.189
[2024-07-23 14:09:27,143][src.train.train_pattern_generation][INFO] - 	 Starting Epoch:22 
[2024-07-23 14:09:28,289][src.train.train_pattern_generation][INFO] - train epoch 022 MSE 0.1898 NMSE 4.541
[2024-07-23 14:09:28,290][src.train.train_pattern_generation][INFO] - 	 Starting Epoch:23 
[2024-07-23 14:09:29,438][src.train.train_pattern_generation][INFO] - train epoch 023 MSE 0.2156 NMSE 5.158
[2024-07-23 14:09:29,438][src.train.train_pattern_generation][INFO] - 	 Starting Epoch:24 
[2024-07-23 14:09:30,586][src.train.train_pattern_generation][INFO] - train epoch 024 MSE 0.1551 NMSE 3.712
[2024-07-23 14:09:30,598][src.train.train_pattern_generation][INFO] - 	 Starting Epoch:25 
[2024-07-23 14:09:31,746][src.train.train_pattern_generation][INFO] - train epoch 025 MSE 0.1513 NMSE 3.619
[2024-07-23 14:09:31,747][src.train.train_pattern_generation][INFO] - 	 Starting Epoch:26 
[2024-07-23 14:09:32,894][src.train.train_pattern_generation][INFO] - train epoch 026 MSE 0.1711 NMSE 4.094
[2024-07-23 14:09:33,316][src.train.train_pattern_generation][INFO] - eval  epoch 026 MSE 0.1108 nMSE 2.65
[2024-07-23 14:09:33,317][src.train.train_pattern_generation][INFO] - 	 Starting Epoch:27 
[2024-07-23 14:09:34,466][src.train.train_pattern_generation][INFO] - train epoch 027 MSE 0.1386 NMSE 3.317
[2024-07-23 14:09:34,467][src.train.train_pattern_generation][INFO] - 	 Starting Epoch:28 
[2024-07-23 14:09:35,616][src.train.train_pattern_generation][INFO] - train epoch 028 MSE 0.1603 NMSE 3.837
[2024-07-23 14:09:35,616][src.train.train_pattern_generation][INFO] - 	 Starting Epoch:29 
[2024-07-23 14:09:36,765][src.train.train_pattern_generation][INFO] - train epoch 029 MSE 0.1222 NMSE 2.924
[2024-07-23 14:09:37,038][src.train.train_pattern_generation][INFO] - 	 Starting Epoch:30 
[2024-07-23 14:09:38,187][src.train.train_pattern_generation][INFO] - train epoch 030 MSE 0.1110 NMSE 2.657
[2024-07-23 14:09:38,188][src.train.train_pattern_generation][INFO] - 	 Starting Epoch:31 
[2024-07-23 14:09:39,336][src.train.train_pattern_generation][INFO] - train epoch 031 MSE 0.1081 NMSE 2.586
[2024-07-23 14:09:39,337][src.train.train_pattern_generation][INFO] - 	 Starting Epoch:32 
[2024-07-23 14:09:40,484][src.train.train_pattern_generation][INFO] - train epoch 032 MSE 0.1527 NMSE 3.654
[2024-07-23 14:09:40,485][src.train.train_pattern_generation][INFO] - 	 Starting Epoch:33 
[2024-07-23 14:09:41,631][src.train.train_pattern_generation][INFO] - train epoch 033 MSE 0.1326 NMSE 3.174
[2024-07-23 14:09:41,632][src.train.train_pattern_generation][INFO] - 	 Starting Epoch:34 
[2024-07-23 14:09:42,779][src.train.train_pattern_generation][INFO] - train epoch 034 MSE 0.1596 NMSE 3.818
[2024-07-23 14:09:42,780][src.train.train_pattern_generation][INFO] - 	 Starting Epoch:35 
[2024-07-23 14:09:43,928][src.train.train_pattern_generation][INFO] - train epoch 035 MSE 0.1076 NMSE 2.574
[2024-07-23 14:09:43,937][src.train.train_pattern_generation][INFO] - 	 Starting Epoch:36 
[2024-07-23 14:09:45,086][src.train.train_pattern_generation][INFO] - train epoch 036 MSE 0.0930 NMSE 2.226
[2024-07-23 14:09:45,087][src.train.train_pattern_generation][INFO] - 	 Starting Epoch:37 
[2024-07-23 14:09:46,236][src.train.train_pattern_generation][INFO] - train epoch 037 MSE 0.1003 NMSE 2.399
[2024-07-23 14:09:46,236][src.train.train_pattern_generation][INFO] - 	 Starting Epoch:38 
[2024-07-23 14:09:47,384][src.train.train_pattern_generation][INFO] - train epoch 038 MSE 0.1089 NMSE 2.607
[2024-07-23 14:09:47,384][src.train.train_pattern_generation][INFO] - 	 Starting Epoch:39 
[2024-07-23 14:09:48,532][src.train.train_pattern_generation][INFO] - train epoch 039 MSE 0.0764 NMSE 1.829
[2024-07-23 14:09:48,533][src.train.train_pattern_generation][INFO] - 	 Starting Epoch:40 
[2024-07-23 14:09:49,680][src.train.train_pattern_generation][INFO] - train epoch 040 MSE 0.0947 NMSE 2.265
[2024-07-23 14:09:49,681][src.train.train_pattern_generation][INFO] - 	 Starting Epoch:41 
[2024-07-23 14:09:50,829][src.train.train_pattern_generation][INFO] - train epoch 041 MSE 0.0865 NMSE 2.071
[2024-07-23 14:09:51,271][src.train.train_pattern_generation][INFO] - 	 Starting Epoch:42 
[2024-07-23 14:09:52,421][src.train.train_pattern_generation][INFO] - train epoch 042 MSE 0.0814 NMSE 1.949
[2024-07-23 14:09:52,422][src.train.train_pattern_generation][INFO] - 	 Starting Epoch:43 
[2024-07-23 14:09:53,570][src.train.train_pattern_generation][INFO] - train epoch 043 MSE 0.0750 NMSE 1.795
[2024-07-23 14:09:53,571][src.train.train_pattern_generation][INFO] - 	 Starting Epoch:44 
[2024-07-23 14:09:54,719][src.train.train_pattern_generation][INFO] - train epoch 044 MSE 0.0844 NMSE 2.020
[2024-07-23 14:09:54,719][src.train.train_pattern_generation][INFO] - 	 Starting Epoch:45 
[2024-07-23 14:09:55,867][src.train.train_pattern_generation][INFO] - train epoch 045 MSE 0.0872 NMSE 2.087
[2024-07-23 14:09:55,868][src.train.train_pattern_generation][INFO] - 	 Starting Epoch:46 
[2024-07-23 14:09:57,016][src.train.train_pattern_generation][INFO] - train epoch 046 MSE 0.0663 NMSE 1.586
[2024-07-23 14:09:57,017][src.train.train_pattern_generation][INFO] - 	 Starting Epoch:47 
[2024-07-23 14:09:58,166][src.train.train_pattern_generation][INFO] - train epoch 047 MSE 0.0896 NMSE 2.144
[2024-07-23 14:09:58,216][src.train.train_pattern_generation][INFO] - 	 Starting Epoch:48 
[2024-07-23 14:09:59,365][src.train.train_pattern_generation][INFO] - train epoch 048 MSE 0.0722 NMSE 1.727
[2024-07-23 14:09:59,365][src.train.train_pattern_generation][INFO] - 	 Starting Epoch:49 
[2024-07-23 14:10:00,513][src.train.train_pattern_generation][INFO] - train epoch 049 MSE 0.0723 NMSE 1.730
[2024-07-23 14:10:00,514][src.train.train_pattern_generation][INFO] - 	 Starting Epoch:50 
[2024-07-23 14:10:01,662][src.train.train_pattern_generation][INFO] - train epoch 050 MSE 0.0619 NMSE 1.482
[2024-07-23 14:10:01,663][src.train.train_pattern_generation][INFO] - 	 Starting Epoch:51 
[2024-07-23 14:10:02,810][src.train.train_pattern_generation][INFO] - train epoch 051 MSE 0.0667 NMSE 1.597
[2024-07-23 14:10:03,259][src.train.train_pattern_generation][INFO] - eval  epoch 051 MSE 0.0613 nMSE 1.47
[2024-07-23 14:10:03,260][src.train.train_pattern_generation][INFO] - 	 Starting Epoch:52 
[2024-07-23 14:10:04,408][src.train.train_pattern_generation][INFO] - train epoch 052 MSE 0.0674 NMSE 1.613
[2024-07-23 14:10:04,668][src.train.train_pattern_generation][INFO] - 	 Starting Epoch:53 
[2024-07-23 14:10:05,819][src.train.train_pattern_generation][INFO] - train epoch 053 MSE 0.0647 NMSE 1.549
[2024-07-23 14:10:05,820][src.train.train_pattern_generation][INFO] - 	 Starting Epoch:54 
[2024-07-23 14:10:06,968][src.train.train_pattern_generation][INFO] - train epoch 054 MSE 0.0610 NMSE 1.459
[2024-07-23 14:10:06,969][src.train.train_pattern_generation][INFO] - 	 Starting Epoch:55 
[2024-07-23 14:10:08,117][src.train.train_pattern_generation][INFO] - train epoch 055 MSE 0.0578 NMSE 1.384
[2024-07-23 14:10:08,118][src.train.train_pattern_generation][INFO] - 	 Starting Epoch:56 
[2024-07-23 14:10:09,266][src.train.train_pattern_generation][INFO] - train epoch 056 MSE 0.0589 NMSE 1.410
[2024-07-23 14:10:09,267][src.train.train_pattern_generation][INFO] - 	 Starting Epoch:57 
[2024-07-23 14:10:10,416][src.train.train_pattern_generation][INFO] - train epoch 057 MSE 0.0693 NMSE 1.657
[2024-07-23 14:10:10,417][src.train.train_pattern_generation][INFO] - 	 Starting Epoch:58 
[2024-07-23 14:10:11,566][src.train.train_pattern_generation][INFO] - train epoch 058 MSE 0.0621 NMSE 1.485
[2024-07-23 14:10:12,323][src.train.train_pattern_generation][INFO] - 	 Starting Epoch:59 
[2024-07-23 14:10:13,473][src.train.train_pattern_generation][INFO] - train epoch 059 MSE 0.0601 NMSE 1.439
[2024-07-23 14:10:13,473][src.train.train_pattern_generation][INFO] - 	 Starting Epoch:60 
[2024-07-23 14:10:14,623][src.train.train_pattern_generation][INFO] - train epoch 060 MSE 0.0568 NMSE 1.358
[2024-07-23 14:10:14,624][src.train.train_pattern_generation][INFO] - 	 Starting Epoch:61 
[2024-07-23 14:10:15,771][src.train.train_pattern_generation][INFO] - train epoch 061 MSE 0.0542 NMSE 1.297
[2024-07-23 14:10:15,772][src.train.train_pattern_generation][INFO] - 	 Starting Epoch:62 
[2024-07-23 14:10:16,921][src.train.train_pattern_generation][INFO] - train epoch 062 MSE 0.0485 NMSE 1.160
[2024-07-23 14:10:16,922][src.train.train_pattern_generation][INFO] - 	 Starting Epoch:63 
[2024-07-23 14:10:18,070][src.train.train_pattern_generation][INFO] - train epoch 063 MSE 0.0612 NMSE 1.464
[2024-07-23 14:10:18,071][src.train.train_pattern_generation][INFO] - 	 Starting Epoch:64 
[2024-07-23 14:10:19,219][src.train.train_pattern_generation][INFO] - train epoch 064 MSE 0.0573 NMSE 1.370
[2024-07-23 14:10:19,432][src.train.train_pattern_generation][INFO] - 	 Starting Epoch:65 
[2024-07-23 14:10:20,582][src.train.train_pattern_generation][INFO] - train epoch 065 MSE 0.0593 NMSE 1.418
[2024-07-23 14:10:20,582][src.train.train_pattern_generation][INFO] - 	 Starting Epoch:66 
[2024-07-23 14:10:21,728][src.train.train_pattern_generation][INFO] - train epoch 066 MSE 0.0543 NMSE 1.300
[2024-07-23 14:10:21,729][src.train.train_pattern_generation][INFO] - 	 Starting Epoch:67 
[2024-07-23 14:10:22,877][src.train.train_pattern_generation][INFO] - train epoch 067 MSE 0.0498 NMSE 1.191
[2024-07-23 14:10:22,878][src.train.train_pattern_generation][INFO] - 	 Starting Epoch:68 
[2024-07-23 14:10:24,025][src.train.train_pattern_generation][INFO] - train epoch 068 MSE 0.0611 NMSE 1.462
[2024-07-23 14:10:24,026][src.train.train_pattern_generation][INFO] - 	 Starting Epoch:69 
[2024-07-23 14:10:25,174][src.train.train_pattern_generation][INFO] - train epoch 069 MSE 0.0520 NMSE 1.245
[2024-07-23 14:10:25,175][src.train.train_pattern_generation][INFO] - 	 Starting Epoch:70 
[2024-07-23 14:10:26,323][src.train.train_pattern_generation][INFO] - train epoch 070 MSE 0.0445 NMSE 1.065
[2024-07-23 14:10:26,813][src.train.train_pattern_generation][INFO] - 	 Starting Epoch:71 
[2024-07-23 14:10:27,963][src.train.train_pattern_generation][INFO] - train epoch 071 MSE 0.0524 NMSE 1.255
[2024-07-23 14:10:27,964][src.train.train_pattern_generation][INFO] - 	 Starting Epoch:72 
[2024-07-23 14:10:29,114][src.train.train_pattern_generation][INFO] - train epoch 072 MSE 0.0505 NMSE 1.207
[2024-07-23 14:10:29,115][src.train.train_pattern_generation][INFO] - 	 Starting Epoch:73 
[2024-07-23 14:10:30,264][src.train.train_pattern_generation][INFO] - train epoch 073 MSE 0.0582 NMSE 1.394
[2024-07-23 14:10:30,265][src.train.train_pattern_generation][INFO] - 	 Starting Epoch:74 
[2024-07-23 14:10:31,412][src.train.train_pattern_generation][INFO] - train epoch 074 MSE 0.0559 NMSE 1.337
[2024-07-23 14:10:31,413][src.train.train_pattern_generation][INFO] - 	 Starting Epoch:75 
[2024-07-23 14:10:32,560][src.train.train_pattern_generation][INFO] - train epoch 075 MSE 0.0579 NMSE 1.385
[2024-07-23 14:10:32,561][src.train.train_pattern_generation][INFO] - 	 Starting Epoch:76 
[2024-07-23 14:10:33,707][src.train.train_pattern_generation][INFO] - train epoch 076 MSE 0.0437 NMSE 1.046
[2024-07-23 14:10:34,596][src.train.train_pattern_generation][INFO] - eval  epoch 076 MSE 0.0908 nMSE 2.17
[2024-07-23 14:10:34,598][src.train.train_pattern_generation][INFO] - 	 Starting Epoch:77 
[2024-07-23 14:10:35,747][src.train.train_pattern_generation][INFO] - train epoch 077 MSE 0.0548 NMSE 1.312
[2024-07-23 14:10:35,747][src.train.train_pattern_generation][INFO] - 	 Starting Epoch:78 
[2024-07-23 14:10:36,894][src.train.train_pattern_generation][INFO] - train epoch 078 MSE 0.0481 NMSE 1.152
[2024-07-23 14:10:36,895][src.train.train_pattern_generation][INFO] - 	 Starting Epoch:79 
[2024-07-23 14:10:38,043][src.train.train_pattern_generation][INFO] - train epoch 079 MSE 0.0457 NMSE 1.094
[2024-07-23 14:10:38,044][src.train.train_pattern_generation][INFO] - 	 Starting Epoch:80 
[2024-07-23 14:10:39,192][src.train.train_pattern_generation][INFO] - train epoch 080 MSE 0.0605 NMSE 1.447
[2024-07-23 14:10:39,192][src.train.train_pattern_generation][INFO] - 	 Starting Epoch:81 
[2024-07-23 14:10:40,341][src.train.train_pattern_generation][INFO] - train epoch 081 MSE 0.0451 NMSE 1.080
[2024-07-23 14:10:40,341][src.train.train_pattern_generation][INFO] - 	 Starting Epoch:82 
[2024-07-23 14:10:41,489][src.train.train_pattern_generation][INFO] - train epoch 082 MSE 0.0461 NMSE 1.104
[2024-07-23 14:10:41,509][src.train.train_pattern_generation][INFO] - 	 Starting Epoch:83 
[2024-07-23 14:10:42,658][src.train.train_pattern_generation][INFO] - train epoch 083 MSE 0.0442 NMSE 1.058
[2024-07-23 14:10:42,658][src.train.train_pattern_generation][INFO] - 	 Starting Epoch:84 
[2024-07-23 14:10:43,805][src.train.train_pattern_generation][INFO] - train epoch 084 MSE 0.0418 NMSE 0.999
[2024-07-23 14:10:43,805][src.train.train_pattern_generation][INFO] - 	 Starting Epoch:85 
[2024-07-23 14:10:44,953][src.train.train_pattern_generation][INFO] - train epoch 085 MSE 0.0491 NMSE 1.174
[2024-07-23 14:10:44,953][src.train.train_pattern_generation][INFO] - 	 Starting Epoch:86 
[2024-07-23 14:10:46,099][src.train.train_pattern_generation][INFO] - train epoch 086 MSE 0.0668 NMSE 1.599
[2024-07-23 14:10:46,100][src.train.train_pattern_generation][INFO] - 	 Starting Epoch:87 
[2024-07-23 14:10:47,248][src.train.train_pattern_generation][INFO] - train epoch 087 MSE 0.0571 NMSE 1.366
[2024-07-23 14:10:47,249][src.train.train_pattern_generation][INFO] - 	 Starting Epoch:88 
[2024-07-23 14:10:48,398][src.train.train_pattern_generation][INFO] - train epoch 088 MSE 0.0423 NMSE 1.012
[2024-07-23 14:10:48,789][src.train.train_pattern_generation][INFO] - 	 Starting Epoch:89 
[2024-07-23 14:10:49,937][src.train.train_pattern_generation][INFO] - train epoch 089 MSE 0.0549 NMSE 1.313
[2024-07-23 14:10:49,938][src.train.train_pattern_generation][INFO] - 	 Starting Epoch:90 
[2024-07-23 14:10:51,086][src.train.train_pattern_generation][INFO] - train epoch 090 MSE 0.0493 NMSE 1.180
[2024-07-23 14:10:51,087][src.train.train_pattern_generation][INFO] - 	 Starting Epoch:91 
[2024-07-23 14:10:52,234][src.train.train_pattern_generation][INFO] - train epoch 091 MSE 0.0393 NMSE 0.940
[2024-07-23 14:10:52,235][src.train.train_pattern_generation][INFO] - 	 Starting Epoch:92 
[2024-07-23 14:10:53,381][src.train.train_pattern_generation][INFO] - train epoch 092 MSE 0.0435 NMSE 1.040
[2024-07-23 14:10:53,382][src.train.train_pattern_generation][INFO] - 	 Starting Epoch:93 
[2024-07-23 14:10:54,529][src.train.train_pattern_generation][INFO] - train epoch 093 MSE 0.0502 NMSE 1.202
[2024-07-23 14:10:54,529][src.train.train_pattern_generation][INFO] - 	 Starting Epoch:94 
[2024-07-23 14:10:55,677][src.train.train_pattern_generation][INFO] - train epoch 094 MSE 0.0594 NMSE 1.422
[2024-07-23 14:10:55,843][src.train.train_pattern_generation][INFO] - 	 Starting Epoch:95 
[2024-07-23 14:10:56,993][src.train.train_pattern_generation][INFO] - train epoch 095 MSE 0.0500 NMSE 1.196
[2024-07-23 14:10:56,993][src.train.train_pattern_generation][INFO] - 	 Starting Epoch:96 
[2024-07-23 14:10:58,142][src.train.train_pattern_generation][INFO] - train epoch 096 MSE 0.0461 NMSE 1.102
[2024-07-23 14:10:58,143][src.train.train_pattern_generation][INFO] - 	 Starting Epoch:97 
[2024-07-23 14:10:59,293][src.train.train_pattern_generation][INFO] - train epoch 097 MSE 0.0383 NMSE 0.916
[2024-07-23 14:10:59,294][src.train.train_pattern_generation][INFO] - 	 Starting Epoch:98 
[2024-07-23 14:11:00,442][src.train.train_pattern_generation][INFO] - train epoch 098 MSE 0.0462 NMSE 1.104
[2024-07-23 14:11:00,443][src.train.train_pattern_generation][INFO] - 	 Starting Epoch:99 
[2024-07-23 14:11:01,593][src.train.train_pattern_generation][INFO] - train epoch 099 MSE 0.0504 NMSE 1.206
[2024-07-23 14:11:01,595][src.train.train_pattern_generation][INFO] - 	 Starting Epoch:100 
[2024-07-23 14:11:02,750][src.train.train_pattern_generation][INFO] - train epoch 100 MSE 0.0446 NMSE 1.066
[2024-07-23 14:11:07,562][src.train.train_pattern_generation][INFO] - 	 Starting Epoch:101 
[2024-07-23 14:11:08,745][src.train.train_pattern_generation][INFO] - train epoch 101 MSE 0.0399 NMSE 0.955
[2024-07-23 14:11:09,191][src.train.train_pattern_generation][INFO] - eval  epoch 101 MSE 0.0336 nMSE 0.80
[2024-07-23 14:11:09,192][src.train.train_pattern_generation][INFO] - 	 Starting Epoch:102 
[2024-07-23 14:11:10,343][src.train.train_pattern_generation][INFO] - train epoch 102 MSE 0.0443 NMSE 1.060
[2024-07-23 14:11:10,343][src.train.train_pattern_generation][INFO] - 	 Starting Epoch:103 
[2024-07-23 14:11:11,491][src.train.train_pattern_generation][INFO] - train epoch 103 MSE 0.0444 NMSE 1.061
[2024-07-23 14:11:11,492][src.train.train_pattern_generation][INFO] - 	 Starting Epoch:104 
[2024-07-23 14:11:12,640][src.train.train_pattern_generation][INFO] - train epoch 104 MSE 0.0483 NMSE 1.156
[2024-07-23 14:11:12,641][src.train.train_pattern_generation][INFO] - 	 Starting Epoch:105 
[2024-07-23 14:11:13,790][src.train.train_pattern_generation][INFO] - train epoch 105 MSE 0.0391 NMSE 0.937
[2024-07-23 14:11:13,806][src.train.train_pattern_generation][INFO] - 	 Starting Epoch:106 
[2024-07-23 14:11:14,955][src.train.train_pattern_generation][INFO] - train epoch 106 MSE 0.0374 NMSE 0.895
[2024-07-23 14:11:14,955][src.train.train_pattern_generation][INFO] - 	 Starting Epoch:107 
[2024-07-23 14:11:16,102][src.train.train_pattern_generation][INFO] - train epoch 107 MSE 0.0387 NMSE 0.926
[2024-07-23 14:11:16,103][src.train.train_pattern_generation][INFO] - 	 Starting Epoch:108 
[2024-07-23 14:11:17,249][src.train.train_pattern_generation][INFO] - train epoch 108 MSE 0.0524 NMSE 1.253
[2024-07-23 14:11:17,250][src.train.train_pattern_generation][INFO] - 	 Starting Epoch:109 
[2024-07-23 14:11:18,398][src.train.train_pattern_generation][INFO] - train epoch 109 MSE 0.0476 NMSE 1.139
[2024-07-23 14:11:18,399][src.train.train_pattern_generation][INFO] - 	 Starting Epoch:110 
[2024-07-23 14:11:19,548][src.train.train_pattern_generation][INFO] - train epoch 110 MSE 0.0399 NMSE 0.956
[2024-07-23 14:11:19,549][src.train.train_pattern_generation][INFO] - 	 Starting Epoch:111 
[2024-07-23 14:11:20,698][src.train.train_pattern_generation][INFO] - train epoch 111 MSE 0.0411 NMSE 0.984
[2024-07-23 14:11:20,777][src.train.train_pattern_generation][INFO] - 	 Starting Epoch:112 
[2024-07-23 14:11:21,927][src.train.train_pattern_generation][INFO] - train epoch 112 MSE 0.0478 NMSE 1.143
[2024-07-23 14:11:21,927][src.train.train_pattern_generation][INFO] - 	 Starting Epoch:113 
[2024-07-23 14:11:23,076][src.train.train_pattern_generation][INFO] - train epoch 113 MSE 0.0500 NMSE 1.197
[2024-07-23 14:11:23,077][src.train.train_pattern_generation][INFO] - 	 Starting Epoch:114 
[2024-07-23 14:11:24,227][src.train.train_pattern_generation][INFO] - train epoch 114 MSE 0.0607 NMSE 1.453
[2024-07-23 14:11:24,227][src.train.train_pattern_generation][INFO] - 	 Starting Epoch:115 
[2024-07-23 14:11:25,375][src.train.train_pattern_generation][INFO] - train epoch 115 MSE 0.0564 NMSE 1.350
[2024-07-23 14:11:25,376][src.train.train_pattern_generation][INFO] - 	 Starting Epoch:116 
[2024-07-23 14:11:26,523][src.train.train_pattern_generation][INFO] - train epoch 116 MSE 0.0628 NMSE 1.504
[2024-07-23 14:11:26,524][src.train.train_pattern_generation][INFO] - 	 Starting Epoch:117 
[2024-07-23 14:11:27,672][src.train.train_pattern_generation][INFO] - train epoch 117 MSE 0.0472 NMSE 1.130
[2024-07-23 14:11:28,581][src.train.train_pattern_generation][INFO] - 	 Starting Epoch:118 
[2024-07-23 14:11:33,338][src.train.train_pattern_generation][INFO] - train epoch 118 MSE 0.0390 NMSE 0.932
[2024-07-23 14:11:33,339][src.train.train_pattern_generation][INFO] - 	 Starting Epoch:119 
[2024-07-23 14:11:34,488][src.train.train_pattern_generation][INFO] - train epoch 119 MSE 0.0405 NMSE 0.969
[2024-07-23 14:11:34,489][src.train.train_pattern_generation][INFO] - 	 Starting Epoch:120 
[2024-07-23 14:11:35,636][src.train.train_pattern_generation][INFO] - train epoch 120 MSE 0.0466 NMSE 1.116
[2024-07-23 14:11:35,649][src.train.train_pattern_generation][INFO] - 	 Starting Epoch:121 
[2024-07-23 14:11:36,798][src.train.train_pattern_generation][INFO] - train epoch 121 MSE 0.0356 NMSE 0.852
[2024-07-23 14:11:36,799][src.train.train_pattern_generation][INFO] - 	 Starting Epoch:122 
[2024-07-23 14:11:37,948][src.train.train_pattern_generation][INFO] - train epoch 122 MSE 0.0446 NMSE 1.068
[2024-07-23 14:11:37,948][src.train.train_pattern_generation][INFO] - 	 Starting Epoch:123 
[2024-07-23 14:11:39,096][src.train.train_pattern_generation][INFO] - train epoch 123 MSE 0.0382 NMSE 0.915
[2024-07-23 14:11:39,099][src.train.train_pattern_generation][INFO] - 	 Starting Epoch:124 
[2024-07-23 14:11:40,249][src.train.train_pattern_generation][INFO] - train epoch 124 MSE 0.0369 NMSE 0.884
[2024-07-23 14:11:40,250][src.train.train_pattern_generation][INFO] - 	 Starting Epoch:125 
[2024-07-23 14:11:41,400][src.train.train_pattern_generation][INFO] - train epoch 125 MSE 0.0319 NMSE 0.763
[2024-07-23 14:11:41,401][src.train.train_pattern_generation][INFO] - 	 Starting Epoch:126 
[2024-07-23 14:11:42,548][src.train.train_pattern_generation][INFO] - train epoch 126 MSE 0.0576 NMSE 1.377
[2024-07-23 14:11:43,231][src.train.train_pattern_generation][INFO] - eval  epoch 126 MSE 0.0606 nMSE 1.45
[2024-07-23 14:11:43,232][src.train.train_pattern_generation][INFO] - 	 Starting Epoch:127 
[2024-07-23 14:11:44,379][src.train.train_pattern_generation][INFO] - train epoch 127 MSE 0.0498 NMSE 1.192
[2024-07-23 14:11:44,380][src.train.train_pattern_generation][INFO] - 	 Starting Epoch:128 
[2024-07-23 14:11:45,528][src.train.train_pattern_generation][INFO] - train epoch 128 MSE 0.0418 NMSE 1.000
[2024-07-23 14:11:45,531][src.train.train_pattern_generation][INFO] - 	 Starting Epoch:129 
[2024-07-23 14:11:46,678][src.train.train_pattern_generation][INFO] - train epoch 129 MSE 0.0364 NMSE 0.872
[2024-07-23 14:11:46,679][src.train.train_pattern_generation][INFO] - 	 Starting Epoch:130 
[2024-07-23 14:11:47,827][src.train.train_pattern_generation][INFO] - train epoch 130 MSE 0.0451 NMSE 1.080
[2024-07-23 14:11:47,828][src.train.train_pattern_generation][INFO] - 	 Starting Epoch:131 
[2024-07-23 14:11:48,976][src.train.train_pattern_generation][INFO] - train epoch 131 MSE 0.0440 NMSE 1.054
[2024-07-23 14:11:48,976][src.train.train_pattern_generation][INFO] - 	 Starting Epoch:132 
[2024-07-23 14:11:50,123][src.train.train_pattern_generation][INFO] - train epoch 132 MSE 0.0351 NMSE 0.839
[2024-07-23 14:11:50,142][src.train.train_pattern_generation][INFO] - 	 Starting Epoch:133 
[2024-07-23 14:11:51,290][src.train.train_pattern_generation][INFO] - train epoch 133 MSE 0.0350 NMSE 0.837
[2024-07-23 14:11:51,291][src.train.train_pattern_generation][INFO] - 	 Starting Epoch:134 
[2024-07-23 14:11:52,439][src.train.train_pattern_generation][INFO] - train epoch 134 MSE 0.0337 NMSE 0.806
[2024-07-23 14:11:52,442][src.train.train_pattern_generation][INFO] - 	 Starting Epoch:135 
[2024-07-23 14:11:53,589][src.train.train_pattern_generation][INFO] - train epoch 135 MSE 0.0422 NMSE 1.010
[2024-07-23 14:11:53,590][src.train.train_pattern_generation][INFO] - 	 Starting Epoch:136 
[2024-07-23 14:11:54,737][src.train.train_pattern_generation][INFO] - train epoch 136 MSE 0.0405 NMSE 0.970
[2024-07-23 14:11:54,738][src.train.train_pattern_generation][INFO] - 	 Starting Epoch:137 
[2024-07-23 14:11:55,887][src.train.train_pattern_generation][INFO] - train epoch 137 MSE 0.0663 NMSE 1.585
[2024-07-23 14:11:55,888][src.train.train_pattern_generation][INFO] - 	 Starting Epoch:138 
[2024-07-23 14:11:57,036][src.train.train_pattern_generation][INFO] - train epoch 138 MSE 0.0371 NMSE 0.888
[2024-07-23 14:11:57,116][src.train.train_pattern_generation][INFO] - 	 Starting Epoch:139 
[2024-07-23 14:11:58,265][src.train.train_pattern_generation][INFO] - train epoch 139 MSE 0.0535 NMSE 1.281
[2024-07-23 14:11:58,266][src.train.train_pattern_generation][INFO] - 	 Starting Epoch:140 
[2024-07-23 14:11:59,412][src.train.train_pattern_generation][INFO] - train epoch 140 MSE 0.0413 NMSE 0.989
[2024-07-23 14:11:59,415][src.train.train_pattern_generation][INFO] - 	 Starting Epoch:141 
[2024-07-23 14:12:00,565][src.train.train_pattern_generation][INFO] - train epoch 141 MSE 0.0309 NMSE 0.739
[2024-07-23 14:12:00,566][src.train.train_pattern_generation][INFO] - 	 Starting Epoch:142 
[2024-07-23 14:12:01,714][src.train.train_pattern_generation][INFO] - train epoch 142 MSE 0.0315 NMSE 0.753
[2024-07-23 14:12:01,715][src.train.train_pattern_generation][INFO] - 	 Starting Epoch:143 
[2024-07-23 14:12:02,862][src.train.train_pattern_generation][INFO] - train epoch 143 MSE 0.0323 NMSE 0.773
[2024-07-23 14:12:02,863][src.train.train_pattern_generation][INFO] - 	 Starting Epoch:144 
[2024-07-23 14:12:04,011][src.train.train_pattern_generation][INFO] - train epoch 144 MSE 0.0485 NMSE 1.161
[2024-07-23 14:12:04,407][src.train.train_pattern_generation][INFO] - 	 Starting Epoch:145 
[2024-07-23 14:12:05,555][src.train.train_pattern_generation][INFO] - train epoch 145 MSE 0.0616 NMSE 1.474
[2024-07-23 14:12:05,582][src.train.train_pattern_generation][INFO] - 	 Starting Epoch:146 
[2024-07-23 14:12:06,732][src.train.train_pattern_generation][INFO] - train epoch 146 MSE 0.0369 NMSE 0.882
[2024-07-23 14:12:06,733][src.train.train_pattern_generation][INFO] - 	 Starting Epoch:147 
[2024-07-23 14:12:07,882][src.train.train_pattern_generation][INFO] - train epoch 147 MSE 0.0521 NMSE 1.246
[2024-07-23 14:12:07,883][src.train.train_pattern_generation][INFO] - 	 Starting Epoch:148 
[2024-07-23 14:12:09,031][src.train.train_pattern_generation][INFO] - train epoch 148 MSE 0.0378 NMSE 0.904
[2024-07-23 14:12:09,031][src.train.train_pattern_generation][INFO] - 	 Starting Epoch:149 
[2024-07-23 14:12:10,178][src.train.train_pattern_generation][INFO] - train epoch 149 MSE 0.0450 NMSE 1.078
[2024-07-23 14:12:10,179][src.train.train_pattern_generation][INFO] - 	 Starting Epoch:150 
[2024-07-23 14:12:11,328][src.train.train_pattern_generation][INFO] - train epoch 150 MSE 0.0415 NMSE 0.994
[2024-07-23 14:12:11,335][src.train.train_pattern_generation][INFO] - 	 Starting Epoch:151 
[2024-07-23 14:12:12,483][src.train.train_pattern_generation][INFO] - train epoch 151 MSE 0.0379 NMSE 0.906
[2024-07-23 14:12:12,934][src.train.train_pattern_generation][INFO] - eval  epoch 151 MSE 0.0607 nMSE 1.45
[2024-07-23 14:12:12,935][src.train.train_pattern_generation][INFO] - 	 Starting Epoch:152 
[2024-07-23 14:12:14,084][src.train.train_pattern_generation][INFO] - train epoch 152 MSE 0.0482 NMSE 1.152
[2024-07-23 14:12:14,084][src.train.train_pattern_generation][INFO] - 	 Starting Epoch:153 
[2024-07-23 14:12:15,232][src.train.train_pattern_generation][INFO] - train epoch 153 MSE 0.0402 NMSE 0.962
[2024-07-23 14:12:15,232][src.train.train_pattern_generation][INFO] - 	 Starting Epoch:154 
[2024-07-23 14:12:16,380][src.train.train_pattern_generation][INFO] - train epoch 154 MSE 0.0484 NMSE 1.158
[2024-07-23 14:12:16,380][src.train.train_pattern_generation][INFO] - 	 Starting Epoch:155 
[2024-07-23 14:12:17,527][src.train.train_pattern_generation][INFO] - train epoch 155 MSE 0.0685 NMSE 1.639
[2024-07-23 14:12:17,786][src.train.train_pattern_generation][INFO] - 	 Starting Epoch:156 
[2024-07-23 14:12:18,936][src.train.train_pattern_generation][INFO] - train epoch 156 MSE 0.0463 NMSE 1.107
[2024-07-23 14:12:18,938][src.train.train_pattern_generation][INFO] - 	 Starting Epoch:157 
[2024-07-23 14:12:20,086][src.train.train_pattern_generation][INFO] - train epoch 157 MSE 0.0711 NMSE 1.700
[2024-07-23 14:12:20,086][src.train.train_pattern_generation][INFO] - 	 Starting Epoch:158 
[2024-07-23 14:12:21,234][src.train.train_pattern_generation][INFO] - train epoch 158 MSE 0.0447 NMSE 1.069
[2024-07-23 14:12:21,235][src.train.train_pattern_generation][INFO] - 	 Starting Epoch:159 
[2024-07-23 14:12:22,382][src.train.train_pattern_generation][INFO] - train epoch 159 MSE 0.0565 NMSE 1.352
[2024-07-23 14:12:22,383][src.train.train_pattern_generation][INFO] - 	 Starting Epoch:160 
[2024-07-23 14:12:23,530][src.train.train_pattern_generation][INFO] - train epoch 160 MSE 0.0370 NMSE 0.886
[2024-07-23 14:12:23,531][src.train.train_pattern_generation][INFO] - 	 Starting Epoch:161 
[2024-07-23 14:12:24,679][src.train.train_pattern_generation][INFO] - train epoch 161 MSE 0.0460 NMSE 1.101
[2024-07-23 14:12:24,873][src.train.train_pattern_generation][INFO] - 	 Starting Epoch:162 
[2024-07-23 14:12:26,022][src.train.train_pattern_generation][INFO] - train epoch 162 MSE 0.0384 NMSE 0.918
[2024-07-23 14:12:26,025][src.train.train_pattern_generation][INFO] - 	 Starting Epoch:163 
[2024-07-23 14:12:27,175][src.train.train_pattern_generation][INFO] - train epoch 163 MSE 0.0343 NMSE 0.820
[2024-07-23 14:12:27,176][src.train.train_pattern_generation][INFO] - 	 Starting Epoch:164 
[2024-07-23 14:12:28,326][src.train.train_pattern_generation][INFO] - train epoch 164 MSE 0.0402 NMSE 0.961
[2024-07-23 14:12:28,327][src.train.train_pattern_generation][INFO] - 	 Starting Epoch:165 
[2024-07-23 14:12:29,475][src.train.train_pattern_generation][INFO] - train epoch 165 MSE 0.0336 NMSE 0.804
[2024-07-23 14:12:29,476][src.train.train_pattern_generation][INFO] - 	 Starting Epoch:166 
[2024-07-23 14:12:30,623][src.train.train_pattern_generation][INFO] - train epoch 166 MSE 0.0394 NMSE 0.942
[2024-07-23 14:12:30,624][src.train.train_pattern_generation][INFO] - 	 Starting Epoch:167 
[2024-07-23 14:12:31,771][src.train.train_pattern_generation][INFO] - train epoch 167 MSE 0.0389 NMSE 0.930
[2024-07-23 14:12:31,777][src.train.train_pattern_generation][INFO] - 	 Starting Epoch:168 
[2024-07-23 14:12:32,926][src.train.train_pattern_generation][INFO] - train epoch 168 MSE 0.0482 NMSE 1.153
[2024-07-23 14:12:32,928][src.train.train_pattern_generation][INFO] - 	 Starting Epoch:169 
[2024-07-23 14:12:34,078][src.train.train_pattern_generation][INFO] - train epoch 169 MSE 0.0395 NMSE 0.945
[2024-07-23 14:12:34,079][src.train.train_pattern_generation][INFO] - 	 Starting Epoch:170 
[2024-07-23 14:12:35,226][src.train.train_pattern_generation][INFO] - train epoch 170 MSE 0.0519 NMSE 1.241
[2024-07-23 14:12:35,227][src.train.train_pattern_generation][INFO] - 	 Starting Epoch:171 
[2024-07-23 14:12:36,374][src.train.train_pattern_generation][INFO] - train epoch 171 MSE 0.0387 NMSE 0.927
[2024-07-23 14:12:36,374][src.train.train_pattern_generation][INFO] - 	 Starting Epoch:172 
[2024-07-23 14:12:37,521][src.train.train_pattern_generation][INFO] - train epoch 172 MSE 0.0340 NMSE 0.813
[2024-07-23 14:12:37,522][src.train.train_pattern_generation][INFO] - 	 Starting Epoch:173 
[2024-07-23 14:12:38,670][src.train.train_pattern_generation][INFO] - train epoch 173 MSE 0.0349 NMSE 0.835
[2024-07-23 14:12:38,814][src.train.train_pattern_generation][INFO] - 	 Starting Epoch:174 
[2024-07-23 14:12:39,962][src.train.train_pattern_generation][INFO] - train epoch 174 MSE 0.0501 NMSE 1.198
[2024-07-23 14:12:39,965][src.train.train_pattern_generation][INFO] - 	 Starting Epoch:175 
[2024-07-23 14:12:41,114][src.train.train_pattern_generation][INFO] - train epoch 175 MSE 0.0348 NMSE 0.834
[2024-07-23 14:12:41,115][src.train.train_pattern_generation][INFO] - 	 Starting Epoch:176 
[2024-07-23 14:12:42,263][src.train.train_pattern_generation][INFO] - train epoch 176 MSE 0.0308 NMSE 0.738
[2024-07-23 14:12:42,682][src.train.train_pattern_generation][INFO] - eval  epoch 176 MSE 0.0235 nMSE 0.56
[2024-07-23 14:12:42,682][src.train.train_pattern_generation][INFO] - 	 Starting Epoch:177 
[2024-07-23 14:12:43,832][src.train.train_pattern_generation][INFO] - train epoch 177 MSE 0.0422 NMSE 1.011
[2024-07-23 14:12:43,833][src.train.train_pattern_generation][INFO] - 	 Starting Epoch:178 
[2024-07-23 14:12:44,981][src.train.train_pattern_generation][INFO] - train epoch 178 MSE 0.0742 NMSE 1.775
[2024-07-23 14:12:45,369][src.train.train_pattern_generation][INFO] - 	 Starting Epoch:179 
[2024-07-23 14:12:46,516][src.train.train_pattern_generation][INFO] - train epoch 179 MSE 0.0487 NMSE 1.164
[2024-07-23 14:12:46,519][src.train.train_pattern_generation][INFO] - 	 Starting Epoch:180 
[2024-07-23 14:12:47,667][src.train.train_pattern_generation][INFO] - train epoch 180 MSE 0.0439 NMSE 1.049
[2024-07-23 14:12:47,668][src.train.train_pattern_generation][INFO] - 	 Starting Epoch:181 
[2024-07-23 14:12:48,815][src.train.train_pattern_generation][INFO] - train epoch 181 MSE 0.0430 NMSE 1.030
[2024-07-23 14:12:48,816][src.train.train_pattern_generation][INFO] - 	 Starting Epoch:182 
[2024-07-23 14:12:49,962][src.train.train_pattern_generation][INFO] - train epoch 182 MSE 0.0321 NMSE 0.767
[2024-07-23 14:12:49,963][src.train.train_pattern_generation][INFO] - 	 Starting Epoch:183 
[2024-07-23 14:12:51,111][src.train.train_pattern_generation][INFO] - train epoch 183 MSE 0.0358 NMSE 0.857
[2024-07-23 14:12:51,112][src.train.train_pattern_generation][INFO] - 	 Starting Epoch:184 
[2024-07-23 14:12:52,259][src.train.train_pattern_generation][INFO] - train epoch 184 MSE 0.0450 NMSE 1.077
[2024-07-23 14:12:52,549][src.train.train_pattern_generation][INFO] - 	 Starting Epoch:185 
[2024-07-23 14:12:53,698][src.train.train_pattern_generation][INFO] - train epoch 185 MSE 0.0465 NMSE 1.112
[2024-07-23 14:12:53,699][src.train.train_pattern_generation][INFO] - 	 Starting Epoch:186 
[2024-07-23 14:12:54,847][src.train.train_pattern_generation][INFO] - train epoch 186 MSE 0.0486 NMSE 1.162
[2024-07-23 14:12:54,848][src.train.train_pattern_generation][INFO] - 	 Starting Epoch:187 
[2024-07-23 14:12:55,995][src.train.train_pattern_generation][INFO] - train epoch 187 MSE 0.0488 NMSE 1.166
[2024-07-23 14:12:55,996][src.train.train_pattern_generation][INFO] - 	 Starting Epoch:188 
[2024-07-23 14:12:57,145][src.train.train_pattern_generation][INFO] - train epoch 188 MSE 0.0335 NMSE 0.802
[2024-07-23 14:12:57,146][src.train.train_pattern_generation][INFO] - 	 Starting Epoch:189 
[2024-07-23 14:12:58,293][src.train.train_pattern_generation][INFO] - train epoch 189 MSE 0.0308 NMSE 0.738
[2024-07-23 14:12:58,293][src.train.train_pattern_generation][INFO] - 	 Starting Epoch:190 
[2024-07-23 14:12:59,440][src.train.train_pattern_generation][INFO] - train epoch 190 MSE 0.0460 NMSE 1.101
[2024-07-23 14:13:00,011][src.train.train_pattern_generation][INFO] - 	 Starting Epoch:191 
[2024-07-23 14:13:01,162][src.train.train_pattern_generation][INFO] - train epoch 191 MSE 0.0397 NMSE 0.950
[2024-07-23 14:13:01,162][src.train.train_pattern_generation][INFO] - 	 Starting Epoch:192 
[2024-07-23 14:13:02,310][src.train.train_pattern_generation][INFO] - train epoch 192 MSE 0.0554 NMSE 1.325
[2024-07-23 14:13:02,310][src.train.train_pattern_generation][INFO] - 	 Starting Epoch:193 
[2024-07-23 14:13:03,460][src.train.train_pattern_generation][INFO] - train epoch 193 MSE 0.0518 NMSE 1.239
[2024-07-23 14:13:03,461][src.train.train_pattern_generation][INFO] - 	 Starting Epoch:194 
[2024-07-23 14:13:04,608][src.train.train_pattern_generation][INFO] - train epoch 194 MSE 0.0400 NMSE 0.956
[2024-07-23 14:13:04,609][src.train.train_pattern_generation][INFO] - 	 Starting Epoch:195 
[2024-07-23 14:13:05,757][src.train.train_pattern_generation][INFO] - train epoch 195 MSE 0.0355 NMSE 0.849
[2024-07-23 14:13:05,758][src.train.train_pattern_generation][INFO] - 	 Starting Epoch:196 
[2024-07-23 14:13:06,908][src.train.train_pattern_generation][INFO] - train epoch 196 MSE 0.0346 NMSE 0.828
[2024-07-23 14:13:07,217][src.train.train_pattern_generation][INFO] - 	 Starting Epoch:197 
[2024-07-23 14:13:08,366][src.train.train_pattern_generation][INFO] - train epoch 197 MSE 0.0348 NMSE 0.833
[2024-07-23 14:13:08,366][src.train.train_pattern_generation][INFO] - 	 Starting Epoch:198 
[2024-07-23 14:13:09,514][src.train.train_pattern_generation][INFO] - train epoch 198 MSE 0.0415 NMSE 0.992
[2024-07-23 14:13:09,515][src.train.train_pattern_generation][INFO] - 	 Starting Epoch:199 
[2024-07-23 14:13:10,665][src.train.train_pattern_generation][INFO] - train epoch 199 MSE 0.0418 NMSE 1.000
[2024-07-23 14:13:10,665][src.train.train_pattern_generation][INFO] - 	 Starting Epoch:200 
[2024-07-23 14:13:11,814][src.train.train_pattern_generation][INFO] - train epoch 200 MSE 0.0349 NMSE 0.835
[2024-07-23 14:13:15,819][src.train.train_pattern_generation][INFO] - firing rate eval set  average 142.2 max 335.0 min 0.0
