[2024-07-18 17:58:20,829][src.cue_accumulation.train_cue_accumulation][INFO] - Starting training...
[2024-07-18 17:58:20,898][src.cue_accumulation.train_cue_accumulation][INFO] - 	 Starting Epoch:1 
[2024-07-18 17:58:24,163][src.cue_accumulation.train_cue_accumulation][INFO] - train epoch 001 loss 0.6964 accuracy 43.75
[2024-07-18 17:58:29,778][src.cue_accumulation.train_cue_accumulation][INFO] - eval  epoch 001 loss 0.6981 accuracy 48.83
[2024-07-18 17:58:29,779][src.cue_accumulation.train_cue_accumulation][INFO] - 	 Starting Epoch:2 
[2024-07-18 17:58:30,877][src.cue_accumulation.train_cue_accumulation][INFO] - train epoch 002 loss 0.6961 accuracy 48.44
[2024-07-18 17:58:31,323][src.cue_accumulation.train_cue_accumulation][INFO] - 	 Starting Epoch:3 
[2024-07-18 17:58:32,403][src.cue_accumulation.train_cue_accumulation][INFO] - train epoch 003 loss 0.7025 accuracy 50.00
[2024-07-18 17:58:32,403][src.cue_accumulation.train_cue_accumulation][INFO] - 	 Starting Epoch:4 
[2024-07-18 17:58:33,488][src.cue_accumulation.train_cue_accumulation][INFO] - train epoch 004 loss 0.6884 accuracy 53.12
[2024-07-18 17:58:33,489][src.cue_accumulation.train_cue_accumulation][INFO] - 	 Starting Epoch:5 
[2024-07-18 17:58:34,575][src.cue_accumulation.train_cue_accumulation][INFO] - train epoch 005 loss 0.6746 accuracy 59.38
[2024-07-18 17:58:34,576][src.cue_accumulation.train_cue_accumulation][INFO] - 	 Starting Epoch:6 
[2024-07-18 17:58:35,663][src.cue_accumulation.train_cue_accumulation][INFO] - train epoch 006 loss 0.7367 accuracy 39.06
[2024-07-18 17:58:35,664][src.cue_accumulation.train_cue_accumulation][INFO] - 	 Starting Epoch:7 
[2024-07-18 17:58:36,750][src.cue_accumulation.train_cue_accumulation][INFO] - train epoch 007 loss 0.6967 accuracy 46.88
[2024-07-18 17:58:36,751][src.cue_accumulation.train_cue_accumulation][INFO] - 	 Starting Epoch:8 
[2024-07-18 17:58:37,834][src.cue_accumulation.train_cue_accumulation][INFO] - train epoch 008 loss 0.6823 accuracy 56.25
[2024-07-18 17:58:38,076][src.cue_accumulation.train_cue_accumulation][INFO] - 	 Starting Epoch:9 
[2024-07-18 17:58:39,157][src.cue_accumulation.train_cue_accumulation][INFO] - train epoch 009 loss 0.6957 accuracy 59.38
[2024-07-18 17:58:39,157][src.cue_accumulation.train_cue_accumulation][INFO] - 	 Starting Epoch:10 
[2024-07-18 17:58:40,240][src.cue_accumulation.train_cue_accumulation][INFO] - train epoch 010 loss 0.6922 accuracy 50.00
[2024-07-18 17:58:40,240][src.cue_accumulation.train_cue_accumulation][INFO] - 	 Starting Epoch:11 
[2024-07-18 17:58:41,327][src.cue_accumulation.train_cue_accumulation][INFO] - train epoch 011 loss 0.6828 accuracy 64.06
[2024-07-18 17:58:41,328][src.cue_accumulation.train_cue_accumulation][INFO] - 	 Starting Epoch:12 
[2024-07-18 17:58:42,409][src.cue_accumulation.train_cue_accumulation][INFO] - train epoch 012 loss 0.6837 accuracy 62.50
[2024-07-18 17:58:42,409][src.cue_accumulation.train_cue_accumulation][INFO] - 	 Starting Epoch:13 
[2024-07-18 17:58:43,490][src.cue_accumulation.train_cue_accumulation][INFO] - train epoch 013 loss 0.7130 accuracy 46.88
[2024-07-18 17:58:43,491][src.cue_accumulation.train_cue_accumulation][INFO] - 	 Starting Epoch:14 
[2024-07-18 17:58:44,577][src.cue_accumulation.train_cue_accumulation][INFO] - train epoch 014 loss 0.6703 accuracy 57.81
[2024-07-18 17:58:44,938][src.cue_accumulation.train_cue_accumulation][INFO] - 	 Starting Epoch:15 
[2024-07-18 17:58:46,022][src.cue_accumulation.train_cue_accumulation][INFO] - train epoch 015 loss 0.6922 accuracy 56.25
[2024-07-18 17:58:46,025][src.cue_accumulation.train_cue_accumulation][INFO] - 	 Starting Epoch:16 
[2024-07-18 17:58:47,111][src.cue_accumulation.train_cue_accumulation][INFO] - train epoch 016 loss 0.6590 accuracy 65.62
[2024-07-18 17:58:47,112][src.cue_accumulation.train_cue_accumulation][INFO] - 	 Starting Epoch:17 
[2024-07-18 17:58:48,197][src.cue_accumulation.train_cue_accumulation][INFO] - train epoch 017 loss 0.6931 accuracy 56.25
[2024-07-18 17:58:48,197][src.cue_accumulation.train_cue_accumulation][INFO] - 	 Starting Epoch:18 
[2024-07-18 17:58:49,282][src.cue_accumulation.train_cue_accumulation][INFO] - train epoch 018 loss 0.6477 accuracy 75.00
[2024-07-18 17:58:49,283][src.cue_accumulation.train_cue_accumulation][INFO] - 	 Starting Epoch:19 
[2024-07-18 17:58:50,369][src.cue_accumulation.train_cue_accumulation][INFO] - train epoch 019 loss 0.7088 accuracy 48.44
[2024-07-18 17:58:50,370][src.cue_accumulation.train_cue_accumulation][INFO] - 	 Starting Epoch:20 
[2024-07-18 17:58:51,460][src.cue_accumulation.train_cue_accumulation][INFO] - train epoch 020 loss 0.7080 accuracy 45.31
[2024-07-18 17:58:51,725][src.cue_accumulation.train_cue_accumulation][INFO] - 	 Starting Epoch:21 
[2024-07-18 17:58:52,816][src.cue_accumulation.train_cue_accumulation][INFO] - train epoch 021 loss 0.6723 accuracy 53.12
[2024-07-18 17:58:52,817][src.cue_accumulation.train_cue_accumulation][INFO] - 	 Starting Epoch:22 
[2024-07-18 17:58:53,905][src.cue_accumulation.train_cue_accumulation][INFO] - train epoch 022 loss 0.6821 accuracy 54.69
[2024-07-18 17:58:53,908][src.cue_accumulation.train_cue_accumulation][INFO] - 	 Starting Epoch:23 
[2024-07-18 17:58:54,994][src.cue_accumulation.train_cue_accumulation][INFO] - train epoch 023 loss 0.6821 accuracy 59.38
[2024-07-18 17:58:54,995][src.cue_accumulation.train_cue_accumulation][INFO] - 	 Starting Epoch:24 
[2024-07-18 17:58:56,087][src.cue_accumulation.train_cue_accumulation][INFO] - train epoch 024 loss 0.6711 accuracy 57.81
[2024-07-18 17:58:56,087][src.cue_accumulation.train_cue_accumulation][INFO] - 	 Starting Epoch:25 
[2024-07-18 17:58:57,176][src.cue_accumulation.train_cue_accumulation][INFO] - train epoch 025 loss 0.6719 accuracy 60.94
[2024-07-18 17:58:57,176][src.cue_accumulation.train_cue_accumulation][INFO] - 	 Starting Epoch:26 
[2024-07-18 17:58:58,267][src.cue_accumulation.train_cue_accumulation][INFO] - train epoch 026 loss 0.6869 accuracy 50.00
[2024-07-18 17:59:03,199][src.cue_accumulation.train_cue_accumulation][INFO] - eval  epoch 026 loss 0.6717 accuracy 59.38
[2024-07-18 17:59:03,202][src.cue_accumulation.train_cue_accumulation][INFO] - 	 Starting Epoch:27 
[2024-07-18 17:59:04,310][src.cue_accumulation.train_cue_accumulation][INFO] - train epoch 027 loss 0.6669 accuracy 60.94
[2024-07-18 17:59:04,311][src.cue_accumulation.train_cue_accumulation][INFO] - 	 Starting Epoch:28 
[2024-07-18 17:59:05,417][src.cue_accumulation.train_cue_accumulation][INFO] - train epoch 028 loss 0.6759 accuracy 70.31
[2024-07-18 17:59:05,417][src.cue_accumulation.train_cue_accumulation][INFO] - 	 Starting Epoch:29 
[2024-07-18 17:59:06,524][src.cue_accumulation.train_cue_accumulation][INFO] - train epoch 029 loss 0.6765 accuracy 67.19
[2024-07-18 17:59:06,525][src.cue_accumulation.train_cue_accumulation][INFO] - 	 Starting Epoch:30 
[2024-07-18 17:59:07,633][src.cue_accumulation.train_cue_accumulation][INFO] - train epoch 030 loss 0.6590 accuracy 68.75
[2024-07-18 17:59:07,633][src.cue_accumulation.train_cue_accumulation][INFO] - 	 Starting Epoch:31 
[2024-07-18 17:59:08,741][src.cue_accumulation.train_cue_accumulation][INFO] - train epoch 031 loss 0.6593 accuracy 68.75
[2024-07-18 17:59:08,742][src.cue_accumulation.train_cue_accumulation][INFO] - 	 Starting Epoch:32 
[2024-07-18 17:59:09,850][src.cue_accumulation.train_cue_accumulation][INFO] - train epoch 032 loss 0.6472 accuracy 65.62
[2024-07-18 17:59:10,014][src.cue_accumulation.train_cue_accumulation][INFO] - 	 Starting Epoch:33 
[2024-07-18 17:59:11,125][src.cue_accumulation.train_cue_accumulation][INFO] - train epoch 033 loss 0.6499 accuracy 65.62
[2024-07-18 17:59:11,128][src.cue_accumulation.train_cue_accumulation][INFO] - 	 Starting Epoch:34 
[2024-07-18 17:59:12,233][src.cue_accumulation.train_cue_accumulation][INFO] - train epoch 034 loss 0.6444 accuracy 71.88
[2024-07-18 17:59:12,233][src.cue_accumulation.train_cue_accumulation][INFO] - 	 Starting Epoch:35 
[2024-07-18 17:59:13,339][src.cue_accumulation.train_cue_accumulation][INFO] - train epoch 035 loss 0.6409 accuracy 73.44
[2024-07-18 17:59:13,340][src.cue_accumulation.train_cue_accumulation][INFO] - 	 Starting Epoch:36 
[2024-07-18 17:59:14,446][src.cue_accumulation.train_cue_accumulation][INFO] - train epoch 036 loss 0.5825 accuracy 81.25
[2024-07-18 17:59:14,447][src.cue_accumulation.train_cue_accumulation][INFO] - 	 Starting Epoch:37 
[2024-07-18 17:59:15,554][src.cue_accumulation.train_cue_accumulation][INFO] - train epoch 037 loss 0.6262 accuracy 60.94
[2024-07-18 17:59:15,555][src.cue_accumulation.train_cue_accumulation][INFO] - 	 Starting Epoch:38 
[2024-07-18 17:59:16,662][src.cue_accumulation.train_cue_accumulation][INFO] - train epoch 038 loss 0.6095 accuracy 73.44
[2024-07-18 17:59:16,876][src.cue_accumulation.train_cue_accumulation][INFO] - 	 Starting Epoch:39 
[2024-07-18 17:59:17,983][src.cue_accumulation.train_cue_accumulation][INFO] - train epoch 039 loss 0.5811 accuracy 71.88
[2024-07-18 17:59:17,984][src.cue_accumulation.train_cue_accumulation][INFO] - 	 Starting Epoch:40 
[2024-07-18 17:59:19,092][src.cue_accumulation.train_cue_accumulation][INFO] - train epoch 040 loss 0.5860 accuracy 76.56
[2024-07-18 17:59:19,095][src.cue_accumulation.train_cue_accumulation][INFO] - 	 Starting Epoch:41 
[2024-07-18 17:59:20,202][src.cue_accumulation.train_cue_accumulation][INFO] - train epoch 041 loss 0.6039 accuracy 75.00
[2024-07-18 17:59:20,203][src.cue_accumulation.train_cue_accumulation][INFO] - 	 Starting Epoch:42 
[2024-07-18 17:59:21,310][src.cue_accumulation.train_cue_accumulation][INFO] - train epoch 042 loss 0.5812 accuracy 70.31
[2024-07-18 17:59:21,311][src.cue_accumulation.train_cue_accumulation][INFO] - 	 Starting Epoch:43 
[2024-07-18 17:59:22,417][src.cue_accumulation.train_cue_accumulation][INFO] - train epoch 043 loss 0.4784 accuracy 79.69
[2024-07-18 17:59:22,418][src.cue_accumulation.train_cue_accumulation][INFO] - 	 Starting Epoch:44 
[2024-07-18 17:59:23,525][src.cue_accumulation.train_cue_accumulation][INFO] - train epoch 044 loss 0.5060 accuracy 82.81
[2024-07-18 17:59:24,064][src.cue_accumulation.train_cue_accumulation][INFO] - 	 Starting Epoch:45 
[2024-07-18 17:59:25,174][src.cue_accumulation.train_cue_accumulation][INFO] - train epoch 045 loss 0.5900 accuracy 71.88
[2024-07-18 17:59:25,174][src.cue_accumulation.train_cue_accumulation][INFO] - 	 Starting Epoch:46 
[2024-07-18 17:59:26,281][src.cue_accumulation.train_cue_accumulation][INFO] - train epoch 046 loss 0.4622 accuracy 82.81
[2024-07-18 17:59:26,281][src.cue_accumulation.train_cue_accumulation][INFO] - 	 Starting Epoch:47 
[2024-07-18 17:59:27,389][src.cue_accumulation.train_cue_accumulation][INFO] - train epoch 047 loss 0.5181 accuracy 81.25
[2024-07-18 17:59:27,392][src.cue_accumulation.train_cue_accumulation][INFO] - 	 Starting Epoch:48 
[2024-07-18 17:59:28,497][src.cue_accumulation.train_cue_accumulation][INFO] - train epoch 048 loss 0.3967 accuracy 87.50
[2024-07-18 17:59:28,497][src.cue_accumulation.train_cue_accumulation][INFO] - 	 Starting Epoch:49 
[2024-07-18 17:59:29,603][src.cue_accumulation.train_cue_accumulation][INFO] - train epoch 049 loss 0.3137 accuracy 92.19
[2024-07-18 17:59:29,604][src.cue_accumulation.train_cue_accumulation][INFO] - 	 Starting Epoch:50 
[2024-07-18 17:59:30,710][src.cue_accumulation.train_cue_accumulation][INFO] - train epoch 050 loss 0.3374 accuracy 85.94
[2024-07-18 17:59:30,957][src.cue_accumulation.train_cue_accumulation][INFO] - 	 Starting Epoch:51 
[2024-07-18 17:59:32,051][src.cue_accumulation.train_cue_accumulation][INFO] - train epoch 051 loss 0.3276 accuracy 90.62
[2024-07-18 17:59:36,714][src.cue_accumulation.train_cue_accumulation][INFO] - eval  epoch 051 loss 0.3635 accuracy 83.40
[2024-07-18 17:59:36,715][src.cue_accumulation.train_cue_accumulation][INFO] - 	 Starting Epoch:52 
[2024-07-18 17:59:37,798][src.cue_accumulation.train_cue_accumulation][INFO] - train epoch 052 loss 0.2935 accuracy 85.94
[2024-07-18 17:59:38,257][src.cue_accumulation.train_cue_accumulation][INFO] - 	 Starting Epoch:53 
[2024-07-18 17:59:39,344][src.cue_accumulation.train_cue_accumulation][INFO] - train epoch 053 loss 0.3848 accuracy 85.94
[2024-07-18 17:59:39,345][src.cue_accumulation.train_cue_accumulation][INFO] - 	 Starting Epoch:54 
[2024-07-18 17:59:40,428][src.cue_accumulation.train_cue_accumulation][INFO] - train epoch 054 loss 0.4199 accuracy 87.50
[2024-07-18 17:59:40,429][src.cue_accumulation.train_cue_accumulation][INFO] - 	 Starting Epoch:55 
[2024-07-18 17:59:41,508][src.cue_accumulation.train_cue_accumulation][INFO] - train epoch 055 loss 0.2713 accuracy 92.19
[2024-07-18 17:59:41,509][src.cue_accumulation.train_cue_accumulation][INFO] - 	 Starting Epoch:56 
[2024-07-18 17:59:42,591][src.cue_accumulation.train_cue_accumulation][INFO] - train epoch 056 loss 0.3045 accuracy 87.50
[2024-07-18 17:59:42,591][src.cue_accumulation.train_cue_accumulation][INFO] - 	 Starting Epoch:57 
[2024-07-18 17:59:43,671][src.cue_accumulation.train_cue_accumulation][INFO] - train epoch 057 loss 0.3409 accuracy 87.50
[2024-07-18 17:59:43,672][src.cue_accumulation.train_cue_accumulation][INFO] - 	 Starting Epoch:58 
[2024-07-18 17:59:44,755][src.cue_accumulation.train_cue_accumulation][INFO] - train epoch 058 loss 0.4327 accuracy 75.00
[2024-07-18 17:59:45,030][src.cue_accumulation.train_cue_accumulation][INFO] - 	 Starting Epoch:59 
[2024-07-18 17:59:46,111][src.cue_accumulation.train_cue_accumulation][INFO] - train epoch 059 loss 0.2694 accuracy 85.94
[2024-07-18 17:59:46,112][src.cue_accumulation.train_cue_accumulation][INFO] - 	 Starting Epoch:60 
[2024-07-18 17:59:47,191][src.cue_accumulation.train_cue_accumulation][INFO] - train epoch 060 loss 0.3244 accuracy 87.50
[2024-07-18 17:59:47,192][src.cue_accumulation.train_cue_accumulation][INFO] - 	 Starting Epoch:61 
[2024-07-18 17:59:48,273][src.cue_accumulation.train_cue_accumulation][INFO] - train epoch 061 loss 0.1876 accuracy 95.31
[2024-07-18 17:59:48,274][src.cue_accumulation.train_cue_accumulation][INFO] - 	 Starting Epoch:62 
[2024-07-18 17:59:49,355][src.cue_accumulation.train_cue_accumulation][INFO] - train epoch 062 loss 0.2905 accuracy 85.94
[2024-07-18 17:59:49,356][src.cue_accumulation.train_cue_accumulation][INFO] - 	 Starting Epoch:63 
[2024-07-18 17:59:50,438][src.cue_accumulation.train_cue_accumulation][INFO] - train epoch 063 loss 0.2475 accuracy 90.62
[2024-07-18 17:59:50,439][src.cue_accumulation.train_cue_accumulation][INFO] - 	 Starting Epoch:64 
[2024-07-18 17:59:51,520][src.cue_accumulation.train_cue_accumulation][INFO] - train epoch 064 loss 0.2808 accuracy 90.62
[2024-07-18 17:59:51,914][src.cue_accumulation.train_cue_accumulation][INFO] - 	 Starting Epoch:65 
[2024-07-18 17:59:53,001][src.cue_accumulation.train_cue_accumulation][INFO] - train epoch 065 loss 0.2933 accuracy 85.94
[2024-07-18 17:59:53,005][src.cue_accumulation.train_cue_accumulation][INFO] - 	 Starting Epoch:66 
[2024-07-18 17:59:54,084][src.cue_accumulation.train_cue_accumulation][INFO] - train epoch 066 loss 0.3081 accuracy 90.62
[2024-07-18 17:59:54,085][src.cue_accumulation.train_cue_accumulation][INFO] - 	 Starting Epoch:67 
[2024-07-18 17:59:55,163][src.cue_accumulation.train_cue_accumulation][INFO] - train epoch 067 loss 0.2049 accuracy 90.62
[2024-07-18 17:59:55,163][src.cue_accumulation.train_cue_accumulation][INFO] - 	 Starting Epoch:68 
[2024-07-18 17:59:56,243][src.cue_accumulation.train_cue_accumulation][INFO] - train epoch 068 loss 0.1200 accuracy 93.75
[2024-07-18 17:59:56,244][src.cue_accumulation.train_cue_accumulation][INFO] - 	 Starting Epoch:69 
[2024-07-18 17:59:57,326][src.cue_accumulation.train_cue_accumulation][INFO] - train epoch 069 loss 0.3378 accuracy 89.06
[2024-07-18 17:59:57,327][src.cue_accumulation.train_cue_accumulation][INFO] - 	 Starting Epoch:70 
[2024-07-18 17:59:58,406][src.cue_accumulation.train_cue_accumulation][INFO] - train epoch 070 loss 0.2298 accuracy 87.50
[2024-07-18 17:59:58,685][src.cue_accumulation.train_cue_accumulation][INFO] - 	 Starting Epoch:71 
[2024-07-18 17:59:59,765][src.cue_accumulation.train_cue_accumulation][INFO] - train epoch 071 loss 0.1723 accuracy 95.31
[2024-07-18 17:59:59,766][src.cue_accumulation.train_cue_accumulation][INFO] - 	 Starting Epoch:72 
[2024-07-18 18:00:00,848][src.cue_accumulation.train_cue_accumulation][INFO] - train epoch 072 loss 0.2589 accuracy 92.19
[2024-07-18 18:00:00,851][src.cue_accumulation.train_cue_accumulation][INFO] - 	 Starting Epoch:73 
[2024-07-18 18:00:01,929][src.cue_accumulation.train_cue_accumulation][INFO] - train epoch 073 loss 0.2429 accuracy 90.62
[2024-07-18 18:00:01,930][src.cue_accumulation.train_cue_accumulation][INFO] - 	 Starting Epoch:74 
[2024-07-18 18:00:03,050][src.cue_accumulation.train_cue_accumulation][INFO] - train epoch 074 loss 0.2728 accuracy 85.94
[2024-07-18 18:00:03,050][src.cue_accumulation.train_cue_accumulation][INFO] - 	 Starting Epoch:75 
[2024-07-18 18:00:04,153][src.cue_accumulation.train_cue_accumulation][INFO] - train epoch 075 loss 0.2895 accuracy 90.62
[2024-07-18 18:00:04,153][src.cue_accumulation.train_cue_accumulation][INFO] - 	 Starting Epoch:76 
[2024-07-18 18:00:05,260][src.cue_accumulation.train_cue_accumulation][INFO] - train epoch 076 loss 0.2555 accuracy 89.06
[2024-07-18 18:00:10,481][src.cue_accumulation.train_cue_accumulation][INFO] - eval  epoch 076 loss 0.1523 accuracy 93.95
[2024-07-18 18:00:10,484][src.cue_accumulation.train_cue_accumulation][INFO] - 	 Starting Epoch:77 
[2024-07-18 18:00:11,586][src.cue_accumulation.train_cue_accumulation][INFO] - train epoch 077 loss 0.1918 accuracy 93.75
[2024-07-18 18:00:11,586][src.cue_accumulation.train_cue_accumulation][INFO] - 	 Starting Epoch:78 
[2024-07-18 18:00:12,688][src.cue_accumulation.train_cue_accumulation][INFO] - train epoch 078 loss 0.1642 accuracy 93.75
[2024-07-18 18:00:12,688][src.cue_accumulation.train_cue_accumulation][INFO] - 	 Starting Epoch:79 
[2024-07-18 18:00:13,790][src.cue_accumulation.train_cue_accumulation][INFO] - train epoch 079 loss 0.2025 accuracy 89.06
[2024-07-18 18:00:13,791][src.cue_accumulation.train_cue_accumulation][INFO] - 	 Starting Epoch:80 
[2024-07-18 18:00:14,895][src.cue_accumulation.train_cue_accumulation][INFO] - train epoch 080 loss 0.1997 accuracy 90.62
[2024-07-18 18:00:14,895][src.cue_accumulation.train_cue_accumulation][INFO] - 	 Starting Epoch:81 
[2024-07-18 18:00:16,000][src.cue_accumulation.train_cue_accumulation][INFO] - train epoch 081 loss 0.2989 accuracy 90.62
[2024-07-18 18:00:16,001][src.cue_accumulation.train_cue_accumulation][INFO] - 	 Starting Epoch:82 
[2024-07-18 18:00:17,105][src.cue_accumulation.train_cue_accumulation][INFO] - train epoch 082 loss 0.1041 accuracy 95.31
[2024-07-18 18:00:17,231][src.cue_accumulation.train_cue_accumulation][INFO] - 	 Starting Epoch:83 
[2024-07-18 18:00:18,336][src.cue_accumulation.train_cue_accumulation][INFO] - train epoch 083 loss 0.3321 accuracy 89.06
[2024-07-18 18:00:18,339][src.cue_accumulation.train_cue_accumulation][INFO] - 	 Starting Epoch:84 
[2024-07-18 18:00:19,441][src.cue_accumulation.train_cue_accumulation][INFO] - train epoch 084 loss 0.1922 accuracy 93.75
[2024-07-18 18:00:19,441][src.cue_accumulation.train_cue_accumulation][INFO] - 	 Starting Epoch:85 
[2024-07-18 18:00:20,543][src.cue_accumulation.train_cue_accumulation][INFO] - train epoch 085 loss 0.2537 accuracy 92.19
[2024-07-18 18:00:20,543][src.cue_accumulation.train_cue_accumulation][INFO] - 	 Starting Epoch:86 
[2024-07-18 18:00:21,647][src.cue_accumulation.train_cue_accumulation][INFO] - train epoch 086 loss 0.2340 accuracy 89.06
[2024-07-18 18:00:21,647][src.cue_accumulation.train_cue_accumulation][INFO] - 	 Starting Epoch:87 
[2024-07-18 18:00:22,748][src.cue_accumulation.train_cue_accumulation][INFO] - train epoch 087 loss 0.3278 accuracy 89.06
[2024-07-18 18:00:22,749][src.cue_accumulation.train_cue_accumulation][INFO] - 	 Starting Epoch:88 
[2024-07-18 18:00:23,851][src.cue_accumulation.train_cue_accumulation][INFO] - train epoch 088 loss 0.1634 accuracy 92.19
[2024-07-18 18:00:24,105][src.cue_accumulation.train_cue_accumulation][INFO] - 	 Starting Epoch:89 
[2024-07-18 18:00:25,208][src.cue_accumulation.train_cue_accumulation][INFO] - train epoch 089 loss 0.4855 accuracy 84.38
[2024-07-18 18:00:25,208][src.cue_accumulation.train_cue_accumulation][INFO] - 	 Starting Epoch:90 
[2024-07-18 18:00:26,310][src.cue_accumulation.train_cue_accumulation][INFO] - train epoch 090 loss 0.2527 accuracy 93.75
[2024-07-18 18:00:26,314][src.cue_accumulation.train_cue_accumulation][INFO] - 	 Starting Epoch:91 
[2024-07-18 18:00:27,413][src.cue_accumulation.train_cue_accumulation][INFO] - train epoch 091 loss 0.2476 accuracy 92.19
[2024-07-18 18:00:27,413][src.cue_accumulation.train_cue_accumulation][INFO] - 	 Starting Epoch:92 
[2024-07-18 18:00:28,512][src.cue_accumulation.train_cue_accumulation][INFO] - train epoch 092 loss 0.2378 accuracy 87.50
[2024-07-18 18:00:28,513][src.cue_accumulation.train_cue_accumulation][INFO] - 	 Starting Epoch:93 
[2024-07-18 18:00:29,613][src.cue_accumulation.train_cue_accumulation][INFO] - train epoch 093 loss 0.1221 accuracy 96.88
[2024-07-18 18:00:29,614][src.cue_accumulation.train_cue_accumulation][INFO] - 	 Starting Epoch:94 
[2024-07-18 18:00:30,715][src.cue_accumulation.train_cue_accumulation][INFO] - train epoch 094 loss 0.2006 accuracy 90.62
[2024-07-18 18:00:31,163][src.cue_accumulation.train_cue_accumulation][INFO] - 	 Starting Epoch:95 
[2024-07-18 18:00:32,246][src.cue_accumulation.train_cue_accumulation][INFO] - train epoch 095 loss 0.2494 accuracy 89.06
[2024-07-18 18:00:32,247][src.cue_accumulation.train_cue_accumulation][INFO] - 	 Starting Epoch:96 
[2024-07-18 18:00:33,330][src.cue_accumulation.train_cue_accumulation][INFO] - train epoch 096 loss 0.0850 accuracy 95.31
[2024-07-18 18:00:33,331][src.cue_accumulation.train_cue_accumulation][INFO] - 	 Starting Epoch:97 
[2024-07-18 18:00:34,411][src.cue_accumulation.train_cue_accumulation][INFO] - train epoch 097 loss 0.1649 accuracy 96.88
[2024-07-18 18:00:34,414][src.cue_accumulation.train_cue_accumulation][INFO] - 	 Starting Epoch:98 
[2024-07-18 18:00:35,490][src.cue_accumulation.train_cue_accumulation][INFO] - train epoch 098 loss 0.1745 accuracy 93.75
[2024-07-18 18:00:35,491][src.cue_accumulation.train_cue_accumulation][INFO] - 	 Starting Epoch:99 
[2024-07-18 18:00:36,571][src.cue_accumulation.train_cue_accumulation][INFO] - train epoch 099 loss 0.1376 accuracy 95.31
[2024-07-18 18:00:36,571][src.cue_accumulation.train_cue_accumulation][INFO] - 	 Starting Epoch:100 
[2024-07-18 18:00:37,649][src.cue_accumulation.train_cue_accumulation][INFO] - train epoch 100 loss 0.1654 accuracy 96.88
[2024-07-18 18:00:38,748][src.cue_accumulation.train_cue_accumulation][INFO] - 	 Starting Epoch:101 
[2024-07-18 18:00:39,833][src.cue_accumulation.train_cue_accumulation][INFO] - train epoch 101 loss 0.2141 accuracy 93.75
[2024-07-18 18:00:44,548][src.cue_accumulation.train_cue_accumulation][INFO] - eval  epoch 101 loss 0.1737 accuracy 93.36
[2024-07-18 18:00:44,548][src.cue_accumulation.train_cue_accumulation][INFO] - 	 Starting Epoch:102 
[2024-07-18 18:00:45,633][src.cue_accumulation.train_cue_accumulation][INFO] - train epoch 102 loss 0.2106 accuracy 92.19
[2024-07-18 18:00:45,868][src.cue_accumulation.train_cue_accumulation][INFO] - 	 Starting Epoch:103 
[2024-07-18 18:00:46,951][src.cue_accumulation.train_cue_accumulation][INFO] - train epoch 103 loss 0.1499 accuracy 93.75
[2024-07-18 18:00:46,951][src.cue_accumulation.train_cue_accumulation][INFO] - 	 Starting Epoch:104 
[2024-07-18 18:00:48,040][src.cue_accumulation.train_cue_accumulation][INFO] - train epoch 104 loss 0.2036 accuracy 90.62
[2024-07-18 18:00:48,041][src.cue_accumulation.train_cue_accumulation][INFO] - 	 Starting Epoch:105 
[2024-07-18 18:00:49,129][src.cue_accumulation.train_cue_accumulation][INFO] - train epoch 105 loss 0.2147 accuracy 96.88
[2024-07-18 18:00:49,130][src.cue_accumulation.train_cue_accumulation][INFO] - 	 Starting Epoch:106 
[2024-07-18 18:00:50,215][src.cue_accumulation.train_cue_accumulation][INFO] - train epoch 106 loss 0.2067 accuracy 89.06
[2024-07-18 18:00:50,216][src.cue_accumulation.train_cue_accumulation][INFO] - 	 Starting Epoch:107 
[2024-07-18 18:00:51,304][src.cue_accumulation.train_cue_accumulation][INFO] - train epoch 107 loss 0.1944 accuracy 92.19
[2024-07-18 18:00:51,305][src.cue_accumulation.train_cue_accumulation][INFO] - 	 Starting Epoch:108 
[2024-07-18 18:00:52,390][src.cue_accumulation.train_cue_accumulation][INFO] - train epoch 108 loss 0.1777 accuracy 92.19
[2024-07-18 18:00:52,750][src.cue_accumulation.train_cue_accumulation][INFO] - 	 Starting Epoch:109 
[2024-07-18 18:00:53,836][src.cue_accumulation.train_cue_accumulation][INFO] - train epoch 109 loss 0.1160 accuracy 96.88
[2024-07-18 18:00:53,837][src.cue_accumulation.train_cue_accumulation][INFO] - 	 Starting Epoch:110 
[2024-07-18 18:00:54,920][src.cue_accumulation.train_cue_accumulation][INFO] - train epoch 110 loss 0.1291 accuracy 95.31
[2024-07-18 18:00:54,921][src.cue_accumulation.train_cue_accumulation][INFO] - 	 Starting Epoch:111 
[2024-07-18 18:00:56,002][src.cue_accumulation.train_cue_accumulation][INFO] - train epoch 111 loss 0.2436 accuracy 95.31
[2024-07-18 18:00:56,003][src.cue_accumulation.train_cue_accumulation][INFO] - 	 Starting Epoch:112 
[2024-07-18 18:00:57,089][src.cue_accumulation.train_cue_accumulation][INFO] - train epoch 112 loss 0.1029 accuracy 96.88
[2024-07-18 18:00:57,090][src.cue_accumulation.train_cue_accumulation][INFO] - 	 Starting Epoch:113 
[2024-07-18 18:00:58,180][src.cue_accumulation.train_cue_accumulation][INFO] - train epoch 113 loss 0.3379 accuracy 87.50
[2024-07-18 18:00:58,180][src.cue_accumulation.train_cue_accumulation][INFO] - 	 Starting Epoch:114 
[2024-07-18 18:00:59,264][src.cue_accumulation.train_cue_accumulation][INFO] - train epoch 114 loss 0.1477 accuracy 98.44
[2024-07-18 18:00:59,504][src.cue_accumulation.train_cue_accumulation][INFO] - 	 Starting Epoch:115 
[2024-07-18 18:01:00,592][src.cue_accumulation.train_cue_accumulation][INFO] - train epoch 115 loss 0.1104 accuracy 95.31
[2024-07-18 18:01:00,595][src.cue_accumulation.train_cue_accumulation][INFO] - 	 Starting Epoch:116 
[2024-07-18 18:01:01,679][src.cue_accumulation.train_cue_accumulation][INFO] - train epoch 116 loss 0.1577 accuracy 93.75
[2024-07-18 18:01:01,680][src.cue_accumulation.train_cue_accumulation][INFO] - 	 Starting Epoch:117 
[2024-07-18 18:01:02,799][src.cue_accumulation.train_cue_accumulation][INFO] - train epoch 117 loss 0.0817 accuracy 96.88
[2024-07-18 18:01:02,800][src.cue_accumulation.train_cue_accumulation][INFO] - 	 Starting Epoch:118 
[2024-07-18 18:01:03,904][src.cue_accumulation.train_cue_accumulation][INFO] - train epoch 118 loss 0.1866 accuracy 93.75
[2024-07-18 18:01:03,905][src.cue_accumulation.train_cue_accumulation][INFO] - 	 Starting Epoch:119 
[2024-07-18 18:01:05,009][src.cue_accumulation.train_cue_accumulation][INFO] - train epoch 119 loss 0.2197 accuracy 93.75
[2024-07-18 18:01:05,009][src.cue_accumulation.train_cue_accumulation][INFO] - 	 Starting Epoch:120 
[2024-07-18 18:01:06,111][src.cue_accumulation.train_cue_accumulation][INFO] - train epoch 120 loss 0.1906 accuracy 93.75
[2024-07-18 18:01:06,687][src.cue_accumulation.train_cue_accumulation][INFO] - 	 Starting Epoch:121 
[2024-07-18 18:01:07,790][src.cue_accumulation.train_cue_accumulation][INFO] - train epoch 121 loss 0.1365 accuracy 93.75
[2024-07-18 18:01:07,790][src.cue_accumulation.train_cue_accumulation][INFO] - 	 Starting Epoch:122 
[2024-07-18 18:01:08,895][src.cue_accumulation.train_cue_accumulation][INFO] - train epoch 122 loss 0.1419 accuracy 95.31
[2024-07-18 18:01:08,899][src.cue_accumulation.train_cue_accumulation][INFO] - 	 Starting Epoch:123 
[2024-07-18 18:01:09,998][src.cue_accumulation.train_cue_accumulation][INFO] - train epoch 123 loss 0.1386 accuracy 95.31
[2024-07-18 18:01:09,999][src.cue_accumulation.train_cue_accumulation][INFO] - 	 Starting Epoch:124 
[2024-07-18 18:01:11,098][src.cue_accumulation.train_cue_accumulation][INFO] - train epoch 124 loss 0.2160 accuracy 90.62
[2024-07-18 18:01:11,099][src.cue_accumulation.train_cue_accumulation][INFO] - 	 Starting Epoch:125 
[2024-07-18 18:01:12,200][src.cue_accumulation.train_cue_accumulation][INFO] - train epoch 125 loss 0.1127 accuracy 95.31
[2024-07-18 18:01:12,201][src.cue_accumulation.train_cue_accumulation][INFO] - 	 Starting Epoch:126 
[2024-07-18 18:01:13,302][src.cue_accumulation.train_cue_accumulation][INFO] - train epoch 126 loss 0.1983 accuracy 96.88
[2024-07-18 18:01:18,404][src.cue_accumulation.train_cue_accumulation][INFO] - eval  epoch 126 loss 0.1677 accuracy 93.36
[2024-07-18 18:01:18,406][src.cue_accumulation.train_cue_accumulation][INFO] - 	 Starting Epoch:127 
[2024-07-18 18:01:19,506][src.cue_accumulation.train_cue_accumulation][INFO] - train epoch 127 loss 0.1571 accuracy 95.31
[2024-07-18 18:01:19,507][src.cue_accumulation.train_cue_accumulation][INFO] - 	 Starting Epoch:128 
[2024-07-18 18:01:20,608][src.cue_accumulation.train_cue_accumulation][INFO] - train epoch 128 loss 0.1455 accuracy 96.88
[2024-07-18 18:01:20,707][src.cue_accumulation.train_cue_accumulation][INFO] - 	 Starting Epoch:129 
[2024-07-18 18:01:21,809][src.cue_accumulation.train_cue_accumulation][INFO] - train epoch 129 loss 0.3060 accuracy 90.62
[2024-07-18 18:01:21,810][src.cue_accumulation.train_cue_accumulation][INFO] - 	 Starting Epoch:130 
[2024-07-18 18:01:22,913][src.cue_accumulation.train_cue_accumulation][INFO] - train epoch 130 loss 0.0606 accuracy 96.88
[2024-07-18 18:01:22,913][src.cue_accumulation.train_cue_accumulation][INFO] - 	 Starting Epoch:131 
[2024-07-18 18:01:24,016][src.cue_accumulation.train_cue_accumulation][INFO] - train epoch 131 loss 0.2213 accuracy 92.19
[2024-07-18 18:01:24,016][src.cue_accumulation.train_cue_accumulation][INFO] - 	 Starting Epoch:132 
[2024-07-18 18:01:25,119][src.cue_accumulation.train_cue_accumulation][INFO] - train epoch 132 loss 0.1468 accuracy 92.19
[2024-07-18 18:01:25,420][src.cue_accumulation.train_cue_accumulation][INFO] - 	 Starting Epoch:133 
[2024-07-18 18:01:26,523][src.cue_accumulation.train_cue_accumulation][INFO] - train epoch 133 loss 0.1914 accuracy 92.19
[2024-07-18 18:01:26,527][src.cue_accumulation.train_cue_accumulation][INFO] - 	 Starting Epoch:134 
[2024-07-18 18:01:27,628][src.cue_accumulation.train_cue_accumulation][INFO] - train epoch 134 loss 0.0940 accuracy 96.88
[2024-07-18 18:01:27,641][src.cue_accumulation.train_cue_accumulation][INFO] - 	 Starting Epoch:135 
[2024-07-18 18:01:28,742][src.cue_accumulation.train_cue_accumulation][INFO] - train epoch 135 loss 0.1464 accuracy 95.31
[2024-07-18 18:01:28,743][src.cue_accumulation.train_cue_accumulation][INFO] - 	 Starting Epoch:136 
[2024-07-18 18:01:29,848][src.cue_accumulation.train_cue_accumulation][INFO] - train epoch 136 loss 0.0627 accuracy 95.31
[2024-07-18 18:01:29,848][src.cue_accumulation.train_cue_accumulation][INFO] - 	 Starting Epoch:137 
[2024-07-18 18:01:30,951][src.cue_accumulation.train_cue_accumulation][INFO] - train epoch 137 loss 0.2157 accuracy 93.75
[2024-07-18 18:01:30,952][src.cue_accumulation.train_cue_accumulation][INFO] - 	 Starting Epoch:138 
[2024-07-18 18:01:32,041][src.cue_accumulation.train_cue_accumulation][INFO] - train epoch 138 loss 0.0637 accuracy 96.88
[2024-07-18 18:01:32,163][src.cue_accumulation.train_cue_accumulation][INFO] - 	 Starting Epoch:139 
[2024-07-18 18:01:33,250][src.cue_accumulation.train_cue_accumulation][INFO] - train epoch 139 loss 0.1709 accuracy 95.31
[2024-07-18 18:01:33,251][src.cue_accumulation.train_cue_accumulation][INFO] - 	 Starting Epoch:140 
[2024-07-18 18:01:34,343][src.cue_accumulation.train_cue_accumulation][INFO] - train epoch 140 loss 0.1049 accuracy 98.44
[2024-07-18 18:01:34,827][src.cue_accumulation.train_cue_accumulation][INFO] - 	 Starting Epoch:141 
[2024-07-18 18:01:35,910][src.cue_accumulation.train_cue_accumulation][INFO] - train epoch 141 loss 0.1589 accuracy 90.62
[2024-07-18 18:01:35,911][src.cue_accumulation.train_cue_accumulation][INFO] - 	 Starting Epoch:142 
[2024-07-18 18:01:36,997][src.cue_accumulation.train_cue_accumulation][INFO] - train epoch 142 loss 0.1214 accuracy 96.88
[2024-07-18 18:01:36,998][src.cue_accumulation.train_cue_accumulation][INFO] - 	 Starting Epoch:143 
[2024-07-18 18:01:38,090][src.cue_accumulation.train_cue_accumulation][INFO] - train epoch 143 loss 0.1710 accuracy 95.31
[2024-07-18 18:01:38,090][src.cue_accumulation.train_cue_accumulation][INFO] - 	 Starting Epoch:144 
[2024-07-18 18:01:39,187][src.cue_accumulation.train_cue_accumulation][INFO] - train epoch 144 loss 0.1495 accuracy 95.31
[2024-07-18 18:01:39,415][src.cue_accumulation.train_cue_accumulation][INFO] - 	 Starting Epoch:145 
[2024-07-18 18:01:40,510][src.cue_accumulation.train_cue_accumulation][INFO] - train epoch 145 loss 0.1082 accuracy 96.88
[2024-07-18 18:01:40,511][src.cue_accumulation.train_cue_accumulation][INFO] - 	 Starting Epoch:146 
[2024-07-18 18:01:41,606][src.cue_accumulation.train_cue_accumulation][INFO] - train epoch 146 loss 0.1370 accuracy 96.88
[2024-07-18 18:01:43,265][src.cue_accumulation.train_cue_accumulation][INFO] - 	 Starting Epoch:147 
[2024-07-18 18:01:44,359][src.cue_accumulation.train_cue_accumulation][INFO] - train epoch 147 loss 0.1523 accuracy 93.75
[2024-07-18 18:01:44,362][src.cue_accumulation.train_cue_accumulation][INFO] - 	 Starting Epoch:148 
[2024-07-18 18:01:45,448][src.cue_accumulation.train_cue_accumulation][INFO] - train epoch 148 loss 0.2020 accuracy 90.62
[2024-07-18 18:01:46,119][src.cue_accumulation.train_cue_accumulation][INFO] - 	 Starting Epoch:149 
[2024-07-18 18:01:47,203][src.cue_accumulation.train_cue_accumulation][INFO] - train epoch 149 loss 0.3353 accuracy 90.62
[2024-07-18 18:01:47,203][src.cue_accumulation.train_cue_accumulation][INFO] - 	 Starting Epoch:150 
[2024-07-18 18:01:48,291][src.cue_accumulation.train_cue_accumulation][INFO] - train epoch 150 loss 0.1101 accuracy 96.88
[2024-07-18 18:01:48,291][src.cue_accumulation.train_cue_accumulation][INFO] - 	 Starting Epoch:151 
[2024-07-18 18:01:49,378][src.cue_accumulation.train_cue_accumulation][INFO] - train epoch 151 loss 0.1801 accuracy 90.62
[2024-07-18 18:01:54,431][src.cue_accumulation.train_cue_accumulation][INFO] - eval  epoch 151 loss 0.1586 accuracy 93.16
[2024-07-18 18:01:54,516][src.cue_accumulation.train_cue_accumulation][INFO] - 	 Starting Epoch:152 
[2024-07-18 18:01:55,606][src.cue_accumulation.train_cue_accumulation][INFO] - train epoch 152 loss 0.1326 accuracy 93.75
[2024-07-18 18:01:55,607][src.cue_accumulation.train_cue_accumulation][INFO] - 	 Starting Epoch:153 
[2024-07-18 18:01:56,701][src.cue_accumulation.train_cue_accumulation][INFO] - train epoch 153 loss 0.1095 accuracy 96.88
[2024-07-18 18:01:56,701][src.cue_accumulation.train_cue_accumulation][INFO] - 	 Starting Epoch:154 
[2024-07-18 18:01:57,793][src.cue_accumulation.train_cue_accumulation][INFO] - train epoch 154 loss 0.1991 accuracy 92.19
[2024-07-18 18:01:57,793][src.cue_accumulation.train_cue_accumulation][INFO] - 	 Starting Epoch:155 
[2024-07-18 18:01:58,882][src.cue_accumulation.train_cue_accumulation][INFO] - train epoch 155 loss 0.1596 accuracy 95.31
[2024-07-18 18:01:58,882][src.cue_accumulation.train_cue_accumulation][INFO] - 	 Starting Epoch:156 
[2024-07-18 18:01:59,973][src.cue_accumulation.train_cue_accumulation][INFO] - train epoch 156 loss 0.1022 accuracy 98.44
[2024-07-18 18:01:59,973][src.cue_accumulation.train_cue_accumulation][INFO] - 	 Starting Epoch:157 
[2024-07-18 18:02:01,062][src.cue_accumulation.train_cue_accumulation][INFO] - train epoch 157 loss 0.1629 accuracy 95.31
[2024-07-18 18:02:01,521][src.cue_accumulation.train_cue_accumulation][INFO] - 	 Starting Epoch:158 
[2024-07-18 18:02:02,629][src.cue_accumulation.train_cue_accumulation][INFO] - train epoch 158 loss 0.0913 accuracy 95.31
[2024-07-18 18:02:02,633][src.cue_accumulation.train_cue_accumulation][INFO] - 	 Starting Epoch:159 
[2024-07-18 18:02:03,741][src.cue_accumulation.train_cue_accumulation][INFO] - train epoch 159 loss 0.1282 accuracy 95.31
[2024-07-18 18:02:03,741][src.cue_accumulation.train_cue_accumulation][INFO] - 	 Starting Epoch:160 
[2024-07-18 18:02:04,848][src.cue_accumulation.train_cue_accumulation][INFO] - train epoch 160 loss 0.1867 accuracy 89.06
[2024-07-18 18:02:04,848][src.cue_accumulation.train_cue_accumulation][INFO] - 	 Starting Epoch:161 
[2024-07-18 18:02:05,954][src.cue_accumulation.train_cue_accumulation][INFO] - train epoch 161 loss 0.2766 accuracy 90.62
[2024-07-18 18:02:05,955][src.cue_accumulation.train_cue_accumulation][INFO] - 	 Starting Epoch:162 
[2024-07-18 18:02:07,063][src.cue_accumulation.train_cue_accumulation][INFO] - train epoch 162 loss 0.1715 accuracy 93.75
[2024-07-18 18:02:07,063][src.cue_accumulation.train_cue_accumulation][INFO] - 	 Starting Epoch:163 
[2024-07-18 18:02:08,171][src.cue_accumulation.train_cue_accumulation][INFO] - train epoch 163 loss 0.1184 accuracy 95.31
[2024-07-18 18:02:08,369][src.cue_accumulation.train_cue_accumulation][INFO] - 	 Starting Epoch:164 
[2024-07-18 18:02:09,478][src.cue_accumulation.train_cue_accumulation][INFO] - train epoch 164 loss 0.1562 accuracy 95.31
[2024-07-18 18:02:09,478][src.cue_accumulation.train_cue_accumulation][INFO] - 	 Starting Epoch:165 
[2024-07-18 18:02:10,586][src.cue_accumulation.train_cue_accumulation][INFO] - train epoch 165 loss 0.0926 accuracy 95.31
[2024-07-18 18:02:10,590][src.cue_accumulation.train_cue_accumulation][INFO] - 	 Starting Epoch:166 
[2024-07-18 18:02:11,694][src.cue_accumulation.train_cue_accumulation][INFO] - train epoch 166 loss 0.2116 accuracy 95.31
[2024-07-18 18:02:11,695][src.cue_accumulation.train_cue_accumulation][INFO] - 	 Starting Epoch:167 
[2024-07-18 18:02:12,800][src.cue_accumulation.train_cue_accumulation][INFO] - train epoch 167 loss 0.1479 accuracy 92.19
[2024-07-18 18:02:12,801][src.cue_accumulation.train_cue_accumulation][INFO] - 	 Starting Epoch:168 
[2024-07-18 18:02:13,908][src.cue_accumulation.train_cue_accumulation][INFO] - train epoch 168 loss 0.0706 accuracy 96.88
[2024-07-18 18:02:13,908][src.cue_accumulation.train_cue_accumulation][INFO] - 	 Starting Epoch:169 
[2024-07-18 18:02:15,018][src.cue_accumulation.train_cue_accumulation][INFO] - train epoch 169 loss 0.0580 accuracy 98.44
[2024-07-18 18:02:15,405][src.cue_accumulation.train_cue_accumulation][INFO] - 	 Starting Epoch:170 
[2024-07-18 18:02:16,514][src.cue_accumulation.train_cue_accumulation][INFO] - train epoch 170 loss 0.1142 accuracy 96.88
[2024-07-18 18:02:16,514][src.cue_accumulation.train_cue_accumulation][INFO] - 	 Starting Epoch:171 
[2024-07-18 18:02:17,623][src.cue_accumulation.train_cue_accumulation][INFO] - train epoch 171 loss 0.2306 accuracy 93.75
[2024-07-18 18:02:17,624][src.cue_accumulation.train_cue_accumulation][INFO] - 	 Starting Epoch:172 
[2024-07-18 18:02:18,734][src.cue_accumulation.train_cue_accumulation][INFO] - train epoch 172 loss 0.1337 accuracy 95.31
[2024-07-18 18:02:18,737][src.cue_accumulation.train_cue_accumulation][INFO] - 	 Starting Epoch:173 
[2024-07-18 18:02:19,842][src.cue_accumulation.train_cue_accumulation][INFO] - train epoch 173 loss 0.1826 accuracy 92.19
[2024-07-18 18:02:19,842][src.cue_accumulation.train_cue_accumulation][INFO] - 	 Starting Epoch:174 
[2024-07-18 18:02:20,950][src.cue_accumulation.train_cue_accumulation][INFO] - train epoch 174 loss 0.1624 accuracy 96.88
[2024-07-18 18:02:20,950][src.cue_accumulation.train_cue_accumulation][INFO] - 	 Starting Epoch:175 
[2024-07-18 18:02:22,059][src.cue_accumulation.train_cue_accumulation][INFO] - train epoch 175 loss 0.1711 accuracy 93.75
[2024-07-18 18:02:22,247][src.cue_accumulation.train_cue_accumulation][INFO] - 	 Starting Epoch:176 
[2024-07-18 18:02:23,356][src.cue_accumulation.train_cue_accumulation][INFO] - train epoch 176 loss 0.1629 accuracy 96.88
[2024-07-18 18:02:28,295][src.cue_accumulation.train_cue_accumulation][INFO] - eval  epoch 176 loss 0.1163 accuracy 96.09
[2024-07-18 18:02:34,490][src.cue_accumulation.train_cue_accumulation][INFO] - eval  epoch 176 loss 0.1025 accuracy 95.70
[2024-07-18 18:02:39,739][src.cue_accumulation.train_cue_accumulation][INFO] - eval  epoch 176 loss 0.1179 accuracy 95.70
[2024-07-18 18:02:44,964][src.cue_accumulation.train_cue_accumulation][INFO] - eval  epoch 176 loss 0.1316 accuracy 95.90
[2024-07-18 18:02:45,104][src.cue_accumulation.train_cue_accumulation][INFO] - Met early stopping criteria, breaking at epoch 176
[2024-07-18 18:02:50,218][src.cue_accumulation.train_cue_accumulation][INFO] - firing rate eval set  average 19.4 max 50.6 min 0.0
