[2024-07-23 13:11:59,120][src.train.train_pattern_generation][INFO] - Starting training...
[2024-07-23 13:11:59,122][src.train.train_pattern_generation][INFO] - 	 Starting Epoch:1 
[2024-07-23 13:21:16,817][src.train.train_pattern_generation][INFO] - Starting training...
[2024-07-23 13:21:16,818][src.train.train_pattern_generation][INFO] - 	 Starting Epoch:1 
[2024-07-23 13:21:20,553][src.train.train_pattern_generation][INFO] - train epoch 001 MSE 14.5880 NMSE 29.176
[2024-07-23 13:21:21,083][src.train.train_pattern_generation][INFO] - eval  epoch 001 MSE 0.7750 nMSE 1.55
[2024-07-23 13:21:21,084][src.train.train_pattern_generation][INFO] - 	 Starting Epoch:2 
[2024-07-23 13:21:23,495][src.train.train_pattern_generation][INFO] - train epoch 002 MSE 0.5926 NMSE 1.185
[2024-07-23 13:21:23,501][src.train.train_pattern_generation][INFO] - 	 Starting Epoch:3 
[2024-07-23 13:21:26,142][src.train.train_pattern_generation][INFO] - train epoch 003 MSE 0.5262 NMSE 1.052
[2024-07-23 13:21:26,144][src.train.train_pattern_generation][INFO] - 	 Starting Epoch:4 
[2024-07-23 13:21:28,572][src.train.train_pattern_generation][INFO] - train epoch 004 MSE 0.5270 NMSE 1.054
[2024-07-23 13:21:28,574][src.train.train_pattern_generation][INFO] - 	 Starting Epoch:5 
[2024-07-23 13:21:31,143][src.train.train_pattern_generation][INFO] - train epoch 005 MSE 0.5246 NMSE 1.049
[2024-07-23 13:21:31,145][src.train.train_pattern_generation][INFO] - 	 Starting Epoch:6 
[2024-07-23 13:21:33,838][src.train.train_pattern_generation][INFO] - train epoch 006 MSE 0.5232 NMSE 1.046
[2024-07-23 13:21:33,841][src.train.train_pattern_generation][INFO] - 	 Starting Epoch:7 
[2024-07-23 13:21:36,434][src.train.train_pattern_generation][INFO] - train epoch 007 MSE 0.5205 NMSE 1.041
[2024-07-23 13:21:36,436][src.train.train_pattern_generation][INFO] - 	 Starting Epoch:8 
[2024-07-23 13:21:38,890][src.train.train_pattern_generation][INFO] - train epoch 008 MSE 0.5223 NMSE 1.045
[2024-07-23 13:21:38,892][src.train.train_pattern_generation][INFO] - 	 Starting Epoch:9 
[2024-07-23 13:21:41,363][src.train.train_pattern_generation][INFO] - train epoch 009 MSE 0.5236 NMSE 1.047
[2024-07-23 13:21:41,366][src.train.train_pattern_generation][INFO] - 	 Starting Epoch:10 
[2024-07-23 13:21:43,824][src.train.train_pattern_generation][INFO] - train epoch 010 MSE 0.5224 NMSE 1.045
[2024-07-23 13:21:46,320][src.train.train_pattern_generation][INFO] - firing rate eval set  average 167.5 max 334.0 min 0.0
[2024-07-23 13:22:39,552][src.train.train_pattern_generation][INFO] - Starting training...
[2024-07-23 13:22:39,553][src.train.train_pattern_generation][INFO] - 	 Starting Epoch:1 
[2024-07-23 13:22:43,036][src.train.train_pattern_generation][INFO] - train epoch 001 MSE 27.1450 NMSE 54.290
[2024-07-23 13:22:43,454][src.train.train_pattern_generation][INFO] - eval  epoch 001 MSE 0.8471 nMSE 1.69
[2024-07-23 13:22:43,455][src.train.train_pattern_generation][INFO] - 	 Starting Epoch:2 
[2024-07-23 13:22:45,800][src.train.train_pattern_generation][INFO] - train epoch 002 MSE 0.6313 NMSE 1.263
[2024-07-23 13:22:45,802][src.train.train_pattern_generation][INFO] - 	 Starting Epoch:3 
[2024-07-23 13:22:48,188][src.train.train_pattern_generation][INFO] - train epoch 003 MSE 0.5729 NMSE 1.146
[2024-07-23 13:22:48,190][src.train.train_pattern_generation][INFO] - 	 Starting Epoch:4 
[2024-07-23 13:22:50,581][src.train.train_pattern_generation][INFO] - train epoch 004 MSE 0.5328 NMSE 1.066
[2024-07-23 13:22:50,583][src.train.train_pattern_generation][INFO] - 	 Starting Epoch:5 
[2024-07-23 13:22:52,977][src.train.train_pattern_generation][INFO] - train epoch 005 MSE 0.5275 NMSE 1.055
[2024-07-23 13:22:52,979][src.train.train_pattern_generation][INFO] - 	 Starting Epoch:6 
[2024-07-23 13:22:55,372][src.train.train_pattern_generation][INFO] - train epoch 006 MSE 0.5299 NMSE 1.060
[2024-07-23 13:22:55,374][src.train.train_pattern_generation][INFO] - 	 Starting Epoch:7 
[2024-07-23 13:22:57,783][src.train.train_pattern_generation][INFO] - train epoch 007 MSE 0.5264 NMSE 1.053
[2024-07-23 13:22:57,785][src.train.train_pattern_generation][INFO] - 	 Starting Epoch:8 
[2024-07-23 13:23:00,215][src.train.train_pattern_generation][INFO] - train epoch 008 MSE 0.5333 NMSE 1.067
[2024-07-23 13:23:00,217][src.train.train_pattern_generation][INFO] - 	 Starting Epoch:9 
[2024-07-23 13:23:02,637][src.train.train_pattern_generation][INFO] - train epoch 009 MSE 0.5311 NMSE 1.062
[2024-07-23 13:23:02,640][src.train.train_pattern_generation][INFO] - 	 Starting Epoch:10 
[2024-07-23 13:23:05,063][src.train.train_pattern_generation][INFO] - train epoch 010 MSE 0.5278 NMSE 1.056
[2024-07-23 13:23:06,866][src.train.train_pattern_generation][INFO] - firing rate eval set  average 157.1 max 334.0 min 0.0
[2024-07-23 13:28:04,656][src.train.train_pattern_generation][INFO] - Starting training...
[2024-07-23 13:28:04,657][src.train.train_pattern_generation][INFO] - 	 Starting Epoch:1 
[2024-07-23 13:28:09,158][src.train.train_pattern_generation][INFO] - train epoch 001 MSE 30.2919 NMSE 60.584
[2024-07-23 13:28:09,587][src.train.train_pattern_generation][INFO] - eval  epoch 001 MSE 0.6541 nMSE 1.31
[2024-07-23 13:28:11,343][src.train.train_pattern_generation][INFO] - firing rate eval set  average 135.7 max 334.0 min 0.0
[2024-07-23 13:39:02,966][src.train.train_pattern_generation][INFO] - Starting training...
[2024-07-23 13:39:02,967][src.train.train_pattern_generation][INFO] - 	 Starting Epoch:1 
[2024-07-23 13:39:06,787][src.train.train_pattern_generation][INFO] - train epoch 001 MSE 27.5152 NMSE 55.030
[2024-07-23 13:39:07,210][src.train.train_pattern_generation][INFO] - eval  epoch 001 MSE 0.8477 nMSE 1.70
[2024-07-23 13:39:09,042][src.train.train_pattern_generation][INFO] - firing rate eval set  average 159.8 max 334.0 min 0.0
[2024-07-23 13:51:57,163][src.train.train_pattern_generation][INFO] - Starting training...
[2024-07-23 13:51:57,165][src.train.train_pattern_generation][INFO] - 	 Starting Epoch:1 
[2024-07-23 13:52:01,268][src.train.train_pattern_generation][INFO] - train epoch 001 MSE 26.9046 NMSE 53.809
[2024-07-23 13:52:01,697][src.train.train_pattern_generation][INFO] - eval  epoch 001 MSE 0.6305 nMSE 1.26
[2024-07-23 13:52:01,697][src.train.train_pattern_generation][INFO] - 	 Starting Epoch:2 
[2024-07-23 13:52:04,244][src.train.train_pattern_generation][INFO] - train epoch 002 MSE 0.6057 NMSE 1.211
[2024-07-23 13:52:06,820][src.train.train_pattern_generation][INFO] - firing rate eval set  average 146.5 max 334.0 min 0.0
[2024-07-23 13:53:06,318][src.train.train_pattern_generation][INFO] - Starting training...
[2024-07-23 13:53:06,319][src.train.train_pattern_generation][INFO] - 	 Starting Epoch:1 
[2024-07-23 13:53:10,368][src.train.train_pattern_generation][INFO] - train epoch 001 MSE 27.2979 NMSE 54.596
[2024-07-23 13:53:10,803][src.train.train_pattern_generation][INFO] - eval  epoch 001 MSE 0.7121 nMSE 1.42
[2024-07-23 13:53:10,804][src.train.train_pattern_generation][INFO] - 	 Starting Epoch:2 
[2024-07-23 13:53:13,522][src.train.train_pattern_generation][INFO] - train epoch 002 MSE 0.8651 NMSE 1.730
[2024-07-23 13:53:15,426][src.train.train_pattern_generation][INFO] - firing rate eval set  average 137.9 max 334.0 min 0.0
[2024-07-23 13:53:33,827][src.train.train_pattern_generation][INFO] - Starting training...
[2024-07-23 13:53:33,828][src.train.train_pattern_generation][INFO] - 	 Starting Epoch:1 
[2024-07-23 13:54:03,114][src.train.train_pattern_generation][INFO] - Starting training...
[2024-07-23 13:54:03,115][src.train.train_pattern_generation][INFO] - 	 Starting Epoch:1 
[2024-07-23 13:54:07,358][src.train.train_pattern_generation][INFO] - train epoch 001 MSE 25.6816 NMSE 51.363
[2024-07-23 13:54:07,801][src.train.train_pattern_generation][INFO] - eval  epoch 001 MSE 0.6491 nMSE 1.30
[2024-07-23 13:54:07,801][src.train.train_pattern_generation][INFO] - 	 Starting Epoch:2 
[2024-07-23 13:54:10,607][src.train.train_pattern_generation][INFO] - train epoch 002 MSE 0.7719 NMSE 1.544
[2024-07-23 13:54:12,601][src.train.train_pattern_generation][INFO] - firing rate eval set  average 143.0 max 334.0 min 0.0
[2024-07-23 13:58:08,496][src.train.train_pattern_generation][INFO] - Starting training...
[2024-07-23 13:58:08,496][src.train.train_pattern_generation][INFO] - 	 Starting Epoch:1 
[2024-07-23 13:58:14,069][src.train.train_pattern_generation][INFO] - train epoch 001 MSE 3.4429 NMSE 6.886
[2024-07-23 13:58:14,510][src.train.train_pattern_generation][INFO] - eval  epoch 001 MSE 2.2482 nMSE 4.50
[2024-07-23 13:58:14,511][src.train.train_pattern_generation][INFO] - 	 Starting Epoch:2 
[2024-07-23 13:58:18,775][src.train.train_pattern_generation][INFO] - train epoch 002 MSE 1.8353 NMSE 3.671
[2024-07-23 13:58:20,657][src.train.train_pattern_generation][INFO] - firing rate eval set  average 142.8 max 334.0 min 0.0
[2024-07-23 19:45:29,934][src.train.train_pattern_generation][INFO] - Starting training...
[2024-07-23 19:45:29,935][src.train.train_pattern_generation][INFO] - 	 Starting Epoch:1 
[2024-07-23 19:45:35,582][src.train.train_pattern_generation][INFO] - train epoch 001 MSE 1.6689 NMSE 3.338
[2024-07-23 19:45:35,946][src.train.train_pattern_generation][INFO] - eval  epoch 001 MSE 0.9251 nMSE 1.85
[2024-07-23 19:45:35,946][src.train.train_pattern_generation][INFO] - 	 Starting Epoch:2 
[2024-07-23 19:45:40,248][src.train.train_pattern_generation][INFO] - train epoch 002 MSE 0.8180 NMSE 1.636
[2024-07-23 19:45:42,565][src.train.train_pattern_generation][INFO] - firing rate eval set  average 176.2 max 334.0 min 0.0
[2024-07-23 19:46:59,670][src.train.train_pattern_generation][INFO] - Starting training...
[2024-07-23 19:46:59,670][src.train.train_pattern_generation][INFO] - 	 Starting Epoch:1 
[2024-07-23 19:47:04,618][src.train.train_pattern_generation][INFO] - train epoch 001 MSE 2.6938 NMSE 5.388
[2024-07-23 19:47:04,998][src.train.train_pattern_generation][INFO] - eval  epoch 001 MSE 1.3968 nMSE 2.79
[2024-07-23 19:47:05,000][src.train.train_pattern_generation][INFO] - 	 Starting Epoch:2 
[2024-07-23 19:47:08,906][src.train.train_pattern_generation][INFO] - train epoch 002 MSE 1.0024 NMSE 2.005
[2024-07-23 19:47:10,563][src.train.train_pattern_generation][INFO] - firing rate eval set  average 166.9 max 330.0 min 0.0
[2024-07-23 19:52:16,956][src.train.train_pattern_generation][INFO] - Starting training...
[2024-07-23 19:52:16,956][src.train.train_pattern_generation][INFO] - 	 Starting Epoch:1 
[2024-07-23 19:52:21,882][src.train.train_pattern_generation][INFO] - train epoch 001 MSE 1.9693 NMSE 3.939
[2024-07-23 19:52:22,245][src.train.train_pattern_generation][INFO] - eval  epoch 001 MSE 0.9643 nMSE 1.93
[2024-07-23 19:52:22,245][src.train.train_pattern_generation][INFO] - 	 Starting Epoch:2 
[2024-07-23 19:52:26,084][src.train.train_pattern_generation][INFO] - train epoch 002 MSE 0.8401 NMSE 1.680
[2024-07-23 19:52:28,216][src.train.train_pattern_generation][INFO] - firing rate eval set  average 163.6 max 334.0 min 0.0
