[2024-07-22 15:21:56,027][src.train.train_cue_accumulation][INFO] - Starting training...
[2024-07-22 15:21:56,029][src.train.train_cue_accumulation][INFO] - 	 Starting Epoch:1 
[2024-07-22 15:21:58,967][src.train.train_cue_accumulation][INFO] - train epoch 001 loss 0.6759 accuracy 64.06
[2024-07-22 15:22:04,817][src.train.train_cue_accumulation][INFO] - eval  epoch 001 loss 0.7073 accuracy 47.85
[2024-07-22 15:22:04,819][src.train.train_cue_accumulation][INFO] - 	 Starting Epoch:2 
[2024-07-22 15:22:06,147][src.train.train_cue_accumulation][INFO] - train epoch 002 loss 0.7162 accuracy 45.31
[2024-07-22 15:22:06,230][src.train.train_cue_accumulation][INFO] - 	 Starting Epoch:3 
[2024-07-22 15:22:07,556][src.train.train_cue_accumulation][INFO] - train epoch 003 loss 0.7240 accuracy 42.19
[2024-07-22 15:22:07,556][src.train.train_cue_accumulation][INFO] - 	 Starting Epoch:4 
[2024-07-22 15:22:08,889][src.train.train_cue_accumulation][INFO] - train epoch 004 loss 0.6791 accuracy 56.25
[2024-07-22 15:22:08,890][src.train.train_cue_accumulation][INFO] - 	 Starting Epoch:5 
[2024-07-22 15:22:10,219][src.train.train_cue_accumulation][INFO] - train epoch 005 loss 0.6895 accuracy 57.81
[2024-07-22 15:22:10,219][src.train.train_cue_accumulation][INFO] - 	 Starting Epoch:6 
[2024-07-22 15:22:11,548][src.train.train_cue_accumulation][INFO] - train epoch 006 loss 0.7087 accuracy 48.44
[2024-07-22 15:22:11,734][src.train.train_cue_accumulation][INFO] - 	 Starting Epoch:7 
[2024-07-22 15:22:13,062][src.train.train_cue_accumulation][INFO] - train epoch 007 loss 0.7084 accuracy 60.94
[2024-07-22 15:22:13,189][src.train.train_cue_accumulation][INFO] - 	 Starting Epoch:8 
[2024-07-22 15:22:14,526][src.train.train_cue_accumulation][INFO] - train epoch 008 loss 0.7418 accuracy 43.75
[2024-07-22 15:22:14,530][src.train.train_cue_accumulation][INFO] - 	 Starting Epoch:9 
[2024-07-22 15:22:15,856][src.train.train_cue_accumulation][INFO] - train epoch 009 loss 0.7059 accuracy 46.88
[2024-07-22 15:22:15,856][src.train.train_cue_accumulation][INFO] - 	 Starting Epoch:10 
[2024-07-22 15:22:17,183][src.train.train_cue_accumulation][INFO] - train epoch 010 loss 0.7091 accuracy 50.00
[2024-07-22 15:22:17,184][src.train.train_cue_accumulation][INFO] - 	 Starting Epoch:11 
[2024-07-22 15:22:18,512][src.train.train_cue_accumulation][INFO] - train epoch 011 loss 0.6960 accuracy 50.00
[2024-07-22 15:22:18,701][src.train.train_cue_accumulation][INFO] - 	 Starting Epoch:12 
[2024-07-22 15:22:20,030][src.train.train_cue_accumulation][INFO] - train epoch 012 loss 0.6837 accuracy 57.81
[2024-07-22 15:22:20,039][src.train.train_cue_accumulation][INFO] - 	 Starting Epoch:13 
[2024-07-22 15:22:21,368][src.train.train_cue_accumulation][INFO] - train epoch 013 loss 0.7057 accuracy 43.75
[2024-07-22 15:22:21,368][src.train.train_cue_accumulation][INFO] - 	 Starting Epoch:14 
[2024-07-22 15:22:22,694][src.train.train_cue_accumulation][INFO] - train epoch 014 loss 0.6960 accuracy 54.69
[2024-07-22 15:22:22,695][src.train.train_cue_accumulation][INFO] - 	 Starting Epoch:15 
[2024-07-22 15:22:24,025][src.train.train_cue_accumulation][INFO] - train epoch 015 loss 0.7002 accuracy 50.00
[2024-07-22 15:22:24,029][src.train.train_cue_accumulation][INFO] - 	 Starting Epoch:16 
[2024-07-22 15:22:25,354][src.train.train_cue_accumulation][INFO] - train epoch 016 loss 0.7037 accuracy 54.69
[2024-07-22 15:22:25,551][src.train.train_cue_accumulation][INFO] - 	 Starting Epoch:17 
[2024-07-22 15:22:26,879][src.train.train_cue_accumulation][INFO] - train epoch 017 loss 0.6980 accuracy 48.44
[2024-07-22 15:22:26,933][src.train.train_cue_accumulation][INFO] - 	 Starting Epoch:18 
[2024-07-22 15:22:28,260][src.train.train_cue_accumulation][INFO] - train epoch 018 loss 0.6832 accuracy 46.88
[2024-07-22 15:22:28,261][src.train.train_cue_accumulation][INFO] - 	 Starting Epoch:19 
[2024-07-22 15:22:29,589][src.train.train_cue_accumulation][INFO] - train epoch 019 loss 0.6985 accuracy 45.31
[2024-07-22 15:22:29,589][src.train.train_cue_accumulation][INFO] - 	 Starting Epoch:20 
[2024-07-22 15:22:30,919][src.train.train_cue_accumulation][INFO] - train epoch 020 loss 0.7119 accuracy 37.50
[2024-07-22 15:22:30,919][src.train.train_cue_accumulation][INFO] - 	 Starting Epoch:21 
[2024-07-22 15:22:32,219][src.train.train_cue_accumulation][INFO] - train epoch 021 loss 0.6880 accuracy 50.00
[2024-07-22 15:22:32,400][src.train.train_cue_accumulation][INFO] - 	 Starting Epoch:22 
[2024-07-22 15:22:33,696][src.train.train_cue_accumulation][INFO] - train epoch 022 loss 0.6987 accuracy 48.44
[2024-07-22 15:22:33,709][src.train.train_cue_accumulation][INFO] - 	 Starting Epoch:23 
[2024-07-22 15:22:35,005][src.train.train_cue_accumulation][INFO] - train epoch 023 loss 0.7015 accuracy 42.19
[2024-07-22 15:22:35,006][src.train.train_cue_accumulation][INFO] - 	 Starting Epoch:24 
[2024-07-22 15:22:36,300][src.train.train_cue_accumulation][INFO] - train epoch 024 loss 0.6957 accuracy 51.56
[2024-07-22 15:22:36,301][src.train.train_cue_accumulation][INFO] - 	 Starting Epoch:25 
[2024-07-22 15:22:37,596][src.train.train_cue_accumulation][INFO] - train epoch 025 loss 0.6987 accuracy 50.00
[2024-07-22 15:22:37,597][src.train.train_cue_accumulation][INFO] - 	 Starting Epoch:26 
[2024-07-22 15:22:38,890][src.train.train_cue_accumulation][INFO] - train epoch 026 loss 0.6881 accuracy 56.25
[2024-07-22 15:22:44,142][src.train.train_cue_accumulation][INFO] - eval  epoch 026 loss 0.6937 accuracy 50.59
[2024-07-22 15:22:44,155][src.train.train_cue_accumulation][INFO] - 	 Starting Epoch:27 
[2024-07-22 15:22:45,449][src.train.train_cue_accumulation][INFO] - train epoch 027 loss 0.6969 accuracy 48.44
[2024-07-22 15:22:45,450][src.train.train_cue_accumulation][INFO] - 	 Starting Epoch:28 
[2024-07-22 15:22:46,742][src.train.train_cue_accumulation][INFO] - train epoch 028 loss 0.6948 accuracy 45.31
[2024-07-22 15:22:46,743][src.train.train_cue_accumulation][INFO] - 	 Starting Epoch:29 
[2024-07-22 15:22:48,037][src.train.train_cue_accumulation][INFO] - train epoch 029 loss 0.6839 accuracy 56.25
[2024-07-22 15:22:48,037][src.train.train_cue_accumulation][INFO] - 	 Starting Epoch:30 
[2024-07-22 15:22:49,331][src.train.train_cue_accumulation][INFO] - train epoch 030 loss 0.6842 accuracy 57.81
[2024-07-22 15:22:49,332][src.train.train_cue_accumulation][INFO] - 	 Starting Epoch:31 
[2024-07-22 15:22:50,625][src.train.train_cue_accumulation][INFO] - train epoch 031 loss 0.6843 accuracy 50.00
[2024-07-22 15:22:50,715][src.train.train_cue_accumulation][INFO] - 	 Starting Epoch:32 
[2024-07-22 15:22:52,012][src.train.train_cue_accumulation][INFO] - train epoch 032 loss 0.6725 accuracy 57.81
[2024-07-22 15:22:52,013][src.train.train_cue_accumulation][INFO] - 	 Starting Epoch:33 
[2024-07-22 15:22:53,311][src.train.train_cue_accumulation][INFO] - train epoch 033 loss 0.6837 accuracy 59.38
[2024-07-22 15:22:53,315][src.train.train_cue_accumulation][INFO] - 	 Starting Epoch:34 
[2024-07-22 15:22:54,606][src.train.train_cue_accumulation][INFO] - train epoch 034 loss 0.6751 accuracy 54.69
[2024-07-22 15:22:54,607][src.train.train_cue_accumulation][INFO] - 	 Starting Epoch:35 
[2024-07-22 15:22:55,902][src.train.train_cue_accumulation][INFO] - train epoch 035 loss 0.6490 accuracy 60.94
[2024-07-22 15:22:55,903][src.train.train_cue_accumulation][INFO] - 	 Starting Epoch:36 
[2024-07-22 15:22:57,198][src.train.train_cue_accumulation][INFO] - train epoch 036 loss 0.6620 accuracy 70.31
[2024-07-22 15:22:57,493][src.train.train_cue_accumulation][INFO] - 	 Starting Epoch:37 
[2024-07-22 15:22:58,791][src.train.train_cue_accumulation][INFO] - train epoch 037 loss 0.6586 accuracy 57.81
[2024-07-22 15:22:58,792][src.train.train_cue_accumulation][INFO] - 	 Starting Epoch:38 
[2024-07-22 15:23:00,090][src.train.train_cue_accumulation][INFO] - train epoch 038 loss 0.6421 accuracy 68.75
[2024-07-22 15:23:00,091][src.train.train_cue_accumulation][INFO] - 	 Starting Epoch:39 
[2024-07-22 15:23:01,388][src.train.train_cue_accumulation][INFO] - train epoch 039 loss 0.6173 accuracy 71.88
[2024-07-22 15:23:01,389][src.train.train_cue_accumulation][INFO] - 	 Starting Epoch:40 
[2024-07-22 15:23:02,715][src.train.train_cue_accumulation][INFO] - train epoch 040 loss 0.6059 accuracy 76.56
[2024-07-22 15:23:02,718][src.train.train_cue_accumulation][INFO] - 	 Starting Epoch:41 
[2024-07-22 15:23:04,049][src.train.train_cue_accumulation][INFO] - train epoch 041 loss 0.5860 accuracy 75.00
[2024-07-22 15:23:04,336][src.train.train_cue_accumulation][INFO] - 	 Starting Epoch:42 
[2024-07-22 15:23:05,667][src.train.train_cue_accumulation][INFO] - train epoch 042 loss 0.5958 accuracy 70.31
[2024-07-22 15:23:05,667][src.train.train_cue_accumulation][INFO] - 	 Starting Epoch:43 
[2024-07-22 15:23:06,996][src.train.train_cue_accumulation][INFO] - train epoch 043 loss 0.6110 accuracy 62.50
[2024-07-22 15:23:06,997][src.train.train_cue_accumulation][INFO] - 	 Starting Epoch:44 
[2024-07-22 15:23:08,328][src.train.train_cue_accumulation][INFO] - train epoch 044 loss 0.5563 accuracy 71.88
[2024-07-22 15:23:08,328][src.train.train_cue_accumulation][INFO] - 	 Starting Epoch:45 
[2024-07-22 15:23:09,659][src.train.train_cue_accumulation][INFO] - train epoch 045 loss 0.5335 accuracy 71.88
[2024-07-22 15:23:09,660][src.train.train_cue_accumulation][INFO] - 	 Starting Epoch:46 
[2024-07-22 15:23:10,989][src.train.train_cue_accumulation][INFO] - train epoch 046 loss 0.5483 accuracy 73.44
[2024-07-22 15:23:11,388][src.train.train_cue_accumulation][INFO] - 	 Starting Epoch:47 
[2024-07-22 15:23:12,723][src.train.train_cue_accumulation][INFO] - train epoch 047 loss 0.4845 accuracy 78.12
[2024-07-22 15:23:12,726][src.train.train_cue_accumulation][INFO] - 	 Starting Epoch:48 
[2024-07-22 15:23:14,052][src.train.train_cue_accumulation][INFO] - train epoch 048 loss 0.4506 accuracy 81.25
[2024-07-22 15:23:14,053][src.train.train_cue_accumulation][INFO] - 	 Starting Epoch:49 
[2024-07-22 15:23:15,380][src.train.train_cue_accumulation][INFO] - train epoch 049 loss 0.4518 accuracy 78.12
[2024-07-22 15:23:15,381][src.train.train_cue_accumulation][INFO] - 	 Starting Epoch:50 
[2024-07-22 15:23:16,707][src.train.train_cue_accumulation][INFO] - train epoch 050 loss 0.3908 accuracy 89.06
[2024-07-22 15:23:16,708][src.train.train_cue_accumulation][INFO] - 	 Starting Epoch:51 
[2024-07-22 15:23:18,036][src.train.train_cue_accumulation][INFO] - train epoch 051 loss 0.3779 accuracy 82.81
[2024-07-22 15:23:23,969][src.train.train_cue_accumulation][INFO] - eval  epoch 051 loss 0.3671 accuracy 83.98
[2024-07-22 15:23:23,972][src.train.train_cue_accumulation][INFO] - 	 Starting Epoch:52 
[2024-07-22 15:23:25,295][src.train.train_cue_accumulation][INFO] - train epoch 052 loss 0.3463 accuracy 81.25
[2024-07-22 15:23:25,296][src.train.train_cue_accumulation][INFO] - 	 Starting Epoch:53 
[2024-07-22 15:23:26,624][src.train.train_cue_accumulation][INFO] - train epoch 053 loss 0.3189 accuracy 92.19
[2024-07-22 15:23:26,625][src.train.train_cue_accumulation][INFO] - 	 Starting Epoch:54 
[2024-07-22 15:23:27,955][src.train.train_cue_accumulation][INFO] - train epoch 054 loss 0.4992 accuracy 73.44
[2024-07-22 15:23:27,956][src.train.train_cue_accumulation][INFO] - 	 Starting Epoch:55 
[2024-07-22 15:23:29,288][src.train.train_cue_accumulation][INFO] - train epoch 055 loss 0.3082 accuracy 85.94
[2024-07-22 15:23:29,289][src.train.train_cue_accumulation][INFO] - 	 Starting Epoch:56 
[2024-07-22 15:23:30,620][src.train.train_cue_accumulation][INFO] - train epoch 056 loss 0.3506 accuracy 85.94
[2024-07-22 15:23:30,784][src.train.train_cue_accumulation][INFO] - 	 Starting Epoch:57 
[2024-07-22 15:23:32,089][src.train.train_cue_accumulation][INFO] - train epoch 057 loss 0.2403 accuracy 89.06
[2024-07-22 15:23:32,090][src.train.train_cue_accumulation][INFO] - 	 Starting Epoch:58 
[2024-07-22 15:23:33,387][src.train.train_cue_accumulation][INFO] - train epoch 058 loss 0.2895 accuracy 90.62
[2024-07-22 15:23:33,391][src.train.train_cue_accumulation][INFO] - 	 Starting Epoch:59 
[2024-07-22 15:23:34,686][src.train.train_cue_accumulation][INFO] - train epoch 059 loss 0.3945 accuracy 84.38
[2024-07-22 15:23:34,687][src.train.train_cue_accumulation][INFO] - 	 Starting Epoch:60 
[2024-07-22 15:23:35,979][src.train.train_cue_accumulation][INFO] - train epoch 060 loss 0.1997 accuracy 95.31
[2024-07-22 15:23:35,980][src.train.train_cue_accumulation][INFO] - 	 Starting Epoch:61 
[2024-07-22 15:23:37,273][src.train.train_cue_accumulation][INFO] - train epoch 061 loss 0.2496 accuracy 89.06
[2024-07-22 15:23:37,416][src.train.train_cue_accumulation][INFO] - 	 Starting Epoch:62 
[2024-07-22 15:23:38,709][src.train.train_cue_accumulation][INFO] - train epoch 062 loss 0.3686 accuracy 85.94
[2024-07-22 15:23:38,710][src.train.train_cue_accumulation][INFO] - 	 Starting Epoch:63 
[2024-07-22 15:23:40,004][src.train.train_cue_accumulation][INFO] - train epoch 063 loss 0.2799 accuracy 85.94
[2024-07-22 15:23:40,005][src.train.train_cue_accumulation][INFO] - 	 Starting Epoch:64 
[2024-07-22 15:23:41,298][src.train.train_cue_accumulation][INFO] - train epoch 064 loss 0.2682 accuracy 89.06
[2024-07-22 15:23:41,298][src.train.train_cue_accumulation][INFO] - 	 Starting Epoch:65 
[2024-07-22 15:23:42,594][src.train.train_cue_accumulation][INFO] - train epoch 065 loss 0.2913 accuracy 87.50
[2024-07-22 15:23:42,598][src.train.train_cue_accumulation][INFO] - 	 Starting Epoch:66 
[2024-07-22 15:23:43,888][src.train.train_cue_accumulation][INFO] - train epoch 066 loss 0.2394 accuracy 89.06
[2024-07-22 15:23:43,979][src.train.train_cue_accumulation][INFO] - 	 Starting Epoch:67 
[2024-07-22 15:23:45,274][src.train.train_cue_accumulation][INFO] - train epoch 067 loss 0.3469 accuracy 85.94
[2024-07-22 15:23:45,275][src.train.train_cue_accumulation][INFO] - 	 Starting Epoch:68 
[2024-07-22 15:23:46,570][src.train.train_cue_accumulation][INFO] - train epoch 068 loss 0.2093 accuracy 90.62
[2024-07-22 15:23:46,571][src.train.train_cue_accumulation][INFO] - 	 Starting Epoch:69 
[2024-07-22 15:23:47,864][src.train.train_cue_accumulation][INFO] - train epoch 069 loss 0.3569 accuracy 87.50
[2024-07-22 15:23:47,865][src.train.train_cue_accumulation][INFO] - 	 Starting Epoch:70 
[2024-07-22 15:23:49,161][src.train.train_cue_accumulation][INFO] - train epoch 070 loss 0.2814 accuracy 89.06
[2024-07-22 15:23:49,162][src.train.train_cue_accumulation][INFO] - 	 Starting Epoch:71 
[2024-07-22 15:23:50,455][src.train.train_cue_accumulation][INFO] - train epoch 071 loss 0.2759 accuracy 89.06
[2024-07-22 15:23:50,545][src.train.train_cue_accumulation][INFO] - 	 Starting Epoch:72 
[2024-07-22 15:23:51,841][src.train.train_cue_accumulation][INFO] - train epoch 072 loss 0.1867 accuracy 90.62
[2024-07-22 15:23:51,844][src.train.train_cue_accumulation][INFO] - 	 Starting Epoch:73 
[2024-07-22 15:23:53,135][src.train.train_cue_accumulation][INFO] - train epoch 073 loss 0.2179 accuracy 87.50
[2024-07-22 15:23:53,136][src.train.train_cue_accumulation][INFO] - 	 Starting Epoch:74 
[2024-07-22 15:23:54,428][src.train.train_cue_accumulation][INFO] - train epoch 074 loss 0.0875 accuracy 98.44
[2024-07-22 15:23:54,429][src.train.train_cue_accumulation][INFO] - 	 Starting Epoch:75 
[2024-07-22 15:23:55,721][src.train.train_cue_accumulation][INFO] - train epoch 075 loss 0.2198 accuracy 92.19
[2024-07-22 15:23:55,722][src.train.train_cue_accumulation][INFO] - 	 Starting Epoch:76 
[2024-07-22 15:23:57,017][src.train.train_cue_accumulation][INFO] - train epoch 076 loss 0.1960 accuracy 90.62
[2024-07-22 15:24:02,129][src.train.train_cue_accumulation][INFO] - eval  epoch 076 loss 0.2276 accuracy 92.58
[2024-07-22 15:24:02,132][src.train.train_cue_accumulation][INFO] - 	 Starting Epoch:77 
[2024-07-22 15:24:03,461][src.train.train_cue_accumulation][INFO] - train epoch 077 loss 0.2313 accuracy 93.75
[2024-07-22 15:24:03,462][src.train.train_cue_accumulation][INFO] - 	 Starting Epoch:78 
[2024-07-22 15:24:04,790][src.train.train_cue_accumulation][INFO] - train epoch 078 loss 0.1895 accuracy 95.31
[2024-07-22 15:24:04,790][src.train.train_cue_accumulation][INFO] - 	 Starting Epoch:79 
[2024-07-22 15:24:06,119][src.train.train_cue_accumulation][INFO] - train epoch 079 loss 0.1279 accuracy 95.31
[2024-07-22 15:24:06,120][src.train.train_cue_accumulation][INFO] - 	 Starting Epoch:80 
[2024-07-22 15:24:07,450][src.train.train_cue_accumulation][INFO] - train epoch 080 loss 0.2777 accuracy 89.06
[2024-07-22 15:24:07,451][src.train.train_cue_accumulation][INFO] - 	 Starting Epoch:81 
[2024-07-22 15:24:08,781][src.train.train_cue_accumulation][INFO] - train epoch 081 loss 0.2443 accuracy 92.19
[2024-07-22 15:24:08,803][src.train.train_cue_accumulation][INFO] - 	 Starting Epoch:82 
[2024-07-22 15:24:10,138][src.train.train_cue_accumulation][INFO] - train epoch 082 loss 0.2436 accuracy 87.50
[2024-07-22 15:24:10,139][src.train.train_cue_accumulation][INFO] - 	 Starting Epoch:83 
[2024-07-22 15:24:11,471][src.train.train_cue_accumulation][INFO] - train epoch 083 loss 0.3414 accuracy 87.50
[2024-07-22 15:24:11,474][src.train.train_cue_accumulation][INFO] - 	 Starting Epoch:84 
[2024-07-22 15:24:12,802][src.train.train_cue_accumulation][INFO] - train epoch 084 loss 0.2571 accuracy 93.75
[2024-07-22 15:24:12,803][src.train.train_cue_accumulation][INFO] - 	 Starting Epoch:85 
[2024-07-22 15:24:14,131][src.train.train_cue_accumulation][INFO] - train epoch 085 loss 0.2454 accuracy 90.62
[2024-07-22 15:24:14,131][src.train.train_cue_accumulation][INFO] - 	 Starting Epoch:86 
[2024-07-22 15:24:15,462][src.train.train_cue_accumulation][INFO] - train epoch 086 loss 0.2115 accuracy 93.75
[2024-07-22 15:24:15,583][src.train.train_cue_accumulation][INFO] - 	 Starting Epoch:87 
[2024-07-22 15:24:16,913][src.train.train_cue_accumulation][INFO] - train epoch 087 loss 0.0664 accuracy 100.00
[2024-07-22 15:24:16,914][src.train.train_cue_accumulation][INFO] - 	 Starting Epoch:88 
[2024-07-22 15:24:18,244][src.train.train_cue_accumulation][INFO] - train epoch 088 loss 0.1726 accuracy 93.75
[2024-07-22 15:24:18,244][src.train.train_cue_accumulation][INFO] - 	 Starting Epoch:89 
[2024-07-22 15:24:19,572][src.train.train_cue_accumulation][INFO] - train epoch 089 loss 0.2418 accuracy 90.62
[2024-07-22 15:24:19,573][src.train.train_cue_accumulation][INFO] - 	 Starting Epoch:90 
[2024-07-22 15:24:20,905][src.train.train_cue_accumulation][INFO] - train epoch 090 loss 0.0922 accuracy 96.88
[2024-07-22 15:24:20,908][src.train.train_cue_accumulation][INFO] - 	 Starting Epoch:91 
[2024-07-22 15:24:22,236][src.train.train_cue_accumulation][INFO] - train epoch 091 loss 0.1106 accuracy 96.88
[2024-07-22 15:24:22,329][src.train.train_cue_accumulation][INFO] - 	 Starting Epoch:92 
[2024-07-22 15:24:23,657][src.train.train_cue_accumulation][INFO] - train epoch 092 loss 0.1365 accuracy 95.31
[2024-07-22 15:24:23,658][src.train.train_cue_accumulation][INFO] - 	 Starting Epoch:93 
[2024-07-22 15:24:24,985][src.train.train_cue_accumulation][INFO] - train epoch 093 loss 0.2014 accuracy 93.75
[2024-07-22 15:24:24,986][src.train.train_cue_accumulation][INFO] - 	 Starting Epoch:94 
[2024-07-22 15:24:26,313][src.train.train_cue_accumulation][INFO] - train epoch 094 loss 0.1225 accuracy 95.31
[2024-07-22 15:24:26,314][src.train.train_cue_accumulation][INFO] - 	 Starting Epoch:95 
[2024-07-22 15:24:27,643][src.train.train_cue_accumulation][INFO] - train epoch 095 loss 0.2515 accuracy 95.31
[2024-07-22 15:24:27,643][src.train.train_cue_accumulation][INFO] - 	 Starting Epoch:96 
[2024-07-22 15:24:28,970][src.train.train_cue_accumulation][INFO] - train epoch 096 loss 0.0999 accuracy 98.44
[2024-07-22 15:24:29,060][src.train.train_cue_accumulation][INFO] - 	 Starting Epoch:97 
[2024-07-22 15:24:30,392][src.train.train_cue_accumulation][INFO] - train epoch 097 loss 0.1357 accuracy 95.31
[2024-07-22 15:24:30,396][src.train.train_cue_accumulation][INFO] - 	 Starting Epoch:98 
[2024-07-22 15:24:31,707][src.train.train_cue_accumulation][INFO] - train epoch 098 loss 0.1246 accuracy 93.75
[2024-07-22 15:24:31,708][src.train.train_cue_accumulation][INFO] - 	 Starting Epoch:99 
[2024-07-22 15:24:33,001][src.train.train_cue_accumulation][INFO] - train epoch 099 loss 0.1851 accuracy 93.75
[2024-07-22 15:24:33,001][src.train.train_cue_accumulation][INFO] - 	 Starting Epoch:100 
[2024-07-22 15:24:34,295][src.train.train_cue_accumulation][INFO] - train epoch 100 loss 0.1990 accuracy 93.75
[2024-07-22 15:24:34,296][src.train.train_cue_accumulation][INFO] - 	 Starting Epoch:101 
[2024-07-22 15:24:35,589][src.train.train_cue_accumulation][INFO] - train epoch 101 loss 0.0840 accuracy 95.31
[2024-07-22 15:24:40,757][src.train.train_cue_accumulation][INFO] - eval  epoch 101 loss 0.1450 accuracy 95.12
[2024-07-22 15:24:46,392][src.train.train_cue_accumulation][INFO] - eval  epoch 101 loss 0.1499 accuracy 95.12
[2024-07-22 15:24:52,025][src.train.train_cue_accumulation][INFO] - eval  epoch 101 loss 0.1408 accuracy 94.34
[2024-07-22 15:24:52,304][src.train.train_cue_accumulation][INFO] - 	 Starting Epoch:102 
[2024-07-22 15:24:53,600][src.train.train_cue_accumulation][INFO] - train epoch 102 loss 0.1089 accuracy 95.31
[2024-07-22 15:24:53,601][src.train.train_cue_accumulation][INFO] - 	 Starting Epoch:103 
[2024-07-22 15:24:54,893][src.train.train_cue_accumulation][INFO] - train epoch 103 loss 0.1930 accuracy 92.19
[2024-07-22 15:24:54,894][src.train.train_cue_accumulation][INFO] - 	 Starting Epoch:104 
[2024-07-22 15:24:56,186][src.train.train_cue_accumulation][INFO] - train epoch 104 loss 0.1388 accuracy 95.31
[2024-07-22 15:24:56,187][src.train.train_cue_accumulation][INFO] - 	 Starting Epoch:105 
[2024-07-22 15:24:57,482][src.train.train_cue_accumulation][INFO] - train epoch 105 loss 0.1952 accuracy 95.31
[2024-07-22 15:24:57,483][src.train.train_cue_accumulation][INFO] - 	 Starting Epoch:106 
[2024-07-22 15:24:58,778][src.train.train_cue_accumulation][INFO] - train epoch 106 loss 0.2015 accuracy 95.31
[2024-07-22 15:24:59,063][src.train.train_cue_accumulation][INFO] - 	 Starting Epoch:107 
[2024-07-22 15:25:00,361][src.train.train_cue_accumulation][INFO] - train epoch 107 loss 0.1805 accuracy 90.62
[2024-07-22 15:25:00,361][src.train.train_cue_accumulation][INFO] - 	 Starting Epoch:108 
[2024-07-22 15:25:01,655][src.train.train_cue_accumulation][INFO] - train epoch 108 loss 0.4022 accuracy 84.38
[2024-07-22 15:25:01,658][src.train.train_cue_accumulation][INFO] - 	 Starting Epoch:109 
[2024-07-22 15:25:02,978][src.train.train_cue_accumulation][INFO] - train epoch 109 loss 0.1866 accuracy 92.19
[2024-07-22 15:25:02,979][src.train.train_cue_accumulation][INFO] - 	 Starting Epoch:110 
[2024-07-22 15:25:04,305][src.train.train_cue_accumulation][INFO] - train epoch 110 loss 0.1931 accuracy 93.75
[2024-07-22 15:25:04,306][src.train.train_cue_accumulation][INFO] - 	 Starting Epoch:111 
[2024-07-22 15:25:05,634][src.train.train_cue_accumulation][INFO] - train epoch 111 loss 0.1875 accuracy 96.88
[2024-07-22 15:25:05,941][src.train.train_cue_accumulation][INFO] - 	 Starting Epoch:112 
[2024-07-22 15:25:07,269][src.train.train_cue_accumulation][INFO] - train epoch 112 loss 0.2343 accuracy 89.06
[2024-07-22 15:25:07,270][src.train.train_cue_accumulation][INFO] - 	 Starting Epoch:113 
[2024-07-22 15:25:08,599][src.train.train_cue_accumulation][INFO] - train epoch 113 loss 0.1009 accuracy 95.31
[2024-07-22 15:25:08,599][src.train.train_cue_accumulation][INFO] - 	 Starting Epoch:114 
[2024-07-22 15:25:09,927][src.train.train_cue_accumulation][INFO] - train epoch 114 loss 0.1774 accuracy 93.75
[2024-07-22 15:25:09,928][src.train.train_cue_accumulation][INFO] - 	 Starting Epoch:115 
[2024-07-22 15:25:11,260][src.train.train_cue_accumulation][INFO] - train epoch 115 loss 0.1959 accuracy 93.75
[2024-07-22 15:25:11,264][src.train.train_cue_accumulation][INFO] - 	 Starting Epoch:116 
[2024-07-22 15:25:12,590][src.train.train_cue_accumulation][INFO] - train epoch 116 loss 0.2658 accuracy 87.50
[2024-07-22 15:25:12,782][src.train.train_cue_accumulation][INFO] - 	 Starting Epoch:117 
[2024-07-22 15:25:14,113][src.train.train_cue_accumulation][INFO] - train epoch 117 loss 0.1775 accuracy 96.88
[2024-07-22 15:25:14,114][src.train.train_cue_accumulation][INFO] - 	 Starting Epoch:118 
[2024-07-22 15:25:15,443][src.train.train_cue_accumulation][INFO] - train epoch 118 loss 0.1371 accuracy 93.75
[2024-07-22 15:25:15,444][src.train.train_cue_accumulation][INFO] - 	 Starting Epoch:119 
[2024-07-22 15:25:16,775][src.train.train_cue_accumulation][INFO] - train epoch 119 loss 0.1516 accuracy 93.75
[2024-07-22 15:25:16,776][src.train.train_cue_accumulation][INFO] - 	 Starting Epoch:120 
[2024-07-22 15:25:18,106][src.train.train_cue_accumulation][INFO] - train epoch 120 loss 0.2169 accuracy 93.75
[2024-07-22 15:25:18,106][src.train.train_cue_accumulation][INFO] - 	 Starting Epoch:121 
[2024-07-22 15:25:19,435][src.train.train_cue_accumulation][INFO] - train epoch 121 loss 0.1080 accuracy 95.31
[2024-07-22 15:25:19,627][src.train.train_cue_accumulation][INFO] - 	 Starting Epoch:122 
[2024-07-22 15:25:20,959][src.train.train_cue_accumulation][INFO] - train epoch 122 loss 0.2552 accuracy 90.62
[2024-07-22 15:25:20,962][src.train.train_cue_accumulation][INFO] - 	 Starting Epoch:123 
[2024-07-22 15:25:22,291][src.train.train_cue_accumulation][INFO] - train epoch 123 loss 0.1005 accuracy 95.31
[2024-07-22 15:25:22,292][src.train.train_cue_accumulation][INFO] - 	 Starting Epoch:124 
[2024-07-22 15:25:23,620][src.train.train_cue_accumulation][INFO] - train epoch 124 loss 0.1489 accuracy 93.75
[2024-07-22 15:25:23,621][src.train.train_cue_accumulation][INFO] - 	 Starting Epoch:125 
[2024-07-22 15:25:24,950][src.train.train_cue_accumulation][INFO] - train epoch 125 loss 0.1303 accuracy 96.88
[2024-07-22 15:25:24,951][src.train.train_cue_accumulation][INFO] - 	 Starting Epoch:126 
[2024-07-22 15:25:26,281][src.train.train_cue_accumulation][INFO] - train epoch 126 loss 0.2405 accuracy 92.19
[2024-07-22 15:25:31,845][src.train.train_cue_accumulation][INFO] - eval  epoch 126 loss 0.1308 accuracy 95.51
[2024-07-22 15:25:37,490][src.train.train_cue_accumulation][INFO] - eval  epoch 126 loss 0.1808 accuracy 93.95
[2024-07-22 15:25:37,492][src.train.train_cue_accumulation][INFO] - 	 Starting Epoch:127 
[2024-07-22 15:25:38,782][src.train.train_cue_accumulation][INFO] - train epoch 127 loss 0.0797 accuracy 98.44
[2024-07-22 15:25:39,700][src.train.train_cue_accumulation][INFO] - 	 Starting Epoch:128 
[2024-07-22 15:25:40,995][src.train.train_cue_accumulation][INFO] - train epoch 128 loss 0.0953 accuracy 98.44
[2024-07-22 15:25:40,995][src.train.train_cue_accumulation][INFO] - 	 Starting Epoch:129 
[2024-07-22 15:25:42,289][src.train.train_cue_accumulation][INFO] - train epoch 129 loss 0.1554 accuracy 95.31
[2024-07-22 15:25:42,290][src.train.train_cue_accumulation][INFO] - 	 Starting Epoch:130 
[2024-07-22 15:25:43,585][src.train.train_cue_accumulation][INFO] - train epoch 130 loss 0.0538 accuracy 98.44
[2024-07-22 15:25:43,586][src.train.train_cue_accumulation][INFO] - 	 Starting Epoch:131 
[2024-07-22 15:25:44,881][src.train.train_cue_accumulation][INFO] - train epoch 131 loss 0.3267 accuracy 87.50
[2024-07-22 15:25:44,881][src.train.train_cue_accumulation][INFO] - 	 Starting Epoch:132 
[2024-07-22 15:25:46,176][src.train.train_cue_accumulation][INFO] - train epoch 132 loss 0.2843 accuracy 89.06
[2024-07-22 15:25:46,450][src.train.train_cue_accumulation][INFO] - 	 Starting Epoch:133 
[2024-07-22 15:25:47,748][src.train.train_cue_accumulation][INFO] - train epoch 133 loss 0.1978 accuracy 92.19
[2024-07-22 15:25:47,751][src.train.train_cue_accumulation][INFO] - 	 Starting Epoch:134 
[2024-07-22 15:25:49,044][src.train.train_cue_accumulation][INFO] - train epoch 134 loss 0.2213 accuracy 87.50
[2024-07-22 15:25:49,045][src.train.train_cue_accumulation][INFO] - 	 Starting Epoch:135 
[2024-07-22 15:25:50,339][src.train.train_cue_accumulation][INFO] - train epoch 135 loss 0.2073 accuracy 90.62
[2024-07-22 15:25:50,339][src.train.train_cue_accumulation][INFO] - 	 Starting Epoch:136 
[2024-07-22 15:25:51,634][src.train.train_cue_accumulation][INFO] - train epoch 136 loss 0.1497 accuracy 93.75
[2024-07-22 15:25:51,635][src.train.train_cue_accumulation][INFO] - 	 Starting Epoch:137 
[2024-07-22 15:25:52,927][src.train.train_cue_accumulation][INFO] - train epoch 137 loss 0.1240 accuracy 95.31
[2024-07-22 15:25:53,198][src.train.train_cue_accumulation][INFO] - 	 Starting Epoch:138 
[2024-07-22 15:25:54,486][src.train.train_cue_accumulation][INFO] - train epoch 138 loss 0.1702 accuracy 93.75
[2024-07-22 15:25:54,487][src.train.train_cue_accumulation][INFO] - 	 Starting Epoch:139 
[2024-07-22 15:25:55,775][src.train.train_cue_accumulation][INFO] - train epoch 139 loss 0.2250 accuracy 93.75
[2024-07-22 15:25:55,776][src.train.train_cue_accumulation][INFO] - 	 Starting Epoch:140 
[2024-07-22 15:25:57,072][src.train.train_cue_accumulation][INFO] - train epoch 140 loss 0.1525 accuracy 93.75
[2024-07-22 15:25:57,075][src.train.train_cue_accumulation][INFO] - 	 Starting Epoch:141 
[2024-07-22 15:25:58,367][src.train.train_cue_accumulation][INFO] - train epoch 141 loss 0.1031 accuracy 96.88
[2024-07-22 15:25:58,367][src.train.train_cue_accumulation][INFO] - 	 Starting Epoch:142 
[2024-07-22 15:25:59,660][src.train.train_cue_accumulation][INFO] - train epoch 142 loss 0.0698 accuracy 100.00
[2024-07-22 15:25:59,920][src.train.train_cue_accumulation][INFO] - 	 Starting Epoch:143 
[2024-07-22 15:26:01,215][src.train.train_cue_accumulation][INFO] - train epoch 143 loss 0.1712 accuracy 92.19
[2024-07-22 15:26:01,215][src.train.train_cue_accumulation][INFO] - 	 Starting Epoch:144 
[2024-07-22 15:26:02,529][src.train.train_cue_accumulation][INFO] - train epoch 144 loss 0.1404 accuracy 92.19
[2024-07-22 15:26:02,529][src.train.train_cue_accumulation][INFO] - 	 Starting Epoch:145 
[2024-07-22 15:26:03,859][src.train.train_cue_accumulation][INFO] - train epoch 145 loss 0.1921 accuracy 90.62
[2024-07-22 15:26:03,860][src.train.train_cue_accumulation][INFO] - 	 Starting Epoch:146 
[2024-07-22 15:26:05,191][src.train.train_cue_accumulation][INFO] - train epoch 146 loss 0.2133 accuracy 92.19
[2024-07-22 15:26:05,191][src.train.train_cue_accumulation][INFO] - 	 Starting Epoch:147 
[2024-07-22 15:26:06,524][src.train.train_cue_accumulation][INFO] - train epoch 147 loss 0.1726 accuracy 92.19
[2024-07-22 15:26:06,706][src.train.train_cue_accumulation][INFO] - 	 Starting Epoch:148 
[2024-07-22 15:26:08,034][src.train.train_cue_accumulation][INFO] - train epoch 148 loss 0.0856 accuracy 95.31
[2024-07-22 15:26:08,035][src.train.train_cue_accumulation][INFO] - 	 Starting Epoch:149 
[2024-07-22 15:26:09,361][src.train.train_cue_accumulation][INFO] - train epoch 149 loss 0.2089 accuracy 90.62
[2024-07-22 15:26:09,361][src.train.train_cue_accumulation][INFO] - 	 Starting Epoch:150 
[2024-07-22 15:26:10,691][src.train.train_cue_accumulation][INFO] - train epoch 150 loss 0.2302 accuracy 90.62
[2024-07-22 15:26:10,692][src.train.train_cue_accumulation][INFO] - 	 Starting Epoch:151 
[2024-07-22 15:26:12,020][src.train.train_cue_accumulation][INFO] - train epoch 151 loss 0.0933 accuracy 96.88
[2024-07-22 15:26:17,385][src.train.train_cue_accumulation][INFO] - eval  epoch 151 loss 0.1917 accuracy 93.16
[2024-07-22 15:26:17,477][src.train.train_cue_accumulation][INFO] - 	 Starting Epoch:152 
[2024-07-22 15:26:18,807][src.train.train_cue_accumulation][INFO] - train epoch 152 loss 0.1389 accuracy 95.31
[2024-07-22 15:26:18,808][src.train.train_cue_accumulation][INFO] - 	 Starting Epoch:153 
[2024-07-22 15:26:20,138][src.train.train_cue_accumulation][INFO] - train epoch 153 loss 0.1762 accuracy 92.19
[2024-07-22 15:26:20,139][src.train.train_cue_accumulation][INFO] - 	 Starting Epoch:154 
[2024-07-22 15:26:21,468][src.train.train_cue_accumulation][INFO] - train epoch 154 loss 0.1128 accuracy 93.75
[2024-07-22 15:26:21,469][src.train.train_cue_accumulation][INFO] - 	 Starting Epoch:155 
[2024-07-22 15:26:22,798][src.train.train_cue_accumulation][INFO] - train epoch 155 loss 0.1881 accuracy 89.06
[2024-07-22 15:26:22,798][src.train.train_cue_accumulation][INFO] - 	 Starting Epoch:156 
[2024-07-22 15:26:24,130][src.train.train_cue_accumulation][INFO] - train epoch 156 loss 0.1169 accuracy 95.31
[2024-07-22 15:26:24,235][src.train.train_cue_accumulation][INFO] - 	 Starting Epoch:157 
[2024-07-22 15:26:25,568][src.train.train_cue_accumulation][INFO] - train epoch 157 loss 0.1455 accuracy 93.75
[2024-07-22 15:26:25,569][src.train.train_cue_accumulation][INFO] - 	 Starting Epoch:158 
[2024-07-22 15:26:26,902][src.train.train_cue_accumulation][INFO] - train epoch 158 loss 0.1580 accuracy 95.31
[2024-07-22 15:26:26,906][src.train.train_cue_accumulation][INFO] - 	 Starting Epoch:159 
[2024-07-22 15:26:28,235][src.train.train_cue_accumulation][INFO] - train epoch 159 loss 0.2218 accuracy 90.62
[2024-07-22 15:26:28,236][src.train.train_cue_accumulation][INFO] - 	 Starting Epoch:160 
[2024-07-22 15:26:29,564][src.train.train_cue_accumulation][INFO] - train epoch 160 loss 0.1568 accuracy 95.31
[2024-07-22 15:26:29,564][src.train.train_cue_accumulation][INFO] - 	 Starting Epoch:161 
[2024-07-22 15:26:30,893][src.train.train_cue_accumulation][INFO] - train epoch 161 loss 0.0585 accuracy 98.44
[2024-07-22 15:26:30,987][src.train.train_cue_accumulation][INFO] - 	 Starting Epoch:162 
[2024-07-22 15:26:32,290][src.train.train_cue_accumulation][INFO] - train epoch 162 loss 0.0798 accuracy 96.88
[2024-07-22 15:26:32,290][src.train.train_cue_accumulation][INFO] - 	 Starting Epoch:163 
[2024-07-22 15:26:33,588][src.train.train_cue_accumulation][INFO] - train epoch 163 loss 0.0501 accuracy 98.44
[2024-07-22 15:26:33,589][src.train.train_cue_accumulation][INFO] - 	 Starting Epoch:164 
[2024-07-22 15:26:34,888][src.train.train_cue_accumulation][INFO] - train epoch 164 loss 0.1841 accuracy 93.75
[2024-07-22 15:26:34,889][src.train.train_cue_accumulation][INFO] - 	 Starting Epoch:165 
[2024-07-22 15:26:36,185][src.train.train_cue_accumulation][INFO] - train epoch 165 loss 0.1823 accuracy 95.31
[2024-07-22 15:26:36,188][src.train.train_cue_accumulation][INFO] - 	 Starting Epoch:166 
[2024-07-22 15:26:37,479][src.train.train_cue_accumulation][INFO] - train epoch 166 loss 0.1318 accuracy 95.31
[2024-07-22 15:26:37,506][src.train.train_cue_accumulation][INFO] - 	 Starting Epoch:167 
[2024-07-22 15:26:38,800][src.train.train_cue_accumulation][INFO] - train epoch 167 loss 0.0746 accuracy 98.44
[2024-07-22 15:26:38,801][src.train.train_cue_accumulation][INFO] - 	 Starting Epoch:168 
[2024-07-22 15:26:40,094][src.train.train_cue_accumulation][INFO] - train epoch 168 loss 0.0573 accuracy 98.44
[2024-07-22 15:26:40,094][src.train.train_cue_accumulation][INFO] - 	 Starting Epoch:169 
[2024-07-22 15:26:41,389][src.train.train_cue_accumulation][INFO] - train epoch 169 loss 0.1984 accuracy 90.62
[2024-07-22 15:26:41,390][src.train.train_cue_accumulation][INFO] - 	 Starting Epoch:170 
[2024-07-22 15:26:42,682][src.train.train_cue_accumulation][INFO] - train epoch 170 loss 0.2183 accuracy 92.19
[2024-07-22 15:26:42,682][src.train.train_cue_accumulation][INFO] - 	 Starting Epoch:171 
[2024-07-22 15:26:43,975][src.train.train_cue_accumulation][INFO] - train epoch 171 loss 0.1464 accuracy 93.75
[2024-07-22 15:26:43,998][src.train.train_cue_accumulation][INFO] - 	 Starting Epoch:172 
[2024-07-22 15:26:45,298][src.train.train_cue_accumulation][INFO] - train epoch 172 loss 0.0608 accuracy 96.88
[2024-07-22 15:26:45,301][src.train.train_cue_accumulation][INFO] - 	 Starting Epoch:173 
[2024-07-22 15:26:46,596][src.train.train_cue_accumulation][INFO] - train epoch 173 loss 0.1910 accuracy 93.75
[2024-07-22 15:26:46,597][src.train.train_cue_accumulation][INFO] - 	 Starting Epoch:174 
[2024-07-22 15:26:47,893][src.train.train_cue_accumulation][INFO] - train epoch 174 loss 0.1680 accuracy 95.31
[2024-07-22 15:26:47,894][src.train.train_cue_accumulation][INFO] - 	 Starting Epoch:175 
[2024-07-22 15:26:49,190][src.train.train_cue_accumulation][INFO] - train epoch 175 loss 0.1911 accuracy 89.06
[2024-07-22 15:26:49,191][src.train.train_cue_accumulation][INFO] - 	 Starting Epoch:176 
[2024-07-22 15:26:50,489][src.train.train_cue_accumulation][INFO] - train epoch 176 loss 0.0474 accuracy 98.44
[2024-07-22 15:26:55,833][src.train.train_cue_accumulation][INFO] - eval  epoch 176 loss 0.1066 accuracy 96.29
[2024-07-22 15:27:01,486][src.train.train_cue_accumulation][INFO] - eval  epoch 176 loss 0.0962 accuracy 96.88
[2024-07-22 15:27:07,432][src.train.train_cue_accumulation][INFO] - eval  epoch 176 loss 0.1534 accuracy 93.75
[2024-07-22 15:27:07,596][src.train.train_cue_accumulation][INFO] - 	 Starting Epoch:177 
[2024-07-22 15:27:08,923][src.train.train_cue_accumulation][INFO] - train epoch 177 loss 0.0367 accuracy 100.00
[2024-07-22 15:27:08,924][src.train.train_cue_accumulation][INFO] - 	 Starting Epoch:178 
[2024-07-22 15:27:10,250][src.train.train_cue_accumulation][INFO] - train epoch 178 loss 0.0574 accuracy 96.88
[2024-07-22 15:27:10,251][src.train.train_cue_accumulation][INFO] - 	 Starting Epoch:179 
[2024-07-22 15:27:11,578][src.train.train_cue_accumulation][INFO] - train epoch 179 loss 0.0983 accuracy 96.88
[2024-07-22 15:27:11,579][src.train.train_cue_accumulation][INFO] - 	 Starting Epoch:180 
[2024-07-22 15:27:12,908][src.train.train_cue_accumulation][INFO] - train epoch 180 loss 0.0801 accuracy 96.88
[2024-07-22 15:27:12,909][src.train.train_cue_accumulation][INFO] - 	 Starting Epoch:181 
[2024-07-22 15:27:14,238][src.train.train_cue_accumulation][INFO] - train epoch 181 loss 0.2036 accuracy 92.19
[2024-07-22 15:27:14,510][src.train.train_cue_accumulation][INFO] - 	 Starting Epoch:182 
[2024-07-22 15:27:15,840][src.train.train_cue_accumulation][INFO] - train epoch 182 loss 0.2623 accuracy 95.31
[2024-07-22 15:27:15,840][src.train.train_cue_accumulation][INFO] - 	 Starting Epoch:183 
[2024-07-22 15:27:17,173][src.train.train_cue_accumulation][INFO] - train epoch 183 loss 0.0889 accuracy 98.44
[2024-07-22 15:27:17,177][src.train.train_cue_accumulation][INFO] - 	 Starting Epoch:184 
[2024-07-22 15:27:18,504][src.train.train_cue_accumulation][INFO] - train epoch 184 loss 0.0822 accuracy 95.31
[2024-07-22 15:27:18,505][src.train.train_cue_accumulation][INFO] - 	 Starting Epoch:185 
[2024-07-22 15:27:19,836][src.train.train_cue_accumulation][INFO] - train epoch 185 loss 0.0729 accuracy 96.88
[2024-07-22 15:27:19,837][src.train.train_cue_accumulation][INFO] - 	 Starting Epoch:186 
[2024-07-22 15:27:21,165][src.train.train_cue_accumulation][INFO] - train epoch 186 loss 0.0823 accuracy 98.44
[2024-07-22 15:27:21,444][src.train.train_cue_accumulation][INFO] - 	 Starting Epoch:187 
[2024-07-22 15:27:22,777][src.train.train_cue_accumulation][INFO] - train epoch 187 loss 0.0392 accuracy 100.00
[2024-07-22 15:27:22,778][src.train.train_cue_accumulation][INFO] - 	 Starting Epoch:188 
[2024-07-22 15:27:24,110][src.train.train_cue_accumulation][INFO] - train epoch 188 loss 0.2705 accuracy 93.75
[2024-07-22 15:27:24,110][src.train.train_cue_accumulation][INFO] - 	 Starting Epoch:189 
[2024-07-22 15:27:25,441][src.train.train_cue_accumulation][INFO] - train epoch 189 loss 0.0960 accuracy 95.31
[2024-07-22 15:27:25,442][src.train.train_cue_accumulation][INFO] - 	 Starting Epoch:190 
[2024-07-22 15:27:26,773][src.train.train_cue_accumulation][INFO] - train epoch 190 loss 0.2091 accuracy 92.19
[2024-07-22 15:27:26,776][src.train.train_cue_accumulation][INFO] - 	 Starting Epoch:191 
[2024-07-22 15:27:28,104][src.train.train_cue_accumulation][INFO] - train epoch 191 loss 0.0861 accuracy 96.88
[2024-07-22 15:27:28,373][src.train.train_cue_accumulation][INFO] - 	 Starting Epoch:192 
[2024-07-22 15:27:29,704][src.train.train_cue_accumulation][INFO] - train epoch 192 loss 0.1150 accuracy 98.44
[2024-07-22 15:27:29,704][src.train.train_cue_accumulation][INFO] - 	 Starting Epoch:193 
[2024-07-22 15:27:31,035][src.train.train_cue_accumulation][INFO] - train epoch 193 loss 0.0751 accuracy 96.88
[2024-07-22 15:27:31,035][src.train.train_cue_accumulation][INFO] - 	 Starting Epoch:194 
[2024-07-22 15:27:32,339][src.train.train_cue_accumulation][INFO] - train epoch 194 loss 0.2516 accuracy 93.75
[2024-07-22 15:27:32,340][src.train.train_cue_accumulation][INFO] - 	 Starting Epoch:195 
[2024-07-22 15:27:33,640][src.train.train_cue_accumulation][INFO] - train epoch 195 loss 0.1777 accuracy 95.31
[2024-07-22 15:27:33,641][src.train.train_cue_accumulation][INFO] - 	 Starting Epoch:196 
[2024-07-22 15:27:34,942][src.train.train_cue_accumulation][INFO] - train epoch 196 loss 0.1092 accuracy 95.31
[2024-07-22 15:27:35,356][src.train.train_cue_accumulation][INFO] - 	 Starting Epoch:197 
[2024-07-22 15:27:36,658][src.train.train_cue_accumulation][INFO] - train epoch 197 loss 0.0952 accuracy 98.44
[2024-07-22 15:27:36,662][src.train.train_cue_accumulation][INFO] - 	 Starting Epoch:198 
[2024-07-22 15:27:37,956][src.train.train_cue_accumulation][INFO] - train epoch 198 loss 0.1839 accuracy 93.75
[2024-07-22 15:27:37,957][src.train.train_cue_accumulation][INFO] - 	 Starting Epoch:199 
[2024-07-22 15:27:39,251][src.train.train_cue_accumulation][INFO] - train epoch 199 loss 0.1259 accuracy 95.31
[2024-07-22 15:27:39,252][src.train.train_cue_accumulation][INFO] - 	 Starting Epoch:200 
[2024-07-22 15:27:40,546][src.train.train_cue_accumulation][INFO] - train epoch 200 loss 0.1765 accuracy 90.62
[2024-07-22 15:27:40,546][src.train.train_cue_accumulation][INFO] - 	 Starting Epoch:201 
[2024-07-22 15:27:41,843][src.train.train_cue_accumulation][INFO] - train epoch 201 loss 0.0684 accuracy 96.88
[2024-07-22 15:27:47,204][src.train.train_cue_accumulation][INFO] - eval  epoch 201 loss 0.1686 accuracy 94.14
[2024-07-22 15:27:47,209][src.train.train_cue_accumulation][INFO] - 	 Starting Epoch:202 
[2024-07-22 15:27:48,505][src.train.train_cue_accumulation][INFO] - train epoch 202 loss 0.0514 accuracy 98.44
[2024-07-22 15:27:48,506][src.train.train_cue_accumulation][INFO] - 	 Starting Epoch:203 
[2024-07-22 15:27:49,800][src.train.train_cue_accumulation][INFO] - train epoch 203 loss 0.0816 accuracy 96.88
[2024-07-22 15:27:49,801][src.train.train_cue_accumulation][INFO] - 	 Starting Epoch:204 
[2024-07-22 15:27:51,095][src.train.train_cue_accumulation][INFO] - train epoch 204 loss 0.0607 accuracy 98.44
[2024-07-22 15:27:51,096][src.train.train_cue_accumulation][INFO] - 	 Starting Epoch:205 
[2024-07-22 15:27:52,392][src.train.train_cue_accumulation][INFO] - train epoch 205 loss 0.1525 accuracy 95.31
[2024-07-22 15:27:52,392][src.train.train_cue_accumulation][INFO] - 	 Starting Epoch:206 
[2024-07-22 15:27:53,690][src.train.train_cue_accumulation][INFO] - train epoch 206 loss 0.0545 accuracy 98.44
[2024-07-22 15:27:53,981][src.train.train_cue_accumulation][INFO] - 	 Starting Epoch:207 
[2024-07-22 15:27:55,281][src.train.train_cue_accumulation][INFO] - train epoch 207 loss 0.2106 accuracy 95.31
[2024-07-22 15:27:55,282][src.train.train_cue_accumulation][INFO] - 	 Starting Epoch:208 
[2024-07-22 15:27:56,580][src.train.train_cue_accumulation][INFO] - train epoch 208 loss 0.0352 accuracy 100.00
[2024-07-22 15:27:56,584][src.train.train_cue_accumulation][INFO] - 	 Starting Epoch:209 
[2024-07-22 15:27:57,878][src.train.train_cue_accumulation][INFO] - train epoch 209 loss 0.2874 accuracy 93.75
[2024-07-22 15:27:57,879][src.train.train_cue_accumulation][INFO] - 	 Starting Epoch:210 
[2024-07-22 15:27:59,173][src.train.train_cue_accumulation][INFO] - train epoch 210 loss 0.2045 accuracy 89.06
[2024-07-22 15:27:59,173][src.train.train_cue_accumulation][INFO] - 	 Starting Epoch:211 
[2024-07-22 15:28:00,468][src.train.train_cue_accumulation][INFO] - train epoch 211 loss 0.1758 accuracy 92.19
[2024-07-22 15:28:00,678][src.train.train_cue_accumulation][INFO] - 	 Starting Epoch:212 
[2024-07-22 15:28:01,979][src.train.train_cue_accumulation][INFO] - train epoch 212 loss 0.0918 accuracy 96.88
[2024-07-22 15:28:01,980][src.train.train_cue_accumulation][INFO] - 	 Starting Epoch:213 
[2024-07-22 15:28:03,311][src.train.train_cue_accumulation][INFO] - train epoch 213 loss 0.2410 accuracy 92.19
[2024-07-22 15:28:03,311][src.train.train_cue_accumulation][INFO] - 	 Starting Epoch:214 
[2024-07-22 15:28:04,641][src.train.train_cue_accumulation][INFO] - train epoch 214 loss 0.0921 accuracy 93.75
[2024-07-22 15:28:04,641][src.train.train_cue_accumulation][INFO] - 	 Starting Epoch:215 
[2024-07-22 15:28:05,972][src.train.train_cue_accumulation][INFO] - train epoch 215 loss 0.0961 accuracy 98.44
[2024-07-22 15:28:05,976][src.train.train_cue_accumulation][INFO] - 	 Starting Epoch:216 
[2024-07-22 15:28:07,303][src.train.train_cue_accumulation][INFO] - train epoch 216 loss 0.0804 accuracy 96.88
[2024-07-22 15:28:07,506][src.train.train_cue_accumulation][INFO] - 	 Starting Epoch:217 
[2024-07-22 15:28:08,836][src.train.train_cue_accumulation][INFO] - train epoch 217 loss 0.0958 accuracy 96.88
[2024-07-22 15:28:08,836][src.train.train_cue_accumulation][INFO] - 	 Starting Epoch:218 
[2024-07-22 15:28:10,164][src.train.train_cue_accumulation][INFO] - train epoch 218 loss 0.2565 accuracy 89.06
[2024-07-22 15:28:10,165][src.train.train_cue_accumulation][INFO] - 	 Starting Epoch:219 
[2024-07-22 15:28:11,494][src.train.train_cue_accumulation][INFO] - train epoch 219 loss 0.2339 accuracy 92.19
[2024-07-22 15:28:11,495][src.train.train_cue_accumulation][INFO] - 	 Starting Epoch:220 
[2024-07-22 15:28:12,824][src.train.train_cue_accumulation][INFO] - train epoch 220 loss 0.0846 accuracy 96.88
[2024-07-22 15:28:12,825][src.train.train_cue_accumulation][INFO] - 	 Starting Epoch:221 
[2024-07-22 15:28:14,154][src.train.train_cue_accumulation][INFO] - train epoch 221 loss 0.1893 accuracy 90.62
[2024-07-22 15:28:14,419][src.train.train_cue_accumulation][INFO] - 	 Starting Epoch:222 
[2024-07-22 15:28:15,751][src.train.train_cue_accumulation][INFO] - train epoch 222 loss 0.1132 accuracy 96.88
[2024-07-22 15:28:15,754][src.train.train_cue_accumulation][INFO] - 	 Starting Epoch:223 
[2024-07-22 15:28:17,079][src.train.train_cue_accumulation][INFO] - train epoch 223 loss 0.1227 accuracy 96.88
[2024-07-22 15:28:17,080][src.train.train_cue_accumulation][INFO] - 	 Starting Epoch:224 
[2024-07-22 15:28:18,409][src.train.train_cue_accumulation][INFO] - train epoch 224 loss 0.1705 accuracy 95.31
[2024-07-22 15:28:18,409][src.train.train_cue_accumulation][INFO] - 	 Starting Epoch:225 
[2024-07-22 15:28:19,735][src.train.train_cue_accumulation][INFO] - train epoch 225 loss 0.0553 accuracy 98.44
[2024-07-22 15:28:19,736][src.train.train_cue_accumulation][INFO] - 	 Starting Epoch:226 
[2024-07-22 15:28:21,065][src.train.train_cue_accumulation][INFO] - train epoch 226 loss 0.1093 accuracy 98.44
[2024-07-22 15:28:26,584][src.train.train_cue_accumulation][INFO] - eval  epoch 226 loss 0.0882 accuracy 97.07
[2024-07-22 15:28:32,485][src.train.train_cue_accumulation][INFO] - eval  epoch 226 loss 0.1546 accuracy 94.53
[2024-07-22 15:28:32,487][src.train.train_cue_accumulation][INFO] - 	 Starting Epoch:227 
[2024-07-22 15:28:33,779][src.train.train_cue_accumulation][INFO] - train epoch 227 loss 0.0767 accuracy 96.88
[2024-07-22 15:28:34,052][src.train.train_cue_accumulation][INFO] - 	 Starting Epoch:228 
[2024-07-22 15:28:35,345][src.train.train_cue_accumulation][INFO] - train epoch 228 loss 0.0871 accuracy 95.31
[2024-07-22 15:28:35,346][src.train.train_cue_accumulation][INFO] - 	 Starting Epoch:229 
[2024-07-22 15:28:36,641][src.train.train_cue_accumulation][INFO] - train epoch 229 loss 0.1130 accuracy 96.88
[2024-07-22 15:28:36,642][src.train.train_cue_accumulation][INFO] - 	 Starting Epoch:230 
[2024-07-22 15:28:37,939][src.train.train_cue_accumulation][INFO] - train epoch 230 loss 0.1384 accuracy 93.75
[2024-07-22 15:28:37,940][src.train.train_cue_accumulation][INFO] - 	 Starting Epoch:231 
[2024-07-22 15:28:39,240][src.train.train_cue_accumulation][INFO] - train epoch 231 loss 0.0553 accuracy 98.44
[2024-07-22 15:28:39,241][src.train.train_cue_accumulation][INFO] - 	 Starting Epoch:232 
[2024-07-22 15:28:40,540][src.train.train_cue_accumulation][INFO] - train epoch 232 loss 0.2376 accuracy 92.19
[2024-07-22 15:28:40,816][src.train.train_cue_accumulation][INFO] - 	 Starting Epoch:233 
[2024-07-22 15:28:42,114][src.train.train_cue_accumulation][INFO] - train epoch 233 loss 0.1599 accuracy 93.75
[2024-07-22 15:28:42,118][src.train.train_cue_accumulation][INFO] - 	 Starting Epoch:234 
[2024-07-22 15:28:43,411][src.train.train_cue_accumulation][INFO] - train epoch 234 loss 0.0348 accuracy 100.00
[2024-07-22 15:28:43,412][src.train.train_cue_accumulation][INFO] - 	 Starting Epoch:235 
[2024-07-22 15:28:44,704][src.train.train_cue_accumulation][INFO] - train epoch 235 loss 0.1219 accuracy 95.31
[2024-07-22 15:28:44,704][src.train.train_cue_accumulation][INFO] - 	 Starting Epoch:236 
[2024-07-22 15:28:46,000][src.train.train_cue_accumulation][INFO] - train epoch 236 loss 0.0869 accuracy 96.88
[2024-07-22 15:28:46,000][src.train.train_cue_accumulation][INFO] - 	 Starting Epoch:237 
[2024-07-22 15:28:47,297][src.train.train_cue_accumulation][INFO] - train epoch 237 loss 0.2553 accuracy 87.50
[2024-07-22 15:28:47,619][src.train.train_cue_accumulation][INFO] - 	 Starting Epoch:238 
[2024-07-22 15:28:48,914][src.train.train_cue_accumulation][INFO] - train epoch 238 loss 0.1346 accuracy 95.31
[2024-07-22 15:28:48,915][src.train.train_cue_accumulation][INFO] - 	 Starting Epoch:239 
[2024-07-22 15:28:50,209][src.train.train_cue_accumulation][INFO] - train epoch 239 loss 0.0359 accuracy 100.00
[2024-07-22 15:28:50,210][src.train.train_cue_accumulation][INFO] - 	 Starting Epoch:240 
[2024-07-22 15:28:51,506][src.train.train_cue_accumulation][INFO] - train epoch 240 loss 0.0893 accuracy 98.44
[2024-07-22 15:28:51,509][src.train.train_cue_accumulation][INFO] - 	 Starting Epoch:241 
[2024-07-22 15:28:52,802][src.train.train_cue_accumulation][INFO] - train epoch 241 loss 0.0501 accuracy 98.44
[2024-07-22 15:28:52,803][src.train.train_cue_accumulation][INFO] - 	 Starting Epoch:242 
[2024-07-22 15:28:54,095][src.train.train_cue_accumulation][INFO] - train epoch 242 loss 0.1277 accuracy 96.88
[2024-07-22 15:28:54,380][src.train.train_cue_accumulation][INFO] - 	 Starting Epoch:243 
[2024-07-22 15:28:55,679][src.train.train_cue_accumulation][INFO] - train epoch 243 loss 0.1352 accuracy 95.31
[2024-07-22 15:28:55,679][src.train.train_cue_accumulation][INFO] - 	 Starting Epoch:244 
[2024-07-22 15:28:56,976][src.train.train_cue_accumulation][INFO] - train epoch 244 loss 0.1378 accuracy 95.31
[2024-07-22 15:28:56,976][src.train.train_cue_accumulation][INFO] - 	 Starting Epoch:245 
[2024-07-22 15:28:58,271][src.train.train_cue_accumulation][INFO] - train epoch 245 loss 0.0364 accuracy 98.44
[2024-07-22 15:28:58,272][src.train.train_cue_accumulation][INFO] - 	 Starting Epoch:246 
[2024-07-22 15:28:59,568][src.train.train_cue_accumulation][INFO] - train epoch 246 loss 0.0851 accuracy 96.88
[2024-07-22 15:28:59,568][src.train.train_cue_accumulation][INFO] - 	 Starting Epoch:247 
[2024-07-22 15:29:00,869][src.train.train_cue_accumulation][INFO] - train epoch 247 loss 0.2695 accuracy 93.75
[2024-07-22 15:29:01,133][src.train.train_cue_accumulation][INFO] - 	 Starting Epoch:248 
[2024-07-22 15:29:02,444][src.train.train_cue_accumulation][INFO] - train epoch 248 loss 0.1770 accuracy 92.19
[2024-07-22 15:29:02,445][src.train.train_cue_accumulation][INFO] - 	 Starting Epoch:249 
[2024-07-22 15:29:03,771][src.train.train_cue_accumulation][INFO] - train epoch 249 loss 0.2323 accuracy 93.75
[2024-07-22 15:29:03,772][src.train.train_cue_accumulation][INFO] - 	 Starting Epoch:250 
[2024-07-22 15:29:05,099][src.train.train_cue_accumulation][INFO] - train epoch 250 loss 0.1501 accuracy 95.31
[2024-07-22 15:29:05,099][src.train.train_cue_accumulation][INFO] - 	 Starting Epoch:251 
[2024-07-22 15:29:06,428][src.train.train_cue_accumulation][INFO] - train epoch 251 loss 0.1087 accuracy 96.88
[2024-07-22 15:29:11,795][src.train.train_cue_accumulation][INFO] - eval  epoch 251 loss 0.1146 accuracy 95.90
[2024-07-22 15:29:18,117][src.train.train_cue_accumulation][INFO] - eval  epoch 251 loss 0.1141 accuracy 97.07
[2024-07-22 15:29:24,083][src.train.train_cue_accumulation][INFO] - eval  epoch 251 loss 0.1221 accuracy 96.68
[2024-07-22 15:29:30,060][src.train.train_cue_accumulation][INFO] - eval  epoch 251 loss 0.1376 accuracy 95.12
[2024-07-22 15:29:30,070][src.train.train_cue_accumulation][INFO] - Met early stopping criteria, breaking at epoch 251
[2024-07-22 15:29:35,106][src.train.train_cue_accumulation][INFO] - firing rate eval set  average 19.6 max 52.2 min 0.0
