[2024-07-22 15:40:03,880][src.train.train_cue_accumulation][INFO] - Starting training...
[2024-07-22 15:40:03,882][src.train.train_cue_accumulation][INFO] - 	 Starting Epoch:1 
[2024-07-22 15:40:06,666][src.train.train_cue_accumulation][INFO] - train epoch 001 loss 0.6905 accuracy 45.31
[2024-07-22 15:40:12,688][src.train.train_cue_accumulation][INFO] - eval  epoch 001 loss 0.6978 accuracy 48.63
[2024-07-22 15:40:12,689][src.train.train_cue_accumulation][INFO] - 	 Starting Epoch:2 
[2024-07-22 15:40:14,027][src.train.train_cue_accumulation][INFO] - train epoch 002 loss 0.7163 accuracy 48.44
[2024-07-22 15:40:14,183][src.train.train_cue_accumulation][INFO] - 	 Starting Epoch:3 
[2024-07-22 15:40:15,522][src.train.train_cue_accumulation][INFO] - train epoch 003 loss 0.6845 accuracy 64.06
[2024-07-22 15:40:15,522][src.train.train_cue_accumulation][INFO] - 	 Starting Epoch:4 
[2024-07-22 15:40:16,863][src.train.train_cue_accumulation][INFO] - train epoch 004 loss 0.6919 accuracy 57.81
[2024-07-22 15:40:16,864][src.train.train_cue_accumulation][INFO] - 	 Starting Epoch:5 
[2024-07-22 15:40:18,203][src.train.train_cue_accumulation][INFO] - train epoch 005 loss 0.7024 accuracy 42.19
[2024-07-22 15:40:18,203][src.train.train_cue_accumulation][INFO] - 	 Starting Epoch:6 
[2024-07-22 15:40:19,542][src.train.train_cue_accumulation][INFO] - train epoch 006 loss 0.6875 accuracy 56.25
[2024-07-22 15:40:19,543][src.train.train_cue_accumulation][INFO] - 	 Starting Epoch:7 
[2024-07-22 15:40:20,881][src.train.train_cue_accumulation][INFO] - train epoch 007 loss 0.6978 accuracy 57.81
[2024-07-22 15:40:20,963][src.train.train_cue_accumulation][INFO] - 	 Starting Epoch:8 
[2024-07-22 15:40:22,309][src.train.train_cue_accumulation][INFO] - train epoch 008 loss 0.6998 accuracy 50.00
[2024-07-22 15:40:22,313][src.train.train_cue_accumulation][INFO] - 	 Starting Epoch:9 
[2024-07-22 15:40:23,650][src.train.train_cue_accumulation][INFO] - train epoch 009 loss 0.6997 accuracy 43.75
[2024-07-22 15:40:23,651][src.train.train_cue_accumulation][INFO] - 	 Starting Epoch:10 
[2024-07-22 15:40:24,987][src.train.train_cue_accumulation][INFO] - train epoch 010 loss 0.7114 accuracy 42.19
[2024-07-22 15:40:24,987][src.train.train_cue_accumulation][INFO] - 	 Starting Epoch:11 
[2024-07-22 15:40:26,325][src.train.train_cue_accumulation][INFO] - train epoch 011 loss 0.6925 accuracy 53.12
[2024-07-22 15:40:26,326][src.train.train_cue_accumulation][INFO] - 	 Starting Epoch:12 
[2024-07-22 15:40:27,665][src.train.train_cue_accumulation][INFO] - train epoch 012 loss 0.6996 accuracy 43.75
[2024-07-22 15:40:27,778][src.train.train_cue_accumulation][INFO] - 	 Starting Epoch:13 
[2024-07-22 15:40:29,115][src.train.train_cue_accumulation][INFO] - train epoch 013 loss 0.6983 accuracy 45.31
[2024-07-22 15:40:29,116][src.train.train_cue_accumulation][INFO] - 	 Starting Epoch:14 
[2024-07-22 15:40:30,452][src.train.train_cue_accumulation][INFO] - train epoch 014 loss 0.7017 accuracy 50.00
[2024-07-22 15:40:30,453][src.train.train_cue_accumulation][INFO] - 	 Starting Epoch:15 
[2024-07-22 15:40:31,766][src.train.train_cue_accumulation][INFO] - train epoch 015 loss 0.6906 accuracy 46.88
[2024-07-22 15:40:31,769][src.train.train_cue_accumulation][INFO] - 	 Starting Epoch:16 
[2024-07-22 15:40:33,063][src.train.train_cue_accumulation][INFO] - train epoch 016 loss 0.6936 accuracy 46.88
[2024-07-22 15:40:33,064][src.train.train_cue_accumulation][INFO] - 	 Starting Epoch:17 
[2024-07-22 15:40:34,358][src.train.train_cue_accumulation][INFO] - train epoch 017 loss 0.7050 accuracy 40.62
[2024-07-22 15:40:34,376][src.train.train_cue_accumulation][INFO] - 	 Starting Epoch:18 
[2024-07-22 15:40:35,668][src.train.train_cue_accumulation][INFO] - train epoch 018 loss 0.6879 accuracy 54.69
[2024-07-22 15:40:35,669][src.train.train_cue_accumulation][INFO] - 	 Starting Epoch:19 
[2024-07-22 15:40:36,964][src.train.train_cue_accumulation][INFO] - train epoch 019 loss 0.6970 accuracy 43.75
[2024-07-22 15:40:36,965][src.train.train_cue_accumulation][INFO] - 	 Starting Epoch:20 
[2024-07-22 15:40:38,261][src.train.train_cue_accumulation][INFO] - train epoch 020 loss 0.6917 accuracy 46.88
[2024-07-22 15:40:38,262][src.train.train_cue_accumulation][INFO] - 	 Starting Epoch:21 
[2024-07-22 15:40:39,558][src.train.train_cue_accumulation][INFO] - train epoch 021 loss 0.6850 accuracy 53.12
[2024-07-22 15:40:39,559][src.train.train_cue_accumulation][INFO] - 	 Starting Epoch:22 
[2024-07-22 15:40:40,854][src.train.train_cue_accumulation][INFO] - train epoch 022 loss 0.7049 accuracy 50.00
[2024-07-22 15:40:40,878][src.train.train_cue_accumulation][INFO] - 	 Starting Epoch:23 
[2024-07-22 15:40:42,174][src.train.train_cue_accumulation][INFO] - train epoch 023 loss 0.6832 accuracy 57.81
[2024-07-22 15:40:42,175][src.train.train_cue_accumulation][INFO] - 	 Starting Epoch:24 
[2024-07-22 15:40:43,471][src.train.train_cue_accumulation][INFO] - train epoch 024 loss 0.6962 accuracy 54.69
[2024-07-22 15:40:43,471][src.train.train_cue_accumulation][INFO] - 	 Starting Epoch:25 
[2024-07-22 15:40:44,767][src.train.train_cue_accumulation][INFO] - train epoch 025 loss 0.6885 accuracy 53.12
[2024-07-22 15:40:44,767][src.train.train_cue_accumulation][INFO] - 	 Starting Epoch:26 
[2024-07-22 15:40:46,063][src.train.train_cue_accumulation][INFO] - train epoch 026 loss 0.6778 accuracy 54.69
[2024-07-22 15:40:51,199][src.train.train_cue_accumulation][INFO] - eval  epoch 026 loss 0.6881 accuracy 55.27
[2024-07-22 15:40:51,215][src.train.train_cue_accumulation][INFO] - 	 Starting Epoch:27 
[2024-07-22 15:40:52,508][src.train.train_cue_accumulation][INFO] - train epoch 027 loss 0.7243 accuracy 43.75
[2024-07-22 15:40:52,509][src.train.train_cue_accumulation][INFO] - 	 Starting Epoch:28 
[2024-07-22 15:40:53,802][src.train.train_cue_accumulation][INFO] - train epoch 028 loss 0.7144 accuracy 43.75
[2024-07-22 15:40:53,803][src.train.train_cue_accumulation][INFO] - 	 Starting Epoch:29 
[2024-07-22 15:40:55,095][src.train.train_cue_accumulation][INFO] - train epoch 029 loss 0.6850 accuracy 54.69
[2024-07-22 15:40:55,096][src.train.train_cue_accumulation][INFO] - 	 Starting Epoch:30 
[2024-07-22 15:40:56,391][src.train.train_cue_accumulation][INFO] - train epoch 030 loss 0.6762 accuracy 65.62
[2024-07-22 15:40:56,391][src.train.train_cue_accumulation][INFO] - 	 Starting Epoch:31 
[2024-07-22 15:40:57,686][src.train.train_cue_accumulation][INFO] - train epoch 031 loss 0.6939 accuracy 51.56
[2024-07-22 15:40:57,701][src.train.train_cue_accumulation][INFO] - 	 Starting Epoch:32 
[2024-07-22 15:40:58,998][src.train.train_cue_accumulation][INFO] - train epoch 032 loss 0.6886 accuracy 50.00
[2024-07-22 15:40:58,998][src.train.train_cue_accumulation][INFO] - 	 Starting Epoch:33 
[2024-07-22 15:41:00,297][src.train.train_cue_accumulation][INFO] - train epoch 033 loss 0.6866 accuracy 57.81
[2024-07-22 15:41:00,301][src.train.train_cue_accumulation][INFO] - 	 Starting Epoch:34 
[2024-07-22 15:41:01,595][src.train.train_cue_accumulation][INFO] - train epoch 034 loss 0.6809 accuracy 59.38
[2024-07-22 15:41:01,596][src.train.train_cue_accumulation][INFO] - 	 Starting Epoch:35 
[2024-07-22 15:41:02,930][src.train.train_cue_accumulation][INFO] - train epoch 035 loss 0.6636 accuracy 70.31
[2024-07-22 15:41:02,930][src.train.train_cue_accumulation][INFO] - 	 Starting Epoch:36 
[2024-07-22 15:41:04,269][src.train.train_cue_accumulation][INFO] - train epoch 036 loss 0.6780 accuracy 59.38
[2024-07-22 15:41:04,284][src.train.train_cue_accumulation][INFO] - 	 Starting Epoch:37 
[2024-07-22 15:41:05,626][src.train.train_cue_accumulation][INFO] - train epoch 037 loss 0.6684 accuracy 60.94
[2024-07-22 15:41:05,626][src.train.train_cue_accumulation][INFO] - 	 Starting Epoch:38 
[2024-07-22 15:41:06,966][src.train.train_cue_accumulation][INFO] - train epoch 038 loss 0.6759 accuracy 65.62
[2024-07-22 15:41:06,967][src.train.train_cue_accumulation][INFO] - 	 Starting Epoch:39 
[2024-07-22 15:41:08,307][src.train.train_cue_accumulation][INFO] - train epoch 039 loss 0.6796 accuracy 54.69
[2024-07-22 15:41:08,308][src.train.train_cue_accumulation][INFO] - 	 Starting Epoch:40 
[2024-07-22 15:41:09,650][src.train.train_cue_accumulation][INFO] - train epoch 040 loss 0.6588 accuracy 68.75
[2024-07-22 15:41:09,654][src.train.train_cue_accumulation][INFO] - 	 Starting Epoch:41 
[2024-07-22 15:41:10,990][src.train.train_cue_accumulation][INFO] - train epoch 041 loss 0.6277 accuracy 79.69
[2024-07-22 15:41:11,181][src.train.train_cue_accumulation][INFO] - 	 Starting Epoch:42 
[2024-07-22 15:41:12,521][src.train.train_cue_accumulation][INFO] - train epoch 042 loss 0.6577 accuracy 67.19
[2024-07-22 15:41:12,521][src.train.train_cue_accumulation][INFO] - 	 Starting Epoch:43 
[2024-07-22 15:41:13,860][src.train.train_cue_accumulation][INFO] - train epoch 043 loss 0.6483 accuracy 65.62
[2024-07-22 15:41:13,860][src.train.train_cue_accumulation][INFO] - 	 Starting Epoch:44 
[2024-07-22 15:41:15,200][src.train.train_cue_accumulation][INFO] - train epoch 044 loss 0.6465 accuracy 62.50
[2024-07-22 15:41:15,200][src.train.train_cue_accumulation][INFO] - 	 Starting Epoch:45 
[2024-07-22 15:41:16,539][src.train.train_cue_accumulation][INFO] - train epoch 045 loss 0.6378 accuracy 62.50
[2024-07-22 15:41:16,540][src.train.train_cue_accumulation][INFO] - 	 Starting Epoch:46 
[2024-07-22 15:41:17,878][src.train.train_cue_accumulation][INFO] - train epoch 046 loss 0.6337 accuracy 68.75
[2024-07-22 15:41:18,035][src.train.train_cue_accumulation][INFO] - 	 Starting Epoch:47 
[2024-07-22 15:41:19,376][src.train.train_cue_accumulation][INFO] - train epoch 047 loss 0.5994 accuracy 78.12
[2024-07-22 15:41:19,379][src.train.train_cue_accumulation][INFO] - 	 Starting Epoch:48 
[2024-07-22 15:41:20,717][src.train.train_cue_accumulation][INFO] - train epoch 048 loss 0.5962 accuracy 70.31
[2024-07-22 15:41:20,718][src.train.train_cue_accumulation][INFO] - 	 Starting Epoch:49 
[2024-07-22 15:41:22,053][src.train.train_cue_accumulation][INFO] - train epoch 049 loss 0.5425 accuracy 81.25
[2024-07-22 15:41:22,054][src.train.train_cue_accumulation][INFO] - 	 Starting Epoch:50 
[2024-07-22 15:41:23,390][src.train.train_cue_accumulation][INFO] - train epoch 050 loss 0.4945 accuracy 84.38
[2024-07-22 15:41:23,391][src.train.train_cue_accumulation][INFO] - 	 Starting Epoch:51 
[2024-07-22 15:41:24,728][src.train.train_cue_accumulation][INFO] - train epoch 051 loss 0.5795 accuracy 73.44
[2024-07-22 15:41:30,378][src.train.train_cue_accumulation][INFO] - eval  epoch 051 loss 0.5180 accuracy 81.25
[2024-07-22 15:41:30,382][src.train.train_cue_accumulation][INFO] - 	 Starting Epoch:52 
[2024-07-22 15:41:31,698][src.train.train_cue_accumulation][INFO] - train epoch 052 loss 0.5016 accuracy 84.38
[2024-07-22 15:41:31,698][src.train.train_cue_accumulation][INFO] - 	 Starting Epoch:53 
[2024-07-22 15:41:32,992][src.train.train_cue_accumulation][INFO] - train epoch 053 loss 0.5413 accuracy 75.00
[2024-07-22 15:41:32,992][src.train.train_cue_accumulation][INFO] - 	 Starting Epoch:54 
[2024-07-22 15:41:34,289][src.train.train_cue_accumulation][INFO] - train epoch 054 loss 0.5136 accuracy 81.25
[2024-07-22 15:41:34,290][src.train.train_cue_accumulation][INFO] - 	 Starting Epoch:55 
[2024-07-22 15:41:35,586][src.train.train_cue_accumulation][INFO] - train epoch 055 loss 0.4123 accuracy 87.50
[2024-07-22 15:41:35,587][src.train.train_cue_accumulation][INFO] - 	 Starting Epoch:56 
[2024-07-22 15:41:36,881][src.train.train_cue_accumulation][INFO] - train epoch 056 loss 0.4298 accuracy 82.81
[2024-07-22 15:41:37,040][src.train.train_cue_accumulation][INFO] - 	 Starting Epoch:57 
[2024-07-22 15:41:38,334][src.train.train_cue_accumulation][INFO] - train epoch 057 loss 0.3557 accuracy 87.50
[2024-07-22 15:41:38,335][src.train.train_cue_accumulation][INFO] - 	 Starting Epoch:58 
[2024-07-22 15:41:39,630][src.train.train_cue_accumulation][INFO] - train epoch 058 loss 0.4360 accuracy 78.12
[2024-07-22 15:41:39,633][src.train.train_cue_accumulation][INFO] - 	 Starting Epoch:59 
[2024-07-22 15:41:40,926][src.train.train_cue_accumulation][INFO] - train epoch 059 loss 0.3982 accuracy 81.25
[2024-07-22 15:41:40,927][src.train.train_cue_accumulation][INFO] - 	 Starting Epoch:60 
[2024-07-22 15:41:42,218][src.train.train_cue_accumulation][INFO] - train epoch 060 loss 0.2656 accuracy 92.19
[2024-07-22 15:41:42,218][src.train.train_cue_accumulation][INFO] - 	 Starting Epoch:61 
[2024-07-22 15:41:43,513][src.train.train_cue_accumulation][INFO] - train epoch 061 loss 0.2092 accuracy 95.31
[2024-07-22 15:41:43,721][src.train.train_cue_accumulation][INFO] - 	 Starting Epoch:62 
[2024-07-22 15:41:45,016][src.train.train_cue_accumulation][INFO] - train epoch 062 loss 0.2069 accuracy 95.31
[2024-07-22 15:41:45,017][src.train.train_cue_accumulation][INFO] - 	 Starting Epoch:63 
[2024-07-22 15:41:46,309][src.train.train_cue_accumulation][INFO] - train epoch 063 loss 0.2366 accuracy 93.75
[2024-07-22 15:41:46,310][src.train.train_cue_accumulation][INFO] - 	 Starting Epoch:64 
[2024-07-22 15:41:47,604][src.train.train_cue_accumulation][INFO] - train epoch 064 loss 0.2851 accuracy 90.62
[2024-07-22 15:41:47,604][src.train.train_cue_accumulation][INFO] - 	 Starting Epoch:65 
[2024-07-22 15:41:48,900][src.train.train_cue_accumulation][INFO] - train epoch 065 loss 0.1494 accuracy 95.31
[2024-07-22 15:41:48,903][src.train.train_cue_accumulation][INFO] - 	 Starting Epoch:66 
[2024-07-22 15:41:50,195][src.train.train_cue_accumulation][INFO] - train epoch 066 loss 0.2578 accuracy 93.75
[2024-07-22 15:41:50,515][src.train.train_cue_accumulation][INFO] - 	 Starting Epoch:67 
[2024-07-22 15:41:51,812][src.train.train_cue_accumulation][INFO] - train epoch 067 loss 0.0708 accuracy 98.44
[2024-07-22 15:41:51,813][src.train.train_cue_accumulation][INFO] - 	 Starting Epoch:68 
[2024-07-22 15:41:53,109][src.train.train_cue_accumulation][INFO] - train epoch 068 loss 0.1515 accuracy 90.62
[2024-07-22 15:41:53,110][src.train.train_cue_accumulation][INFO] - 	 Starting Epoch:69 
[2024-07-22 15:41:54,406][src.train.train_cue_accumulation][INFO] - train epoch 069 loss 0.3423 accuracy 93.75
[2024-07-22 15:41:54,406][src.train.train_cue_accumulation][INFO] - 	 Starting Epoch:70 
[2024-07-22 15:41:55,702][src.train.train_cue_accumulation][INFO] - train epoch 070 loss 0.2153 accuracy 92.19
[2024-07-22 15:41:55,703][src.train.train_cue_accumulation][INFO] - 	 Starting Epoch:71 
[2024-07-22 15:41:56,999][src.train.train_cue_accumulation][INFO] - train epoch 071 loss 0.1000 accuracy 96.88
[2024-07-22 15:41:57,276][src.train.train_cue_accumulation][INFO] - 	 Starting Epoch:72 
[2024-07-22 15:41:58,573][src.train.train_cue_accumulation][INFO] - train epoch 072 loss 0.3589 accuracy 84.38
[2024-07-22 15:41:58,576][src.train.train_cue_accumulation][INFO] - 	 Starting Epoch:73 
[2024-07-22 15:41:59,868][src.train.train_cue_accumulation][INFO] - train epoch 073 loss 0.3918 accuracy 82.81
[2024-07-22 15:41:59,869][src.train.train_cue_accumulation][INFO] - 	 Starting Epoch:74 
[2024-07-22 15:42:01,162][src.train.train_cue_accumulation][INFO] - train epoch 074 loss 0.1476 accuracy 95.31
[2024-07-22 15:42:01,163][src.train.train_cue_accumulation][INFO] - 	 Starting Epoch:75 
[2024-07-22 15:42:02,481][src.train.train_cue_accumulation][INFO] - train epoch 075 loss 0.2368 accuracy 90.62
[2024-07-22 15:42:02,482][src.train.train_cue_accumulation][INFO] - 	 Starting Epoch:76 
[2024-07-22 15:42:03,824][src.train.train_cue_accumulation][INFO] - train epoch 076 loss 0.1774 accuracy 95.31
[2024-07-22 15:42:09,465][src.train.train_cue_accumulation][INFO] - eval  epoch 076 loss 0.2522 accuracy 91.02
[2024-07-22 15:42:09,469][src.train.train_cue_accumulation][INFO] - 	 Starting Epoch:77 
[2024-07-22 15:42:10,807][src.train.train_cue_accumulation][INFO] - train epoch 077 loss 0.2729 accuracy 90.62
[2024-07-22 15:42:10,808][src.train.train_cue_accumulation][INFO] - 	 Starting Epoch:78 
[2024-07-22 15:42:12,149][src.train.train_cue_accumulation][INFO] - train epoch 078 loss 0.1817 accuracy 93.75
[2024-07-22 15:42:12,149][src.train.train_cue_accumulation][INFO] - 	 Starting Epoch:79 
[2024-07-22 15:42:13,491][src.train.train_cue_accumulation][INFO] - train epoch 079 loss 0.1486 accuracy 93.75
[2024-07-22 15:42:13,491][src.train.train_cue_accumulation][INFO] - 	 Starting Epoch:80 
[2024-07-22 15:42:14,834][src.train.train_cue_accumulation][INFO] - train epoch 080 loss 0.1945 accuracy 95.31
[2024-07-22 15:42:14,834][src.train.train_cue_accumulation][INFO] - 	 Starting Epoch:81 
[2024-07-22 15:42:16,176][src.train.train_cue_accumulation][INFO] - train epoch 081 loss 0.1558 accuracy 95.31
[2024-07-22 15:42:16,338][src.train.train_cue_accumulation][INFO] - 	 Starting Epoch:82 
[2024-07-22 15:42:17,685][src.train.train_cue_accumulation][INFO] - train epoch 082 loss 0.1643 accuracy 92.19
[2024-07-22 15:42:17,686][src.train.train_cue_accumulation][INFO] - 	 Starting Epoch:83 
[2024-07-22 15:42:19,026][src.train.train_cue_accumulation][INFO] - train epoch 083 loss 0.2455 accuracy 90.62
[2024-07-22 15:42:19,030][src.train.train_cue_accumulation][INFO] - 	 Starting Epoch:84 
[2024-07-22 15:42:20,370][src.train.train_cue_accumulation][INFO] - train epoch 084 loss 0.1806 accuracy 95.31
[2024-07-22 15:42:20,370][src.train.train_cue_accumulation][INFO] - 	 Starting Epoch:85 
[2024-07-22 15:42:21,710][src.train.train_cue_accumulation][INFO] - train epoch 085 loss 0.0994 accuracy 95.31
[2024-07-22 15:42:21,710][src.train.train_cue_accumulation][INFO] - 	 Starting Epoch:86 
[2024-07-22 15:42:23,050][src.train.train_cue_accumulation][INFO] - train epoch 086 loss 0.2383 accuracy 92.19
[2024-07-22 15:42:23,267][src.train.train_cue_accumulation][INFO] - 	 Starting Epoch:87 
[2024-07-22 15:42:24,607][src.train.train_cue_accumulation][INFO] - train epoch 087 loss 0.0538 accuracy 100.00
[2024-07-22 15:42:24,608][src.train.train_cue_accumulation][INFO] - 	 Starting Epoch:88 
[2024-07-22 15:42:25,947][src.train.train_cue_accumulation][INFO] - train epoch 088 loss 0.1025 accuracy 96.88
[2024-07-22 15:42:25,947][src.train.train_cue_accumulation][INFO] - 	 Starting Epoch:89 
[2024-07-22 15:42:27,286][src.train.train_cue_accumulation][INFO] - train epoch 089 loss 0.1852 accuracy 90.62
[2024-07-22 15:42:27,286][src.train.train_cue_accumulation][INFO] - 	 Starting Epoch:90 
[2024-07-22 15:42:28,629][src.train.train_cue_accumulation][INFO] - train epoch 090 loss 0.2225 accuracy 92.19
[2024-07-22 15:42:28,633][src.train.train_cue_accumulation][INFO] - 	 Starting Epoch:91 
[2024-07-22 15:42:29,971][src.train.train_cue_accumulation][INFO] - train epoch 091 loss 0.2100 accuracy 93.75
[2024-07-22 15:42:30,327][src.train.train_cue_accumulation][INFO] - 	 Starting Epoch:92 
[2024-07-22 15:42:31,647][src.train.train_cue_accumulation][INFO] - train epoch 092 loss 0.0785 accuracy 98.44
[2024-07-22 15:42:31,648][src.train.train_cue_accumulation][INFO] - 	 Starting Epoch:93 
[2024-07-22 15:42:32,944][src.train.train_cue_accumulation][INFO] - train epoch 093 loss 0.1476 accuracy 95.31
[2024-07-22 15:42:32,945][src.train.train_cue_accumulation][INFO] - 	 Starting Epoch:94 
[2024-07-22 15:42:34,240][src.train.train_cue_accumulation][INFO] - train epoch 094 loss 0.1088 accuracy 98.44
[2024-07-22 15:42:34,240][src.train.train_cue_accumulation][INFO] - 	 Starting Epoch:95 
[2024-07-22 15:42:35,534][src.train.train_cue_accumulation][INFO] - train epoch 095 loss 0.1610 accuracy 93.75
[2024-07-22 15:42:35,534][src.train.train_cue_accumulation][INFO] - 	 Starting Epoch:96 
[2024-07-22 15:42:36,827][src.train.train_cue_accumulation][INFO] - train epoch 096 loss 0.1360 accuracy 95.31
[2024-07-22 15:42:36,881][src.train.train_cue_accumulation][INFO] - 	 Starting Epoch:97 
[2024-07-22 15:42:38,176][src.train.train_cue_accumulation][INFO] - train epoch 097 loss 0.1270 accuracy 92.19
[2024-07-22 15:42:38,180][src.train.train_cue_accumulation][INFO] - 	 Starting Epoch:98 
[2024-07-22 15:42:39,473][src.train.train_cue_accumulation][INFO] - train epoch 098 loss 0.1375 accuracy 95.31
[2024-07-22 15:42:39,473][src.train.train_cue_accumulation][INFO] - 	 Starting Epoch:99 
[2024-07-22 15:42:40,764][src.train.train_cue_accumulation][INFO] - train epoch 099 loss 0.1625 accuracy 95.31
[2024-07-22 15:42:40,765][src.train.train_cue_accumulation][INFO] - 	 Starting Epoch:100 
[2024-07-22 15:42:42,057][src.train.train_cue_accumulation][INFO] - train epoch 100 loss 0.1073 accuracy 96.88
[2024-07-22 15:42:42,058][src.train.train_cue_accumulation][INFO] - 	 Starting Epoch:101 
[2024-07-22 15:42:43,352][src.train.train_cue_accumulation][INFO] - train epoch 101 loss 0.2153 accuracy 93.75
[2024-07-22 15:42:48,476][src.train.train_cue_accumulation][INFO] - eval  epoch 101 loss 0.1644 accuracy 94.34
[2024-07-22 15:42:48,480][src.train.train_cue_accumulation][INFO] - 	 Starting Epoch:102 
[2024-07-22 15:42:49,773][src.train.train_cue_accumulation][INFO] - train epoch 102 loss 0.2578 accuracy 90.62
[2024-07-22 15:42:49,774][src.train.train_cue_accumulation][INFO] - 	 Starting Epoch:103 
[2024-07-22 15:42:51,068][src.train.train_cue_accumulation][INFO] - train epoch 103 loss 0.1629 accuracy 93.75
[2024-07-22 15:42:51,069][src.train.train_cue_accumulation][INFO] - 	 Starting Epoch:104 
[2024-07-22 15:42:52,362][src.train.train_cue_accumulation][INFO] - train epoch 104 loss 0.1870 accuracy 93.75
[2024-07-22 15:42:52,362][src.train.train_cue_accumulation][INFO] - 	 Starting Epoch:105 
[2024-07-22 15:42:53,656][src.train.train_cue_accumulation][INFO] - train epoch 105 loss 0.1233 accuracy 95.31
[2024-07-22 15:42:53,657][src.train.train_cue_accumulation][INFO] - 	 Starting Epoch:106 
[2024-07-22 15:42:54,944][src.train.train_cue_accumulation][INFO] - train epoch 106 loss 0.2081 accuracy 92.19
[2024-07-22 15:42:54,960][src.train.train_cue_accumulation][INFO] - 	 Starting Epoch:107 
[2024-07-22 15:42:56,260][src.train.train_cue_accumulation][INFO] - train epoch 107 loss 0.1025 accuracy 93.75
[2024-07-22 15:42:56,261][src.train.train_cue_accumulation][INFO] - 	 Starting Epoch:108 
[2024-07-22 15:42:57,557][src.train.train_cue_accumulation][INFO] - train epoch 108 loss 0.1945 accuracy 93.75
[2024-07-22 15:42:57,561][src.train.train_cue_accumulation][INFO] - 	 Starting Epoch:109 
[2024-07-22 15:42:58,854][src.train.train_cue_accumulation][INFO] - train epoch 109 loss 0.1760 accuracy 93.75
[2024-07-22 15:42:58,855][src.train.train_cue_accumulation][INFO] - 	 Starting Epoch:110 
[2024-07-22 15:43:00,148][src.train.train_cue_accumulation][INFO] - train epoch 110 loss 0.1123 accuracy 95.31
[2024-07-22 15:43:00,149][src.train.train_cue_accumulation][INFO] - 	 Starting Epoch:111 
[2024-07-22 15:43:01,440][src.train.train_cue_accumulation][INFO] - train epoch 111 loss 0.1452 accuracy 98.44
[2024-07-22 15:43:01,467][src.train.train_cue_accumulation][INFO] - 	 Starting Epoch:112 
[2024-07-22 15:43:02,792][src.train.train_cue_accumulation][INFO] - train epoch 112 loss 0.2331 accuracy 92.19
[2024-07-22 15:43:02,793][src.train.train_cue_accumulation][INFO] - 	 Starting Epoch:113 
[2024-07-22 15:43:04,133][src.train.train_cue_accumulation][INFO] - train epoch 113 loss 0.0916 accuracy 95.31
[2024-07-22 15:43:04,133][src.train.train_cue_accumulation][INFO] - 	 Starting Epoch:114 
[2024-07-22 15:43:05,472][src.train.train_cue_accumulation][INFO] - train epoch 114 loss 0.1021 accuracy 96.88
[2024-07-22 15:43:05,472][src.train.train_cue_accumulation][INFO] - 	 Starting Epoch:115 
[2024-07-22 15:43:06,814][src.train.train_cue_accumulation][INFO] - train epoch 115 loss 0.0823 accuracy 95.31
[2024-07-22 15:43:06,817][src.train.train_cue_accumulation][INFO] - 	 Starting Epoch:116 
[2024-07-22 15:43:08,155][src.train.train_cue_accumulation][INFO] - train epoch 116 loss 0.1846 accuracy 92.19
[2024-07-22 15:43:08,175][src.train.train_cue_accumulation][INFO] - 	 Starting Epoch:117 
[2024-07-22 15:43:09,517][src.train.train_cue_accumulation][INFO] - train epoch 117 loss 0.1140 accuracy 93.75
[2024-07-22 15:43:09,518][src.train.train_cue_accumulation][INFO] - 	 Starting Epoch:118 
[2024-07-22 15:43:10,854][src.train.train_cue_accumulation][INFO] - train epoch 118 loss 0.2507 accuracy 90.62
[2024-07-22 15:43:10,855][src.train.train_cue_accumulation][INFO] - 	 Starting Epoch:119 
[2024-07-22 15:43:12,196][src.train.train_cue_accumulation][INFO] - train epoch 119 loss 0.1828 accuracy 95.31
[2024-07-22 15:43:12,197][src.train.train_cue_accumulation][INFO] - 	 Starting Epoch:120 
[2024-07-22 15:43:13,536][src.train.train_cue_accumulation][INFO] - train epoch 120 loss 0.1605 accuracy 95.31
[2024-07-22 15:43:13,536][src.train.train_cue_accumulation][INFO] - 	 Starting Epoch:121 
[2024-07-22 15:43:14,876][src.train.train_cue_accumulation][INFO] - train epoch 121 loss 0.1393 accuracy 92.19
[2024-07-22 15:43:14,964][src.train.train_cue_accumulation][INFO] - 	 Starting Epoch:122 
[2024-07-22 15:43:16,307][src.train.train_cue_accumulation][INFO] - train epoch 122 loss 0.1548 accuracy 93.75
[2024-07-22 15:43:16,310][src.train.train_cue_accumulation][INFO] - 	 Starting Epoch:123 
[2024-07-22 15:43:17,650][src.train.train_cue_accumulation][INFO] - train epoch 123 loss 0.0277 accuracy 100.00
[2024-07-22 15:43:17,650][src.train.train_cue_accumulation][INFO] - 	 Starting Epoch:124 
[2024-07-22 15:43:18,988][src.train.train_cue_accumulation][INFO] - train epoch 124 loss 0.1838 accuracy 90.62
[2024-07-22 15:43:18,989][src.train.train_cue_accumulation][INFO] - 	 Starting Epoch:125 
[2024-07-22 15:43:20,330][src.train.train_cue_accumulation][INFO] - train epoch 125 loss 0.0640 accuracy 98.44
[2024-07-22 15:43:20,330][src.train.train_cue_accumulation][INFO] - 	 Starting Epoch:126 
[2024-07-22 15:43:21,671][src.train.train_cue_accumulation][INFO] - train epoch 126 loss 0.0402 accuracy 100.00
[2024-07-22 15:43:27,408][src.train.train_cue_accumulation][INFO] - eval  epoch 126 loss 0.1649 accuracy 94.53
[2024-07-22 15:43:27,412][src.train.train_cue_accumulation][INFO] - 	 Starting Epoch:127 
[2024-07-22 15:43:28,746][src.train.train_cue_accumulation][INFO] - train epoch 127 loss 0.1415 accuracy 95.31
[2024-07-22 15:43:28,746][src.train.train_cue_accumulation][INFO] - 	 Starting Epoch:128 
[2024-07-22 15:43:30,083][src.train.train_cue_accumulation][INFO] - train epoch 128 loss 0.1474 accuracy 95.31
[2024-07-22 15:43:30,083][src.train.train_cue_accumulation][INFO] - 	 Starting Epoch:129 
[2024-07-22 15:43:31,410][src.train.train_cue_accumulation][INFO] - train epoch 129 loss 0.2038 accuracy 93.75
[2024-07-22 15:43:31,411][src.train.train_cue_accumulation][INFO] - 	 Starting Epoch:130 
[2024-07-22 15:43:32,707][src.train.train_cue_accumulation][INFO] - train epoch 130 loss 0.1828 accuracy 93.75
[2024-07-22 15:43:32,708][src.train.train_cue_accumulation][INFO] - 	 Starting Epoch:131 
[2024-07-22 15:43:34,002][src.train.train_cue_accumulation][INFO] - train epoch 131 loss 0.1436 accuracy 92.19
[2024-07-22 15:43:34,264][src.train.train_cue_accumulation][INFO] - 	 Starting Epoch:132 
[2024-07-22 15:43:35,561][src.train.train_cue_accumulation][INFO] - train epoch 132 loss 0.1421 accuracy 93.75
[2024-07-22 15:43:35,562][src.train.train_cue_accumulation][INFO] - 	 Starting Epoch:133 
[2024-07-22 15:43:36,860][src.train.train_cue_accumulation][INFO] - train epoch 133 loss 0.1646 accuracy 93.75
[2024-07-22 15:43:36,863][src.train.train_cue_accumulation][INFO] - 	 Starting Epoch:134 
[2024-07-22 15:43:38,155][src.train.train_cue_accumulation][INFO] - train epoch 134 loss 0.1084 accuracy 95.31
[2024-07-22 15:43:38,156][src.train.train_cue_accumulation][INFO] - 	 Starting Epoch:135 
[2024-07-22 15:43:39,450][src.train.train_cue_accumulation][INFO] - train epoch 135 loss 0.1815 accuracy 93.75
[2024-07-22 15:43:39,451][src.train.train_cue_accumulation][INFO] - 	 Starting Epoch:136 
[2024-07-22 15:43:40,744][src.train.train_cue_accumulation][INFO] - train epoch 136 loss 0.1167 accuracy 95.31
[2024-07-22 15:43:40,901][src.train.train_cue_accumulation][INFO] - 	 Starting Epoch:137 
[2024-07-22 15:43:42,198][src.train.train_cue_accumulation][INFO] - train epoch 137 loss 0.1523 accuracy 95.31
[2024-07-22 15:43:42,198][src.train.train_cue_accumulation][INFO] - 	 Starting Epoch:138 
[2024-07-22 15:43:43,492][src.train.train_cue_accumulation][INFO] - train epoch 138 loss 0.2007 accuracy 90.62
[2024-07-22 15:43:43,493][src.train.train_cue_accumulation][INFO] - 	 Starting Epoch:139 
[2024-07-22 15:43:44,790][src.train.train_cue_accumulation][INFO] - train epoch 139 loss 0.0518 accuracy 98.44
[2024-07-22 15:43:44,791][src.train.train_cue_accumulation][INFO] - 	 Starting Epoch:140 
[2024-07-22 15:43:46,088][src.train.train_cue_accumulation][INFO] - train epoch 140 loss 0.3181 accuracy 90.62
[2024-07-22 15:43:46,091][src.train.train_cue_accumulation][INFO] - 	 Starting Epoch:141 
[2024-07-22 15:43:47,384][src.train.train_cue_accumulation][INFO] - train epoch 141 loss 0.0916 accuracy 98.44
[2024-07-22 15:43:47,544][src.train.train_cue_accumulation][INFO] - 	 Starting Epoch:142 
[2024-07-22 15:43:48,840][src.train.train_cue_accumulation][INFO] - train epoch 142 loss 0.0393 accuracy 100.00
[2024-07-22 15:43:48,841][src.train.train_cue_accumulation][INFO] - 	 Starting Epoch:143 
[2024-07-22 15:43:50,136][src.train.train_cue_accumulation][INFO] - train epoch 143 loss 0.0787 accuracy 98.44
[2024-07-22 15:43:50,137][src.train.train_cue_accumulation][INFO] - 	 Starting Epoch:144 
[2024-07-22 15:43:51,436][src.train.train_cue_accumulation][INFO] - train epoch 144 loss 0.1510 accuracy 93.75
[2024-07-22 15:43:51,436][src.train.train_cue_accumulation][INFO] - 	 Starting Epoch:145 
[2024-07-22 15:43:52,734][src.train.train_cue_accumulation][INFO] - train epoch 145 loss 0.1538 accuracy 95.31
[2024-07-22 15:43:52,734][src.train.train_cue_accumulation][INFO] - 	 Starting Epoch:146 
[2024-07-22 15:43:54,030][src.train.train_cue_accumulation][INFO] - train epoch 146 loss 0.1998 accuracy 90.62
[2024-07-22 15:43:54,427][src.train.train_cue_accumulation][INFO] - 	 Starting Epoch:147 
[2024-07-22 15:43:55,729][src.train.train_cue_accumulation][INFO] - train epoch 147 loss 0.1334 accuracy 92.19
[2024-07-22 15:43:55,732][src.train.train_cue_accumulation][INFO] - 	 Starting Epoch:148 
[2024-07-22 15:43:57,028][src.train.train_cue_accumulation][INFO] - train epoch 148 loss 0.0282 accuracy 100.00
[2024-07-22 15:43:57,029][src.train.train_cue_accumulation][INFO] - 	 Starting Epoch:149 
[2024-07-22 15:43:58,325][src.train.train_cue_accumulation][INFO] - train epoch 149 loss 0.0640 accuracy 98.44
[2024-07-22 15:43:58,325][src.train.train_cue_accumulation][INFO] - 	 Starting Epoch:150 
[2024-07-22 15:43:59,622][src.train.train_cue_accumulation][INFO] - train epoch 150 loss 0.2402 accuracy 92.19
[2024-07-22 15:43:59,623][src.train.train_cue_accumulation][INFO] - 	 Starting Epoch:151 
[2024-07-22 15:44:00,919][src.train.train_cue_accumulation][INFO] - train epoch 151 loss 0.0468 accuracy 98.44
[2024-07-22 15:44:06,630][src.train.train_cue_accumulation][INFO] - eval  epoch 151 loss 0.2110 accuracy 92.38
[2024-07-22 15:44:06,633][src.train.train_cue_accumulation][INFO] - 	 Starting Epoch:152 
[2024-07-22 15:44:07,969][src.train.train_cue_accumulation][INFO] - train epoch 152 loss 0.2070 accuracy 92.19
[2024-07-22 15:44:07,970][src.train.train_cue_accumulation][INFO] - 	 Starting Epoch:153 
[2024-07-22 15:44:09,309][src.train.train_cue_accumulation][INFO] - train epoch 153 loss 0.2717 accuracy 92.19
[2024-07-22 15:44:09,310][src.train.train_cue_accumulation][INFO] - 	 Starting Epoch:154 
[2024-07-22 15:44:10,650][src.train.train_cue_accumulation][INFO] - train epoch 154 loss 0.1389 accuracy 93.75
[2024-07-22 15:44:10,650][src.train.train_cue_accumulation][INFO] - 	 Starting Epoch:155 
[2024-07-22 15:44:11,987][src.train.train_cue_accumulation][INFO] - train epoch 155 loss 0.2335 accuracy 92.19
[2024-07-22 15:44:11,988][src.train.train_cue_accumulation][INFO] - 	 Starting Epoch:156 
[2024-07-22 15:44:13,327][src.train.train_cue_accumulation][INFO] - train epoch 156 loss 0.0900 accuracy 98.44
[2024-07-22 15:44:13,662][src.train.train_cue_accumulation][INFO] - 	 Starting Epoch:157 
[2024-07-22 15:44:15,004][src.train.train_cue_accumulation][INFO] - train epoch 157 loss 0.1002 accuracy 95.31
[2024-07-22 15:44:15,004][src.train.train_cue_accumulation][INFO] - 	 Starting Epoch:158 
[2024-07-22 15:44:16,344][src.train.train_cue_accumulation][INFO] - train epoch 158 loss 0.0799 accuracy 96.88
[2024-07-22 15:44:16,348][src.train.train_cue_accumulation][INFO] - 	 Starting Epoch:159 
[2024-07-22 15:44:17,683][src.train.train_cue_accumulation][INFO] - train epoch 159 loss 0.1476 accuracy 96.88
[2024-07-22 15:44:17,684][src.train.train_cue_accumulation][INFO] - 	 Starting Epoch:160 
[2024-07-22 15:44:19,021][src.train.train_cue_accumulation][INFO] - train epoch 160 loss 0.1096 accuracy 96.88
[2024-07-22 15:44:19,021][src.train.train_cue_accumulation][INFO] - 	 Starting Epoch:161 
[2024-07-22 15:44:20,358][src.train.train_cue_accumulation][INFO] - train epoch 161 loss 0.1191 accuracy 95.31
[2024-07-22 15:44:20,527][src.train.train_cue_accumulation][INFO] - 	 Starting Epoch:162 
[2024-07-22 15:44:21,868][src.train.train_cue_accumulation][INFO] - train epoch 162 loss 0.1836 accuracy 95.31
[2024-07-22 15:44:21,868][src.train.train_cue_accumulation][INFO] - 	 Starting Epoch:163 
[2024-07-22 15:44:23,206][src.train.train_cue_accumulation][INFO] - train epoch 163 loss 0.1540 accuracy 93.75
[2024-07-22 15:44:23,207][src.train.train_cue_accumulation][INFO] - 	 Starting Epoch:164 
[2024-07-22 15:44:24,545][src.train.train_cue_accumulation][INFO] - train epoch 164 loss 0.0531 accuracy 100.00
[2024-07-22 15:44:24,545][src.train.train_cue_accumulation][INFO] - 	 Starting Epoch:165 
[2024-07-22 15:44:25,886][src.train.train_cue_accumulation][INFO] - train epoch 165 loss 0.0683 accuracy 95.31
[2024-07-22 15:44:25,890][src.train.train_cue_accumulation][INFO] - 	 Starting Epoch:166 
[2024-07-22 15:44:27,224][src.train.train_cue_accumulation][INFO] - train epoch 166 loss 0.2523 accuracy 90.62
[2024-07-22 15:44:27,494][src.train.train_cue_accumulation][INFO] - 	 Starting Epoch:167 
[2024-07-22 15:44:28,836][src.train.train_cue_accumulation][INFO] - train epoch 167 loss 0.0839 accuracy 98.44
[2024-07-22 15:44:28,837][src.train.train_cue_accumulation][INFO] - 	 Starting Epoch:168 
[2024-07-22 15:44:30,176][src.train.train_cue_accumulation][INFO] - train epoch 168 loss 0.1275 accuracy 96.88
[2024-07-22 15:44:30,177][src.train.train_cue_accumulation][INFO] - 	 Starting Epoch:169 
[2024-07-22 15:44:31,501][src.train.train_cue_accumulation][INFO] - train epoch 169 loss 0.3002 accuracy 89.06
[2024-07-22 15:44:31,501][src.train.train_cue_accumulation][INFO] - 	 Starting Epoch:170 
[2024-07-22 15:44:32,800][src.train.train_cue_accumulation][INFO] - train epoch 170 loss 0.1996 accuracy 87.50
[2024-07-22 15:44:32,801][src.train.train_cue_accumulation][INFO] - 	 Starting Epoch:171 
[2024-07-22 15:44:34,096][src.train.train_cue_accumulation][INFO] - train epoch 171 loss 0.1204 accuracy 95.31
[2024-07-22 15:44:34,268][src.train.train_cue_accumulation][INFO] - 	 Starting Epoch:172 
[2024-07-22 15:44:35,566][src.train.train_cue_accumulation][INFO] - train epoch 172 loss 0.0689 accuracy 98.44
[2024-07-22 15:44:35,570][src.train.train_cue_accumulation][INFO] - 	 Starting Epoch:173 
[2024-07-22 15:44:36,862][src.train.train_cue_accumulation][INFO] - train epoch 173 loss 0.0565 accuracy 96.88
[2024-07-22 15:44:36,863][src.train.train_cue_accumulation][INFO] - 	 Starting Epoch:174 
[2024-07-22 15:44:38,156][src.train.train_cue_accumulation][INFO] - train epoch 174 loss 0.1828 accuracy 96.88
[2024-07-22 15:44:38,157][src.train.train_cue_accumulation][INFO] - 	 Starting Epoch:175 
[2024-07-22 15:44:39,451][src.train.train_cue_accumulation][INFO] - train epoch 175 loss 0.2075 accuracy 95.31
[2024-07-22 15:44:39,452][src.train.train_cue_accumulation][INFO] - 	 Starting Epoch:176 
[2024-07-22 15:44:40,748][src.train.train_cue_accumulation][INFO] - train epoch 176 loss 0.1733 accuracy 95.31
[2024-07-22 15:44:46,028][src.train.train_cue_accumulation][INFO] - eval  epoch 176 loss 0.1344 accuracy 95.31
[2024-07-22 15:44:51,733][src.train.train_cue_accumulation][INFO] - eval  epoch 176 loss 0.1363 accuracy 94.53
[2024-07-22 15:44:51,734][src.train.train_cue_accumulation][INFO] - 	 Starting Epoch:177 
[2024-07-22 15:44:53,027][src.train.train_cue_accumulation][INFO] - train epoch 177 loss 0.1528 accuracy 95.31
[2024-07-22 15:44:53,085][src.train.train_cue_accumulation][INFO] - 	 Starting Epoch:178 
[2024-07-22 15:44:54,379][src.train.train_cue_accumulation][INFO] - train epoch 178 loss 0.2159 accuracy 92.19
[2024-07-22 15:44:54,380][src.train.train_cue_accumulation][INFO] - 	 Starting Epoch:179 
[2024-07-22 15:44:55,675][src.train.train_cue_accumulation][INFO] - train epoch 179 loss 0.0829 accuracy 98.44
[2024-07-22 15:44:55,676][src.train.train_cue_accumulation][INFO] - 	 Starting Epoch:180 
[2024-07-22 15:44:56,971][src.train.train_cue_accumulation][INFO] - train epoch 180 loss 0.1112 accuracy 96.88
[2024-07-22 15:44:56,971][src.train.train_cue_accumulation][INFO] - 	 Starting Epoch:181 
[2024-07-22 15:44:58,266][src.train.train_cue_accumulation][INFO] - train epoch 181 loss 0.2947 accuracy 90.62
[2024-07-22 15:44:58,267][src.train.train_cue_accumulation][INFO] - 	 Starting Epoch:182 
[2024-07-22 15:44:59,563][src.train.train_cue_accumulation][INFO] - train epoch 182 loss 0.1092 accuracy 96.88
[2024-07-22 15:44:59,583][src.train.train_cue_accumulation][INFO] - 	 Starting Epoch:183 
[2024-07-22 15:45:00,881][src.train.train_cue_accumulation][INFO] - train epoch 183 loss 0.1577 accuracy 96.88
[2024-07-22 15:45:00,884][src.train.train_cue_accumulation][INFO] - 	 Starting Epoch:184 
[2024-07-22 15:45:02,191][src.train.train_cue_accumulation][INFO] - train epoch 184 loss 0.1445 accuracy 95.31
[2024-07-22 15:45:02,191][src.train.train_cue_accumulation][INFO] - 	 Starting Epoch:185 
[2024-07-22 15:45:03,532][src.train.train_cue_accumulation][INFO] - train epoch 185 loss 0.1171 accuracy 93.75
[2024-07-22 15:45:03,533][src.train.train_cue_accumulation][INFO] - 	 Starting Epoch:186 
[2024-07-22 15:45:04,870][src.train.train_cue_accumulation][INFO] - train epoch 186 loss 0.1766 accuracy 95.31
[2024-07-22 15:45:04,871][src.train.train_cue_accumulation][INFO] - 	 Starting Epoch:187 
[2024-07-22 15:45:06,210][src.train.train_cue_accumulation][INFO] - train epoch 187 loss 0.0920 accuracy 96.88
[2024-07-22 15:45:06,234][src.train.train_cue_accumulation][INFO] - 	 Starting Epoch:188 
[2024-07-22 15:45:07,573][src.train.train_cue_accumulation][INFO] - train epoch 188 loss 0.3041 accuracy 90.62
[2024-07-22 15:45:07,574][src.train.train_cue_accumulation][INFO] - 	 Starting Epoch:189 
[2024-07-22 15:45:08,912][src.train.train_cue_accumulation][INFO] - train epoch 189 loss 0.1460 accuracy 95.31
[2024-07-22 15:45:08,913][src.train.train_cue_accumulation][INFO] - 	 Starting Epoch:190 
[2024-07-22 15:45:10,253][src.train.train_cue_accumulation][INFO] - train epoch 190 loss 0.1348 accuracy 96.88
[2024-07-22 15:45:10,256][src.train.train_cue_accumulation][INFO] - 	 Starting Epoch:191 
[2024-07-22 15:45:11,591][src.train.train_cue_accumulation][INFO] - train epoch 191 loss 0.0381 accuracy 100.00
[2024-07-22 15:45:11,592][src.train.train_cue_accumulation][INFO] - 	 Starting Epoch:192 
[2024-07-22 15:45:12,933][src.train.train_cue_accumulation][INFO] - train epoch 192 loss 0.1069 accuracy 95.31
[2024-07-22 15:45:12,954][src.train.train_cue_accumulation][INFO] - 	 Starting Epoch:193 
[2024-07-22 15:45:14,295][src.train.train_cue_accumulation][INFO] - train epoch 193 loss 0.0839 accuracy 98.44
[2024-07-22 15:45:14,296][src.train.train_cue_accumulation][INFO] - 	 Starting Epoch:194 
[2024-07-22 15:45:15,642][src.train.train_cue_accumulation][INFO] - train epoch 194 loss 0.2101 accuracy 93.75
[2024-07-22 15:45:15,642][src.train.train_cue_accumulation][INFO] - 	 Starting Epoch:195 
[2024-07-22 15:45:16,985][src.train.train_cue_accumulation][INFO] - train epoch 195 loss 0.1908 accuracy 93.75
[2024-07-22 15:45:16,986][src.train.train_cue_accumulation][INFO] - 	 Starting Epoch:196 
[2024-07-22 15:45:18,331][src.train.train_cue_accumulation][INFO] - train epoch 196 loss 0.2470 accuracy 92.19
[2024-07-22 15:45:18,332][src.train.train_cue_accumulation][INFO] - 	 Starting Epoch:197 
[2024-07-22 15:45:19,679][src.train.train_cue_accumulation][INFO] - train epoch 197 loss 0.2211 accuracy 89.06
[2024-07-22 15:45:19,770][src.train.train_cue_accumulation][INFO] - 	 Starting Epoch:198 
[2024-07-22 15:45:21,110][src.train.train_cue_accumulation][INFO] - train epoch 198 loss 0.1376 accuracy 93.75
[2024-07-22 15:45:21,111][src.train.train_cue_accumulation][INFO] - 	 Starting Epoch:199 
[2024-07-22 15:45:22,450][src.train.train_cue_accumulation][INFO] - train epoch 199 loss 0.1131 accuracy 96.88
[2024-07-22 15:45:22,450][src.train.train_cue_accumulation][INFO] - 	 Starting Epoch:200 
[2024-07-22 15:45:23,789][src.train.train_cue_accumulation][INFO] - train epoch 200 loss 0.2607 accuracy 92.19
[2024-07-22 15:45:23,790][src.train.train_cue_accumulation][INFO] - 	 Starting Epoch:201 
[2024-07-22 15:45:25,129][src.train.train_cue_accumulation][INFO] - train epoch 201 loss 0.2371 accuracy 89.06
[2024-07-22 15:45:30,588][src.train.train_cue_accumulation][INFO] - eval  epoch 201 loss 0.1544 accuracy 94.73
[2024-07-22 15:45:30,742][src.train.train_cue_accumulation][INFO] - 	 Starting Epoch:202 
[2024-07-22 15:45:32,056][src.train.train_cue_accumulation][INFO] - train epoch 202 loss 0.1191 accuracy 92.19
[2024-07-22 15:45:32,056][src.train.train_cue_accumulation][INFO] - 	 Starting Epoch:203 
[2024-07-22 15:45:33,350][src.train.train_cue_accumulation][INFO] - train epoch 203 loss 0.1104 accuracy 96.88
[2024-07-22 15:45:33,350][src.train.train_cue_accumulation][INFO] - 	 Starting Epoch:204 
[2024-07-22 15:45:34,642][src.train.train_cue_accumulation][INFO] - train epoch 204 loss 0.1011 accuracy 96.88
[2024-07-22 15:45:34,643][src.train.train_cue_accumulation][INFO] - 	 Starting Epoch:205 
[2024-07-22 15:45:35,938][src.train.train_cue_accumulation][INFO] - train epoch 205 loss 0.0390 accuracy 100.00
[2024-07-22 15:45:35,939][src.train.train_cue_accumulation][INFO] - 	 Starting Epoch:206 
[2024-07-22 15:45:37,234][src.train.train_cue_accumulation][INFO] - train epoch 206 loss 0.1894 accuracy 92.19
[2024-07-22 15:45:37,531][src.train.train_cue_accumulation][INFO] - 	 Starting Epoch:207 
[2024-07-22 15:45:38,827][src.train.train_cue_accumulation][INFO] - train epoch 207 loss 0.1497 accuracy 93.75
[2024-07-22 15:45:38,828][src.train.train_cue_accumulation][INFO] - 	 Starting Epoch:208 
[2024-07-22 15:45:40,125][src.train.train_cue_accumulation][INFO] - train epoch 208 loss 0.0535 accuracy 98.44
[2024-07-22 15:45:40,129][src.train.train_cue_accumulation][INFO] - 	 Starting Epoch:209 
[2024-07-22 15:45:41,423][src.train.train_cue_accumulation][INFO] - train epoch 209 loss 0.3170 accuracy 90.62
[2024-07-22 15:45:41,424][src.train.train_cue_accumulation][INFO] - 	 Starting Epoch:210 
[2024-07-22 15:45:42,719][src.train.train_cue_accumulation][INFO] - train epoch 210 loss 0.1527 accuracy 93.75
[2024-07-22 15:45:42,719][src.train.train_cue_accumulation][INFO] - 	 Starting Epoch:211 
[2024-07-22 15:45:44,015][src.train.train_cue_accumulation][INFO] - train epoch 211 loss 0.1071 accuracy 95.31
[2024-07-22 15:45:44,334][src.train.train_cue_accumulation][INFO] - 	 Starting Epoch:212 
[2024-07-22 15:45:45,634][src.train.train_cue_accumulation][INFO] - train epoch 212 loss 0.0568 accuracy 100.00
[2024-07-22 15:45:45,634][src.train.train_cue_accumulation][INFO] - 	 Starting Epoch:213 
[2024-07-22 15:45:46,932][src.train.train_cue_accumulation][INFO] - train epoch 213 loss 0.1261 accuracy 93.75
[2024-07-22 15:45:46,932][src.train.train_cue_accumulation][INFO] - 	 Starting Epoch:214 
[2024-07-22 15:45:48,229][src.train.train_cue_accumulation][INFO] - train epoch 214 loss 0.1942 accuracy 90.62
[2024-07-22 15:45:48,230][src.train.train_cue_accumulation][INFO] - 	 Starting Epoch:215 
[2024-07-22 15:45:49,529][src.train.train_cue_accumulation][INFO] - train epoch 215 loss 0.1315 accuracy 95.31
[2024-07-22 15:45:49,532][src.train.train_cue_accumulation][INFO] - 	 Starting Epoch:216 
[2024-07-22 15:45:50,826][src.train.train_cue_accumulation][INFO] - train epoch 216 loss 0.1884 accuracy 90.62
[2024-07-22 15:45:51,003][src.train.train_cue_accumulation][INFO] - 	 Starting Epoch:217 
[2024-07-22 15:45:52,300][src.train.train_cue_accumulation][INFO] - train epoch 217 loss 0.1524 accuracy 96.88
[2024-07-22 15:45:52,301][src.train.train_cue_accumulation][INFO] - 	 Starting Epoch:218 
[2024-07-22 15:45:53,595][src.train.train_cue_accumulation][INFO] - train epoch 218 loss 0.2074 accuracy 93.75
[2024-07-22 15:45:53,597][src.train.train_cue_accumulation][INFO] - 	 Starting Epoch:219 
[2024-07-22 15:45:54,877][src.train.train_cue_accumulation][INFO] - train epoch 219 loss 0.0632 accuracy 98.44
[2024-07-22 15:45:54,878][src.train.train_cue_accumulation][INFO] - 	 Starting Epoch:220 
[2024-07-22 15:45:56,161][src.train.train_cue_accumulation][INFO] - train epoch 220 loss 0.0991 accuracy 96.88
[2024-07-22 15:45:56,162][src.train.train_cue_accumulation][INFO] - 	 Starting Epoch:221 
[2024-07-22 15:45:57,445][src.train.train_cue_accumulation][INFO] - train epoch 221 loss 0.2274 accuracy 89.06
[2024-07-22 15:45:57,667][src.train.train_cue_accumulation][INFO] - 	 Starting Epoch:222 
[2024-07-22 15:45:58,953][src.train.train_cue_accumulation][INFO] - train epoch 222 loss 0.1087 accuracy 95.31
[2024-07-22 15:45:58,957][src.train.train_cue_accumulation][INFO] - 	 Starting Epoch:223 
[2024-07-22 15:46:00,235][src.train.train_cue_accumulation][INFO] - train epoch 223 loss 0.2276 accuracy 92.19
[2024-07-22 15:46:00,236][src.train.train_cue_accumulation][INFO] - 	 Starting Epoch:224 
[2024-07-22 15:46:01,514][src.train.train_cue_accumulation][INFO] - train epoch 224 loss 0.0309 accuracy 100.00
[2024-07-22 15:46:01,515][src.train.train_cue_accumulation][INFO] - 	 Starting Epoch:225 
[2024-07-22 15:46:02,839][src.train.train_cue_accumulation][INFO] - train epoch 225 loss 0.1084 accuracy 96.88
[2024-07-22 15:46:02,840][src.train.train_cue_accumulation][INFO] - 	 Starting Epoch:226 
[2024-07-22 15:46:04,179][src.train.train_cue_accumulation][INFO] - train epoch 226 loss 0.1261 accuracy 96.88
[2024-07-22 15:46:09,819][src.train.train_cue_accumulation][INFO] - eval  epoch 226 loss 0.1155 accuracy 96.09
[2024-07-22 15:46:15,895][src.train.train_cue_accumulation][INFO] - eval  epoch 226 loss 0.1151 accuracy 96.68
[2024-07-22 15:46:22,134][src.train.train_cue_accumulation][INFO] - eval  epoch 226 loss 0.1099 accuracy 95.51
[2024-07-22 15:46:28,213][src.train.train_cue_accumulation][INFO] - eval  epoch 226 loss 0.1236 accuracy 95.31
[2024-07-22 15:46:28,322][src.train.train_cue_accumulation][INFO] - Met early stopping criteria, breaking at epoch 226
[2024-07-22 15:46:38,206][src.train.train_cue_accumulation][INFO] - firing rate eval set  average 22.2 max 54.5 min 0.0
