[2024-07-23 13:20:44,522][src.train.train_pattern_generation][INFO] - Starting training...
[2024-07-23 13:20:44,524][src.train.train_pattern_generation][INFO] - 	 Starting Epoch:1 
[2024-07-23 13:20:55,103][src.train.train_pattern_generation][INFO] - train epoch 001 MSE 890.9281 NMSE 8909.281
[2024-07-23 13:20:59,466][src.train.train_pattern_generation][INFO] - eval  epoch 001 MSE 9.0844 nMSE 90.84
[2024-07-23 13:20:59,467][src.train.train_pattern_generation][INFO] - 	 Starting Epoch:2 
[2024-07-23 13:21:08,142][src.train.train_pattern_generation][INFO] - train epoch 002 MSE 9.2812 NMSE 92.812
[2024-07-23 13:21:08,225][src.train.train_pattern_generation][INFO] - 	 Starting Epoch:3 
[2024-07-23 13:21:16,928][src.train.train_pattern_generation][INFO] - train epoch 003 MSE 0.5884 NMSE 5.884
[2024-07-23 13:21:18,414][src.train.train_pattern_generation][INFO] - 	 Starting Epoch:4 
[2024-07-23 13:21:27,269][src.train.train_pattern_generation][INFO] - train epoch 004 MSE 0.1431 NMSE 1.431
[2024-07-23 13:21:27,443][src.train.train_pattern_generation][INFO] - 	 Starting Epoch:5 
[2024-07-23 13:21:36,127][src.train.train_pattern_generation][INFO] - train epoch 005 MSE 0.1200 NMSE 1.200
[2024-07-23 13:21:36,129][src.train.train_pattern_generation][INFO] - 	 Starting Epoch:6 
[2024-07-23 13:21:44,790][src.train.train_pattern_generation][INFO] - train epoch 006 MSE 0.1185 NMSE 1.185
[2024-07-23 13:21:44,792][src.train.train_pattern_generation][INFO] - 	 Starting Epoch:7 
[2024-07-23 13:21:53,462][src.train.train_pattern_generation][INFO] - train epoch 007 MSE 0.1163 NMSE 1.163
[2024-07-23 13:21:53,742][src.train.train_pattern_generation][INFO] - 	 Starting Epoch:8 
[2024-07-23 13:22:02,438][src.train.train_pattern_generation][INFO] - train epoch 008 MSE 0.1194 NMSE 1.194
[2024-07-23 13:22:02,641][src.train.train_pattern_generation][INFO] - 	 Starting Epoch:9 
[2024-07-23 13:22:11,369][src.train.train_pattern_generation][INFO] - train epoch 009 MSE 0.1193 NMSE 1.193
[2024-07-23 13:22:11,598][src.train.train_pattern_generation][INFO] - 	 Starting Epoch:10 
[2024-07-23 13:22:20,328][src.train.train_pattern_generation][INFO] - train epoch 010 MSE 0.1182 NMSE 1.182
[2024-07-23 13:22:22,673][src.train.train_pattern_generation][INFO] - firing rate eval set  average 162.6 max 333.5 min 0.0
