[2024-08-14 18:31:00,916][jax._src.xla_bridge][INFO] - Unable to initialize backend 'rocm': module 'jaxlib.xla_extension' has no attribute 'GpuAllocatorConfig'
[2024-08-14 18:31:00,958][jax._src.xla_bridge][INFO] - Unable to initialize backend 'tpu': INTERNAL: Failed to open libtpu.so: libtpu.so: cannot open shared object file: No such file or directory
[2024-08-14 18:31:13,014][src.train.train_pattern_generation][INFO] - Starting training...
[2024-08-14 18:31:13,018][src.train.train_pattern_generation][INFO] - 	 Starting Epoch:1 
[2024-08-14 18:31:15,694][src.train.train_pattern_generation][INFO] - train epoch 001 MSE 0.1051 NMSE 1.051
[2024-08-14 18:40:20,959][jax._src.xla_bridge][INFO] - Unable to initialize backend 'rocm': module 'jaxlib.xla_extension' has no attribute 'GpuAllocatorConfig'
[2024-08-14 18:40:20,967][jax._src.xla_bridge][INFO] - Unable to initialize backend 'tpu': INTERNAL: Failed to open libtpu.so: libtpu.so: cannot open shared object file: No such file or directory
[2024-08-14 18:40:28,257][src.train.train_pattern_generation][INFO] - Starting training...
[2024-08-14 18:40:29,675][src.train.train_pattern_generation][INFO] - 	 Starting Epoch:1 
[2024-08-14 18:40:32,097][src.train.train_pattern_generation][INFO] - train epoch 001 MSE 0.1051 NMSE 1.051
[2024-08-14 18:40:33,046][src.train.train_pattern_generation][INFO] - eval  epoch 001 MSE 0.1055 nMSE 1.06
[2024-08-14 18:40:33,047][src.train.train_pattern_generation][INFO] - 	 Starting Epoch:2 
[2024-08-14 18:40:33,201][src.train.train_pattern_generation][INFO] - train epoch 002 MSE 0.1055 NMSE 1.055
[2024-08-14 18:40:33,202][src.train.train_pattern_generation][INFO] - 	 Starting Epoch:3 
[2024-08-14 18:40:33,326][src.train.train_pattern_generation][INFO] - train epoch 003 MSE 0.1012 NMSE 1.012
[2024-08-14 18:40:33,327][src.train.train_pattern_generation][INFO] - 	 Starting Epoch:4 
[2024-08-14 18:40:33,452][src.train.train_pattern_generation][INFO] - train epoch 004 MSE 0.0970 NMSE 0.970
[2024-08-14 18:40:33,453][src.train.train_pattern_generation][INFO] - 	 Starting Epoch:5 
[2024-08-14 18:40:33,577][src.train.train_pattern_generation][INFO] - train epoch 005 MSE 0.0967 NMSE 0.967
[2024-08-14 18:40:33,578][src.train.train_pattern_generation][INFO] - 	 Starting Epoch:6 
[2024-08-14 18:40:33,703][src.train.train_pattern_generation][INFO] - train epoch 006 MSE 0.0962 NMSE 0.962
[2024-08-14 18:40:33,704][src.train.train_pattern_generation][INFO] - 	 Starting Epoch:7 
[2024-08-14 18:40:33,828][src.train.train_pattern_generation][INFO] - train epoch 007 MSE 0.0940 NMSE 0.940
[2024-08-14 18:40:33,829][src.train.train_pattern_generation][INFO] - 	 Starting Epoch:8 
[2024-08-14 18:40:33,953][src.train.train_pattern_generation][INFO] - train epoch 008 MSE 0.0925 NMSE 0.925
[2024-08-14 18:40:33,954][src.train.train_pattern_generation][INFO] - 	 Starting Epoch:9 
[2024-08-14 18:40:34,080][src.train.train_pattern_generation][INFO] - train epoch 009 MSE 0.0916 NMSE 0.916
[2024-08-14 18:40:34,081][src.train.train_pattern_generation][INFO] - 	 Starting Epoch:10 
[2024-08-14 18:40:34,206][src.train.train_pattern_generation][INFO] - train epoch 010 MSE 0.0914 NMSE 0.914
[2024-08-14 18:40:34,207][src.train.train_pattern_generation][INFO] - 	 Starting Epoch:11 
[2024-08-14 18:40:34,331][src.train.train_pattern_generation][INFO] - train epoch 011 MSE 0.0908 NMSE 0.908
[2024-08-14 18:40:34,332][src.train.train_pattern_generation][INFO] - 	 Starting Epoch:12 
[2024-08-14 18:40:34,456][src.train.train_pattern_generation][INFO] - train epoch 012 MSE 0.0901 NMSE 0.901
[2024-08-14 18:40:34,457][src.train.train_pattern_generation][INFO] - 	 Starting Epoch:13 
[2024-08-14 18:40:34,581][src.train.train_pattern_generation][INFO] - train epoch 013 MSE 0.0895 NMSE 0.895
[2024-08-14 18:40:34,582][src.train.train_pattern_generation][INFO] - 	 Starting Epoch:14 
[2024-08-14 18:40:34,705][src.train.train_pattern_generation][INFO] - train epoch 014 MSE 0.0889 NMSE 0.889
[2024-08-14 18:40:34,706][src.train.train_pattern_generation][INFO] - 	 Starting Epoch:15 
[2024-08-14 18:40:34,830][src.train.train_pattern_generation][INFO] - train epoch 015 MSE 0.0885 NMSE 0.885
[2024-08-14 18:40:34,831][src.train.train_pattern_generation][INFO] - 	 Starting Epoch:16 
[2024-08-14 18:40:34,954][src.train.train_pattern_generation][INFO] - train epoch 016 MSE 0.0877 NMSE 0.877
[2024-08-14 18:40:34,955][src.train.train_pattern_generation][INFO] - 	 Starting Epoch:17 
[2024-08-14 18:40:35,080][src.train.train_pattern_generation][INFO] - train epoch 017 MSE 0.0872 NMSE 0.872
[2024-08-14 18:40:35,081][src.train.train_pattern_generation][INFO] - 	 Starting Epoch:18 
[2024-08-14 18:40:35,205][src.train.train_pattern_generation][INFO] - train epoch 018 MSE 0.0865 NMSE 0.865
[2024-08-14 18:40:35,206][src.train.train_pattern_generation][INFO] - 	 Starting Epoch:19 
[2024-08-14 18:40:35,330][src.train.train_pattern_generation][INFO] - train epoch 019 MSE 0.0858 NMSE 0.858
[2024-08-14 18:40:35,331][src.train.train_pattern_generation][INFO] - 	 Starting Epoch:20 
[2024-08-14 18:40:35,454][src.train.train_pattern_generation][INFO] - train epoch 020 MSE 0.0849 NMSE 0.849
[2024-08-14 18:40:35,455][src.train.train_pattern_generation][INFO] - 	 Starting Epoch:21 
[2024-08-14 18:40:35,580][src.train.train_pattern_generation][INFO] - train epoch 021 MSE 0.0841 NMSE 0.841
[2024-08-14 18:40:35,580][src.train.train_pattern_generation][INFO] - 	 Starting Epoch:22 
[2024-08-14 18:40:35,706][src.train.train_pattern_generation][INFO] - train epoch 022 MSE 0.0833 NMSE 0.833
[2024-08-14 18:40:35,707][src.train.train_pattern_generation][INFO] - 	 Starting Epoch:23 
[2024-08-14 18:40:35,831][src.train.train_pattern_generation][INFO] - train epoch 023 MSE 0.0823 NMSE 0.823
[2024-08-14 18:40:35,832][src.train.train_pattern_generation][INFO] - 	 Starting Epoch:24 
[2024-08-14 18:40:35,956][src.train.train_pattern_generation][INFO] - train epoch 024 MSE 0.0815 NMSE 0.815
[2024-08-14 18:40:35,957][src.train.train_pattern_generation][INFO] - 	 Starting Epoch:25 
[2024-08-14 18:40:36,083][src.train.train_pattern_generation][INFO] - train epoch 025 MSE 0.0808 NMSE 0.808
[2024-08-14 18:40:36,084][src.train.train_pattern_generation][INFO] - 	 Starting Epoch:26 
[2024-08-14 18:40:36,210][src.train.train_pattern_generation][INFO] - train epoch 026 MSE 0.0798 NMSE 0.798
[2024-08-14 18:40:36,262][src.train.train_pattern_generation][INFO] - eval  epoch 026 MSE 0.0793 nMSE 0.79
[2024-08-14 18:40:36,263][src.train.train_pattern_generation][INFO] - 	 Starting Epoch:27 
[2024-08-14 18:40:36,387][src.train.train_pattern_generation][INFO] - train epoch 027 MSE 0.0793 NMSE 0.793
[2024-08-14 18:40:36,388][src.train.train_pattern_generation][INFO] - 	 Starting Epoch:28 
[2024-08-14 18:40:36,512][src.train.train_pattern_generation][INFO] - train epoch 028 MSE 0.0786 NMSE 0.786
[2024-08-14 18:40:36,512][src.train.train_pattern_generation][INFO] - 	 Starting Epoch:29 
[2024-08-14 18:40:36,636][src.train.train_pattern_generation][INFO] - train epoch 029 MSE 0.0779 NMSE 0.779
[2024-08-14 18:40:36,637][src.train.train_pattern_generation][INFO] - 	 Starting Epoch:30 
[2024-08-14 18:40:36,760][src.train.train_pattern_generation][INFO] - train epoch 030 MSE 0.0773 NMSE 0.773
[2024-08-14 18:40:36,761][src.train.train_pattern_generation][INFO] - 	 Starting Epoch:31 
[2024-08-14 18:40:36,885][src.train.train_pattern_generation][INFO] - train epoch 031 MSE 0.0763 NMSE 0.763
[2024-08-14 18:40:36,886][src.train.train_pattern_generation][INFO] - 	 Starting Epoch:32 
[2024-08-14 18:40:37,010][src.train.train_pattern_generation][INFO] - train epoch 032 MSE 0.0755 NMSE 0.755
[2024-08-14 18:40:37,010][src.train.train_pattern_generation][INFO] - 	 Starting Epoch:33 
[2024-08-14 18:40:37,135][src.train.train_pattern_generation][INFO] - train epoch 033 MSE 0.0747 NMSE 0.747
[2024-08-14 18:40:37,136][src.train.train_pattern_generation][INFO] - 	 Starting Epoch:34 
[2024-08-14 18:40:37,260][src.train.train_pattern_generation][INFO] - train epoch 034 MSE 0.0738 NMSE 0.738
[2024-08-14 18:40:37,261][src.train.train_pattern_generation][INFO] - 	 Starting Epoch:35 
[2024-08-14 18:40:37,384][src.train.train_pattern_generation][INFO] - train epoch 035 MSE 0.0733 NMSE 0.733
[2024-08-14 18:40:37,385][src.train.train_pattern_generation][INFO] - 	 Starting Epoch:36 
[2024-08-14 18:40:37,509][src.train.train_pattern_generation][INFO] - train epoch 036 MSE 0.0727 NMSE 0.727
[2024-08-14 18:40:37,510][src.train.train_pattern_generation][INFO] - 	 Starting Epoch:37 
[2024-08-14 18:40:37,633][src.train.train_pattern_generation][INFO] - train epoch 037 MSE 0.0721 NMSE 0.721
[2024-08-14 18:40:37,634][src.train.train_pattern_generation][INFO] - 	 Starting Epoch:38 
[2024-08-14 18:40:37,757][src.train.train_pattern_generation][INFO] - train epoch 038 MSE 0.0717 NMSE 0.717
[2024-08-14 18:40:37,758][src.train.train_pattern_generation][INFO] - 	 Starting Epoch:39 
[2024-08-14 18:40:37,882][src.train.train_pattern_generation][INFO] - train epoch 039 MSE 0.0709 NMSE 0.709
[2024-08-14 18:40:37,882][src.train.train_pattern_generation][INFO] - 	 Starting Epoch:40 
[2024-08-14 18:40:38,005][src.train.train_pattern_generation][INFO] - train epoch 040 MSE 0.0700 NMSE 0.700
[2024-08-14 18:40:38,006][src.train.train_pattern_generation][INFO] - 	 Starting Epoch:41 
[2024-08-14 18:40:38,131][src.train.train_pattern_generation][INFO] - train epoch 041 MSE 0.0696 NMSE 0.696
[2024-08-14 18:40:38,132][src.train.train_pattern_generation][INFO] - 	 Starting Epoch:42 
[2024-08-14 18:40:38,256][src.train.train_pattern_generation][INFO] - train epoch 042 MSE 0.0688 NMSE 0.688
[2024-08-14 18:40:38,257][src.train.train_pattern_generation][INFO] - 	 Starting Epoch:43 
[2024-08-14 18:40:38,381][src.train.train_pattern_generation][INFO] - train epoch 043 MSE 0.0679 NMSE 0.679
[2024-08-14 18:40:38,384][src.train.train_pattern_generation][INFO] - 	 Starting Epoch:44 
[2024-08-14 18:40:38,509][src.train.train_pattern_generation][INFO] - train epoch 044 MSE 0.0667 NMSE 0.667
[2024-08-14 18:40:38,509][src.train.train_pattern_generation][INFO] - 	 Starting Epoch:45 
[2024-08-14 18:40:38,634][src.train.train_pattern_generation][INFO] - train epoch 045 MSE 0.0656 NMSE 0.656
[2024-08-14 18:40:38,635][src.train.train_pattern_generation][INFO] - 	 Starting Epoch:46 
[2024-08-14 18:40:38,759][src.train.train_pattern_generation][INFO] - train epoch 046 MSE 0.0647 NMSE 0.647
[2024-08-14 18:40:38,760][src.train.train_pattern_generation][INFO] - 	 Starting Epoch:47 
[2024-08-14 18:40:38,884][src.train.train_pattern_generation][INFO] - train epoch 047 MSE 0.0637 NMSE 0.637
[2024-08-14 18:40:38,885][src.train.train_pattern_generation][INFO] - 	 Starting Epoch:48 
[2024-08-14 18:40:39,008][src.train.train_pattern_generation][INFO] - train epoch 048 MSE 0.0626 NMSE 0.626
[2024-08-14 18:40:39,015][src.train.train_pattern_generation][INFO] - 	 Starting Epoch:49 
[2024-08-14 18:40:39,141][src.train.train_pattern_generation][INFO] - train epoch 049 MSE 0.0617 NMSE 0.617
[2024-08-14 18:40:39,142][src.train.train_pattern_generation][INFO] - 	 Starting Epoch:50 
[2024-08-14 18:40:39,266][src.train.train_pattern_generation][INFO] - train epoch 050 MSE 0.0607 NMSE 0.607
[2024-08-14 18:40:39,267][src.train.train_pattern_generation][INFO] - 	 Starting Epoch:51 
[2024-08-14 18:40:39,391][src.train.train_pattern_generation][INFO] - train epoch 051 MSE 0.0600 NMSE 0.600
[2024-08-14 18:40:39,442][src.train.train_pattern_generation][INFO] - eval  epoch 051 MSE 0.0592 nMSE 0.59
[2024-08-14 18:40:39,443][src.train.train_pattern_generation][INFO] - 	 Starting Epoch:52 
[2024-08-14 18:40:39,567][src.train.train_pattern_generation][INFO] - train epoch 052 MSE 0.0592 NMSE 0.592
[2024-08-14 18:40:39,568][src.train.train_pattern_generation][INFO] - 	 Starting Epoch:53 
[2024-08-14 18:40:39,691][src.train.train_pattern_generation][INFO] - train epoch 053 MSE 0.0581 NMSE 0.581
[2024-08-14 18:40:39,692][src.train.train_pattern_generation][INFO] - 	 Starting Epoch:54 
[2024-08-14 18:40:39,816][src.train.train_pattern_generation][INFO] - train epoch 054 MSE 0.0573 NMSE 0.573
[2024-08-14 18:40:39,817][src.train.train_pattern_generation][INFO] - 	 Starting Epoch:55 
[2024-08-14 18:40:39,940][src.train.train_pattern_generation][INFO] - train epoch 055 MSE 0.0561 NMSE 0.561
[2024-08-14 18:40:39,941][src.train.train_pattern_generation][INFO] - 	 Starting Epoch:56 
[2024-08-14 18:40:40,066][src.train.train_pattern_generation][INFO] - train epoch 056 MSE 0.0551 NMSE 0.551
[2024-08-14 18:40:40,068][src.train.train_pattern_generation][INFO] - 	 Starting Epoch:57 
[2024-08-14 18:40:40,193][src.train.train_pattern_generation][INFO] - train epoch 057 MSE 0.0540 NMSE 0.540
[2024-08-14 18:40:40,193][src.train.train_pattern_generation][INFO] - 	 Starting Epoch:58 
[2024-08-14 18:40:40,318][src.train.train_pattern_generation][INFO] - train epoch 058 MSE 0.0533 NMSE 0.533
[2024-08-14 18:40:40,319][src.train.train_pattern_generation][INFO] - 	 Starting Epoch:59 
[2024-08-14 18:40:40,443][src.train.train_pattern_generation][INFO] - train epoch 059 MSE 0.0525 NMSE 0.525
[2024-08-14 18:40:40,444][src.train.train_pattern_generation][INFO] - 	 Starting Epoch:60 
[2024-08-14 18:40:40,567][src.train.train_pattern_generation][INFO] - train epoch 060 MSE 0.0517 NMSE 0.517
[2024-08-14 18:40:40,568][src.train.train_pattern_generation][INFO] - 	 Starting Epoch:61 
[2024-08-14 18:40:40,691][src.train.train_pattern_generation][INFO] - train epoch 061 MSE 0.0510 NMSE 0.510
[2024-08-14 18:40:40,692][src.train.train_pattern_generation][INFO] - 	 Starting Epoch:62 
[2024-08-14 18:40:40,815][src.train.train_pattern_generation][INFO] - train epoch 062 MSE 0.0497 NMSE 0.497
[2024-08-14 18:40:40,816][src.train.train_pattern_generation][INFO] - 	 Starting Epoch:63 
[2024-08-14 18:40:40,940][src.train.train_pattern_generation][INFO] - train epoch 063 MSE 0.0491 NMSE 0.491
[2024-08-14 18:40:40,941][src.train.train_pattern_generation][INFO] - 	 Starting Epoch:64 
[2024-08-14 18:40:41,066][src.train.train_pattern_generation][INFO] - train epoch 064 MSE 0.0487 NMSE 0.487
[2024-08-14 18:40:41,067][src.train.train_pattern_generation][INFO] - 	 Starting Epoch:65 
[2024-08-14 18:40:41,191][src.train.train_pattern_generation][INFO] - train epoch 065 MSE 0.0478 NMSE 0.478
[2024-08-14 18:40:41,192][src.train.train_pattern_generation][INFO] - 	 Starting Epoch:66 
[2024-08-14 18:40:41,315][src.train.train_pattern_generation][INFO] - train epoch 066 MSE 0.0466 NMSE 0.466
[2024-08-14 18:40:41,316][src.train.train_pattern_generation][INFO] - 	 Starting Epoch:67 
[2024-08-14 18:40:41,440][src.train.train_pattern_generation][INFO] - train epoch 067 MSE 0.0457 NMSE 0.457
[2024-08-14 18:40:41,441][src.train.train_pattern_generation][INFO] - 	 Starting Epoch:68 
[2024-08-14 18:40:41,566][src.train.train_pattern_generation][INFO] - train epoch 068 MSE 0.0446 NMSE 0.446
[2024-08-14 18:40:41,567][src.train.train_pattern_generation][INFO] - 	 Starting Epoch:69 
[2024-08-14 18:40:41,691][src.train.train_pattern_generation][INFO] - train epoch 069 MSE 0.0440 NMSE 0.440
[2024-08-14 18:40:41,692][src.train.train_pattern_generation][INFO] - 	 Starting Epoch:70 
[2024-08-14 18:40:41,816][src.train.train_pattern_generation][INFO] - train epoch 070 MSE 0.0433 NMSE 0.433
[2024-08-14 18:40:41,817][src.train.train_pattern_generation][INFO] - 	 Starting Epoch:71 
[2024-08-14 18:40:41,940][src.train.train_pattern_generation][INFO] - train epoch 071 MSE 0.0422 NMSE 0.422
[2024-08-14 18:40:41,941][src.train.train_pattern_generation][INFO] - 	 Starting Epoch:72 
[2024-08-14 18:40:42,065][src.train.train_pattern_generation][INFO] - train epoch 072 MSE 0.0416 NMSE 0.416
[2024-08-14 18:40:42,066][src.train.train_pattern_generation][INFO] - 	 Starting Epoch:73 
[2024-08-14 18:40:42,191][src.train.train_pattern_generation][INFO] - train epoch 073 MSE 0.0408 NMSE 0.408
[2024-08-14 18:40:42,192][src.train.train_pattern_generation][INFO] - 	 Starting Epoch:74 
[2024-08-14 18:40:42,316][src.train.train_pattern_generation][INFO] - train epoch 074 MSE 0.0400 NMSE 0.400
[2024-08-14 18:40:42,317][src.train.train_pattern_generation][INFO] - 	 Starting Epoch:75 
[2024-08-14 18:40:42,440][src.train.train_pattern_generation][INFO] - train epoch 075 MSE 0.0387 NMSE 0.387
[2024-08-14 18:40:42,441][src.train.train_pattern_generation][INFO] - 	 Starting Epoch:76 
[2024-08-14 18:40:42,565][src.train.train_pattern_generation][INFO] - train epoch 076 MSE 0.0380 NMSE 0.380
[2024-08-14 18:40:42,617][src.train.train_pattern_generation][INFO] - eval  epoch 076 MSE 0.0377 nMSE 0.38
[2024-08-14 18:40:42,618][src.train.train_pattern_generation][INFO] - 	 Starting Epoch:77 
[2024-08-14 18:40:42,741][src.train.train_pattern_generation][INFO] - train epoch 077 MSE 0.0377 NMSE 0.377
[2024-08-14 18:40:42,742][src.train.train_pattern_generation][INFO] - 	 Starting Epoch:78 
[2024-08-14 18:40:42,867][src.train.train_pattern_generation][INFO] - train epoch 078 MSE 0.0372 NMSE 0.372
[2024-08-14 18:40:42,868][src.train.train_pattern_generation][INFO] - 	 Starting Epoch:79 
[2024-08-14 18:40:42,991][src.train.train_pattern_generation][INFO] - train epoch 079 MSE 0.0370 NMSE 0.370
[2024-08-14 18:40:42,992][src.train.train_pattern_generation][INFO] - 	 Starting Epoch:80 
[2024-08-14 18:40:43,117][src.train.train_pattern_generation][INFO] - train epoch 080 MSE 0.0367 NMSE 0.367
[2024-08-14 18:40:43,118][src.train.train_pattern_generation][INFO] - 	 Starting Epoch:81 
[2024-08-14 18:40:43,244][src.train.train_pattern_generation][INFO] - train epoch 081 MSE 0.0361 NMSE 0.361
[2024-08-14 18:40:43,245][src.train.train_pattern_generation][INFO] - 	 Starting Epoch:82 
[2024-08-14 18:40:43,369][src.train.train_pattern_generation][INFO] - train epoch 082 MSE 0.0357 NMSE 0.357
[2024-08-14 18:40:43,370][src.train.train_pattern_generation][INFO] - 	 Starting Epoch:83 
[2024-08-14 18:40:43,493][src.train.train_pattern_generation][INFO] - train epoch 083 MSE 0.0350 NMSE 0.350
[2024-08-14 18:40:43,494][src.train.train_pattern_generation][INFO] - 	 Starting Epoch:84 
[2024-08-14 18:40:43,618][src.train.train_pattern_generation][INFO] - train epoch 084 MSE 0.0340 NMSE 0.340
[2024-08-14 18:40:43,619][src.train.train_pattern_generation][INFO] - 	 Starting Epoch:85 
[2024-08-14 18:40:43,742][src.train.train_pattern_generation][INFO] - train epoch 085 MSE 0.0333 NMSE 0.333
[2024-08-14 18:40:43,743][src.train.train_pattern_generation][INFO] - 	 Starting Epoch:86 
[2024-08-14 18:40:43,867][src.train.train_pattern_generation][INFO] - train epoch 086 MSE 0.0331 NMSE 0.331
[2024-08-14 18:40:43,868][src.train.train_pattern_generation][INFO] - 	 Starting Epoch:87 
[2024-08-14 18:40:43,992][src.train.train_pattern_generation][INFO] - train epoch 087 MSE 0.0324 NMSE 0.324
[2024-08-14 18:40:43,993][src.train.train_pattern_generation][INFO] - 	 Starting Epoch:88 
[2024-08-14 18:40:44,119][src.train.train_pattern_generation][INFO] - train epoch 088 MSE 0.0322 NMSE 0.322
[2024-08-14 18:40:44,120][src.train.train_pattern_generation][INFO] - 	 Starting Epoch:89 
[2024-08-14 18:40:44,244][src.train.train_pattern_generation][INFO] - train epoch 089 MSE 0.0317 NMSE 0.317
[2024-08-14 18:40:44,245][src.train.train_pattern_generation][INFO] - 	 Starting Epoch:90 
[2024-08-14 18:40:44,369][src.train.train_pattern_generation][INFO] - train epoch 090 MSE 0.0314 NMSE 0.314
[2024-08-14 18:40:44,370][src.train.train_pattern_generation][INFO] - 	 Starting Epoch:91 
[2024-08-14 18:40:44,493][src.train.train_pattern_generation][INFO] - train epoch 091 MSE 0.0312 NMSE 0.312
[2024-08-14 18:40:44,496][src.train.train_pattern_generation][INFO] - 	 Starting Epoch:92 
[2024-08-14 18:40:44,621][src.train.train_pattern_generation][INFO] - train epoch 092 MSE 0.0308 NMSE 0.308
[2024-08-14 18:40:44,622][src.train.train_pattern_generation][INFO] - 	 Starting Epoch:93 
[2024-08-14 18:40:44,746][src.train.train_pattern_generation][INFO] - train epoch 093 MSE 0.0309 NMSE 0.309
[2024-08-14 18:40:44,747][src.train.train_pattern_generation][INFO] - 	 Starting Epoch:94 
[2024-08-14 18:40:44,871][src.train.train_pattern_generation][INFO] - train epoch 094 MSE 0.0308 NMSE 0.308
[2024-08-14 18:40:44,872][src.train.train_pattern_generation][INFO] - 	 Starting Epoch:95 
[2024-08-14 18:40:44,996][src.train.train_pattern_generation][INFO] - train epoch 095 MSE 0.0305 NMSE 0.305
[2024-08-14 18:40:44,997][src.train.train_pattern_generation][INFO] - 	 Starting Epoch:96 
[2024-08-14 18:40:45,124][src.train.train_pattern_generation][INFO] - train epoch 096 MSE 0.0303 NMSE 0.303
[2024-08-14 18:40:45,208][src.train.train_pattern_generation][INFO] - 	 Starting Epoch:97 
[2024-08-14 18:40:45,334][src.train.train_pattern_generation][INFO] - train epoch 097 MSE 0.0301 NMSE 0.301
[2024-08-14 18:40:45,335][src.train.train_pattern_generation][INFO] - 	 Starting Epoch:98 
[2024-08-14 18:40:45,459][src.train.train_pattern_generation][INFO] - train epoch 098 MSE 0.0300 NMSE 0.300
[2024-08-14 18:40:45,460][src.train.train_pattern_generation][INFO] - 	 Starting Epoch:99 
[2024-08-14 18:40:45,584][src.train.train_pattern_generation][INFO] - train epoch 099 MSE 0.0300 NMSE 0.300
[2024-08-14 18:40:45,585][src.train.train_pattern_generation][INFO] - 	 Starting Epoch:100 
[2024-08-14 18:40:45,709][src.train.train_pattern_generation][INFO] - train epoch 100 MSE 0.0295 NMSE 0.295
[2024-08-14 18:40:45,710][src.train.train_pattern_generation][INFO] - 	 Starting Epoch:101 
[2024-08-14 18:40:45,834][src.train.train_pattern_generation][INFO] - train epoch 101 MSE 0.0289 NMSE 0.289
[2024-08-14 18:40:45,887][src.train.train_pattern_generation][INFO] - eval  epoch 101 MSE 0.0290 nMSE 0.29
[2024-08-14 18:40:45,888][src.train.train_pattern_generation][INFO] - 	 Starting Epoch:102 
[2024-08-14 18:40:46,012][src.train.train_pattern_generation][INFO] - train epoch 102 MSE 0.0290 NMSE 0.290
[2024-08-14 18:40:46,013][src.train.train_pattern_generation][INFO] - 	 Starting Epoch:103 
[2024-08-14 18:40:46,138][src.train.train_pattern_generation][INFO] - train epoch 103 MSE 0.0274 NMSE 0.274
[2024-08-14 18:40:46,139][src.train.train_pattern_generation][INFO] - 	 Starting Epoch:104 
[2024-08-14 18:40:46,263][src.train.train_pattern_generation][INFO] - train epoch 104 MSE 0.0267 NMSE 0.267
[2024-08-14 18:40:46,264][src.train.train_pattern_generation][INFO] - 	 Starting Epoch:105 
[2024-08-14 18:40:46,388][src.train.train_pattern_generation][INFO] - train epoch 105 MSE 0.0266 NMSE 0.266
[2024-08-14 18:40:46,389][src.train.train_pattern_generation][INFO] - 	 Starting Epoch:106 
[2024-08-14 18:40:46,513][src.train.train_pattern_generation][INFO] - train epoch 106 MSE 0.0256 NMSE 0.256
[2024-08-14 18:40:46,514][src.train.train_pattern_generation][INFO] - 	 Starting Epoch:107 
[2024-08-14 18:40:46,637][src.train.train_pattern_generation][INFO] - train epoch 107 MSE 0.0248 NMSE 0.248
[2024-08-14 18:40:46,638][src.train.train_pattern_generation][INFO] - 	 Starting Epoch:108 
[2024-08-14 18:40:46,761][src.train.train_pattern_generation][INFO] - train epoch 108 MSE 0.0251 NMSE 0.251
[2024-08-14 18:40:46,762][src.train.train_pattern_generation][INFO] - 	 Starting Epoch:109 
[2024-08-14 18:40:46,886][src.train.train_pattern_generation][INFO] - train epoch 109 MSE 0.0247 NMSE 0.247
[2024-08-14 18:40:46,887][src.train.train_pattern_generation][INFO] - 	 Starting Epoch:110 
[2024-08-14 18:40:47,010][src.train.train_pattern_generation][INFO] - train epoch 110 MSE 0.0253 NMSE 0.253
[2024-08-14 18:40:47,011][src.train.train_pattern_generation][INFO] - 	 Starting Epoch:111 
[2024-08-14 18:40:47,136][src.train.train_pattern_generation][INFO] - train epoch 111 MSE 0.0254 NMSE 0.254
[2024-08-14 18:40:47,137][src.train.train_pattern_generation][INFO] - 	 Starting Epoch:112 
[2024-08-14 18:40:47,261][src.train.train_pattern_generation][INFO] - train epoch 112 MSE 0.0254 NMSE 0.254
[2024-08-14 18:40:47,262][src.train.train_pattern_generation][INFO] - 	 Starting Epoch:113 
[2024-08-14 18:40:47,386][src.train.train_pattern_generation][INFO] - train epoch 113 MSE 0.0248 NMSE 0.248
[2024-08-14 18:40:47,386][src.train.train_pattern_generation][INFO] - 	 Starting Epoch:114 
[2024-08-14 18:40:47,510][src.train.train_pattern_generation][INFO] - train epoch 114 MSE 0.0246 NMSE 0.246
[2024-08-14 18:40:47,511][src.train.train_pattern_generation][INFO] - 	 Starting Epoch:115 
[2024-08-14 18:40:47,634][src.train.train_pattern_generation][INFO] - train epoch 115 MSE 0.0243 NMSE 0.243
[2024-08-14 18:40:47,635][src.train.train_pattern_generation][INFO] - 	 Starting Epoch:116 
[2024-08-14 18:40:47,758][src.train.train_pattern_generation][INFO] - train epoch 116 MSE 0.0230 NMSE 0.230
[2024-08-14 18:40:47,759][src.train.train_pattern_generation][INFO] - 	 Starting Epoch:117 
[2024-08-14 18:40:47,882][src.train.train_pattern_generation][INFO] - train epoch 117 MSE 0.0227 NMSE 0.227
[2024-08-14 18:40:47,884][src.train.train_pattern_generation][INFO] - 	 Starting Epoch:118 
[2024-08-14 18:40:48,008][src.train.train_pattern_generation][INFO] - train epoch 118 MSE 0.0232 NMSE 0.232
[2024-08-14 18:40:48,008][src.train.train_pattern_generation][INFO] - 	 Starting Epoch:119 
[2024-08-14 18:40:48,134][src.train.train_pattern_generation][INFO] - train epoch 119 MSE 0.0223 NMSE 0.223
[2024-08-14 18:40:48,135][src.train.train_pattern_generation][INFO] - 	 Starting Epoch:120 
[2024-08-14 18:40:48,258][src.train.train_pattern_generation][INFO] - train epoch 120 MSE 0.0218 NMSE 0.218
[2024-08-14 18:40:48,260][src.train.train_pattern_generation][INFO] - 	 Starting Epoch:121 
[2024-08-14 18:40:48,383][src.train.train_pattern_generation][INFO] - train epoch 121 MSE 0.0216 NMSE 0.216
[2024-08-14 18:40:48,384][src.train.train_pattern_generation][INFO] - 	 Starting Epoch:122 
[2024-08-14 18:40:48,508][src.train.train_pattern_generation][INFO] - train epoch 122 MSE 0.0216 NMSE 0.216
[2024-08-14 18:40:48,508][src.train.train_pattern_generation][INFO] - 	 Starting Epoch:123 
[2024-08-14 18:40:48,631][src.train.train_pattern_generation][INFO] - train epoch 123 MSE 0.0213 NMSE 0.213
[2024-08-14 18:40:48,632][src.train.train_pattern_generation][INFO] - 	 Starting Epoch:124 
[2024-08-14 18:40:48,756][src.train.train_pattern_generation][INFO] - train epoch 124 MSE 0.0213 NMSE 0.213
[2024-08-14 18:40:48,756][src.train.train_pattern_generation][INFO] - 	 Starting Epoch:125 
[2024-08-14 18:40:48,879][src.train.train_pattern_generation][INFO] - train epoch 125 MSE 0.0217 NMSE 0.217
[2024-08-14 18:40:48,880][src.train.train_pattern_generation][INFO] - 	 Starting Epoch:126 
[2024-08-14 18:40:49,003][src.train.train_pattern_generation][INFO] - train epoch 126 MSE 0.0217 NMSE 0.217
[2024-08-14 18:40:49,058][src.train.train_pattern_generation][INFO] - eval  epoch 126 MSE 0.0214 nMSE 0.21
[2024-08-14 18:40:49,059][src.train.train_pattern_generation][INFO] - 	 Starting Epoch:127 
[2024-08-14 18:40:49,184][src.train.train_pattern_generation][INFO] - train epoch 127 MSE 0.0214 NMSE 0.214
[2024-08-14 18:40:49,185][src.train.train_pattern_generation][INFO] - 	 Starting Epoch:128 
[2024-08-14 18:40:49,308][src.train.train_pattern_generation][INFO] - train epoch 128 MSE 0.0208 NMSE 0.208
[2024-08-14 18:40:49,309][src.train.train_pattern_generation][INFO] - 	 Starting Epoch:129 
[2024-08-14 18:40:49,433][src.train.train_pattern_generation][INFO] - train epoch 129 MSE 0.0197 NMSE 0.197
[2024-08-14 18:40:49,434][src.train.train_pattern_generation][INFO] - 	 Starting Epoch:130 
[2024-08-14 18:40:49,558][src.train.train_pattern_generation][INFO] - train epoch 130 MSE 0.0193 NMSE 0.193
[2024-08-14 18:40:49,559][src.train.train_pattern_generation][INFO] - 	 Starting Epoch:131 
[2024-08-14 18:40:49,682][src.train.train_pattern_generation][INFO] - train epoch 131 MSE 0.0190 NMSE 0.190
[2024-08-14 18:40:49,683][src.train.train_pattern_generation][INFO] - 	 Starting Epoch:132 
[2024-08-14 18:40:49,806][src.train.train_pattern_generation][INFO] - train epoch 132 MSE 0.0193 NMSE 0.193
[2024-08-14 18:40:49,807][src.train.train_pattern_generation][INFO] - 	 Starting Epoch:133 
[2024-08-14 18:40:49,930][src.train.train_pattern_generation][INFO] - train epoch 133 MSE 0.0190 NMSE 0.190
[2024-08-14 18:40:49,931][src.train.train_pattern_generation][INFO] - 	 Starting Epoch:134 
[2024-08-14 18:40:50,054][src.train.train_pattern_generation][INFO] - train epoch 134 MSE 0.0187 NMSE 0.187
[2024-08-14 18:40:50,055][src.train.train_pattern_generation][INFO] - 	 Starting Epoch:135 
[2024-08-14 18:40:50,180][src.train.train_pattern_generation][INFO] - train epoch 135 MSE 0.0191 NMSE 0.191
[2024-08-14 18:40:50,180][src.train.train_pattern_generation][INFO] - 	 Starting Epoch:136 
[2024-08-14 18:40:50,303][src.train.train_pattern_generation][INFO] - train epoch 136 MSE 0.0185 NMSE 0.185
[2024-08-14 18:40:50,304][src.train.train_pattern_generation][INFO] - 	 Starting Epoch:137 
[2024-08-14 18:40:50,428][src.train.train_pattern_generation][INFO] - train epoch 137 MSE 0.0182 NMSE 0.182
[2024-08-14 18:40:50,429][src.train.train_pattern_generation][INFO] - 	 Starting Epoch:138 
[2024-08-14 18:40:50,553][src.train.train_pattern_generation][INFO] - train epoch 138 MSE 0.0184 NMSE 0.184
[2024-08-14 18:40:50,556][src.train.train_pattern_generation][INFO] - 	 Starting Epoch:139 
[2024-08-14 18:40:50,681][src.train.train_pattern_generation][INFO] - train epoch 139 MSE 0.0177 NMSE 0.177
[2024-08-14 18:40:50,681][src.train.train_pattern_generation][INFO] - 	 Starting Epoch:140 
[2024-08-14 18:40:50,804][src.train.train_pattern_generation][INFO] - train epoch 140 MSE 0.0175 NMSE 0.175
[2024-08-14 18:40:50,805][src.train.train_pattern_generation][INFO] - 	 Starting Epoch:141 
[2024-08-14 18:40:50,928][src.train.train_pattern_generation][INFO] - train epoch 141 MSE 0.0176 NMSE 0.176
[2024-08-14 18:40:50,929][src.train.train_pattern_generation][INFO] - 	 Starting Epoch:142 
[2024-08-14 18:40:51,052][src.train.train_pattern_generation][INFO] - train epoch 142 MSE 0.0170 NMSE 0.170
[2024-08-14 18:40:51,053][src.train.train_pattern_generation][INFO] - 	 Starting Epoch:143 
[2024-08-14 18:40:51,176][src.train.train_pattern_generation][INFO] - train epoch 143 MSE 0.0172 NMSE 0.172
[2024-08-14 18:40:51,177][src.train.train_pattern_generation][INFO] - 	 Starting Epoch:144 
[2024-08-14 18:40:51,300][src.train.train_pattern_generation][INFO] - train epoch 144 MSE 0.0172 NMSE 0.172
[2024-08-14 18:40:51,584][src.train.train_pattern_generation][INFO] - 	 Starting Epoch:145 
[2024-08-14 18:40:51,708][src.train.train_pattern_generation][INFO] - train epoch 145 MSE 0.0171 NMSE 0.171
[2024-08-14 18:40:51,709][src.train.train_pattern_generation][INFO] - 	 Starting Epoch:146 
[2024-08-14 18:40:51,832][src.train.train_pattern_generation][INFO] - train epoch 146 MSE 0.0171 NMSE 0.171
[2024-08-14 18:40:51,833][src.train.train_pattern_generation][INFO] - 	 Starting Epoch:147 
[2024-08-14 18:40:51,956][src.train.train_pattern_generation][INFO] - train epoch 147 MSE 0.0172 NMSE 0.172
[2024-08-14 18:40:51,957][src.train.train_pattern_generation][INFO] - 	 Starting Epoch:148 
[2024-08-14 18:40:52,082][src.train.train_pattern_generation][INFO] - train epoch 148 MSE 0.0166 NMSE 0.166
[2024-08-14 18:40:52,083][src.train.train_pattern_generation][INFO] - 	 Starting Epoch:149 
[2024-08-14 18:40:52,208][src.train.train_pattern_generation][INFO] - train epoch 149 MSE 0.0165 NMSE 0.165
[2024-08-14 18:40:52,209][src.train.train_pattern_generation][INFO] - 	 Starting Epoch:150 
[2024-08-14 18:40:52,333][src.train.train_pattern_generation][INFO] - train epoch 150 MSE 0.0159 NMSE 0.159
[2024-08-14 18:40:52,334][src.train.train_pattern_generation][INFO] - 	 Starting Epoch:151 
[2024-08-14 18:40:52,457][src.train.train_pattern_generation][INFO] - train epoch 151 MSE 0.0157 NMSE 0.157
[2024-08-14 18:40:52,509][src.train.train_pattern_generation][INFO] - eval  epoch 151 MSE 0.0156 nMSE 0.16
[2024-08-14 18:40:52,510][src.train.train_pattern_generation][INFO] - 	 Starting Epoch:152 
[2024-08-14 18:40:52,634][src.train.train_pattern_generation][INFO] - train epoch 152 MSE 0.0156 NMSE 0.156
[2024-08-14 18:40:52,635][src.train.train_pattern_generation][INFO] - 	 Starting Epoch:153 
[2024-08-14 18:40:52,758][src.train.train_pattern_generation][INFO] - train epoch 153 MSE 0.0155 NMSE 0.155
[2024-08-14 18:40:52,759][src.train.train_pattern_generation][INFO] - 	 Starting Epoch:154 
[2024-08-14 18:40:52,883][src.train.train_pattern_generation][INFO] - train epoch 154 MSE 0.0152 NMSE 0.152
[2024-08-14 18:40:52,884][src.train.train_pattern_generation][INFO] - 	 Starting Epoch:155 
[2024-08-14 18:40:53,007][src.train.train_pattern_generation][INFO] - train epoch 155 MSE 0.0152 NMSE 0.152
[2024-08-14 18:40:53,008][src.train.train_pattern_generation][INFO] - 	 Starting Epoch:156 
[2024-08-14 18:40:53,134][src.train.train_pattern_generation][INFO] - train epoch 156 MSE 0.0150 NMSE 0.150
[2024-08-14 18:40:53,135][src.train.train_pattern_generation][INFO] - 	 Starting Epoch:157 
[2024-08-14 18:40:53,259][src.train.train_pattern_generation][INFO] - train epoch 157 MSE 0.0147 NMSE 0.147
[2024-08-14 18:40:53,260][src.train.train_pattern_generation][INFO] - 	 Starting Epoch:158 
[2024-08-14 18:40:53,385][src.train.train_pattern_generation][INFO] - train epoch 158 MSE 0.0147 NMSE 0.147
[2024-08-14 18:40:53,386][src.train.train_pattern_generation][INFO] - 	 Starting Epoch:159 
[2024-08-14 18:40:53,510][src.train.train_pattern_generation][INFO] - train epoch 159 MSE 0.0144 NMSE 0.144
[2024-08-14 18:40:53,511][src.train.train_pattern_generation][INFO] - 	 Starting Epoch:160 
[2024-08-14 18:40:53,635][src.train.train_pattern_generation][INFO] - train epoch 160 MSE 0.0144 NMSE 0.144
[2024-08-14 18:40:53,636][src.train.train_pattern_generation][INFO] - 	 Starting Epoch:161 
[2024-08-14 18:40:53,760][src.train.train_pattern_generation][INFO] - train epoch 161 MSE 0.0149 NMSE 0.149
[2024-08-14 18:40:53,760][src.train.train_pattern_generation][INFO] - 	 Starting Epoch:162 
[2024-08-14 18:40:53,885][src.train.train_pattern_generation][INFO] - train epoch 162 MSE 0.0155 NMSE 0.155
[2024-08-14 18:40:53,886][src.train.train_pattern_generation][INFO] - 	 Starting Epoch:163 
[2024-08-14 18:40:54,011][src.train.train_pattern_generation][INFO] - train epoch 163 MSE 0.0157 NMSE 0.157
[2024-08-14 18:40:54,012][src.train.train_pattern_generation][INFO] - 	 Starting Epoch:164 
[2024-08-14 18:40:54,137][src.train.train_pattern_generation][INFO] - train epoch 164 MSE 0.0153 NMSE 0.153
[2024-08-14 18:40:54,138][src.train.train_pattern_generation][INFO] - 	 Starting Epoch:165 
[2024-08-14 18:40:54,263][src.train.train_pattern_generation][INFO] - train epoch 165 MSE 0.0156 NMSE 0.156
[2024-08-14 18:40:54,264][src.train.train_pattern_generation][INFO] - 	 Starting Epoch:166 
[2024-08-14 18:40:54,389][src.train.train_pattern_generation][INFO] - train epoch 166 MSE 0.0148 NMSE 0.148
[2024-08-14 18:40:54,389][src.train.train_pattern_generation][INFO] - 	 Starting Epoch:167 
[2024-08-14 18:40:54,514][src.train.train_pattern_generation][INFO] - train epoch 167 MSE 0.0150 NMSE 0.150
[2024-08-14 18:40:54,515][src.train.train_pattern_generation][INFO] - 	 Starting Epoch:168 
[2024-08-14 18:40:54,638][src.train.train_pattern_generation][INFO] - train epoch 168 MSE 0.0138 NMSE 0.138
[2024-08-14 18:40:54,639][src.train.train_pattern_generation][INFO] - 	 Starting Epoch:169 
[2024-08-14 18:40:54,762][src.train.train_pattern_generation][INFO] - train epoch 169 MSE 0.0137 NMSE 0.137
[2024-08-14 18:40:54,763][src.train.train_pattern_generation][INFO] - 	 Starting Epoch:170 
[2024-08-14 18:40:54,886][src.train.train_pattern_generation][INFO] - train epoch 170 MSE 0.0137 NMSE 0.137
[2024-08-14 18:40:54,887][src.train.train_pattern_generation][INFO] - 	 Starting Epoch:171 
[2024-08-14 18:40:55,011][src.train.train_pattern_generation][INFO] - train epoch 171 MSE 0.0139 NMSE 0.139
[2024-08-14 18:40:55,012][src.train.train_pattern_generation][INFO] - 	 Starting Epoch:172 
[2024-08-14 18:40:55,138][src.train.train_pattern_generation][INFO] - train epoch 172 MSE 0.0136 NMSE 0.136
[2024-08-14 18:40:55,139][src.train.train_pattern_generation][INFO] - 	 Starting Epoch:173 
[2024-08-14 18:40:55,263][src.train.train_pattern_generation][INFO] - train epoch 173 MSE 0.0132 NMSE 0.132
[2024-08-14 18:40:55,264][src.train.train_pattern_generation][INFO] - 	 Starting Epoch:174 
[2024-08-14 18:40:55,388][src.train.train_pattern_generation][INFO] - train epoch 174 MSE 0.0123 NMSE 0.123
[2024-08-14 18:40:55,389][src.train.train_pattern_generation][INFO] - 	 Starting Epoch:175 
[2024-08-14 18:40:55,513][src.train.train_pattern_generation][INFO] - train epoch 175 MSE 0.0119 NMSE 0.119
[2024-08-14 18:40:55,514][src.train.train_pattern_generation][INFO] - 	 Starting Epoch:176 
[2024-08-14 18:40:55,637][src.train.train_pattern_generation][INFO] - train epoch 176 MSE 0.0119 NMSE 0.119
[2024-08-14 18:40:55,689][src.train.train_pattern_generation][INFO] - eval  epoch 176 MSE 0.0120 nMSE 0.12
[2024-08-14 18:40:55,690][src.train.train_pattern_generation][INFO] - 	 Starting Epoch:177 
[2024-08-14 18:40:55,813][src.train.train_pattern_generation][INFO] - train epoch 177 MSE 0.0120 NMSE 0.120
[2024-08-14 18:40:55,814][src.train.train_pattern_generation][INFO] - 	 Starting Epoch:178 
[2024-08-14 18:40:55,939][src.train.train_pattern_generation][INFO] - train epoch 178 MSE 0.0119 NMSE 0.119
[2024-08-14 18:40:55,940][src.train.train_pattern_generation][INFO] - 	 Starting Epoch:179 
[2024-08-14 18:40:56,066][src.train.train_pattern_generation][INFO] - train epoch 179 MSE 0.0124 NMSE 0.124
[2024-08-14 18:40:56,066][src.train.train_pattern_generation][INFO] - 	 Starting Epoch:180 
[2024-08-14 18:40:56,192][src.train.train_pattern_generation][INFO] - train epoch 180 MSE 0.0123 NMSE 0.123
[2024-08-14 18:40:56,192][src.train.train_pattern_generation][INFO] - 	 Starting Epoch:181 
[2024-08-14 18:40:56,316][src.train.train_pattern_generation][INFO] - train epoch 181 MSE 0.0125 NMSE 0.125
[2024-08-14 18:40:56,317][src.train.train_pattern_generation][INFO] - 	 Starting Epoch:182 
[2024-08-14 18:40:56,441][src.train.train_pattern_generation][INFO] - train epoch 182 MSE 0.0127 NMSE 0.127
[2024-08-14 18:40:56,442][src.train.train_pattern_generation][INFO] - 	 Starting Epoch:183 
[2024-08-14 18:40:56,565][src.train.train_pattern_generation][INFO] - train epoch 183 MSE 0.0124 NMSE 0.124
[2024-08-14 18:40:56,570][src.train.train_pattern_generation][INFO] - 	 Starting Epoch:184 
[2024-08-14 18:40:56,695][src.train.train_pattern_generation][INFO] - train epoch 184 MSE 0.0125 NMSE 0.125
[2024-08-14 18:40:56,696][src.train.train_pattern_generation][INFO] - 	 Starting Epoch:185 
[2024-08-14 18:40:56,818][src.train.train_pattern_generation][INFO] - train epoch 185 MSE 0.0126 NMSE 0.126
[2024-08-14 18:40:56,819][src.train.train_pattern_generation][INFO] - 	 Starting Epoch:186 
[2024-08-14 18:40:56,943][src.train.train_pattern_generation][INFO] - train epoch 186 MSE 0.0119 NMSE 0.119
[2024-08-14 18:40:56,944][src.train.train_pattern_generation][INFO] - 	 Starting Epoch:187 
[2024-08-14 18:40:57,068][src.train.train_pattern_generation][INFO] - train epoch 187 MSE 0.0117 NMSE 0.117
[2024-08-14 18:40:57,069][src.train.train_pattern_generation][INFO] - 	 Starting Epoch:188 
[2024-08-14 18:40:57,194][src.train.train_pattern_generation][INFO] - train epoch 188 MSE 0.0117 NMSE 0.117
[2024-08-14 18:40:57,195][src.train.train_pattern_generation][INFO] - 	 Starting Epoch:189 
[2024-08-14 18:40:57,318][src.train.train_pattern_generation][INFO] - train epoch 189 MSE 0.0116 NMSE 0.116
[2024-08-14 18:40:57,319][src.train.train_pattern_generation][INFO] - 	 Starting Epoch:190 
[2024-08-14 18:40:57,442][src.train.train_pattern_generation][INFO] - train epoch 190 MSE 0.0112 NMSE 0.112
[2024-08-14 18:40:57,443][src.train.train_pattern_generation][INFO] - 	 Starting Epoch:191 
[2024-08-14 18:40:57,566][src.train.train_pattern_generation][INFO] - train epoch 191 MSE 0.0107 NMSE 0.107
[2024-08-14 18:40:57,567][src.train.train_pattern_generation][INFO] - 	 Starting Epoch:192 
[2024-08-14 18:40:57,690][src.train.train_pattern_generation][INFO] - train epoch 192 MSE 0.0104 NMSE 0.104
[2024-08-14 18:40:58,208][src.train.train_pattern_generation][INFO] - 	 Starting Epoch:193 
[2024-08-14 18:40:58,334][src.train.train_pattern_generation][INFO] - train epoch 193 MSE 0.0105 NMSE 0.105
[2024-08-14 18:40:58,335][src.train.train_pattern_generation][INFO] - 	 Starting Epoch:194 
[2024-08-14 18:40:58,459][src.train.train_pattern_generation][INFO] - train epoch 194 MSE 0.0106 NMSE 0.106
[2024-08-14 18:40:58,460][src.train.train_pattern_generation][INFO] - 	 Starting Epoch:195 
[2024-08-14 18:40:58,584][src.train.train_pattern_generation][INFO] - train epoch 195 MSE 0.0110 NMSE 0.110
[2024-08-14 18:40:58,585][src.train.train_pattern_generation][INFO] - 	 Starting Epoch:196 
[2024-08-14 18:40:58,708][src.train.train_pattern_generation][INFO] - train epoch 196 MSE 0.0111 NMSE 0.111
[2024-08-14 18:40:58,709][src.train.train_pattern_generation][INFO] - 	 Starting Epoch:197 
[2024-08-14 18:40:58,833][src.train.train_pattern_generation][INFO] - train epoch 197 MSE 0.0112 NMSE 0.112
[2024-08-14 18:40:58,834][src.train.train_pattern_generation][INFO] - 	 Starting Epoch:198 
[2024-08-14 18:40:58,958][src.train.train_pattern_generation][INFO] - train epoch 198 MSE 0.0113 NMSE 0.113
[2024-08-14 18:40:58,959][src.train.train_pattern_generation][INFO] - 	 Starting Epoch:199 
[2024-08-14 18:40:59,084][src.train.train_pattern_generation][INFO] - train epoch 199 MSE 0.0115 NMSE 0.115
[2024-08-14 18:40:59,085][src.train.train_pattern_generation][INFO] - 	 Starting Epoch:200 
[2024-08-14 18:40:59,210][src.train.train_pattern_generation][INFO] - train epoch 200 MSE 0.0112 NMSE 0.112
[2024-08-14 18:40:59,211][src.train.train_pattern_generation][INFO] - 	 Starting Epoch:201 
[2024-08-14 18:40:59,337][src.train.train_pattern_generation][INFO] - train epoch 201 MSE 0.0118 NMSE 0.118
[2024-08-14 18:40:59,389][src.train.train_pattern_generation][INFO] - eval  epoch 201 MSE 0.0110 nMSE 0.11
[2024-08-14 18:40:59,389][src.train.train_pattern_generation][INFO] - 	 Starting Epoch:202 
[2024-08-14 18:40:59,513][src.train.train_pattern_generation][INFO] - train epoch 202 MSE 0.0110 NMSE 0.110
[2024-08-14 18:40:59,514][src.train.train_pattern_generation][INFO] - 	 Starting Epoch:203 
[2024-08-14 18:40:59,637][src.train.train_pattern_generation][INFO] - train epoch 203 MSE 0.0113 NMSE 0.113
[2024-08-14 18:40:59,638][src.train.train_pattern_generation][INFO] - 	 Starting Epoch:204 
[2024-08-14 18:40:59,762][src.train.train_pattern_generation][INFO] - train epoch 204 MSE 0.0108 NMSE 0.108
[2024-08-14 18:40:59,763][src.train.train_pattern_generation][INFO] - 	 Starting Epoch:205 
[2024-08-14 18:40:59,887][src.train.train_pattern_generation][INFO] - train epoch 205 MSE 0.0111 NMSE 0.111
[2024-08-14 18:40:59,888][src.train.train_pattern_generation][INFO] - 	 Starting Epoch:206 
[2024-08-14 18:41:00,012][src.train.train_pattern_generation][INFO] - train epoch 206 MSE 0.0107 NMSE 0.107
[2024-08-14 18:41:00,012][src.train.train_pattern_generation][INFO] - 	 Starting Epoch:207 
[2024-08-14 18:41:00,138][src.train.train_pattern_generation][INFO] - train epoch 207 MSE 0.0106 NMSE 0.106
[2024-08-14 18:41:00,139][src.train.train_pattern_generation][INFO] - 	 Starting Epoch:208 
[2024-08-14 18:41:00,263][src.train.train_pattern_generation][INFO] - train epoch 208 MSE 0.0107 NMSE 0.107
[2024-08-14 18:41:00,264][src.train.train_pattern_generation][INFO] - 	 Starting Epoch:209 
[2024-08-14 18:41:00,388][src.train.train_pattern_generation][INFO] - train epoch 209 MSE 0.0105 NMSE 0.105
[2024-08-14 18:41:00,389][src.train.train_pattern_generation][INFO] - 	 Starting Epoch:210 
[2024-08-14 18:41:00,512][src.train.train_pattern_generation][INFO] - train epoch 210 MSE 0.0109 NMSE 0.109
[2024-08-14 18:41:00,513][src.train.train_pattern_generation][INFO] - 	 Starting Epoch:211 
[2024-08-14 18:41:00,636][src.train.train_pattern_generation][INFO] - train epoch 211 MSE 0.0106 NMSE 0.106
[2024-08-14 18:41:00,637][src.train.train_pattern_generation][INFO] - 	 Starting Epoch:212 
[2024-08-14 18:41:00,761][src.train.train_pattern_generation][INFO] - train epoch 212 MSE 0.0106 NMSE 0.106
[2024-08-14 18:41:00,762][src.train.train_pattern_generation][INFO] - 	 Starting Epoch:213 
[2024-08-14 18:41:00,885][src.train.train_pattern_generation][INFO] - train epoch 213 MSE 0.0106 NMSE 0.106
[2024-08-14 18:41:00,886][src.train.train_pattern_generation][INFO] - 	 Starting Epoch:214 
[2024-08-14 18:41:01,009][src.train.train_pattern_generation][INFO] - train epoch 214 MSE 0.0108 NMSE 0.108
[2024-08-14 18:41:01,010][src.train.train_pattern_generation][INFO] - 	 Starting Epoch:215 
[2024-08-14 18:41:01,134][src.train.train_pattern_generation][INFO] - train epoch 215 MSE 0.0103 NMSE 0.103
[2024-08-14 18:41:01,135][src.train.train_pattern_generation][INFO] - 	 Starting Epoch:216 
[2024-08-14 18:41:01,259][src.train.train_pattern_generation][INFO] - train epoch 216 MSE 0.0104 NMSE 0.104
[2024-08-14 18:41:01,260][src.train.train_pattern_generation][INFO] - 	 Starting Epoch:217 
[2024-08-14 18:41:01,383][src.train.train_pattern_generation][INFO] - train epoch 217 MSE 0.0101 NMSE 0.101
[2024-08-14 18:41:01,384][src.train.train_pattern_generation][INFO] - 	 Starting Epoch:218 
[2024-08-14 18:41:01,509][src.train.train_pattern_generation][INFO] - train epoch 218 MSE 0.0103 NMSE 0.103
[2024-08-14 18:41:01,509][src.train.train_pattern_generation][INFO] - 	 Starting Epoch:219 
[2024-08-14 18:41:01,668][src.train.train_pattern_generation][INFO] - train epoch 219 MSE 0.0100 NMSE 0.100
[2024-08-14 18:41:01,669][src.train.train_pattern_generation][INFO] - 	 Starting Epoch:220 
[2024-08-14 18:41:01,797][src.train.train_pattern_generation][INFO] - train epoch 220 MSE 0.0099 NMSE 0.099
[2024-08-14 18:41:01,798][src.train.train_pattern_generation][INFO] - 	 Starting Epoch:221 
[2024-08-14 18:41:01,924][src.train.train_pattern_generation][INFO] - train epoch 221 MSE 0.0099 NMSE 0.099
[2024-08-14 18:41:01,925][src.train.train_pattern_generation][INFO] - 	 Starting Epoch:222 
[2024-08-14 18:41:02,053][src.train.train_pattern_generation][INFO] - train epoch 222 MSE 0.0099 NMSE 0.099
[2024-08-14 18:41:02,054][src.train.train_pattern_generation][INFO] - 	 Starting Epoch:223 
[2024-08-14 18:41:02,188][src.train.train_pattern_generation][INFO] - train epoch 223 MSE 0.0105 NMSE 0.105
[2024-08-14 18:41:02,188][src.train.train_pattern_generation][INFO] - 	 Starting Epoch:224 
[2024-08-14 18:41:02,318][src.train.train_pattern_generation][INFO] - train epoch 224 MSE 0.0102 NMSE 0.102
[2024-08-14 18:41:02,319][src.train.train_pattern_generation][INFO] - 	 Starting Epoch:225 
[2024-08-14 18:41:02,446][src.train.train_pattern_generation][INFO] - train epoch 225 MSE 0.0109 NMSE 0.109
[2024-08-14 18:41:02,446][src.train.train_pattern_generation][INFO] - 	 Starting Epoch:226 
[2024-08-14 18:41:02,576][src.train.train_pattern_generation][INFO] - train epoch 226 MSE 0.0102 NMSE 0.102
[2024-08-14 18:41:02,634][src.train.train_pattern_generation][INFO] - eval  epoch 226 MSE 0.0109 nMSE 0.11
[2024-08-14 18:41:02,635][src.train.train_pattern_generation][INFO] - 	 Starting Epoch:227 
[2024-08-14 18:41:02,762][src.train.train_pattern_generation][INFO] - train epoch 227 MSE 0.0109 NMSE 0.109
[2024-08-14 18:41:02,763][src.train.train_pattern_generation][INFO] - 	 Starting Epoch:228 
[2024-08-14 18:41:02,889][src.train.train_pattern_generation][INFO] - train epoch 228 MSE 0.0099 NMSE 0.099
[2024-08-14 18:41:02,890][src.train.train_pattern_generation][INFO] - 	 Starting Epoch:229 
[2024-08-14 18:41:03,017][src.train.train_pattern_generation][INFO] - train epoch 229 MSE 0.0105 NMSE 0.105
[2024-08-14 18:41:03,017][src.train.train_pattern_generation][INFO] - 	 Starting Epoch:230 
[2024-08-14 18:41:03,145][src.train.train_pattern_generation][INFO] - train epoch 230 MSE 0.0113 NMSE 0.113
[2024-08-14 18:41:03,146][src.train.train_pattern_generation][INFO] - 	 Starting Epoch:231 
[2024-08-14 18:41:03,273][src.train.train_pattern_generation][INFO] - train epoch 231 MSE 0.0114 NMSE 0.114
[2024-08-14 18:41:03,273][src.train.train_pattern_generation][INFO] - 	 Starting Epoch:232 
[2024-08-14 18:41:03,400][src.train.train_pattern_generation][INFO] - train epoch 232 MSE 0.0113 NMSE 0.113
[2024-08-14 18:41:03,401][src.train.train_pattern_generation][INFO] - 	 Starting Epoch:233 
[2024-08-14 18:41:03,528][src.train.train_pattern_generation][INFO] - train epoch 233 MSE 0.0113 NMSE 0.113
[2024-08-14 18:41:03,528][src.train.train_pattern_generation][INFO] - 	 Starting Epoch:234 
[2024-08-14 18:41:03,656][src.train.train_pattern_generation][INFO] - train epoch 234 MSE 0.0114 NMSE 0.114
[2024-08-14 18:41:03,656][src.train.train_pattern_generation][INFO] - 	 Starting Epoch:235 
[2024-08-14 18:41:03,783][src.train.train_pattern_generation][INFO] - train epoch 235 MSE 0.0114 NMSE 0.114
[2024-08-14 18:41:03,783][src.train.train_pattern_generation][INFO] - 	 Starting Epoch:236 
[2024-08-14 18:41:03,910][src.train.train_pattern_generation][INFO] - train epoch 236 MSE 0.0116 NMSE 0.116
[2024-08-14 18:41:03,911][src.train.train_pattern_generation][INFO] - 	 Starting Epoch:237 
[2024-08-14 18:41:04,037][src.train.train_pattern_generation][INFO] - train epoch 237 MSE 0.0118 NMSE 0.118
[2024-08-14 18:41:04,038][src.train.train_pattern_generation][INFO] - 	 Starting Epoch:238 
[2024-08-14 18:41:04,166][src.train.train_pattern_generation][INFO] - train epoch 238 MSE 0.0119 NMSE 0.119
[2024-08-14 18:41:04,166][src.train.train_pattern_generation][INFO] - 	 Starting Epoch:239 
[2024-08-14 18:41:04,294][src.train.train_pattern_generation][INFO] - train epoch 239 MSE 0.0117 NMSE 0.117
[2024-08-14 18:41:04,557][src.train.train_pattern_generation][INFO] - 	 Starting Epoch:240 
[2024-08-14 18:41:04,685][src.train.train_pattern_generation][INFO] - train epoch 240 MSE 0.0115 NMSE 0.115
[2024-08-14 18:41:04,686][src.train.train_pattern_generation][INFO] - 	 Starting Epoch:241 
[2024-08-14 18:41:04,813][src.train.train_pattern_generation][INFO] - train epoch 241 MSE 0.0117 NMSE 0.117
[2024-08-14 18:41:04,814][src.train.train_pattern_generation][INFO] - 	 Starting Epoch:242 
[2024-08-14 18:41:04,942][src.train.train_pattern_generation][INFO] - train epoch 242 MSE 0.0107 NMSE 0.107
[2024-08-14 18:41:04,943][src.train.train_pattern_generation][INFO] - 	 Starting Epoch:243 
[2024-08-14 18:41:05,071][src.train.train_pattern_generation][INFO] - train epoch 243 MSE 0.0102 NMSE 0.102
[2024-08-14 18:41:05,072][src.train.train_pattern_generation][INFO] - 	 Starting Epoch:244 
[2024-08-14 18:41:05,200][src.train.train_pattern_generation][INFO] - train epoch 244 MSE 0.0109 NMSE 0.109
[2024-08-14 18:41:05,201][src.train.train_pattern_generation][INFO] - 	 Starting Epoch:245 
[2024-08-14 18:41:05,329][src.train.train_pattern_generation][INFO] - train epoch 245 MSE 0.0099 NMSE 0.099
[2024-08-14 18:41:05,330][src.train.train_pattern_generation][INFO] - 	 Starting Epoch:246 
[2024-08-14 18:41:05,457][src.train.train_pattern_generation][INFO] - train epoch 246 MSE 0.0098 NMSE 0.098
[2024-08-14 18:41:05,458][src.train.train_pattern_generation][INFO] - 	 Starting Epoch:247 
[2024-08-14 18:41:05,584][src.train.train_pattern_generation][INFO] - train epoch 247 MSE 0.0104 NMSE 0.104
[2024-08-14 18:41:05,585][src.train.train_pattern_generation][INFO] - 	 Starting Epoch:248 
[2024-08-14 18:41:05,713][src.train.train_pattern_generation][INFO] - train epoch 248 MSE 0.0101 NMSE 0.101
[2024-08-14 18:41:05,714][src.train.train_pattern_generation][INFO] - 	 Starting Epoch:249 
[2024-08-14 18:41:05,842][src.train.train_pattern_generation][INFO] - train epoch 249 MSE 0.0100 NMSE 0.100
[2024-08-14 18:41:05,843][src.train.train_pattern_generation][INFO] - 	 Starting Epoch:250 
[2024-08-14 18:41:05,969][src.train.train_pattern_generation][INFO] - train epoch 250 MSE 0.0095 NMSE 0.095
[2024-08-14 18:41:05,970][src.train.train_pattern_generation][INFO] - 	 Starting Epoch:251 
[2024-08-14 18:41:06,098][src.train.train_pattern_generation][INFO] - train epoch 251 MSE 0.0092 NMSE 0.092
[2024-08-14 18:41:06,154][src.train.train_pattern_generation][INFO] - eval  epoch 251 MSE 0.0090 nMSE 0.09
[2024-08-14 18:41:06,222][src.train.train_pattern_generation][INFO] - eval  epoch 251 MSE 0.0090 nMSE 0.09
[2024-08-14 18:41:06,288][src.train.train_pattern_generation][INFO] - eval  epoch 251 MSE 0.0090 nMSE 0.09
[2024-08-14 18:41:06,354][src.train.train_pattern_generation][INFO] - eval  epoch 251 MSE 0.0090 nMSE 0.09
[2024-08-14 18:41:06,354][src.train.train_pattern_generation][INFO] - Met early stopping criteria, breaking at epoch 251
[2024-08-14 18:41:09,602][src.train.train_pattern_generation][INFO] - firing rate eval set  average 250.5 max 333.5 min 0.0
