[2024-08-01 18:00:19,322][jax._src.xla_bridge][INFO] - Unable to initialize backend 'cuda': 
[2024-08-01 18:00:19,322][jax._src.xla_bridge][INFO] - Unable to initialize backend 'rocm': module 'jaxlib.xla_extension' has no attribute 'GpuAllocatorConfig'
[2024-08-01 18:00:19,322][jax._src.xla_bridge][INFO] - Unable to initialize backend 'tpu': UNIMPLEMENTED: LoadPjrtPlugin is not implemented on windows yet.
[2024-08-01 18:00:27,482][src.train.train_delayed_match][INFO] - Starting training...
[2024-08-01 18:00:27,496][src.train.train_delayed_match][INFO] - 	 Starting Epoch:1 
[2024-08-01 18:00:38,118][src.train.train_delayed_match][INFO] - train epoch 001 loss 0.7071 accuracy 48.44
[2024-08-01 18:00:40,790][src.train.train_delayed_match][INFO] - eval  epoch 001 loss 0.6910 accuracy 53.71
[2024-08-01 18:00:40,795][src.train.train_delayed_match][INFO] - 	 Starting Epoch:2 
[2024-08-01 18:00:51,275][src.train.train_delayed_match][INFO] - train epoch 002 loss 0.6748 accuracy 53.12
[2024-08-01 18:00:51,275][src.train.train_delayed_match][INFO] - 	 Starting Epoch:3 
[2024-08-01 18:01:02,237][src.train.train_delayed_match][INFO] - train epoch 003 loss 0.6310 accuracy 62.50
[2024-08-01 18:01:02,237][src.train.train_delayed_match][INFO] - 	 Starting Epoch:4 
[2024-08-01 18:01:12,469][src.train.train_delayed_match][INFO] - train epoch 004 loss 0.7582 accuracy 40.62
[2024-08-01 18:01:12,469][src.train.train_delayed_match][INFO] - 	 Starting Epoch:5 
[2024-08-01 18:01:22,262][src.train.train_delayed_match][INFO] - train epoch 005 loss 0.7227 accuracy 51.56
[2024-08-01 18:01:22,278][src.train.train_delayed_match][INFO] - 	 Starting Epoch:6 
[2024-08-01 18:01:32,035][src.train.train_delayed_match][INFO] - train epoch 006 loss 0.6836 accuracy 56.25
[2024-08-01 18:01:32,035][src.train.train_delayed_match][INFO] - 	 Starting Epoch:7 
[2024-08-01 18:01:42,362][src.train.train_delayed_match][INFO] - train epoch 007 loss 0.7005 accuracy 50.00
[2024-08-01 18:01:42,366][src.train.train_delayed_match][INFO] - 	 Starting Epoch:8 
[2024-08-01 18:01:51,885][src.train.train_delayed_match][INFO] - train epoch 008 loss 0.7073 accuracy 35.94
[2024-08-01 18:01:51,886][src.train.train_delayed_match][INFO] - 	 Starting Epoch:9 
[2024-08-01 18:02:02,688][src.train.train_delayed_match][INFO] - train epoch 009 loss 0.7031 accuracy 42.19
[2024-08-01 18:02:02,688][src.train.train_delayed_match][INFO] - 	 Starting Epoch:10 
[2024-08-01 18:02:13,447][src.train.train_delayed_match][INFO] - train epoch 010 loss 0.6883 accuracy 45.31
[2024-08-01 18:02:13,447][src.train.train_delayed_match][INFO] - 	 Starting Epoch:11 
[2024-08-01 18:02:24,408][src.train.train_delayed_match][INFO] - train epoch 011 loss 0.7059 accuracy 53.12
[2024-08-01 18:02:24,408][src.train.train_delayed_match][INFO] - 	 Starting Epoch:12 
[2024-08-01 18:02:35,573][src.train.train_delayed_match][INFO] - train epoch 012 loss 0.7037 accuracy 45.31
[2024-08-01 18:02:35,573][src.train.train_delayed_match][INFO] - 	 Starting Epoch:13 
[2024-08-01 18:02:46,878][src.train.train_delayed_match][INFO] - train epoch 013 loss 0.6895 accuracy 51.56
[2024-08-01 18:02:46,878][src.train.train_delayed_match][INFO] - 	 Starting Epoch:14 
[2024-08-09 15:33:24,163][jax._src.xla_bridge][INFO] - Unable to initialize backend 'cuda': 
[2024-08-09 15:33:24,164][jax._src.xla_bridge][INFO] - Unable to initialize backend 'rocm': module 'jaxlib.xla_extension' has no attribute 'GpuAllocatorConfig'
[2024-08-09 15:33:24,166][jax._src.xla_bridge][INFO] - Unable to initialize backend 'tpu': UNIMPLEMENTED: LoadPjrtPlugin is not implemented on windows yet.
[2024-08-09 15:33:28,592][src.train.train_delayed_match][INFO] - Starting training...
[2024-08-09 15:33:28,593][src.train.train_delayed_match][INFO] - 	 Starting Epoch:1 
[2024-08-09 15:35:47,200][jax._src.xla_bridge][INFO] - Unable to initialize backend 'cuda': 
[2024-08-09 15:35:47,201][jax._src.xla_bridge][INFO] - Unable to initialize backend 'rocm': module 'jaxlib.xla_extension' has no attribute 'GpuAllocatorConfig'
[2024-08-09 15:35:47,204][jax._src.xla_bridge][INFO] - Unable to initialize backend 'tpu': UNIMPLEMENTED: LoadPjrtPlugin is not implemented on windows yet.
[2024-08-09 15:35:51,093][src.train.train_delayed_match][INFO] - Starting training...
[2024-08-09 15:35:51,096][src.train.train_delayed_match][INFO] - 	 Starting Epoch:1 
[2024-08-09 15:35:58,436][src.train.train_delayed_match][INFO] - train epoch 001 loss 0.7168 accuracy 45.31
[2024-08-09 15:35:59,620][src.train.train_delayed_match][INFO] - eval  epoch 001 loss 0.6887 accuracy 50.59
[2024-08-09 15:35:59,621][src.train.train_delayed_match][INFO] - 	 Starting Epoch:2 
[2024-08-09 15:36:05,213][src.train.train_delayed_match][INFO] - train epoch 002 loss 0.6884 accuracy 50.00
[2024-08-09 15:36:05,215][src.train.train_delayed_match][INFO] - 	 Starting Epoch:3 
[2024-08-09 15:36:12,240][src.train.train_delayed_match][INFO] - train epoch 003 loss 0.6966 accuracy 46.88
[2024-08-09 15:36:12,243][src.train.train_delayed_match][INFO] - 	 Starting Epoch:4 
[2024-08-09 15:36:20,250][src.train.train_delayed_match][INFO] - train epoch 004 loss 0.7062 accuracy 46.88
[2024-08-09 15:36:20,252][src.train.train_delayed_match][INFO] - 	 Starting Epoch:5 
[2024-08-09 15:36:26,802][src.train.train_delayed_match][INFO] - train epoch 005 loss 0.6637 accuracy 59.38
[2024-08-09 15:36:26,805][src.train.train_delayed_match][INFO] - 	 Starting Epoch:6 
[2024-08-09 15:36:32,398][src.train.train_delayed_match][INFO] - train epoch 006 loss 0.7160 accuracy 46.88
[2024-08-09 15:36:32,400][src.train.train_delayed_match][INFO] - 	 Starting Epoch:7 
[2024-08-09 15:36:38,831][src.train.train_delayed_match][INFO] - train epoch 007 loss 0.7077 accuracy 50.00
[2024-08-09 15:36:38,836][src.train.train_delayed_match][INFO] - 	 Starting Epoch:8 
[2024-08-09 15:36:45,061][src.train.train_delayed_match][INFO] - train epoch 008 loss 0.6817 accuracy 59.38
[2024-08-09 15:36:45,064][src.train.train_delayed_match][INFO] - 	 Starting Epoch:9 
[2024-08-09 15:36:51,515][src.train.train_delayed_match][INFO] - train epoch 009 loss 0.6994 accuracy 50.00
[2024-08-09 15:36:51,517][src.train.train_delayed_match][INFO] - 	 Starting Epoch:10 
[2024-08-09 15:36:57,357][src.train.train_delayed_match][INFO] - train epoch 010 loss 0.7054 accuracy 53.12
[2024-08-09 15:36:59,668][src.train.train_delayed_match][INFO] - firing rate eval set  average 0.8 max 9.1 min 0.0
[2024-08-09 20:26:56,278][jax._src.xla_bridge][INFO] - Unable to initialize backend 'cuda': 
[2024-08-09 20:26:56,279][jax._src.xla_bridge][INFO] - Unable to initialize backend 'rocm': module 'jaxlib.xla_extension' has no attribute 'GpuAllocatorConfig'
[2024-08-09 20:26:56,281][jax._src.xla_bridge][INFO] - Unable to initialize backend 'tpu': UNIMPLEMENTED: LoadPjrtPlugin is not implemented on windows yet.
[2024-08-09 20:27:00,699][src.train.train_delayed_match][INFO] - Starting training...
[2024-08-09 20:27:00,700][src.train.train_delayed_match][INFO] - 	 Starting Epoch:1 
[2024-08-09 20:27:08,156][src.train.train_delayed_match][INFO] - train epoch 001 loss 0.7114 accuracy 45.31
[2024-08-09 20:27:09,443][src.train.train_delayed_match][INFO] - eval  epoch 001 loss 0.7029 accuracy 46.09
[2024-08-09 20:27:09,443][src.train.train_delayed_match][INFO] - 	 Starting Epoch:2 
[2024-08-09 20:27:14,622][src.train.train_delayed_match][INFO] - train epoch 002 loss 0.7092 accuracy 51.56
[2024-08-09 20:27:14,637][src.train.train_delayed_match][INFO] - 	 Starting Epoch:3 
[2024-08-09 20:27:49,247][jax._src.xla_bridge][INFO] - Unable to initialize backend 'cuda': 
[2024-08-09 20:27:49,253][jax._src.xla_bridge][INFO] - Unable to initialize backend 'rocm': module 'jaxlib.xla_extension' has no attribute 'GpuAllocatorConfig'
[2024-08-09 20:27:49,254][jax._src.xla_bridge][INFO] - Unable to initialize backend 'tpu': UNIMPLEMENTED: LoadPjrtPlugin is not implemented on windows yet.
[2024-08-09 20:27:53,318][src.train.train_delayed_match][INFO] - Starting training...
[2024-08-09 20:27:53,318][src.train.train_delayed_match][INFO] - 	 Starting Epoch:1 
[2024-08-09 20:27:54,838][src.train.train_delayed_match][INFO] - train epoch 001 loss 0.7032 accuracy 48.44
[2024-08-09 20:27:55,972][src.train.train_delayed_match][INFO] - eval  epoch 001 loss 0.6899 accuracy 51.76
[2024-08-09 20:27:55,972][src.train.train_delayed_match][INFO] - 	 Starting Epoch:2 
[2024-08-09 20:27:56,468][src.train.train_delayed_match][INFO] - train epoch 002 loss 0.6820 accuracy 54.69
[2024-08-09 20:27:56,477][src.train.train_delayed_match][INFO] - 	 Starting Epoch:3 
[2024-08-09 20:27:56,955][src.train.train_delayed_match][INFO] - train epoch 003 loss 0.7164 accuracy 51.56
[2024-08-09 20:27:56,970][src.train.train_delayed_match][INFO] - 	 Starting Epoch:4 
[2024-08-09 20:27:57,457][src.train.train_delayed_match][INFO] - train epoch 004 loss 0.6788 accuracy 53.12
[2024-08-09 20:27:57,457][src.train.train_delayed_match][INFO] - 	 Starting Epoch:5 
[2024-08-09 20:27:57,943][src.train.train_delayed_match][INFO] - train epoch 005 loss 0.6815 accuracy 50.00
[2024-08-09 20:27:57,943][src.train.train_delayed_match][INFO] - 	 Starting Epoch:6 
[2024-08-09 20:27:58,446][src.train.train_delayed_match][INFO] - train epoch 006 loss 0.7083 accuracy 46.88
[2024-08-09 20:27:58,446][src.train.train_delayed_match][INFO] - 	 Starting Epoch:7 
[2024-08-09 20:27:58,941][src.train.train_delayed_match][INFO] - train epoch 007 loss 0.6805 accuracy 57.81
[2024-08-09 20:27:58,956][src.train.train_delayed_match][INFO] - 	 Starting Epoch:8 
[2024-08-09 20:27:59,497][src.train.train_delayed_match][INFO] - train epoch 008 loss 0.7319 accuracy 43.75
[2024-08-09 20:27:59,500][src.train.train_delayed_match][INFO] - 	 Starting Epoch:9 
[2024-08-09 20:28:00,058][src.train.train_delayed_match][INFO] - train epoch 009 loss 0.6874 accuracy 48.44
[2024-08-09 20:28:00,058][src.train.train_delayed_match][INFO] - 	 Starting Epoch:10 
[2024-08-09 20:28:00,609][src.train.train_delayed_match][INFO] - train epoch 010 loss 0.6984 accuracy 39.06
