[2024-07-22 15:16:17,952][src.train.train_cue_accumulation][INFO] - Starting training...
[2024-07-22 15:16:17,954][src.train.train_cue_accumulation][INFO] - 	 Starting Epoch:1 
[2024-07-22 15:16:20,568][src.train.train_cue_accumulation][INFO] - train epoch 001 loss 0.6971 accuracy 46.88
[2024-07-22 15:16:26,383][src.train.train_cue_accumulation][INFO] - eval  epoch 001 loss 0.7000 accuracy 50.39
[2024-07-22 15:16:26,384][src.train.train_cue_accumulation][INFO] - 	 Starting Epoch:2 
[2024-07-22 15:16:27,723][src.train.train_cue_accumulation][INFO] - train epoch 002 loss 0.6780 accuracy 60.94
[2024-07-22 15:16:27,752][src.train.train_cue_accumulation][INFO] - 	 Starting Epoch:3 
[2024-07-22 15:16:29,093][src.train.train_cue_accumulation][INFO] - train epoch 003 loss 0.6945 accuracy 59.38
[2024-07-22 15:16:29,094][src.train.train_cue_accumulation][INFO] - 	 Starting Epoch:4 
[2024-07-22 15:16:30,436][src.train.train_cue_accumulation][INFO] - train epoch 004 loss 0.6838 accuracy 60.94
[2024-07-22 15:16:30,437][src.train.train_cue_accumulation][INFO] - 	 Starting Epoch:5 
[2024-07-22 15:16:31,754][src.train.train_cue_accumulation][INFO] - train epoch 005 loss 0.6898 accuracy 50.00
[2024-07-22 15:16:31,754][src.train.train_cue_accumulation][INFO] - 	 Starting Epoch:6 
[2024-07-22 15:16:33,052][src.train.train_cue_accumulation][INFO] - train epoch 006 loss 0.7104 accuracy 45.31
[2024-07-22 15:16:33,053][src.train.train_cue_accumulation][INFO] - 	 Starting Epoch:7 
[2024-07-22 15:16:34,347][src.train.train_cue_accumulation][INFO] - train epoch 007 loss 0.7207 accuracy 45.31
[2024-07-22 15:16:34,358][src.train.train_cue_accumulation][INFO] - 	 Starting Epoch:8 
[2024-07-22 15:16:35,661][src.train.train_cue_accumulation][INFO] - train epoch 008 loss 0.7224 accuracy 46.88
[2024-07-22 15:16:35,664][src.train.train_cue_accumulation][INFO] - 	 Starting Epoch:9 
[2024-07-22 15:16:36,959][src.train.train_cue_accumulation][INFO] - train epoch 009 loss 0.6907 accuracy 46.88
[2024-07-22 15:16:36,959][src.train.train_cue_accumulation][INFO] - 	 Starting Epoch:10 
[2024-07-22 15:16:38,256][src.train.train_cue_accumulation][INFO] - train epoch 010 loss 0.6994 accuracy 53.12
[2024-07-22 15:16:38,256][src.train.train_cue_accumulation][INFO] - 	 Starting Epoch:11 
[2024-07-22 15:16:39,555][src.train.train_cue_accumulation][INFO] - train epoch 011 loss 0.6747 accuracy 56.25
[2024-07-22 15:16:39,556][src.train.train_cue_accumulation][INFO] - 	 Starting Epoch:12 
[2024-07-22 15:16:40,850][src.train.train_cue_accumulation][INFO] - train epoch 012 loss 0.7144 accuracy 43.75
[2024-07-22 15:16:40,868][src.train.train_cue_accumulation][INFO] - 	 Starting Epoch:13 
[2024-07-22 15:16:42,163][src.train.train_cue_accumulation][INFO] - train epoch 013 loss 0.6662 accuracy 64.06
[2024-07-22 15:16:42,163][src.train.train_cue_accumulation][INFO] - 	 Starting Epoch:14 
[2024-07-22 15:16:43,459][src.train.train_cue_accumulation][INFO] - train epoch 014 loss 0.7004 accuracy 45.31
[2024-07-22 15:16:43,459][src.train.train_cue_accumulation][INFO] - 	 Starting Epoch:15 
[2024-07-22 15:16:44,755][src.train.train_cue_accumulation][INFO] - train epoch 015 loss 0.7081 accuracy 40.62
[2024-07-22 15:16:44,758][src.train.train_cue_accumulation][INFO] - 	 Starting Epoch:16 
[2024-07-22 15:16:46,053][src.train.train_cue_accumulation][INFO] - train epoch 016 loss 0.6916 accuracy 56.25
[2024-07-22 15:16:46,054][src.train.train_cue_accumulation][INFO] - 	 Starting Epoch:17 
[2024-07-22 15:16:47,350][src.train.train_cue_accumulation][INFO] - train epoch 017 loss 0.6857 accuracy 51.56
[2024-07-22 15:16:47,540][src.train.train_cue_accumulation][INFO] - 	 Starting Epoch:18 
[2024-07-22 15:16:48,835][src.train.train_cue_accumulation][INFO] - train epoch 018 loss 0.7011 accuracy 48.44
[2024-07-22 15:16:48,836][src.train.train_cue_accumulation][INFO] - 	 Starting Epoch:19 
[2024-07-22 15:16:50,134][src.train.train_cue_accumulation][INFO] - train epoch 019 loss 0.6718 accuracy 56.25
[2024-07-22 15:16:50,135][src.train.train_cue_accumulation][INFO] - 	 Starting Epoch:20 
[2024-07-22 15:16:51,434][src.train.train_cue_accumulation][INFO] - train epoch 020 loss 0.7274 accuracy 42.19
[2024-07-22 15:16:51,435][src.train.train_cue_accumulation][INFO] - 	 Starting Epoch:21 
[2024-07-22 15:16:52,733][src.train.train_cue_accumulation][INFO] - train epoch 021 loss 0.6965 accuracy 59.38
[2024-07-22 15:16:52,734][src.train.train_cue_accumulation][INFO] - 	 Starting Epoch:22 
[2024-07-22 15:16:54,033][src.train.train_cue_accumulation][INFO] - train epoch 022 loss 0.6948 accuracy 51.56
[2024-07-22 15:16:54,126][src.train.train_cue_accumulation][INFO] - 	 Starting Epoch:23 
[2024-07-22 15:16:55,425][src.train.train_cue_accumulation][INFO] - train epoch 023 loss 0.6884 accuracy 54.69
[2024-07-22 15:16:55,426][src.train.train_cue_accumulation][INFO] - 	 Starting Epoch:24 
[2024-07-22 15:16:56,723][src.train.train_cue_accumulation][INFO] - train epoch 024 loss 0.6693 accuracy 68.75
[2024-07-22 15:16:56,724][src.train.train_cue_accumulation][INFO] - 	 Starting Epoch:25 
[2024-07-22 15:16:58,022][src.train.train_cue_accumulation][INFO] - train epoch 025 loss 0.7024 accuracy 45.31
[2024-07-22 15:16:58,023][src.train.train_cue_accumulation][INFO] - 	 Starting Epoch:26 
[2024-07-22 15:16:59,320][src.train.train_cue_accumulation][INFO] - train epoch 026 loss 0.7164 accuracy 40.62
[2024-07-22 15:17:04,699][src.train.train_cue_accumulation][INFO] - eval  epoch 026 loss 0.6915 accuracy 54.88
[2024-07-22 15:17:04,897][src.train.train_cue_accumulation][INFO] - 	 Starting Epoch:27 
[2024-07-22 15:17:06,240][src.train.train_cue_accumulation][INFO] - train epoch 027 loss 0.6865 accuracy 46.88
[2024-07-22 15:17:06,240][src.train.train_cue_accumulation][INFO] - 	 Starting Epoch:28 
[2024-07-22 15:17:07,582][src.train.train_cue_accumulation][INFO] - train epoch 028 loss 0.6888 accuracy 50.00
[2024-07-22 15:17:07,583][src.train.train_cue_accumulation][INFO] - 	 Starting Epoch:29 
[2024-07-22 15:17:08,926][src.train.train_cue_accumulation][INFO] - train epoch 029 loss 0.6911 accuracy 51.56
[2024-07-22 15:17:08,927][src.train.train_cue_accumulation][INFO] - 	 Starting Epoch:30 
[2024-07-22 15:17:10,273][src.train.train_cue_accumulation][INFO] - train epoch 030 loss 0.6734 accuracy 57.81
[2024-07-22 15:17:10,274][src.train.train_cue_accumulation][INFO] - 	 Starting Epoch:31 
[2024-07-22 15:17:11,620][src.train.train_cue_accumulation][INFO] - train epoch 031 loss 0.6901 accuracy 48.44
[2024-07-22 15:17:11,746][src.train.train_cue_accumulation][INFO] - 	 Starting Epoch:32 
[2024-07-22 15:17:13,091][src.train.train_cue_accumulation][INFO] - train epoch 032 loss 0.6728 accuracy 57.81
[2024-07-22 15:17:13,092][src.train.train_cue_accumulation][INFO] - 	 Starting Epoch:33 
[2024-07-22 15:17:14,440][src.train.train_cue_accumulation][INFO] - train epoch 033 loss 0.6917 accuracy 57.81
[2024-07-22 15:17:14,444][src.train.train_cue_accumulation][INFO] - 	 Starting Epoch:34 
[2024-07-22 15:17:15,787][src.train.train_cue_accumulation][INFO] - train epoch 034 loss 0.6732 accuracy 64.06
[2024-07-22 15:17:15,787][src.train.train_cue_accumulation][INFO] - 	 Starting Epoch:35 
[2024-07-22 15:17:17,132][src.train.train_cue_accumulation][INFO] - train epoch 035 loss 0.6765 accuracy 50.00
[2024-07-22 15:17:17,133][src.train.train_cue_accumulation][INFO] - 	 Starting Epoch:36 
[2024-07-22 15:17:18,477][src.train.train_cue_accumulation][INFO] - train epoch 036 loss 0.6538 accuracy 67.19
[2024-07-22 15:17:18,563][src.train.train_cue_accumulation][INFO] - 	 Starting Epoch:37 
[2024-07-22 15:17:19,909][src.train.train_cue_accumulation][INFO] - train epoch 037 loss 0.6411 accuracy 67.19
[2024-07-22 15:17:19,910][src.train.train_cue_accumulation][INFO] - 	 Starting Epoch:38 
[2024-07-22 15:17:21,254][src.train.train_cue_accumulation][INFO] - train epoch 038 loss 0.6632 accuracy 64.06
[2024-07-22 15:17:21,254][src.train.train_cue_accumulation][INFO] - 	 Starting Epoch:39 
[2024-07-22 15:17:22,599][src.train.train_cue_accumulation][INFO] - train epoch 039 loss 0.5989 accuracy 78.12
[2024-07-22 15:17:22,600][src.train.train_cue_accumulation][INFO] - 	 Starting Epoch:40 
[2024-07-22 15:17:23,948][src.train.train_cue_accumulation][INFO] - train epoch 040 loss 0.6164 accuracy 71.88
[2024-07-22 15:17:23,951][src.train.train_cue_accumulation][INFO] - 	 Starting Epoch:41 
[2024-07-22 15:17:25,296][src.train.train_cue_accumulation][INFO] - train epoch 041 loss 0.6369 accuracy 70.31
[2024-07-22 15:17:25,381][src.train.train_cue_accumulation][INFO] - 	 Starting Epoch:42 
[2024-07-22 15:17:26,730][src.train.train_cue_accumulation][INFO] - train epoch 042 loss 0.5787 accuracy 76.56
[2024-07-22 15:17:26,731][src.train.train_cue_accumulation][INFO] - 	 Starting Epoch:43 
[2024-07-22 15:17:28,079][src.train.train_cue_accumulation][INFO] - train epoch 043 loss 0.5429 accuracy 79.69
[2024-07-22 15:17:28,079][src.train.train_cue_accumulation][INFO] - 	 Starting Epoch:44 
[2024-07-22 15:17:29,428][src.train.train_cue_accumulation][INFO] - train epoch 044 loss 0.5325 accuracy 78.12
[2024-07-22 15:17:29,429][src.train.train_cue_accumulation][INFO] - 	 Starting Epoch:45 
[2024-07-22 15:17:30,777][src.train.train_cue_accumulation][INFO] - train epoch 045 loss 0.5532 accuracy 85.94
[2024-07-22 15:17:30,778][src.train.train_cue_accumulation][INFO] - 	 Starting Epoch:46 
[2024-07-22 15:17:32,087][src.train.train_cue_accumulation][INFO] - train epoch 046 loss 0.5294 accuracy 71.88
[2024-07-22 15:17:32,175][src.train.train_cue_accumulation][INFO] - 	 Starting Epoch:47 
[2024-07-22 15:17:33,476][src.train.train_cue_accumulation][INFO] - train epoch 047 loss 0.4644 accuracy 82.81
[2024-07-22 15:17:33,479][src.train.train_cue_accumulation][INFO] - 	 Starting Epoch:48 
[2024-07-22 15:17:34,773][src.train.train_cue_accumulation][INFO] - train epoch 048 loss 0.5157 accuracy 76.56
[2024-07-22 15:17:34,774][src.train.train_cue_accumulation][INFO] - 	 Starting Epoch:49 
[2024-07-22 15:17:36,070][src.train.train_cue_accumulation][INFO] - train epoch 049 loss 0.4974 accuracy 82.81
[2024-07-22 15:17:36,071][src.train.train_cue_accumulation][INFO] - 	 Starting Epoch:50 
[2024-07-22 15:17:37,366][src.train.train_cue_accumulation][INFO] - train epoch 050 loss 0.4466 accuracy 87.50
[2024-07-22 15:17:37,366][src.train.train_cue_accumulation][INFO] - 	 Starting Epoch:51 
[2024-07-22 15:17:38,663][src.train.train_cue_accumulation][INFO] - train epoch 051 loss 0.4852 accuracy 84.38
[2024-07-22 15:17:43,981][src.train.train_cue_accumulation][INFO] - eval  epoch 051 loss 0.4258 accuracy 83.98
[2024-07-22 15:17:43,984][src.train.train_cue_accumulation][INFO] - 	 Starting Epoch:52 
[2024-07-22 15:17:45,282][src.train.train_cue_accumulation][INFO] - train epoch 052 loss 0.4154 accuracy 82.81
[2024-07-22 15:17:45,283][src.train.train_cue_accumulation][INFO] - 	 Starting Epoch:53 
[2024-07-22 15:17:46,580][src.train.train_cue_accumulation][INFO] - train epoch 053 loss 0.3779 accuracy 89.06
[2024-07-22 15:17:46,581][src.train.train_cue_accumulation][INFO] - 	 Starting Epoch:54 
[2024-07-22 15:17:47,878][src.train.train_cue_accumulation][INFO] - train epoch 054 loss 0.3133 accuracy 90.62
[2024-07-22 15:17:47,878][src.train.train_cue_accumulation][INFO] - 	 Starting Epoch:55 
[2024-07-22 15:17:49,177][src.train.train_cue_accumulation][INFO] - train epoch 055 loss 0.3257 accuracy 89.06
[2024-07-22 15:17:49,177][src.train.train_cue_accumulation][INFO] - 	 Starting Epoch:56 
[2024-07-22 15:17:50,472][src.train.train_cue_accumulation][INFO] - train epoch 056 loss 0.3102 accuracy 89.06
[2024-07-22 15:17:50,554][src.train.train_cue_accumulation][INFO] - 	 Starting Epoch:57 
[2024-07-22 15:17:51,853][src.train.train_cue_accumulation][INFO] - train epoch 057 loss 0.2890 accuracy 90.62
[2024-07-22 15:17:51,854][src.train.train_cue_accumulation][INFO] - 	 Starting Epoch:58 
[2024-07-22 15:17:53,155][src.train.train_cue_accumulation][INFO] - train epoch 058 loss 0.2836 accuracy 87.50
[2024-07-22 15:17:53,159][src.train.train_cue_accumulation][INFO] - 	 Starting Epoch:59 
[2024-07-22 15:17:54,457][src.train.train_cue_accumulation][INFO] - train epoch 059 loss 0.2150 accuracy 87.50
[2024-07-22 15:17:54,457][src.train.train_cue_accumulation][INFO] - 	 Starting Epoch:60 
[2024-07-22 15:17:55,752][src.train.train_cue_accumulation][INFO] - train epoch 060 loss 0.3549 accuracy 89.06
[2024-07-22 15:17:55,752][src.train.train_cue_accumulation][INFO] - 	 Starting Epoch:61 
[2024-07-22 15:17:57,051][src.train.train_cue_accumulation][INFO] - train epoch 061 loss 0.3534 accuracy 85.94
[2024-07-22 15:17:57,152][src.train.train_cue_accumulation][INFO] - 	 Starting Epoch:62 
[2024-07-22 15:17:58,451][src.train.train_cue_accumulation][INFO] - train epoch 062 loss 0.2691 accuracy 89.06
[2024-07-22 15:17:58,452][src.train.train_cue_accumulation][INFO] - 	 Starting Epoch:63 
[2024-07-22 15:17:59,747][src.train.train_cue_accumulation][INFO] - train epoch 063 loss 0.2904 accuracy 90.62
[2024-07-22 15:17:59,747][src.train.train_cue_accumulation][INFO] - 	 Starting Epoch:64 
[2024-07-22 15:18:01,045][src.train.train_cue_accumulation][INFO] - train epoch 064 loss 0.2713 accuracy 85.94
[2024-07-22 15:18:01,046][src.train.train_cue_accumulation][INFO] - 	 Starting Epoch:65 
[2024-07-22 15:18:02,366][src.train.train_cue_accumulation][INFO] - train epoch 065 loss 0.1475 accuracy 95.31
[2024-07-22 15:18:02,370][src.train.train_cue_accumulation][INFO] - 	 Starting Epoch:66 
[2024-07-22 15:18:03,717][src.train.train_cue_accumulation][INFO] - train epoch 066 loss 0.2084 accuracy 92.19
[2024-07-22 15:18:03,729][src.train.train_cue_accumulation][INFO] - 	 Starting Epoch:67 
[2024-07-22 15:18:05,078][src.train.train_cue_accumulation][INFO] - train epoch 067 loss 0.2009 accuracy 92.19
[2024-07-22 15:18:05,079][src.train.train_cue_accumulation][INFO] - 	 Starting Epoch:68 
[2024-07-22 15:18:06,426][src.train.train_cue_accumulation][INFO] - train epoch 068 loss 0.1754 accuracy 92.19
[2024-07-22 15:18:06,427][src.train.train_cue_accumulation][INFO] - 	 Starting Epoch:69 
[2024-07-22 15:18:07,776][src.train.train_cue_accumulation][INFO] - train epoch 069 loss 0.1710 accuracy 92.19
[2024-07-22 15:18:07,777][src.train.train_cue_accumulation][INFO] - 	 Starting Epoch:70 
[2024-07-22 15:18:09,125][src.train.train_cue_accumulation][INFO] - train epoch 070 loss 0.1740 accuracy 93.75
[2024-07-22 15:18:09,125][src.train.train_cue_accumulation][INFO] - 	 Starting Epoch:71 
[2024-07-22 15:18:10,471][src.train.train_cue_accumulation][INFO] - train epoch 071 loss 0.1593 accuracy 95.31
[2024-07-22 15:18:10,480][src.train.train_cue_accumulation][INFO] - 	 Starting Epoch:72 
[2024-07-22 15:18:11,830][src.train.train_cue_accumulation][INFO] - train epoch 072 loss 0.4048 accuracy 85.94
[2024-07-22 15:18:11,833][src.train.train_cue_accumulation][INFO] - 	 Starting Epoch:73 
[2024-07-22 15:18:13,179][src.train.train_cue_accumulation][INFO] - train epoch 073 loss 0.1425 accuracy 92.19
[2024-07-22 15:18:13,180][src.train.train_cue_accumulation][INFO] - 	 Starting Epoch:74 
[2024-07-22 15:18:14,527][src.train.train_cue_accumulation][INFO] - train epoch 074 loss 0.1623 accuracy 93.75
[2024-07-22 15:18:14,527][src.train.train_cue_accumulation][INFO] - 	 Starting Epoch:75 
[2024-07-22 15:18:15,875][src.train.train_cue_accumulation][INFO] - train epoch 075 loss 0.0930 accuracy 98.44
[2024-07-22 15:18:15,875][src.train.train_cue_accumulation][INFO] - 	 Starting Epoch:76 
[2024-07-22 15:18:17,223][src.train.train_cue_accumulation][INFO] - train epoch 076 loss 0.2140 accuracy 92.19
[2024-07-22 15:18:22,830][src.train.train_cue_accumulation][INFO] - eval  epoch 076 loss 0.1742 accuracy 94.53
[2024-07-22 15:18:22,834][src.train.train_cue_accumulation][INFO] - 	 Starting Epoch:77 
[2024-07-22 15:18:24,179][src.train.train_cue_accumulation][INFO] - train epoch 077 loss 0.0999 accuracy 96.88
[2024-07-22 15:18:24,179][src.train.train_cue_accumulation][INFO] - 	 Starting Epoch:78 
[2024-07-22 15:18:25,527][src.train.train_cue_accumulation][INFO] - train epoch 078 loss 0.1246 accuracy 93.75
[2024-07-22 15:18:25,527][src.train.train_cue_accumulation][INFO] - 	 Starting Epoch:79 
[2024-07-22 15:18:26,873][src.train.train_cue_accumulation][INFO] - train epoch 079 loss 0.2569 accuracy 96.88
[2024-07-22 15:18:26,873][src.train.train_cue_accumulation][INFO] - 	 Starting Epoch:80 
[2024-07-22 15:18:28,223][src.train.train_cue_accumulation][INFO] - train epoch 080 loss 0.1645 accuracy 95.31
[2024-07-22 15:18:28,223][src.train.train_cue_accumulation][INFO] - 	 Starting Epoch:81 
[2024-07-22 15:18:29,572][src.train.train_cue_accumulation][INFO] - train epoch 081 loss 0.1698 accuracy 96.88
[2024-07-22 15:18:29,651][src.train.train_cue_accumulation][INFO] - 	 Starting Epoch:82 
[2024-07-22 15:18:31,002][src.train.train_cue_accumulation][INFO] - train epoch 082 loss 0.0969 accuracy 96.88
[2024-07-22 15:18:31,002][src.train.train_cue_accumulation][INFO] - 	 Starting Epoch:83 
[2024-07-22 15:18:32,309][src.train.train_cue_accumulation][INFO] - train epoch 083 loss 0.1774 accuracy 95.31
[2024-07-22 15:18:32,312][src.train.train_cue_accumulation][INFO] - 	 Starting Epoch:84 
[2024-07-22 15:18:33,612][src.train.train_cue_accumulation][INFO] - train epoch 084 loss 0.3179 accuracy 93.75
[2024-07-22 15:18:33,613][src.train.train_cue_accumulation][INFO] - 	 Starting Epoch:85 
[2024-07-22 15:18:34,910][src.train.train_cue_accumulation][INFO] - train epoch 085 loss 0.3276 accuracy 89.06
[2024-07-22 15:18:34,911][src.train.train_cue_accumulation][INFO] - 	 Starting Epoch:86 
[2024-07-22 15:18:36,210][src.train.train_cue_accumulation][INFO] - train epoch 086 loss 0.1877 accuracy 93.75
[2024-07-22 15:18:36,292][src.train.train_cue_accumulation][INFO] - 	 Starting Epoch:87 
[2024-07-22 15:18:37,592][src.train.train_cue_accumulation][INFO] - train epoch 087 loss 0.1553 accuracy 93.75
[2024-07-22 15:18:37,593][src.train.train_cue_accumulation][INFO] - 	 Starting Epoch:88 
[2024-07-22 15:18:38,890][src.train.train_cue_accumulation][INFO] - train epoch 088 loss 0.1829 accuracy 92.19
[2024-07-22 15:18:38,891][src.train.train_cue_accumulation][INFO] - 	 Starting Epoch:89 
[2024-07-22 15:18:40,186][src.train.train_cue_accumulation][INFO] - train epoch 089 loss 0.1341 accuracy 95.31
[2024-07-22 15:18:40,188][src.train.train_cue_accumulation][INFO] - 	 Starting Epoch:90 
[2024-07-22 15:18:41,488][src.train.train_cue_accumulation][INFO] - train epoch 090 loss 0.0809 accuracy 96.88
[2024-07-22 15:18:41,491][src.train.train_cue_accumulation][INFO] - 	 Starting Epoch:91 
[2024-07-22 15:18:42,787][src.train.train_cue_accumulation][INFO] - train epoch 091 loss 0.0630 accuracy 96.88
[2024-07-22 15:18:42,894][src.train.train_cue_accumulation][INFO] - 	 Starting Epoch:92 
[2024-07-22 15:18:44,190][src.train.train_cue_accumulation][INFO] - train epoch 092 loss 0.1511 accuracy 96.88
[2024-07-22 15:18:44,191][src.train.train_cue_accumulation][INFO] - 	 Starting Epoch:93 
[2024-07-22 15:18:45,488][src.train.train_cue_accumulation][INFO] - train epoch 093 loss 0.3564 accuracy 89.06
[2024-07-22 15:18:45,489][src.train.train_cue_accumulation][INFO] - 	 Starting Epoch:94 
[2024-07-22 15:18:46,785][src.train.train_cue_accumulation][INFO] - train epoch 094 loss 0.1984 accuracy 95.31
[2024-07-22 15:18:46,786][src.train.train_cue_accumulation][INFO] - 	 Starting Epoch:95 
[2024-07-22 15:18:48,084][src.train.train_cue_accumulation][INFO] - train epoch 095 loss 0.1146 accuracy 93.75
[2024-07-22 15:18:48,085][src.train.train_cue_accumulation][INFO] - 	 Starting Epoch:96 
[2024-07-22 15:18:49,385][src.train.train_cue_accumulation][INFO] - train epoch 096 loss 0.1201 accuracy 95.31
[2024-07-22 15:18:49,486][src.train.train_cue_accumulation][INFO] - 	 Starting Epoch:97 
[2024-07-22 15:18:50,787][src.train.train_cue_accumulation][INFO] - train epoch 097 loss 0.1759 accuracy 95.31
[2024-07-22 15:18:50,790][src.train.train_cue_accumulation][INFO] - 	 Starting Epoch:98 
[2024-07-22 15:18:52,083][src.train.train_cue_accumulation][INFO] - train epoch 098 loss 0.1078 accuracy 96.88
[2024-07-22 15:18:52,084][src.train.train_cue_accumulation][INFO] - 	 Starting Epoch:99 
[2024-07-22 15:18:53,382][src.train.train_cue_accumulation][INFO] - train epoch 099 loss 0.0928 accuracy 96.88
[2024-07-22 15:18:53,383][src.train.train_cue_accumulation][INFO] - 	 Starting Epoch:100 
[2024-07-22 15:18:54,680][src.train.train_cue_accumulation][INFO] - train epoch 100 loss 0.0414 accuracy 98.44
[2024-07-22 15:18:54,680][src.train.train_cue_accumulation][INFO] - 	 Starting Epoch:101 
[2024-07-22 15:18:55,979][src.train.train_cue_accumulation][INFO] - train epoch 101 loss 0.0343 accuracy 100.00
[2024-07-22 15:19:01,321][src.train.train_cue_accumulation][INFO] - eval  epoch 101 loss 0.1947 accuracy 92.97
[2024-07-22 15:19:01,325][src.train.train_cue_accumulation][INFO] - 	 Starting Epoch:102 
[2024-07-22 15:19:02,655][src.train.train_cue_accumulation][INFO] - train epoch 102 loss 0.0745 accuracy 96.88
[2024-07-22 15:19:02,655][src.train.train_cue_accumulation][INFO] - 	 Starting Epoch:103 
[2024-07-22 15:19:04,001][src.train.train_cue_accumulation][INFO] - train epoch 103 loss 0.1485 accuracy 93.75
[2024-07-22 15:19:04,002][src.train.train_cue_accumulation][INFO] - 	 Starting Epoch:104 
[2024-07-22 15:19:05,349][src.train.train_cue_accumulation][INFO] - train epoch 104 loss 0.0351 accuracy 100.00
[2024-07-22 15:19:05,349][src.train.train_cue_accumulation][INFO] - 	 Starting Epoch:105 
[2024-07-22 15:19:06,695][src.train.train_cue_accumulation][INFO] - train epoch 105 loss 0.3162 accuracy 93.75
[2024-07-22 15:19:06,696][src.train.train_cue_accumulation][INFO] - 	 Starting Epoch:106 
[2024-07-22 15:19:08,046][src.train.train_cue_accumulation][INFO] - train epoch 106 loss 0.1172 accuracy 95.31
[2024-07-22 15:19:08,130][src.train.train_cue_accumulation][INFO] - 	 Starting Epoch:107 
[2024-07-22 15:19:09,481][src.train.train_cue_accumulation][INFO] - train epoch 107 loss 0.0924 accuracy 95.31
[2024-07-22 15:19:09,481][src.train.train_cue_accumulation][INFO] - 	 Starting Epoch:108 
[2024-07-22 15:19:10,832][src.train.train_cue_accumulation][INFO] - train epoch 108 loss 0.1467 accuracy 93.75
[2024-07-22 15:19:10,835][src.train.train_cue_accumulation][INFO] - 	 Starting Epoch:109 
[2024-07-22 15:19:12,183][src.train.train_cue_accumulation][INFO] - train epoch 109 loss 0.2011 accuracy 95.31
[2024-07-22 15:19:12,183][src.train.train_cue_accumulation][INFO] - 	 Starting Epoch:110 
[2024-07-22 15:19:13,532][src.train.train_cue_accumulation][INFO] - train epoch 110 loss 0.2050 accuracy 90.62
[2024-07-22 15:19:13,532][src.train.train_cue_accumulation][INFO] - 	 Starting Epoch:111 
[2024-07-22 15:19:14,880][src.train.train_cue_accumulation][INFO] - train epoch 111 loss 0.1763 accuracy 93.75
[2024-07-22 15:19:14,979][src.train.train_cue_accumulation][INFO] - 	 Starting Epoch:112 
[2024-07-22 15:19:16,329][src.train.train_cue_accumulation][INFO] - train epoch 112 loss 0.1220 accuracy 95.31
[2024-07-22 15:19:16,329][src.train.train_cue_accumulation][INFO] - 	 Starting Epoch:113 
[2024-07-22 15:19:17,679][src.train.train_cue_accumulation][INFO] - train epoch 113 loss 0.1010 accuracy 96.88
[2024-07-22 15:19:17,680][src.train.train_cue_accumulation][INFO] - 	 Starting Epoch:114 
[2024-07-22 15:19:19,030][src.train.train_cue_accumulation][INFO] - train epoch 114 loss 0.1920 accuracy 93.75
[2024-07-22 15:19:19,030][src.train.train_cue_accumulation][INFO] - 	 Starting Epoch:115 
[2024-07-22 15:19:20,381][src.train.train_cue_accumulation][INFO] - train epoch 115 loss 0.3925 accuracy 90.62
[2024-07-22 15:19:20,385][src.train.train_cue_accumulation][INFO] - 	 Starting Epoch:116 
[2024-07-22 15:19:21,729][src.train.train_cue_accumulation][INFO] - train epoch 116 loss 0.1624 accuracy 93.75
[2024-07-22 15:19:21,810][src.train.train_cue_accumulation][INFO] - 	 Starting Epoch:117 
[2024-07-22 15:19:23,161][src.train.train_cue_accumulation][INFO] - train epoch 117 loss 0.1276 accuracy 95.31
[2024-07-22 15:19:23,161][src.train.train_cue_accumulation][INFO] - 	 Starting Epoch:118 
[2024-07-22 15:19:24,508][src.train.train_cue_accumulation][INFO] - train epoch 118 loss 0.1480 accuracy 92.19
[2024-07-22 15:19:24,509][src.train.train_cue_accumulation][INFO] - 	 Starting Epoch:119 
[2024-07-22 15:19:25,860][src.train.train_cue_accumulation][INFO] - train epoch 119 loss 0.1418 accuracy 93.75
[2024-07-22 15:19:25,860][src.train.train_cue_accumulation][INFO] - 	 Starting Epoch:120 
[2024-07-22 15:19:27,211][src.train.train_cue_accumulation][INFO] - train epoch 120 loss 0.1111 accuracy 96.88
[2024-07-22 15:19:27,212][src.train.train_cue_accumulation][INFO] - 	 Starting Epoch:121 
[2024-07-22 15:19:28,562][src.train.train_cue_accumulation][INFO] - train epoch 121 loss 0.0486 accuracy 96.88
[2024-07-22 15:19:28,667][src.train.train_cue_accumulation][INFO] - 	 Starting Epoch:122 
[2024-07-22 15:19:30,018][src.train.train_cue_accumulation][INFO] - train epoch 122 loss 0.1743 accuracy 93.75
[2024-07-22 15:19:30,022][src.train.train_cue_accumulation][INFO] - 	 Starting Epoch:123 
[2024-07-22 15:19:31,363][src.train.train_cue_accumulation][INFO] - train epoch 123 loss 0.1607 accuracy 96.88
[2024-07-22 15:19:31,363][src.train.train_cue_accumulation][INFO] - 	 Starting Epoch:124 
[2024-07-22 15:19:32,662][src.train.train_cue_accumulation][INFO] - train epoch 124 loss 0.0846 accuracy 95.31
[2024-07-22 15:19:32,662][src.train.train_cue_accumulation][INFO] - 	 Starting Epoch:125 
[2024-07-22 15:19:33,962][src.train.train_cue_accumulation][INFO] - train epoch 125 loss 0.1181 accuracy 96.88
[2024-07-22 15:19:33,963][src.train.train_cue_accumulation][INFO] - 	 Starting Epoch:126 
[2024-07-22 15:19:35,264][src.train.train_cue_accumulation][INFO] - train epoch 126 loss 0.1933 accuracy 92.19
[2024-07-22 15:19:40,499][src.train.train_cue_accumulation][INFO] - eval  epoch 126 loss 0.2333 accuracy 93.36
[2024-07-22 15:19:40,503][src.train.train_cue_accumulation][INFO] - 	 Starting Epoch:127 
[2024-07-22 15:19:41,795][src.train.train_cue_accumulation][INFO] - train epoch 127 loss 0.1464 accuracy 95.31
[2024-07-22 15:19:41,796][src.train.train_cue_accumulation][INFO] - 	 Starting Epoch:128 
[2024-07-22 15:19:43,091][src.train.train_cue_accumulation][INFO] - train epoch 128 loss 0.3315 accuracy 84.38
[2024-07-22 15:19:43,092][src.train.train_cue_accumulation][INFO] - 	 Starting Epoch:129 
[2024-07-22 15:19:44,389][src.train.train_cue_accumulation][INFO] - train epoch 129 loss 0.2845 accuracy 90.62
[2024-07-22 15:19:44,389][src.train.train_cue_accumulation][INFO] - 	 Starting Epoch:130 
[2024-07-22 15:19:45,689][src.train.train_cue_accumulation][INFO] - train epoch 130 loss 0.3852 accuracy 84.38
[2024-07-22 15:19:45,689][src.train.train_cue_accumulation][INFO] - 	 Starting Epoch:131 
[2024-07-22 15:19:46,987][src.train.train_cue_accumulation][INFO] - train epoch 131 loss 0.1103 accuracy 96.88
[2024-07-22 15:19:46,996][src.train.train_cue_accumulation][INFO] - 	 Starting Epoch:132 
[2024-07-22 15:19:48,297][src.train.train_cue_accumulation][INFO] - train epoch 132 loss 0.1432 accuracy 93.75
[2024-07-22 15:19:48,298][src.train.train_cue_accumulation][INFO] - 	 Starting Epoch:133 
[2024-07-22 15:19:49,599][src.train.train_cue_accumulation][INFO] - train epoch 133 loss 0.0696 accuracy 98.44
[2024-07-22 15:19:49,603][src.train.train_cue_accumulation][INFO] - 	 Starting Epoch:134 
[2024-07-22 15:19:50,900][src.train.train_cue_accumulation][INFO] - train epoch 134 loss 0.1319 accuracy 92.19
[2024-07-22 15:19:50,900][src.train.train_cue_accumulation][INFO] - 	 Starting Epoch:135 
[2024-07-22 15:19:52,198][src.train.train_cue_accumulation][INFO] - train epoch 135 loss 0.1654 accuracy 93.75
[2024-07-22 15:19:52,199][src.train.train_cue_accumulation][INFO] - 	 Starting Epoch:136 
[2024-07-22 15:19:53,499][src.train.train_cue_accumulation][INFO] - train epoch 136 loss 0.1479 accuracy 93.75
[2024-07-22 15:19:53,509][src.train.train_cue_accumulation][INFO] - 	 Starting Epoch:137 
[2024-07-22 15:19:54,809][src.train.train_cue_accumulation][INFO] - train epoch 137 loss 0.0737 accuracy 98.44
[2024-07-22 15:19:54,810][src.train.train_cue_accumulation][INFO] - 	 Starting Epoch:138 
[2024-07-22 15:19:56,109][src.train.train_cue_accumulation][INFO] - train epoch 138 loss 0.1029 accuracy 95.31
[2024-07-22 15:19:56,110][src.train.train_cue_accumulation][INFO] - 	 Starting Epoch:139 
[2024-07-22 15:19:57,410][src.train.train_cue_accumulation][INFO] - train epoch 139 loss 0.2482 accuracy 90.62
[2024-07-22 15:19:57,411][src.train.train_cue_accumulation][INFO] - 	 Starting Epoch:140 
[2024-07-22 15:19:58,712][src.train.train_cue_accumulation][INFO] - train epoch 140 loss 0.1627 accuracy 93.75
[2024-07-22 15:19:58,715][src.train.train_cue_accumulation][INFO] - 	 Starting Epoch:141 
[2024-07-22 15:20:00,014][src.train.train_cue_accumulation][INFO] - train epoch 141 loss 0.1140 accuracy 95.31
[2024-07-22 15:20:00,024][src.train.train_cue_accumulation][INFO] - 	 Starting Epoch:142 
[2024-07-22 15:20:01,324][src.train.train_cue_accumulation][INFO] - train epoch 142 loss 0.1495 accuracy 95.31
[2024-07-22 15:20:01,325][src.train.train_cue_accumulation][INFO] - 	 Starting Epoch:143 
[2024-07-22 15:20:02,654][src.train.train_cue_accumulation][INFO] - train epoch 143 loss 0.1758 accuracy 92.19
[2024-07-22 15:20:02,654][src.train.train_cue_accumulation][INFO] - 	 Starting Epoch:144 
[2024-07-22 15:20:04,005][src.train.train_cue_accumulation][INFO] - train epoch 144 loss 0.1411 accuracy 92.19
[2024-07-22 15:20:04,006][src.train.train_cue_accumulation][INFO] - 	 Starting Epoch:145 
[2024-07-22 15:20:05,353][src.train.train_cue_accumulation][INFO] - train epoch 145 loss 0.1931 accuracy 96.88
[2024-07-22 15:20:05,354][src.train.train_cue_accumulation][INFO] - 	 Starting Epoch:146 
[2024-07-22 15:20:06,701][src.train.train_cue_accumulation][INFO] - train epoch 146 loss 0.2223 accuracy 95.31
[2024-07-22 15:20:06,712][src.train.train_cue_accumulation][INFO] - 	 Starting Epoch:147 
[2024-07-22 15:20:08,063][src.train.train_cue_accumulation][INFO] - train epoch 147 loss 0.1431 accuracy 93.75
[2024-07-22 15:20:08,067][src.train.train_cue_accumulation][INFO] - 	 Starting Epoch:148 
[2024-07-22 15:20:09,413][src.train.train_cue_accumulation][INFO] - train epoch 148 loss 0.2318 accuracy 92.19
[2024-07-22 15:20:09,414][src.train.train_cue_accumulation][INFO] - 	 Starting Epoch:149 
[2024-07-22 15:20:10,759][src.train.train_cue_accumulation][INFO] - train epoch 149 loss 0.1794 accuracy 93.75
[2024-07-22 15:20:10,760][src.train.train_cue_accumulation][INFO] - 	 Starting Epoch:150 
[2024-07-22 15:20:12,107][src.train.train_cue_accumulation][INFO] - train epoch 150 loss 0.1370 accuracy 93.75
[2024-07-22 15:20:12,108][src.train.train_cue_accumulation][INFO] - 	 Starting Epoch:151 
[2024-07-22 15:20:13,457][src.train.train_cue_accumulation][INFO] - train epoch 151 loss 0.1505 accuracy 95.31
[2024-07-22 15:20:19,068][src.train.train_cue_accumulation][INFO] - eval  epoch 151 loss 0.1414 accuracy 95.90
[2024-07-22 15:20:25,201][src.train.train_cue_accumulation][INFO] - eval  epoch 151 loss 0.1187 accuracy 95.70
[2024-07-22 15:20:31,396][src.train.train_cue_accumulation][INFO] - eval  epoch 151 loss 0.1233 accuracy 94.73
[2024-07-22 15:20:31,401][src.train.train_cue_accumulation][INFO] - 	 Starting Epoch:152 
[2024-07-22 15:20:32,701][src.train.train_cue_accumulation][INFO] - train epoch 152 loss 0.2202 accuracy 93.75
[2024-07-22 15:20:32,701][src.train.train_cue_accumulation][INFO] - 	 Starting Epoch:153 
[2024-07-22 15:20:34,003][src.train.train_cue_accumulation][INFO] - train epoch 153 loss 0.1267 accuracy 93.75
[2024-07-22 15:20:34,004][src.train.train_cue_accumulation][INFO] - 	 Starting Epoch:154 
[2024-07-22 15:20:35,303][src.train.train_cue_accumulation][INFO] - train epoch 154 loss 0.1289 accuracy 93.75
[2024-07-22 15:20:35,304][src.train.train_cue_accumulation][INFO] - 	 Starting Epoch:155 
[2024-07-22 15:20:36,603][src.train.train_cue_accumulation][INFO] - train epoch 155 loss 0.2202 accuracy 92.19
[2024-07-22 15:20:36,604][src.train.train_cue_accumulation][INFO] - 	 Starting Epoch:156 
[2024-07-22 15:20:37,905][src.train.train_cue_accumulation][INFO] - train epoch 156 loss 0.1687 accuracy 95.31
[2024-07-22 15:20:37,991][src.train.train_cue_accumulation][INFO] - 	 Starting Epoch:157 
[2024-07-22 15:20:39,295][src.train.train_cue_accumulation][INFO] - train epoch 157 loss 0.0988 accuracy 96.88
[2024-07-22 15:20:39,296][src.train.train_cue_accumulation][INFO] - 	 Starting Epoch:158 
[2024-07-22 15:20:40,597][src.train.train_cue_accumulation][INFO] - train epoch 158 loss 0.2117 accuracy 93.75
[2024-07-22 15:20:40,600][src.train.train_cue_accumulation][INFO] - 	 Starting Epoch:159 
[2024-07-22 15:20:41,895][src.train.train_cue_accumulation][INFO] - train epoch 159 loss 0.1465 accuracy 93.75
[2024-07-22 15:20:41,896][src.train.train_cue_accumulation][INFO] - 	 Starting Epoch:160 
[2024-07-22 15:20:43,193][src.train.train_cue_accumulation][INFO] - train epoch 160 loss 0.0452 accuracy 100.00
[2024-07-22 15:20:43,193][src.train.train_cue_accumulation][INFO] - 	 Starting Epoch:161 
[2024-07-22 15:20:44,490][src.train.train_cue_accumulation][INFO] - train epoch 161 loss 0.1676 accuracy 95.31
[2024-07-22 15:20:44,589][src.train.train_cue_accumulation][INFO] - 	 Starting Epoch:162 
[2024-07-22 15:20:45,890][src.train.train_cue_accumulation][INFO] - train epoch 162 loss 0.0866 accuracy 96.88
[2024-07-22 15:20:45,891][src.train.train_cue_accumulation][INFO] - 	 Starting Epoch:163 
[2024-07-22 15:20:47,189][src.train.train_cue_accumulation][INFO] - train epoch 163 loss 0.0473 accuracy 98.44
[2024-07-22 15:20:47,190][src.train.train_cue_accumulation][INFO] - 	 Starting Epoch:164 
[2024-07-22 15:20:48,487][src.train.train_cue_accumulation][INFO] - train epoch 164 loss 0.1290 accuracy 95.31
[2024-07-22 15:20:48,487][src.train.train_cue_accumulation][INFO] - 	 Starting Epoch:165 
[2024-07-22 15:20:49,788][src.train.train_cue_accumulation][INFO] - train epoch 165 loss 0.2521 accuracy 93.75
[2024-07-22 15:20:49,792][src.train.train_cue_accumulation][INFO] - 	 Starting Epoch:166 
[2024-07-22 15:20:51,085][src.train.train_cue_accumulation][INFO] - train epoch 166 loss 0.0584 accuracy 98.44
[2024-07-22 15:20:51,171][src.train.train_cue_accumulation][INFO] - 	 Starting Epoch:167 
[2024-07-22 15:20:52,470][src.train.train_cue_accumulation][INFO] - train epoch 167 loss 0.1181 accuracy 98.44
[2024-07-22 15:20:52,470][src.train.train_cue_accumulation][INFO] - 	 Starting Epoch:168 
[2024-07-22 15:20:53,769][src.train.train_cue_accumulation][INFO] - train epoch 168 loss 0.0883 accuracy 95.31
[2024-07-22 15:20:53,770][src.train.train_cue_accumulation][INFO] - 	 Starting Epoch:169 
[2024-07-22 15:20:55,069][src.train.train_cue_accumulation][INFO] - train epoch 169 loss 0.0676 accuracy 96.88
[2024-07-22 15:20:55,070][src.train.train_cue_accumulation][INFO] - 	 Starting Epoch:170 
[2024-07-22 15:20:56,369][src.train.train_cue_accumulation][INFO] - train epoch 170 loss 0.0766 accuracy 96.88
[2024-07-22 15:20:56,370][src.train.train_cue_accumulation][INFO] - 	 Starting Epoch:171 
[2024-07-22 15:20:57,671][src.train.train_cue_accumulation][INFO] - train epoch 171 loss 0.0184 accuracy 100.00
[2024-07-22 15:20:57,854][src.train.train_cue_accumulation][INFO] - 	 Starting Epoch:172 
[2024-07-22 15:20:59,157][src.train.train_cue_accumulation][INFO] - train epoch 172 loss 0.2735 accuracy 93.75
[2024-07-22 15:20:59,160][src.train.train_cue_accumulation][INFO] - 	 Starting Epoch:173 
[2024-07-22 15:21:00,461][src.train.train_cue_accumulation][INFO] - train epoch 173 loss 0.0825 accuracy 95.31
[2024-07-22 15:21:00,462][src.train.train_cue_accumulation][INFO] - 	 Starting Epoch:174 
[2024-07-22 15:21:01,774][src.train.train_cue_accumulation][INFO] - train epoch 174 loss 0.1163 accuracy 95.31
[2024-07-22 15:21:01,775][src.train.train_cue_accumulation][INFO] - 	 Starting Epoch:175 
[2024-07-22 15:21:03,118][src.train.train_cue_accumulation][INFO] - train epoch 175 loss 0.1027 accuracy 98.44
[2024-07-22 15:21:03,119][src.train.train_cue_accumulation][INFO] - 	 Starting Epoch:176 
[2024-07-22 15:21:04,471][src.train.train_cue_accumulation][INFO] - train epoch 176 loss 0.1972 accuracy 95.31
[2024-07-22 15:21:10,251][src.train.train_cue_accumulation][INFO] - eval  epoch 176 loss 0.0893 accuracy 97.46
[2024-07-22 15:21:16,392][src.train.train_cue_accumulation][INFO] - eval  epoch 176 loss 0.1394 accuracy 95.90
[2024-07-22 15:21:22,540][src.train.train_cue_accumulation][INFO] - eval  epoch 176 loss 0.1177 accuracy 96.48
[2024-07-22 15:21:28,680][src.train.train_cue_accumulation][INFO] - eval  epoch 176 loss 0.1176 accuracy 95.90
[2024-07-22 15:21:28,762][src.train.train_cue_accumulation][INFO] - Met early stopping criteria, breaking at epoch 176
[2024-07-22 15:21:33,975][src.train.train_cue_accumulation][INFO] - firing rate eval set  average 20.3 max 44.7 min 0.0
