[2024-07-23 13:36:05,078][src.train.train_pattern_generation][INFO] - Starting training...
[2024-07-23 13:36:05,080][src.train.train_pattern_generation][INFO] - 	 Starting Epoch:1 
[2024-07-23 13:36:15,406][src.train.train_pattern_generation][INFO] - train epoch 001 MSE 307.9797 NMSE 3079.797
[2024-07-23 13:36:19,818][src.train.train_pattern_generation][INFO] - eval  epoch 001 MSE 28.8111 nMSE 288.11
[2024-07-23 13:36:19,819][src.train.train_pattern_generation][INFO] - 	 Starting Epoch:2 
[2024-07-23 13:36:28,514][src.train.train_pattern_generation][INFO] - train epoch 002 MSE 7.7280 NMSE 77.280
[2024-07-23 13:36:28,736][src.train.train_pattern_generation][INFO] - 	 Starting Epoch:3 
[2024-07-23 13:36:37,421][src.train.train_pattern_generation][INFO] - train epoch 003 MSE 0.3032 NMSE 3.032
[2024-07-23 13:36:37,499][src.train.train_pattern_generation][INFO] - 	 Starting Epoch:4 
[2024-07-23 13:36:46,168][src.train.train_pattern_generation][INFO] - train epoch 004 MSE 0.1152 NMSE 1.152
[2024-07-23 13:36:46,169][src.train.train_pattern_generation][INFO] - 	 Starting Epoch:5 
[2024-07-23 13:36:54,861][src.train.train_pattern_generation][INFO] - train epoch 005 MSE 0.1080 NMSE 1.080
[2024-07-23 13:36:54,862][src.train.train_pattern_generation][INFO] - 	 Starting Epoch:6 
[2024-07-23 13:37:03,542][src.train.train_pattern_generation][INFO] - train epoch 006 MSE 0.1116 NMSE 1.116
[2024-07-23 13:37:03,896][src.train.train_pattern_generation][INFO] - 	 Starting Epoch:7 
[2024-07-23 13:37:12,639][src.train.train_pattern_generation][INFO] - train epoch 007 MSE 0.1119 NMSE 1.119
[2024-07-23 13:37:12,648][src.train.train_pattern_generation][INFO] - 	 Starting Epoch:8 
[2024-07-23 13:37:21,392][src.train.train_pattern_generation][INFO] - train epoch 008 MSE 0.1113 NMSE 1.113
[2024-07-23 13:37:21,393][src.train.train_pattern_generation][INFO] - 	 Starting Epoch:9 
[2024-07-23 13:37:30,145][src.train.train_pattern_generation][INFO] - train epoch 009 MSE 0.1121 NMSE 1.121
[2024-07-23 13:37:30,146][src.train.train_pattern_generation][INFO] - 	 Starting Epoch:10 
[2024-07-23 13:37:38,875][src.train.train_pattern_generation][INFO] - train epoch 010 MSE 0.1093 NMSE 1.093
[2024-07-23 13:37:40,870][src.train.train_pattern_generation][INFO] - firing rate eval set  average 155.1 max 333.5 min 0.0
